#
# There is insufficient memory for the Java Runtime Environment to continue.
# Native memory allocation (malloc) failed to allocate 128400 bytes for Chunk::new
# Possible reasons:
#   The system is out of physical RAM or swap space
#   In 32 bit mode, the process size limit was hit
# Possible solutions:
#   Reduce memory load on the system
#   Increase physical memory or swap space
#   Check if swap backing store is full
#   Use 64 bit Java on a 64 bit OS
#   Decrease Java heap size (-Xmx/-Xms)
#   Decrease number of Java threads
#   Decrease Java thread stack sizes (-Xss)
#   Set larger code cache with -XX:ReservedCodeCacheSize=
# This output file may be truncated or incomplete.
#
#  Out of Memory Error (allocation.cpp:390), pid=9420, tid=9708
#
# JRE version: Java(TM) SE Runtime Environment (8.0_66-b18) (build 1.8.0_66-b18)
# Java VM: Java HotSpot(TM) 64-Bit Server VM (25.66-b18 mixed mode windows-amd64 compressed oops)
# Failed to write core dump. Minidumps are not enabled by default on client versions of Windows
#

---------------  T H R E A D  ---------------

Current thread (0x000000001562f800):  JavaThread "C2 CompilerThread0" daemon [_thread_in_native, id=9708, stack(0x0000000016c70000,0x0000000016d70000)]

Stack: [0x0000000016c70000,0x0000000016d70000]
[error occurred during error reporting (printing stack bounds), id 0xc0000005]

Native frames: (J=compiled Java code, j=interpreted, Vv=VM code, C=native code)


Current CompileTask:
C2:    729 1190   !   4       com.android.dx.cf.code.BytecodeArray::parseInstruction (2764 bytes)


---------------  P R O C E S S  ---------------

Java Threads: ( => current thread )
  0x0000000017236000 JavaThread "pool-2-thread-4" [_thread_in_Java, id=2956, stack(0x0000000017970000,0x0000000017a70000)]
  0x000000001722a800 JavaThread "pool-2-thread-3" [_thread_in_vm, id=3544, stack(0x0000000017870000,0x0000000017970000)]
  0x00000000170d7000 JavaThread "pool-2-thread-2" [_thread_in_vm, id=6000, stack(0x0000000017770000,0x0000000017870000)]
  0x00000000170d6000 JavaThread "pool-3-thread-1" [_thread_blocked, id=1928, stack(0x0000000017670000,0x0000000017770000)]
  0x00000000170d4800 JavaThread "pool-2-thread-1" [_thread_blocked, id=8204, stack(0x0000000017570000,0x0000000017670000)]
  0x0000000016f8f800 JavaThread "Service Thread" daemon [_thread_blocked, id=6276, stack(0x0000000017370000,0x0000000017470000)]
  0x0000000015639000 JavaThread "C1 CompilerThread2" daemon [_thread_in_native, id=8100, stack(0x0000000016e70000,0x0000000016f70000)]
  0x0000000015632800 JavaThread "C2 CompilerThread1" daemon [_thread_in_native, id=9948, stack(0x0000000016d70000,0x0000000016e70000)]
=>0x000000001562f800 JavaThread "C2 CompilerThread0" daemon [_thread_in_native, id=9708, stack(0x0000000016c70000,0x0000000016d70000)]
  0x000000001562e000 JavaThread "Attach Listener" daemon [_thread_blocked, id=9328, stack(0x0000000016b70000,0x0000000016c70000)]
  0x000000001562d000 JavaThread "Signal Dispatcher" daemon [_thread_blocked, id=676, stack(0x0000000016a70000,0x0000000016b70000)]
  0x0000000002f54800 JavaThread "Finalizer" daemon [_thread_blocked, id=4404, stack(0x0000000016890000,0x0000000016990000)]
  0x0000000002f51800 JavaThread "Reference Handler" daemon [_thread_blocked, id=4640, stack(0x0000000016790000,0x0000000016890000)]
  0x0000000002d5e800 JavaThread "main" [_thread_blocked, id=8744, stack(0x0000000002d60000,0x0000000002e60000)]

Other Threads:
  0x00000000155f7800 VMThread [stack: 0x0000000016690000,0x0000000016790000] [id=7296]
  0x0000000016f98800 WatcherThread [stack: 0x0000000017470000,0x0000000017570000] [id=9656]

VM state:not at safepoint (normal execution)

VM Mutex/Monitor currently owned by a thread: None

Heap:
 PSYoungGen      total 37888K, used 11877K [0x00000000eab00000, 0x00000000ed500000, 0x0000000100000000)
  eden space 32768K, 20% used [0x00000000eab00000,0x00000000eb19aac8,0x00000000ecb00000)
  from space 5120K, 99% used [0x00000000ecb00000,0x00000000ecffeab0,0x00000000ed000000)
  to   space 5120K, 0% used [0x00000000ed000000,0x00000000ed000000,0x00000000ed500000)
 ParOldGen       total 86016K, used 1899K [0x00000000c0000000, 0x00000000c5400000, 0x00000000eab00000)
  object space 86016K, 2% used [0x00000000c0000000,0x00000000c01dafa8,0x00000000c5400000)
 Metaspace       used 5973K, capacity 6896K, committed 7040K, reserved 1056768K
  class space    used 596K, capacity 616K, committed 640K, reserved 1048576K

Card table byte_map: [0x0000000012320000,0x0000000012530000] byte_map_base: 0x0000000011d20000

Marking Bits: (ParMarkBitMap*) 0x00000000637fa5b0
 Begin Bits: [0x0000000012a90000, 0x0000000013a90000)
 End Bits:   [0x0000000013a90000, 0x0000000014a90000)

Polling page: 0x0000000002c20000

CodeCache: size=245760Kb used=4793Kb max_used=4793Kb free=240966Kb
 bounds [0x0000000002f60000, 0x0000000003420000, 0x0000000011f60000]
 total_blobs=1485 nmethods=1216 adapters=182
 compilation: enabled

Compilation events (10 events):
Event: 0.729 Thread 0x0000000015639000 nmethod 1219 0x000000000340d110 code [0x000000000340d340, 0x000000000340e138]
Event: 0.729 Thread 0x0000000015639000 1223       3       com.android.dx.cf.code.OneLocalsArray::getOrNull (7 bytes)
Event: 0.729 Thread 0x0000000015639000 nmethod 1223 0x000000000340e710 code [0x000000000340e860, 0x000000000340e9d0]
Event: 0.729 Thread 0x0000000015639000 1220       3       com.android.dx.dex.cf.AttributeTranslator::getSignature (26 bytes)
Event: 0.729 Thread 0x0000000015639000 nmethod 1220 0x000000000340ead0 code [0x000000000340ec60, 0x000000000340f018]
Event: 0.729 Thread 0x0000000015639000 1222       3       java.util.HashMap::tableSizeFor (59 bytes)
Event: 0.729 Thread 0x0000000015639000 nmethod 1222 0x000000000340f150 code [0x000000000340f2c0, 0x000000000340f4d0]
Event: 0.729 Thread 0x0000000015639000 1224       3       com.android.dx.ssa.PhiInsn::hasSideEffect (19 bytes)
Event: 0.729 Thread 0x0000000015639000 nmethod 1224 0x000000000340f550 code [0x000000000340f6c0, 0x000000000340fb10]
Event: 0.729 Thread 0x0000000015639000 1227       1       com.android.dx.rop.code.Insn$BaseVisitor::visitThrowingCstInsn (1 bytes)

GC Heap History (2 events):
Event: 0.675 GC heap before
{Heap before GC invocations=1 (full 0):
 PSYoungGen      total 37888K, used 32768K [0x00000000eab00000, 0x00000000ed500000, 0x0000000100000000)
  eden space 32768K, 100% used [0x00000000eab00000,0x00000000ecb00000,0x00000000ecb00000)
  from space 5120K, 0% used [0x00000000ed000000,0x00000000ed000000,0x00000000ed500000)
  to   space 5120K, 0% used [0x00000000ecb00000,0x00000000ecb00000,0x00000000ed000000)
 ParOldGen       total 86016K, used 0K [0x00000000c0000000, 0x00000000c5400000, 0x00000000eab00000)
  object space 86016K, 0% used [0x00000000c0000000,0x00000000c0000000,0x00000000c5400000)
 Metaspace       used 5864K, capacity 6832K, committed 7040K, reserved 1056768K
  class space    used 592K, capacity 616K, committed 640K, reserved 1048576K
Event: 0.682 GC heap after
Heap after GC invocations=1 (full 0):
 PSYoungGen      total 37888K, used 5114K [0x00000000eab00000, 0x00000000ed500000, 0x0000000100000000)
  eden space 32768K, 0% used [0x00000000eab00000,0x00000000eab00000,0x00000000ecb00000)
  from space 5120K, 99% used [0x00000000ecb00000,0x00000000ecffeab0,0x00000000ed000000)
  to   space 5120K, 0% used [0x00000000ed000000,0x00000000ed000000,0x00000000ed500000)
 ParOldGen       total 86016K, used 1899K [0x00000000c0000000, 0x00000000c5400000, 0x00000000eab00000)
  object space 86016K, 2% used [0x00000000c0000000,0x00000000c01dafa8,0x00000000c5400000)
 Metaspace       used 5864K, capacity 6832K, committed 7040K, reserved 1056768K
  class space    used 592K, capacity 616K, committed 640K, reserved 1048576K
}

Deoptimization events (10 events):
Event: 0.608 Thread 0x000000001722a800 Uncommon trap: reason=unstable_if action=reinterpret pc=0x000000000328b5a8 method=com.android.dx.ssa.NormalSsaInsn.getLocalAssignment()Lcom/android/dx/rop/code/RegisterSpec; @ 12
Event: 0.608 Thread 0x000000001722a800 Uncommon trap: reason=unstable_if action=reinterpret pc=0x00000000032943f0 method=com.android.dx.ssa.NormalSsaInsn.getLocalAssignment()Lcom/android/dx/rop/code/RegisterSpec; @ 12
Event: 0.614 Thread 0x000000001722a800 Uncommon trap: reason=class_check action=maybe_recompile pc=0x0000000003313aa4 method=com.android.dx.ssa.back.LivenessAnalyzer.liveOutAtStatement()V @ 14
Event: 0.614 Thread 0x000000001722a800 Uncommon trap: reason=class_check action=maybe_recompile pc=0x0000000003313aa4 method=com.android.dx.ssa.back.LivenessAnalyzer.liveOutAtStatement()V @ 14
Event: 0.614 Thread 0x000000001722a800 Uncommon trap: reason=class_check action=maybe_recompile pc=0x0000000003313aa4 method=com.android.dx.ssa.back.LivenessAnalyzer.liveOutAtStatement()V @ 14
Event: 0.614 Thread 0x000000001722a800 Uncommon trap: reason=class_check action=maybe_recompile pc=0x0000000003313aa4 method=com.android.dx.ssa.back.LivenessAnalyzer.liveOutAtStatement()V @ 14
Event: 0.614 Thread 0x000000001722a800 Uncommon trap: reason=class_check action=maybe_recompile pc=0x00000000032c42a8 method=com.android.dx.ssa.back.LivenessAnalyzer.liveOutAtStatement()V @ 14
Event: 0.728 Thread 0x0000000017236000 Uncommon trap: reason=unstable_if action=reinterpret pc=0x00000000033acee0 method=com.android.dx.util.IntList.binarysearch(I)I @ 26
Event: 0.728 Thread 0x0000000017236000 Uncommon trap: reason=unstable_if action=reinterpret pc=0x00000000032ba1b8 method=com.android.dx.cf.code.Ropper.labelToResultIndex(I)I @ 34
Event: 0.729 Thread 0x0000000017236000 Uncommon trap: reason=unstable_if action=reinterpret pc=0x00000000033b6e68 method=com.android.dx.util.LabeledList.set(ILcom/android/dx/util/LabeledItem;)V @ 16

Internal exceptions (3 events):
Event: 0.291 Thread 0x0000000002d5e800 Exception <a 'java/lang/NoSuchMethodError': Method sun.misc.Unsafe.defineClass(Ljava/lang/String;[BII)Ljava/lang/Class; name or signature does not match> (0x00000000eab0df00) thrown at [C:\re\workspace\8-2-build-windows-amd64-cygwin\jdk8u66\5298\hotspot\srëð`wºœÒ?
Event: 0.291 Thread 0x0000000002d5e800 Exception <a 'java/lang/NoSuchMethodError': Method sun.misc.Unsafe.prefetchRead(Ljava/lang/Object;J)V name or signature does not match> (0x00000000eab0e1e8) thrown at [C:\re\workspace\8-2-build-windows-amd64-cygwin\jdk8u66\5298\hotspot\src\share\vm\prims\j@Öºö*ná?
Event: 0.545 Thread 0x00000000170d4800 Implicit null exception at 0x000000000322e525 to 0x0000000003230405

Events (10 events):
Event: 0.728 loading class java/util/HashMap$Values
Event: 0.728 loading class java/util/HashMap$Values done
Event: 0.728 loading class java/util/HashMap$ValueIterator
Event: 0.728 loading class java/util/HashMap$ValueIterator done
Event: 0.728 Thread 0x0000000017236000 Uncommon trap: trap_request=0xffffff65 fr.pc=0x00000000032ba1b8
Event: 0.728 Thread 0x0000000017236000 DEOPT PACKING pc=0x00000000032ba1b8 sp=0x0000000017a6e610
Event: 0.728 Thread 0x0000000017236000 DEOPT UNPACKING pc=0x0000000002fa582a sp=0x0000000017a6e5b8 mode 2
Event: 0.729 Thread 0x0000000017236000 Uncommon trap: trap_request=0xffffff65 fr.pc=0x00000000033b6e68
Event: 0.729 Thread 0x0000000017236000 DEOPT PACKING pc=0x00000000033b6e68 sp=0x0000000017a6e460
Event: 0.729 Thread 0x0000000017236000 DEOPT UNPACKING pc=0x0000000002fa582a sp=0x0000000017a6e448 mode 2


Dynamic libraries:
0x00007ff7808e0000 - 0x00007ff780917000 	C:\Program Files\Java\jdk1.8.0_66\bin\java.exe
0x00007ff988720000 - 0x00007ff9888e2000 	C:\Windows\SYSTEM32\ntdll.dll
0x00007ff986200000 - 0x00007ff9862ad000 	C:\Windows\system32\KERNEL32.DLL
0x00007ff985580000 - 0x00007ff98575d000 	C:\Windows\system32\KERNELBASE.dll
0x00007ff988000000 - 0x00007ff9880a6000 	C:\Windows\system32\ADVAPI32.dll
0x00007ff9863b0000 - 0x00007ff98644d000 	C:\Windows\system32\msvcrt.dll
0x00007ff9885d0000 - 0x00007ff98862b000 	C:\Windows\system32\sechost.dll
0x00007ff986460000 - 0x00007ff986586000 	C:\Windows\system32\RPCRT4.dll
0x00007ff9880b0000 - 0x00007ff9881fe000 	C:\Windows\system32\USER32.dll
0x00007ff985df0000 - 0x00007ff985f75000 	C:\Windows\system32\GDI32.dll
0x00007ff97d660000 - 0x00007ff97d8d4000 	C:\Windows\WinSxS\amd64_microsoft.windows.common-controls_6595b64144ccf1df_6.0.10240.16384_none_f41f7b285750ef43\COMCTL32.dll
0x00007ff9886e0000 - 0x00007ff988716000 	C:\Windows\system32\IMM32.DLL
0x00007ff986590000 - 0x00007ff9866ec000 	C:\Windows\system32\MSCTF.dll
0x0000000063880000 - 0x0000000063952000 	C:\Program Files\Java\jdk1.8.0_66\jre\bin\msvcr100.dll
0x0000000062ff0000 - 0x0000000063879000 	C:\Program Files\Java\jdk1.8.0_66\jre\bin\server\jvm.dll
0x00007ff986450000 - 0x00007ff986458000 	C:\Windows\system32\PSAPI.DLL
0x00007ff978c60000 - 0x00007ff978c69000 	C:\Windows\SYSTEM32\WSOCK32.dll
0x00007ff988490000 - 0x00007ff9884f9000 	C:\Windows\system32\WS2_32.dll
0x00007ff988330000 - 0x00007ff988338000 	C:\Windows\system32\NSI.dll
0x00007ff983300000 - 0x00007ff983323000 	C:\Windows\SYSTEM32\WINMM.dll
0x00007ff9805d0000 - 0x00007ff9805da000 	C:\Windows\SYSTEM32\VERSION.dll
0x00007ff9832d0000 - 0x00007ff9832fc000 	C:\Windows\SYSTEM32\WINMMBASE.dll
0x00007ff985360000 - 0x00007ff9853a4000 	C:\Windows\system32\cfgmgr32.dll
0x00007ff983ac0000 - 0x00007ff983ae7000 	C:\Windows\SYSTEM32\DEVOBJ.dll
0x0000000062fe0000 - 0x0000000062fef000 	C:\Program Files\Java\jdk1.8.0_66\jre\bin\verify.dll
0x0000000062fb0000 - 0x0000000062fd9000 	C:\Program Files\Java\jdk1.8.0_66\jre\bin\java.dll
0x0000000062f90000 - 0x0000000062fa6000 	C:\Program Files\Java\jdk1.8.0_66\jre\bin\zip.dll
0x00007ff9868c0000 - 0x00007ff987de3000 	C:\Windows\system32\SHELL32.dll
0x00007ff9857c0000 - 0x00007ff985de9000 	C:\Windows\system32\windows.storage.dll
0x00007ff985f80000 - 0x00007ff9861fc000 	C:\Windows\system32\combase.dll
0x00007ff987fa0000 - 0x00007ff987ff1000 	C:\Windows\system32\shlwapi.dll
0x00007ff9851e0000 - 0x00007ff9851ef000 	C:\Windows\system32\kernel.appcore.dll
0x00007ff9852a0000 - 0x00007ff985353000 	C:\Windows\system32\shcore.dll
0x00007ff985170000 - 0x00007ff9851ba000 	C:\Windows\system32\powrprof.dll
0x00007ff985150000 - 0x00007ff985163000 	C:\Windows\system32\profapi.dll

VM Arguments:
jvm_args: -Djava.awt.headless=true -Xmx1024M -Dfile.encoding=windows-1252 -Duser.country=US -Duser.language=en -Duser.variant 
java_command: com.android.dx.command.Main --dex --force-jumbo --num-threads=4 --multi-dex --output E:\AndroidProjects\Fazt\app\build\intermediates\transforms\dex\debug\folders\1000\10\com.mikepenz-materialize-0.8.8_ae56b92978e355c7a44c354974ff79a66e58977b E:\AndroidProjects\Fazt\app\build\intermediates\exploded-aar\com.mikepenz\materialize\0.8.8\jars\classes.jar
java_class_path (initial): E:\Android SDK\Android SDK\sdk\build-tools\23.0.3\lib\dx.jar
Launcher Type: SUN_STANDARD

Environment Variables:
PATH=E:\OracleSQL\DB\app\oracle\product\11.2.0\server\bin;;C:\Program Files (x86)\Intel\iCLS Client\;C:\Program Files\Intel\iCLS Client\;C:\Windows\system32;C:\Windows;C:\Windows\System32\Wbem;C:\Windows\System32\WindowsPowerShell\v1.0\;C:\Program Files\Intel\Intel(R) Management Engine Components\DAL;C:\Program Files (x86)\Intel\Intel(R) Management Engine Components\DAL;C:\Program Files\Intel\Intel(R) Management Engine Components\IPT;C:\Program Files (x86)\Intel\Intel(R) Management Engine Components\IPT;C:\Program Files (x86)\Windows Kits\8.1\Windows Performance Toolkit\;C:\Program Files\Microsoft SQL Server\110\Tools\Binn\;C:\Program Files (x86)\Microsoft SDKs\TypeScript\1.0\;C:\Program Files\Microsoft SQL Server\120\Tools\Binn\;E:\AMD\ATI.ACE\Core-Static;C:\Program Files (x86)\Common Files\lenovo\easyplussdk\bin;C:\Program Files (x86)\ATI Technologies\ATI.ACE\Core-Static;C:\Program Files\Java\jdk1.8.0_05\bin;C:\Program Files (x86)\Windows Kits\10\Windows Performance Toolkit\;E:\Node bin\;C:\Program Files\Microsoft SQL Server\110\DTS\Binn\;C:\Program Files (x86)\Microsoft SQL Server\110\Tools\Binn\;C:\Program Files (x86)\Microsoft SQL Server\110\Tools\Binn\ManagementStudio\;C:\Program Files (x86)\Microsoft Visual Studio 10.0\Common7\IDE\PrivateAssemblies\;C:\Program Files (x86)\Microsoft SQL Server\110\DTS\Binn\;C:\Program Files\Common Files\Autodesk Shared\;C:\Program Files (x86)\Autodesk\Backburner\;E:\Android SDK\Android SDK\android-tools;C:\Program Files\Java\jdk1.8.0_05\bin;E:\QT\5.5\msvc2013_64\bin;C:\Users\JEGAN'S BEAST\AppData\Roaming\npm;C:\Program Files (x86)\GnuWin32\bin;C:\Program Files\Java\jdk1.8.0_66\bin\javafxpackager.exe;C:\Users\JEGAN'S BEAST\AppData\Local\atom\bin;E:\SQLite DB;C:\Program Files\MongoDB\Server\3.2\bin;E:\NS;E:\Android SDK\Android SDK\android-tools;
USERNAME=JEGAN'S BEAST
OS=Windows_NT
PROCESSOR_IDENTIFIER=Intel64 Family 6 Model 60 Stepping 3, GenuineIntel



---------------  S Y S T E M  ---------------

OS: Windows 10.0 , 64 bit Build 10240 (10.0.10240.16384)

CPU:total 4 (4 cores per cpu, 1 threads per core) family 6 model 60 stepping 3, cmov, cx8, fxsr, mmx, sse, sse2, sse3, ssse3, sse4.1, sse4.2, popcnt, avx, avx2, aes, clmul, erms, lzcnt, tsc, tscinvbit, bmi1, bmi2

Memory: 4k page, physical 8247320k(1170820k free), swap 11824784k(4532k free)

vm_info: Java HotSpot(TM) 64-Bit Server VM (25.66-b18) for windows-amd64 JRE (1.8.0_66-b18), built on Nov  9 2015 10:51:13 by "java_re" with MS VC++ 10.0 (VS2010)

time: Fri Jun 17 21:47:12 2016
elapsed time: 0 seconds (0d 0h 0m 0s)

