#
# There is insufficient memory for the Java Runtime Environment to continue.
# Native memory allocation (malloc) failed to allocate 1658896 bytes for Chunk::new
# Possible reasons:
#   The system is out of physical RAM or swap space
#   In 32 bit mode, the process size limit was hit
# Possible solutions:
#   Reduce memory load on the system
#   Increase physical memory or swap space
#   Check if swap backing store is full
#   Use 64 bit Java on a 64 bit OS
#   Decrease Java heap size (-Xmx/-Xms)
#   Decrease number of Java threads
#   Decrease Java thread stack sizes (-Xss)
#   Set larger code cache with -XX:ReservedCodeCacheSize=
# This output file may be truncated or incomplete.
#
#  Out of Memory Error (allocation.cpp:390), pid=1292, tid=9244
#
# JRE version: Java(TM) SE Runtime Environment (8.0_66-b18) (build 1.8.0_66-b18)
# Java VM: Java HotSpot(TM) 64-Bit Server VM (25.66-b18 mixed mode windows-amd64 compressed oops)
# Failed to write core dump. Minidumps are not enabled by default on client versions of Windows
#

---------------  T H R E A D  ---------------

Current thread (0x0000000014b10800):  JavaThread "C2 CompilerThread1" daemon [_thread_in_native, id=9244, stack(0x0000000016240000,0x0000000016340000)]

Stack: [0x0000000016240000,0x0000000016340000]
[error occurred during error reporting (printing stack bounds), id 0xc0000005]

Native frames: (J=compiled Java code, j=interpreted, Vv=VM code, C=native code)


Current CompileTask:
C2:   1477 1543   !   4       com.android.dx.cf.code.BytecodeArray::parseInstruction (2764 bytes)


---------------  P R O C E S S  ---------------

Java Threads: ( => current thread )
  0x00000000166ce000 JavaThread "pool-2-thread-4" [_thread_blocked, id=5404, stack(0x0000000016e40000,0x0000000016f40000)]
  0x00000000166cc000 JavaThread "pool-2-thread-3" [_thread_blocked, id=8744, stack(0x0000000016d40000,0x0000000016e40000)]
  0x00000000166ca800 JavaThread "pool-2-thread-2" [_thread_blocked, id=916, stack(0x0000000016c40000,0x0000000016d40000)]
  0x0000000016720000 JavaThread "pool-3-thread-1" [_thread_blocked, id=9060, stack(0x0000000016b40000,0x0000000016c40000)]
  0x000000001671f800 JavaThread "pool-2-thread-1" [_thread_blocked, id=10128, stack(0x0000000016a40000,0x0000000016b40000)]
  0x0000000016461000 JavaThread "Service Thread" daemon [_thread_blocked, id=9308, stack(0x0000000016840000,0x0000000016940000)]
  0x0000000014b6d000 JavaThread "C1 CompilerThread2" daemon [_thread_blocked, id=688, stack(0x0000000016340000,0x0000000016440000)]
=>0x0000000014b10800 JavaThread "C2 CompilerThread1" daemon [_thread_in_native, id=9244, stack(0x0000000016240000,0x0000000016340000)]
  0x0000000014b0d800 JavaThread "C2 CompilerThread0" daemon [_thread_in_native, id=5428, stack(0x0000000016140000,0x0000000016240000)]
  0x0000000014b0b800 JavaThread "Attach Listener" daemon [_thread_blocked, id=5820, stack(0x0000000016040000,0x0000000016140000)]
  0x0000000014b0a800 JavaThread "Signal Dispatcher" daemon [_thread_blocked, id=9388, stack(0x0000000015f40000,0x0000000016040000)]
  0x0000000002431000 JavaThread "Finalizer" daemon [_thread_blocked, id=9440, stack(0x0000000015d60000,0x0000000015e60000)]
  0x000000000242e000 JavaThread "Reference Handler" daemon [_thread_blocked, id=4992, stack(0x0000000015c60000,0x0000000015d60000)]
  0x000000000090e800 JavaThread "main" [_thread_in_Java, id=5936, stack(0x00000000020b0000,0x00000000021b0000)]

Other Threads:
  0x0000000014ad7800 VMThread [stack: 0x0000000015b60000,0x0000000015c60000] [id=3824]
  0x0000000016466800 WatcherThread [stack: 0x0000000016940000,0x0000000016a40000] [id=3036]

VM state:not at safepoint (normal execution)

VM Mutex/Monitor currently owned by a thread: None

Heap:
 PSYoungGen      total 37888K, used 32791K [0x00000000eab00000, 0x00000000ef500000, 0x0000000100000000)
  eden space 32768K, 84% used [0x00000000eab00000,0x00000000ec607df0,0x00000000ecb00000)
  from space 5120K, 99% used [0x00000000ed000000,0x00000000ed4fdf58,0x00000000ed500000)
  to   space 5120K, 0% used [0x00000000ecb00000,0x00000000ecb00000,0x00000000ed000000)
 ParOldGen       total 86016K, used 6476K [0x00000000c0000000, 0x00000000c5400000, 0x00000000eab00000)
  object space 86016K, 7% used [0x00000000c0000000,0x00000000c06531a0,0x00000000c5400000)
 Metaspace       used 6280K, capacity 7128K, committed 7424K, reserved 1056768K
  class space    used 623K, capacity 656K, committed 768K, reserved 1048576K

Card table byte_map: [0x0000000011800000,0x0000000011a10000] byte_map_base: 0x0000000011200000

Marking Bits: (ParMarkBitMap*) 0x00000000637fa5b0
 Begin Bits: [0x0000000011f70000, 0x0000000012f70000)
 End Bits:   [0x0000000012f70000, 0x0000000013f70000)

Polling page: 0x00000000006b0000

CodeCache: size=245760Kb used=6673Kb max_used=6673Kb free=239086Kb
 bounds [0x0000000002440000, 0x0000000002ad0000, 0x0000000011440000]
 total_blobs=1826 nmethods=1557 adapters=182
 compilation: enabled

Compilation events (10 events):
Event: 1.458 Thread 0x0000000014b6d000 1551       3       com.android.dx.rop.type.Type::isReference (15 bytes)
Event: 1.458 Thread 0x0000000014b6d000 nmethod 1551 0x0000000002aab050 code [0x0000000002aab1a0, 0x0000000002aab350]
Event: 1.458 Thread 0x0000000014b6d000 1555       2       com.android.dx.cf.code.LocalVariableList::set (21 bytes)
Event: 1.458 Thread 0x0000000014b6d000 nmethod 1555 0x0000000002ab5ad0 code [0x0000000002ab5c80, 0x0000000002ab6178]
Event: 1.458 Thread 0x0000000014b6d000 1553       2       com.android.dx.ssa.SsaMethod::makeNewSsaReg (26 bytes)
Event: 1.458 Thread 0x0000000014b6d000 nmethod 1553 0x0000000002aaacd0 code [0x0000000002aaae20, 0x0000000002aaafb0]
Event: 1.458 Thread 0x0000000014b6d000 1566       1       com.android.dx.ssa.PhiInsn::canThrow (2 bytes)
Event: 1.458 Thread 0x0000000014b6d000 nmethod 1566 0x0000000002ab5810 code [0x0000000002ab5960, 0x0000000002ab5a70]
Event: 1.459 Thread 0x0000000014b6d000 1579       2       com.android.dx.rop.code.CstInsn::contentEquals (31 bytes)
Event: 1.459 Thread 0x0000000014b6d000 nmethod 1579 0x0000000002ab5390 code [0x0000000002ab5500, 0x0000000002ab5718]

GC Heap History (4 events):
Event: 0.711 GC heap before
{Heap before GC invocations=1 (full 0):
 PSYoungGen      total 37888K, used 32768K [0x00000000eab00000, 0x00000000ed500000, 0x0000000100000000)
  eden space 32768K, 100% used [0x00000000eab00000,0x00000000ecb00000,0x00000000ecb00000)
  from space 5120K, 0% used [0x00000000ed000000,0x00000000ed000000,0x00000000ed500000)
  to   space 5120K, 0% used [0x00000000ecb00000,0x00000000ecb00000,0x00000000ed000000)
 ParOldGen       total 86016K, used 0K [0x00000000c0000000, 0x00000000c5400000, 0x00000000eab00000)
  object space 86016K, 0% used [0x00000000c0000000,0x00000000c0000000,0x00000000c5400000)
 Metaspace       used 6023K, capacity 6960K, committed 7040K, reserved 1056768K
  class space    used 599K, capacity 616K, committed 640K, reserved 1048576K
Event: 0.718 GC heap after
Heap after GC invocations=1 (full 0):
 PSYoungGen      total 37888K, used 5111K [0x00000000eab00000, 0x00000000ed500000, 0x0000000100000000)
  eden space 32768K, 0% used [0x00000000eab00000,0x00000000eab00000,0x00000000ecb00000)
  from space 5120K, 99% used [0x00000000ecb00000,0x00000000ecffdc88,0x00000000ed000000)
  to   space 5120K, 0% used [0x00000000ed000000,0x00000000ed000000,0x00000000ed500000)
 ParOldGen       total 86016K, used 1261K [0x00000000c0000000, 0x00000000c5400000, 0x00000000eab00000)
  object space 86016K, 1% used [0x00000000c0000000,0x00000000c013b6d0,0x00000000c5400000)
 Metaspace       used 6023K, capacity 6960K, committed 7040K, reserved 1056768K
  class space    used 599K, capacity 616K, committed 640K, reserved 1048576K
}
Event: 1.302 GC heap before
{Heap before GC invocations=2 (full 0):
 PSYoungGen      total 37888K, used 37879K [0x00000000eab00000, 0x00000000ed500000, 0x0000000100000000)
  eden space 32768K, 100% used [0x00000000eab00000,0x00000000ecb00000,0x00000000ecb00000)
  from space 5120K, 99% used [0x00000000ecb00000,0x00000000ecffdc88,0x00000000ed000000)
  to   space 5120K, 0% used [0x00000000ed000000,0x00000000ed000000,0x00000000ed500000)
 ParOldGen       total 86016K, used 1261K [0x00000000c0000000, 0x00000000c5400000, 0x00000000eab00000)
  object space 86016K, 1% used [0x00000000c0000000,0x00000000c013b6d0,0x00000000c5400000)
 Metaspace       used 6182K, capacity 7088K, committed 7296K, reserved 1056768K
  class space    used 603K, capacity 616K, committed 640K, reserved 1048576K
Event: 1.371 GC heap after
Heap after GC invocations=2 (full 0):
 PSYoungGen      total 37888K, used 5111K [0x00000000eab00000, 0x00000000ef500000, 0x0000000100000000)
  eden space 32768K, 0% used [0x00000000eab00000,0x00000000eab00000,0x00000000ecb00000)
  from space 5120K, 99% used [0x00000000ed000000,0x00000000ed4fdf58,0x00000000ed500000)
  to   space 5120K, 0% used [0x00000000ecb00000,0x00000000ecb00000,0x00000000ed000000)
 ParOldGen       total 86016K, used 6476K [0x00000000c0000000, 0x00000000c5400000, 0x00000000eab00000)
  object space 86016K, 7% used [0x00000000c0000000,0x00000000c06531a0,0x00000000c5400000)
 Metaspace       used 6182K, capacity 7088K, committed 7296K, reserved 1056768K
  class space    used 603K, capacity 616K, committed 640K, reserved 1048576K
}

Deoptimization events (10 events):
Event: 0.902 Thread 0x00000000166cc000 Uncommon trap: reason=unstable_if action=reinterpret pc=0x00000000028f89e0 method=com.android.dx.ssa.SCCP.simulateStmt(Lcom/android/dx/ssa/SsaInsn;)V @ 53
Event: 0.918 Thread 0x00000000166ca800 Uncommon trap: reason=null_check action=make_not_entrant pc=0x00000000026f9c18 method=com.android.dx.ssa.SsaRenamer.getLocalForNewReg(I)Lcom/android/dx/rop/code/LocalItem; @ 19
Event: 1.113 Thread 0x000000000090e800 Uncommon trap: reason=null_check action=make_not_entrant pc=0x000000000274c49c method=com.android.dx.ssa.SsaRenamer.getLocalForNewReg(I)Lcom/android/dx/rop/code/LocalItem; @ 19
Event: 1.406 Thread 0x00000000166ca800 Uncommon trap: reason=unstable_if action=reinterpret pc=0x0000000002a1dd10 method=com.android.dx.ssa.SCCP.simulateBranch(Lcom/android/dx/ssa/SsaInsn;)V @ 64
Event: 1.420 Thread 0x000000000090e800 Uncommon trap: reason=unstable_if action=reinterpret pc=0x000000000286533c method=com.android.dx.util.IntList.binarysearch(I)I @ 105
Event: 1.423 Thread 0x000000000090e800 Uncommon trap: reason=bimorphic action=maybe_recompile pc=0x0000000002a33e94 method=com.android.dx.ssa.LiteralOpUpgrader.tryReplacingWithConstant(Lcom/android/dx/ssa/NormalSsaInsn;)Z @ 52
Event: 1.424 Thread 0x000000000090e800 Uncommon trap: reason=unstable_if action=reinterpret pc=0x0000000002a457f0 method=com.android.dx.ssa.SsaMethod.blockIndexToRopLabel(I)I @ 1
Event: 1.425 Thread 0x000000000090e800 Uncommon trap: reason=bimorphic action=maybe_recompile pc=0x0000000002a33e94 method=com.android.dx.ssa.LiteralOpUpgrader.tryReplacingWithConstant(Lcom/android/dx/ssa/NormalSsaInsn;)Z @ 52
Event: 1.452 Thread 0x00000000166cc000 Uncommon trap: reason=unstable_if action=reinterpret pc=0x0000000002752f90 method=java.util.HashMap.putVal(ILjava/lang/Object;Ljava/lang/Object;ZZ)Ljava/lang/Object; @ 162
Event: 1.454 Thread 0x00000000166cc000 Uncommon trap: reason=unstable_if action=reinterpret pc=0x000000000298c1b8 method=java.util.HashMap.getNode(ILjava/lang/Object;)Ljava/util/HashMap$Node; @ 84

Internal exceptions (7 events):
Event: 0.027 Thread 0x000000000090e800 Exception <a 'java/lang/NoSuchMethodError': Method sun.misc.Unsafe.defineClass(Ljava/lang/String;[BII)Ljava/lang/Class; name or signature does not match> (0x00000000eab0df30) thrown at [C:\re\workspace\8-2-build-windows-amd64-cygwin\jdk8u66\5298\hotspot\sr-9#ã›?
Event: 0.027 Thread 0x000000000090e800 Exception <a 'java/lang/NoSuchMethodError': Method sun.misc.Unsafe.prefetchRead(Ljava/lang/Object;J)V name or signature does not match> (0x00000000eab0e218) thrown at [C:\re\workspace\8-2-build-windows-amd64-cygwin\jdk8u66\5298\hotspot\src\share\vm\prims\j-I†–cí?
Event: 0.918 Thread 0x00000000166ca800 Implicit null exception at 0x00000000026f8357 to 0x00000000026f9bd1
Event: 1.113 Thread 0x000000000090e800 Implicit null exception at 0x000000000274ac11 to 0x000000000274c475
Event: 1.453 Thread 0x00000000166cc000 Exception <a 'java/lang/ArrayIndexOutOfBoundsException': 18> (0x00000000ec423698) thrown at [C:\re\workspace\8-2-build-windows-amd64-cygwin\jdk8u66\5298\hotspot\src\share\vm\interpreter\interpreterRuntime.cpp, line 366]
Event: 1.453 Thread 0x00000000166cc000 Exception <a 'java/lang/ArrayIndexOutOfBoundsException': 145> (0x00000000ec425218) thrown at [C:\re\workspace\8-2-build-windows-amd64-cygwin\jdk8u66\5298\hotspot\src\share\vm\interpreter\interpreterRuntime.cpp, line 366]
Event: 1.453 Thread 0x00000000166cc000 Exception <a 'java/lang/ArrayIndexOutOfBoundsException': 40> (0x00000000ec426500) thrown at [C:\re\workspace\8-2-build-windows-amd64-cygwin\jdk8u66\5298\hotspot\src\share\vm\interpreter\interpreterRuntime.cpp, line 366]

Events (10 events):
Event: 1.453 loading class sun/reflect/generics/reflectiveObjects/ParameterizedTypeImpl done
Event: 1.453 loading class java/lang/reflect/TypeVariable
Event: 1.453 loading class java/lang/reflect/TypeVariable done
Event: 1.453 loading class sun/reflect/generics/reflectiveObjects/TypeVariableImpl
Event: 1.453 loading class sun/reflect/generics/reflectiveObjects/LazyReflectiveObjectGenerator
Event: 1.453 loading class sun/reflect/generics/reflectiveObjects/LazyReflectiveObjectGenerator done
Event: 1.453 loading class sun/reflect/generics/reflectiveObjects/TypeVariableImpl done
Event: 1.454 Thread 0x00000000166cc000 Uncommon trap: trap_request=0xffffff65 fr.pc=0x000000000298c1b8
Event: 1.454 Thread 0x00000000166cc000 DEOPT PACKING pc=0x000000000298c1b8 sp=0x0000000016e3e440
Event: 1.454 Thread 0x00000000166cc000 DEOPT UNPACKING pc=0x000000000248582a sp=0x0000000016e3e3c8 mode 2


Dynamic libraries:
0x00007ff7808e0000 - 0x00007ff780917000 	C:\Program Files\Java\jdk1.8.0_66\bin\java.exe
0x00007ff988720000 - 0x00007ff9888e2000 	C:\Windows\SYSTEM32\ntdll.dll
0x00007ff986200000 - 0x00007ff9862ad000 	C:\Windows\system32\KERNEL32.DLL
0x00007ff985580000 - 0x00007ff98575d000 	C:\Windows\system32\KERNELBASE.dll
0x00007ff988000000 - 0x00007ff9880a6000 	C:\Windows\system32\ADVAPI32.dll
0x00007ff9863b0000 - 0x00007ff98644d000 	C:\Windows\system32\msvcrt.dll
0x00007ff9885d0000 - 0x00007ff98862b000 	C:\Windows\system32\sechost.dll
0x00007ff986460000 - 0x00007ff986586000 	C:\Windows\system32\RPCRT4.dll
0x00007ff9880b0000 - 0x00007ff9881fe000 	C:\Windows\system32\USER32.dll
0x00007ff985df0000 - 0x00007ff985f75000 	C:\Windows\system32\GDI32.dll
0x00007ff97d660000 - 0x00007ff97d8d4000 	C:\Windows\WinSxS\amd64_microsoft.windows.common-controls_6595b64144ccf1df_6.0.10240.16384_none_f41f7b285750ef43\COMCTL32.dll
0x00007ff9886e0000 - 0x00007ff988716000 	C:\Windows\system32\IMM32.DLL
0x00007ff986590000 - 0x00007ff9866ec000 	C:\Windows\system32\MSCTF.dll
0x0000000063880000 - 0x0000000063952000 	C:\Program Files\Java\jdk1.8.0_66\jre\bin\msvcr100.dll
0x0000000062ff0000 - 0x0000000063879000 	C:\Program Files\Java\jdk1.8.0_66\jre\bin\server\jvm.dll
0x00007ff986450000 - 0x00007ff986458000 	C:\Windows\system32\PSAPI.DLL
0x00007ff978c60000 - 0x00007ff978c69000 	C:\Windows\SYSTEM32\WSOCK32.dll
0x00007ff988490000 - 0x00007ff9884f9000 	C:\Windows\system32\WS2_32.dll
0x00007ff988330000 - 0x00007ff988338000 	C:\Windows\system32\NSI.dll
0x00007ff983300000 - 0x00007ff983323000 	C:\Windows\SYSTEM32\WINMM.dll
0x00007ff9805d0000 - 0x00007ff9805da000 	C:\Windows\SYSTEM32\VERSION.dll
0x00007ff9832d0000 - 0x00007ff9832fc000 	C:\Windows\SYSTEM32\WINMMBASE.dll
0x00007ff985360000 - 0x00007ff9853a4000 	C:\Windows\system32\cfgmgr32.dll
0x00007ff983ac0000 - 0x00007ff983ae7000 	C:\Windows\SYSTEM32\DEVOBJ.dll
0x0000000062fe0000 - 0x0000000062fef000 	C:\Program Files\Java\jdk1.8.0_66\jre\bin\verify.dll
0x0000000062fb0000 - 0x0000000062fd9000 	C:\Program Files\Java\jdk1.8.0_66\jre\bin\java.dll
0x0000000062f90000 - 0x0000000062fa6000 	C:\Program Files\Java\jdk1.8.0_66\jre\bin\zip.dll
0x00007ff9868c0000 - 0x00007ff987de3000 	C:\Windows\system32\SHELL32.dll
0x00007ff9857c0000 - 0x00007ff985de9000 	C:\Windows\system32\windows.storage.dll
0x00007ff985f80000 - 0x00007ff9861fc000 	C:\Windows\system32\combase.dll
0x00007ff987fa0000 - 0x00007ff987ff1000 	C:\Windows\system32\shlwapi.dll
0x00007ff9851e0000 - 0x00007ff9851ef000 	C:\Windows\system32\kernel.appcore.dll
0x00007ff9852a0000 - 0x00007ff985353000 	C:\Windows\system32\shcore.dll
0x00007ff985170000 - 0x00007ff9851ba000 	C:\Windows\system32\powrprof.dll
0x00007ff985150000 - 0x00007ff985163000 	C:\Windows\system32\profapi.dll

VM Arguments:
jvm_args: -Djava.awt.headless=true -Xmx1024M -Dfile.encoding=windows-1252 -Duser.country=US -Duser.language=en -Duser.variant 
java_command: com.android.dx.command.Main --dex --force-jumbo --num-threads=4 --multi-dex --output E:\AndroidProjects\Fazt\app\build\intermediates\transforms\dex\debug\folders\1000\10\com.android.support-recyclerview-v7-23.4.0_4f3ec62705b7394da3b0d55940dd91bd101c55c6 E:\AndroidProjects\Fazt\app\build\intermediates\exploded-aar\com.android.support\recyclerview-v7\23.4.0\jars\classes.jar
java_class_path (initial): E:\Android SDK\Android SDK\sdk\build-tools\23.0.3\lib\dx.jar
Launcher Type: SUN_STANDARD

Environment Variables:
PATH=E:\OracleSQL\DB\app\oracle\product\11.2.0\server\bin;;C:\Program Files (x86)\Intel\iCLS Client\;C:\Program Files\Intel\iCLS Client\;C:\Windows\system32;C:\Windows;C:\Windows\System32\Wbem;C:\Windows\System32\WindowsPowerShell\v1.0\;C:\Program Files\Intel\Intel(R) Management Engine Components\DAL;C:\Program Files (x86)\Intel\Intel(R) Management Engine Components\DAL;C:\Program Files\Intel\Intel(R) Management Engine Components\IPT;C:\Program Files (x86)\Intel\Intel(R) Management Engine Components\IPT;C:\Program Files (x86)\Windows Kits\8.1\Windows Performance Toolkit\;C:\Program Files\Microsoft SQL Server\110\Tools\Binn\;C:\Program Files (x86)\Microsoft SDKs\TypeScript\1.0\;C:\Program Files\Microsoft SQL Server\120\Tools\Binn\;E:\AMD\ATI.ACE\Core-Static;C:\Program Files (x86)\Common Files\lenovo\easyplussdk\bin;C:\Program Files (x86)\ATI Technologies\ATI.ACE\Core-Static;C:\Program Files\Java\jdk1.8.0_05\bin;C:\Program Files (x86)\Windows Kits\10\Windows Performance Toolkit\;E:\Node bin\;C:\Program Files\Microsoft SQL Server\110\DTS\Binn\;C:\Program Files (x86)\Microsoft SQL Server\110\Tools\Binn\;C:\Program Files (x86)\Microsoft SQL Server\110\Tools\Binn\ManagementStudio\;C:\Program Files (x86)\Microsoft Visual Studio 10.0\Common7\IDE\PrivateAssemblies\;C:\Program Files (x86)\Microsoft SQL Server\110\DTS\Binn\;C:\Program Files\Common Files\Autodesk Shared\;C:\Program Files (x86)\Autodesk\Backburner\;E:\Android SDK\Android SDK\android-tools;C:\Program Files\Java\jdk1.8.0_05\bin;E:\QT\5.5\msvc2013_64\bin;C:\Users\JEGAN'S BEAST\AppData\Roaming\npm;C:\Program Files (x86)\GnuWin32\bin;C:\Program Files\Java\jdk1.8.0_66\bin\javafxpackager.exe;C:\Users\JEGAN'S BEAST\AppData\Local\atom\bin;E:\SQLite DB;C:\Program Files\MongoDB\Server\3.2\bin;E:\NS;E:\Android SDK\Android SDK\android-tools;
USERNAME=JEGAN'S BEAST
OS=Windows_NT
PROCESSOR_IDENTIFIER=Intel64 Family 6 Model 60 Stepping 3, GenuineIntel



---------------  S Y S T E M  ---------------

OS: Windows 10.0 , 64 bit Build 10240 (10.0.10240.16384)

CPU:total 4 (4 cores per cpu, 1 threads per core) family 6 model 60 stepping 3, cmov, cx8, fxsr, mmx, sse, sse2, sse3, ssse3, sse4.1, sse4.2, popcnt, avx, avx2, aes, clmul, erms, lzcnt, tsc, tscinvbit, bmi1, bmi2

Memory: 4k page, physical 8247320k(2174996k free), swap 11824784k(5720k free)

vm_info: Java HotSpot(TM) 64-Bit Server VM (25.66-b18) for windows-amd64 JRE (1.8.0_66-b18), built on Nov  9 2015 10:51:13 by "java_re" with MS VC++ 10.0 (VS2010)

time: Fri Jun 17 21:48:13 2016
elapsed time: 1 seconds (0d 0h 0m 1s)

