#
# There is insufficient memory for the Java Runtime Environment to continue.
# Native memory allocation (malloc) failed to allocate 94336 bytes for Chunk::new
# Possible reasons:
#   The system is out of physical RAM or swap space
#   In 32 bit mode, the process size limit was hit
# Possible solutions:
#   Reduce memory load on the system
#   Increase physical memory or swap space
#   Check if swap backing store is full
#   Use 64 bit Java on a 64 bit OS
#   Decrease Java heap size (-Xmx/-Xms)
#   Decrease number of Java threads
#   Decrease Java thread stack sizes (-Xss)
#   Set larger code cache with -XX:ReservedCodeCacheSize=
# This output file may be truncated or incomplete.
#
#  Out of Memory Error (allocation.cpp:390), pid=8908, tid=4408
#
# JRE version: Java(TM) SE Runtime Environment (8.0_66-b18) (build 1.8.0_66-b18)
# Java VM: Java HotSpot(TM) 64-Bit Server VM (25.66-b18 mixed mode windows-amd64 compressed oops)
# Failed to write core dump. Minidumps are not enabled by default on client versions of Windows
#

---------------  T H R E A D  ---------------

Current thread (0x0000000014e7b000):  JavaThread "C2 CompilerThread1" daemon [_thread_in_native, id=4408, stack(0x0000000016560000,0x0000000016660000)]

Stack: [0x0000000016560000,0x0000000016660000]
[error occurred during error reporting (printing stack bounds), id 0xc0000005]

Native frames: (J=compiled Java code, j=interpreted, Vv=VM code, C=native code)


Current CompileTask:
C2:   3292 2535       4       com.android.dx.dex.code.LocalSnapshot::withRegisterOffset (20 bytes)


---------------  P R O C E S S  ---------------

Java Threads: ( => current thread )
  0x0000000016a0b000 JavaThread "pool-1-thread-1" [_thread_in_Java, id=8276, stack(0x0000000016d60000,0x0000000016e60000)]
  0x000000001676a800 JavaThread "Service Thread" daemon [_thread_blocked, id=4900, stack(0x0000000016b60000,0x0000000016c60000)]
  0x0000000014e7d800 JavaThread "C1 CompilerThread2" daemon [_thread_blocked, id=6720, stack(0x0000000016660000,0x0000000016760000)]
=>0x0000000014e7b000 JavaThread "C2 CompilerThread1" daemon [_thread_in_native, id=4408, stack(0x0000000016560000,0x0000000016660000)]
  0x0000000014e1e800 JavaThread "C2 CompilerThread0" daemon [_thread_blocked, id=8540, stack(0x0000000016460000,0x0000000016560000)]
  0x0000000014e1d000 JavaThread "Attach Listener" daemon [_thread_blocked, id=4520, stack(0x0000000016360000,0x0000000016460000)]
  0x0000000014e1b800 JavaThread "Signal Dispatcher" daemon [_thread_blocked, id=7200, stack(0x0000000016260000,0x0000000016360000)]
  0x0000000002743800 JavaThread "Finalizer" daemon [_thread_blocked, id=9952, stack(0x0000000016080000,0x0000000016180000)]
  0x0000000002740800 JavaThread "Reference Handler" daemon [_thread_blocked, id=792, stack(0x0000000015f80000,0x0000000016080000)]
  0x000000000254e800 JavaThread "main" [_thread_blocked, id=2584, stack(0x00000000023d0000,0x00000000024d0000)]

Other Threads:
  0x0000000014de7800 VMThread [stack: 0x0000000015e80000,0x0000000015f80000] [id=208]
  0x000000001678f800 WatcherThread [stack: 0x0000000016c60000,0x0000000016d60000] [id=5636]

VM state:not at safepoint (normal execution)

VM Mutex/Monitor currently owned by a thread:  ([mutex/lock_event])
[0x0000000002651e50] Compile_lock - owner thread: 0x0000000000000000

Heap:
 PSYoungGen      total 70656K, used 19617K [0x00000000eab00000, 0x00000000ef500000, 0x0000000100000000)
  eden space 65536K, 22% used [0x00000000eab00000,0x00000000eb92a998,0x00000000eeb00000)
  from space 5120K, 99% used [0x00000000eeb00000,0x00000000eeffda80,0x00000000ef000000)
  to   space 5120K, 0% used [0x00000000ef000000,0x00000000ef000000,0x00000000ef500000)
 ParOldGen       total 86016K, used 42755K [0x00000000c0000000, 0x00000000c5400000, 0x00000000eab00000)
  object space 86016K, 49% used [0x00000000c0000000,0x00000000c29c0f78,0x00000000c5400000)
 Metaspace       used 6807K, capacity 7544K, committed 7680K, reserved 1056768K
  class space    used 642K, capacity 688K, committed 768K, reserved 1048576K

Card table byte_map: [0x0000000011b10000,0x0000000011d20000] byte_map_base: 0x0000000011510000

Marking Bits: (ParMarkBitMap*) 0x00000000637fa5b0
 Begin Bits: [0x0000000012280000, 0x0000000013280000)
 End Bits:   [0x0000000013280000, 0x0000000014280000)

Polling page: 0x0000000000960000

CodeCache: size=245760Kb used=9571Kb max_used=9583Kb free=236188Kb
 bounds [0x0000000002750000, 0x00000000030c0000, 0x0000000011750000]
 total_blobs=2697 nmethods=2427 adapters=182
 compilation: enabled

Compilation events (10 events):
Event: 3.257 Thread 0x0000000014e1e800 2532       4       com.android.dx.dex.code.FixedSizeInsn::withRegisterOffset (13 bytes)
Event: 3.257 Thread 0x0000000014e7b000 nmethod 2528 0x00000000030ac010 code [0x00000000030ac180, 0x00000000030ac608]
Event: 3.258 Thread 0x0000000014e7d800 2533       3       com.android.dx.util.ByteArrayAnnotatedOutput::writeByte (51 bytes)
Event: 3.259 Thread 0x0000000014e7d800 nmethod 2533 0x00000000030a8e90 code [0x00000000030a9020, 0x00000000030a93b8]
Event: 3.260 Thread 0x0000000014e1e800 nmethod 2532 0x00000000030b1f50 code [0x00000000030b20e0, 0x00000000030b2568]
Event: 3.289 Thread 0x0000000014e7d800 2534       3       com.android.dx.dex.code.CatchHandlerList::get (9 bytes)
Event: 3.290 Thread 0x0000000014e7d800 nmethod 2534 0x00000000030b1a50 code [0x00000000030b1bc0, 0x00000000030b1ea8]
Event: 3.290 Thread 0x0000000014e7b000 2535       4       com.android.dx.dex.code.LocalSnapshot::withRegisterOffset (20 bytes)
Event: 3.290 Thread 0x0000000014e1e800 2536       4       com.android.dx.dex.code.form.Form11x::isCompatible (40 bytes)
Event: 3.291 Thread 0x0000000014e1e800 nmethod 2536 0x00000000030b1590 code [0x00000000030b16e0, 0x00000000030b1818]

GC Heap History (10 events):
Event: 1.249 GC heap before
{Heap before GC invocations=3 (full 0):
 PSYoungGen      total 37888K, used 37887K [0x00000000eab00000, 0x00000000ef500000, 0x0000000100000000)
  eden space 32768K, 100% used [0x00000000eab00000,0x00000000ecb00000,0x00000000ecb00000)
  from space 5120K, 99% used [0x00000000ed000000,0x00000000ed4ffdf0,0x00000000ed500000)
  to   space 5120K, 0% used [0x00000000ecb00000,0x00000000ecb00000,0x00000000ed000000)
 ParOldGen       total 86016K, used 4626K [0x00000000c0000000, 0x00000000c5400000, 0x00000000eab00000)
  object space 86016K, 5% used [0x00000000c0000000,0x00000000c0484888,0x00000000c5400000)
 Metaspace       used 6232K, capacity 7088K, committed 7296K, reserved 1056768K
  class space    used 602K, capacity 616K, committed 640K, reserved 1048576K
Event: 1.259 GC heap after
Heap after GC invocations=3 (full 0):
 PSYoungGen      total 37888K, used 5112K [0x00000000eab00000, 0x00000000ef500000, 0x0000000100000000)
  eden space 32768K, 0% used [0x00000000eab00000,0x00000000eab00000,0x00000000ecb00000)
  from space 5120K, 99% used [0x00000000ecb00000,0x00000000ecffe388,0x00000000ed000000)
  to   space 5120K, 0% used [0x00000000ef000000,0x00000000ef000000,0x00000000ef500000)
 ParOldGen       total 86016K, used 9746K [0x00000000c0000000, 0x00000000c5400000, 0x00000000eab00000)
  object space 86016K, 11% used [0x00000000c0000000,0x00000000c09848d8,0x00000000c5400000)
 Metaspace       used 6232K, capacity 7088K, committed 7296K, reserved 1056768K
  class space    used 602K, capacity 616K, committed 640K, reserved 1048576K
}
Event: 1.398 GC heap before
{Heap before GC invocations=4 (full 0):
 PSYoungGen      total 37888K, used 37880K [0x00000000eab00000, 0x00000000ef500000, 0x0000000100000000)
  eden space 32768K, 100% used [0x00000000eab00000,0x00000000ecb00000,0x00000000ecb00000)
  from space 5120K, 99% used [0x00000000ecb00000,0x00000000ecffe388,0x00000000ed000000)
  to   space 5120K, 0% used [0x00000000ef000000,0x00000000ef000000,0x00000000ef500000)
 ParOldGen       total 86016K, used 9746K [0x00000000c0000000, 0x00000000c5400000, 0x00000000eab00000)
  object space 86016K, 11% used [0x00000000c0000000,0x00000000c09848d8,0x00000000c5400000)
 Metaspace       used 6341K, capacity 7128K, committed 7424K, reserved 1056768K
  class space    used 623K, capacity 656K, committed 768K, reserved 1048576K
Event: 1.419 GC heap after
Heap after GC invocations=4 (full 0):
 PSYoungGen      total 70656K, used 5090K [0x00000000eab00000, 0x00000000ef500000, 0x0000000100000000)
  eden space 65536K, 0% used [0x00000000eab00000,0x00000000eab00000,0x00000000eeb00000)
  from space 5120K, 99% used [0x00000000ef000000,0x00000000ef4f8b00,0x00000000ef500000)
  to   space 5120K, 0% used [0x00000000eeb00000,0x00000000eeb00000,0x00000000ef000000)
 ParOldGen       total 86016K, used 15216K [0x00000000c0000000, 0x00000000c5400000, 0x00000000eab00000)
  object space 86016K, 17% used [0x00000000c0000000,0x00000000c0edc068,0x00000000c5400000)
 Metaspace       used 6341K, capacity 7128K, committed 7424K, reserved 1056768K
  class space    used 623K, capacity 656K, committed 768K, reserved 1048576K
}
Event: 1.831 GC heap before
{Heap before GC invocations=5 (full 0):
 PSYoungGen      total 70656K, used 70626K [0x00000000eab00000, 0x00000000ef500000, 0x0000000100000000)
  eden space 65536K, 100% used [0x00000000eab00000,0x00000000eeb00000,0x00000000eeb00000)
  from space 5120K, 99% used [0x00000000ef000000,0x00000000ef4f8b00,0x00000000ef500000)
  to   space 5120K, 0% used [0x00000000eeb00000,0x00000000eeb00000,0x00000000ef000000)
 ParOldGen       total 86016K, used 15216K [0x00000000c0000000, 0x00000000c5400000, 0x00000000eab00000)
  object space 86016K, 17% used [0x00000000c0000000,0x00000000c0edc068,0x00000000c5400000)
 Metaspace       used 6377K, capacity 7192K, committed 7424K, reserved 1056768K
  class space    used 623K, capacity 656K, committed 768K, reserved 1048576K
Event: 1.845 GC heap after
Heap after GC invocations=5 (full 0):
 PSYoungGen      total 70656K, used 5118K [0x00000000eab00000, 0x00000000ef500000, 0x0000000100000000)
  eden space 65536K, 0% used [0x00000000eab00000,0x00000000eab00000,0x00000000eeb00000)
  from space 5120K, 99% used [0x00000000eeb00000,0x00000000eefffbd0,0x00000000ef000000)
  to   space 5120K, 0% used [0x00000000ef000000,0x00000000ef000000,0x00000000ef500000)
 ParOldGen       total 86016K, used 24020K [0x00000000c0000000, 0x00000000c5400000, 0x00000000eab00000)
  object space 86016K, 27% used [0x00000000c0000000,0x00000000c1775158,0x00000000c5400000)
 Metaspace       used 6377K, capacity 7192K, committed 7424K, reserved 1056768K
  class space    used 623K, capacity 656K, committed 768K, reserved 1048576K
}
Event: 2.463 GC heap before
{Heap before GC invocations=6 (full 0):
 PSYoungGen      total 70656K, used 70654K [0x00000000eab00000, 0x00000000ef500000, 0x0000000100000000)
  eden space 65536K, 100% used [0x00000000eab00000,0x00000000eeb00000,0x00000000eeb00000)
  from space 5120K, 99% used [0x00000000eeb00000,0x00000000eefffbd0,0x00000000ef000000)
  to   space 5120K, 0% used [0x00000000ef000000,0x00000000ef000000,0x00000000ef500000)
 ParOldGen       total 86016K, used 24020K [0x00000000c0000000, 0x00000000c5400000, 0x00000000eab00000)
  object space 86016K, 27% used [0x00000000c0000000,0x00000000c1775158,0x00000000c5400000)
 Metaspace       used 6473K, capacity 7192K, committed 7424K, reserved 1056768K
  class space    used 623K, capacity 656K, committed 768K, reserved 1048576K
Event: 2.495 GC heap after
Heap after GC invocations=6 (full 0):
 PSYoungGen      total 70656K, used 5104K [0x00000000eab00000, 0x00000000ef500000, 0x0000000100000000)
  eden space 65536K, 0% used [0x00000000eab00000,0x00000000eab00000,0x00000000eeb00000)
  from space 5120K, 99% used [0x00000000ef000000,0x00000000ef4fc1d8,0x00000000ef500000)
  to   space 5120K, 0% used [0x00000000eeb00000,0x00000000eeb00000,0x00000000ef000000)
 ParOldGen       total 86016K, used 33058K [0x00000000c0000000, 0x00000000c5400000, 0x00000000eab00000)
  object space 86016K, 38% used [0x00000000c0000000,0x00000000c2048a90,0x00000000c5400000)
 Metaspace       used 6473K, capacity 7192K, committed 7424K, reserved 1056768K
  class space    used 623K, capacity 656K, committed 768K, reserved 1048576K
}
Event: 2.693 GC heap before
{Heap before GC invocations=7 (full 0):
 PSYoungGen      total 70656K, used 70640K [0x00000000eab00000, 0x00000000ef500000, 0x0000000100000000)
  eden space 65536K, 100% used [0x00000000eab00000,0x00000000eeb00000,0x00000000eeb00000)
  from space 5120K, 99% used [0x00000000ef000000,0x00000000ef4fc1d8,0x00000000ef500000)
  to   space 5120K, 0% used [0x00000000eeb00000,0x00000000eeb00000,0x00000000ef000000)
 ParOldGen       total 86016K, used 33058K [0x00000000c0000000, 0x00000000c5400000, 0x00000000eab00000)
  object space 86016K, 38% used [0x00000000c0000000,0x00000000c2048a90,0x00000000c5400000)
 Metaspace       used 6497K, capacity 7256K, committed 7424K, reserved 1056768K
  class space    used 625K, capacity 656K, committed 768K, reserved 1048576K
Event: 2.719 GC heap after
Heap after GC invocations=7 (full 0):
 PSYoungGen      total 70656K, used 5110K [0x00000000eab00000, 0x00000000ef500000, 0x0000000100000000)
  eden space 65536K, 0% used [0x00000000eab00000,0x00000000eab00000,0x00000000eeb00000)
  from space 5120K, 99% used [0x00000000eeb00000,0x00000000eeffda80,0x00000000ef000000)
  to   space 5120K, 0% used [0x00000000ef000000,0x00000000ef000000,0x00000000ef500000)
 ParOldGen       total 86016K, used 42755K [0x00000000c0000000, 0x00000000c5400000, 0x00000000eab00000)
  object space 86016K, 49% used [0x00000000c0000000,0x00000000c29c0f78,0x00000000c5400000)
 Metaspace       used 6497K, capacity 7256K, committed 7424K, reserved 1056768K
  class space    used 625K, capacity 656K, committed 768K, reserved 1048576K
}

Deoptimization events (10 events):
Event: 2.741 Thread 0x0000000016a0b000 Uncommon trap: reason=class_check action=maybe_recompile pc=0x0000000002bc8334 method=java.util.Arrays.hashCode([Ljava/lang/Object;)I @ 43
Event: 2.759 Thread 0x0000000016a0b000 Uncommon trap: reason=bimorphic action=maybe_recompile pc=0x0000000002c5aaf8 method=java.util.HashMap.putVal(ILjava/lang/Object;Ljava/lang/Object;ZZ)Ljava/lang/Object; @ 203
Event: 2.872 Thread 0x0000000016a0b000 Uncommon trap: reason=unstable_if action=reinterpret pc=0x0000000002faa1a0 method=com.android.dx.dex.file.DexFile.internIfAppropriate(Lcom/android/dx/rop/cst/Constant;)V @ 92
Event: 2.918 Thread 0x0000000016a0b000 Uncommon trap: reason=speculate_class_check action=maybe_recompile pc=0x0000000002af0680 method=com.android.dx.util.FixedSizeList.equals(Ljava/lang/Object;)Z @ 25
Event: 2.918 Thread 0x0000000016a0b000 Uncommon trap: reason=unstable_if action=reinterpret pc=0x0000000002ab5b04 method=java.util.Arrays.equals([Ljava/lang/Object;[Ljava/lang/Object;)Z @ 23
Event: 2.946 Thread 0x0000000016a0b000 Uncommon trap: reason=speculate_class_check action=maybe_recompile pc=0x0000000002af0680 method=com.android.dx.util.FixedSizeList.equals(Ljava/lang/Object;)Z @ 25
Event: 2.946 Thread 0x0000000016a0b000 Uncommon trap: reason=speculate_class_check action=maybe_recompile pc=0x0000000002af0680 method=com.android.dx.util.FixedSizeList.equals(Ljava/lang/Object;)Z @ 25
Event: 2.946 Thread 0x0000000016a0b000 Uncommon trap: reason=speculate_class_check action=maybe_recompile pc=0x0000000002af0680 method=com.android.dx.util.FixedSizeList.equals(Ljava/lang/Object;)Z @ 25
Event: 2.985 Thread 0x0000000016a0b000 Uncommon trap: reason=unstable_if action=reinterpret pc=0x0000000002f0702c method=java.util.TreeMap.put(Ljava/lang/Object;Ljava/lang/Object;)Ljava/lang/Object; @ 163
Event: 2.993 Thread 0x0000000016a0b000 Uncommon trap: reason=unstable_if action=reinterpret pc=0x000000000302e44c method=com.android.dx.rop.code.RegisterSpec.matchesVariable(Lcom/android/dx/rop/code/RegisterSpec;)Z @ 59

Internal exceptions (5 events):
Event: 0.119 Thread 0x000000000254e800 Exception <a 'java/lang/NoSuchMethodError': Method sun.misc.Unsafe.defineClass(Ljava/lang/String;[BII)Ljava/lang/Class; name or signature does not match> (0x00000000eab0df20) thrown at [C:\re\workspace\8-2-build-windows-amd64-cygwin\jdk8u66\5298\hotspot\srÑ ìícæ?
Event: 0.119 Thread 0x000000000254e800 Exception <a 'java/lang/NoSuchMethodError': Method sun.misc.Unsafe.prefetchRead(Ljava/lang/Object;J)V name or signature does not match> (0x00000000eab0e208) thrown at [C:\re\workspace\8-2-build-windows-amd64-cygwin\jdk8u66\5298\hotspot\src\share\vm\prims\jc¥ç¢°ı?
Event: 1.352 Thread 0x000000000254e800 Exception <a 'java/lang/ArrayIndexOutOfBoundsException': 18> (0x00000000eb7114c8) thrown at [C:\re\workspace\8-2-build-windows-amd64-cygwin\jdk8u66\5298\hotspot\src\share\vm\interpreter\interpreterRuntime.cpp, line 366]
Event: 1.352 Thread 0x000000000254e800 Exception <a 'java/lang/ArrayIndexOutOfBoundsException': 145> (0x00000000eb713048) thrown at [C:\re\workspace\8-2-build-windows-amd64-cygwin\jdk8u66\5298\hotspot\src\share\vm\interpreter\interpreterRuntime.cpp, line 366]
Event: 1.352 Thread 0x000000000254e800 Exception <a 'java/lang/ArrayIndexOutOfBoundsException'> (0x00000000eb714330) thrown at [C:\re\workspace\8-2-build-windows-amd64-cygwin\jdk8u66\5298\hotspot\src\share\vm\runtime\sharedRuntime.cpp, line 605]

Events (10 events):
Event: 3.062 Thread 0x0000000016a0b000 DEOPT PACKING pc=0x0000000003005fde sp=0x0000000016e5e830
Event: 3.062 Thread 0x0000000016a0b000 DEOPT UNPACKING pc=0x000000000279787f sp=0x0000000016e5e588 mode 0
Event: 3.065 Thread 0x0000000016a0b000 DEOPT PACKING pc=0x0000000003008ea0 sp=0x0000000016e5e820
Event: 3.065 Thread 0x0000000016a0b000 DEOPT UNPACKING pc=0x000000000279787f sp=0x0000000016e5e668 mode 0
Event: 3.065 Thread 0x0000000016a0b000 DEOPT PACKING pc=0x0000000003005fde sp=0x0000000016e5e830
Event: 3.065 Thread 0x0000000016a0b000 DEOPT UNPACKING pc=0x000000000279787f sp=0x0000000016e5e588 mode 0
Event: 3.067 Thread 0x0000000016a0b000 DEOPT PACKING pc=0x000000000301d866 sp=0x0000000016e5e8f0
Event: 3.067 Thread 0x0000000016a0b000 DEOPT UNPACKING pc=0x000000000279787f sp=0x0000000016e5e6b8 mode 0
Event: 3.141 Thread 0x0000000016a0b000 DEOPT PACKING pc=0x000000000302305b sp=0x0000000016e5e910
Event: 3.141 Thread 0x0000000016a0b000 DEOPT UNPACKING pc=0x000000000279787f sp=0x0000000016e5e690 mode 0


Dynamic libraries:
0x00007ff7808e0000 - 0x00007ff780917000 	C:\Program Files\Java\jdk1.8.0_66\bin\java.exe
0x00007ff988720000 - 0x00007ff9888e2000 	C:\Windows\SYSTEM32\ntdll.dll
0x00007ff986200000 - 0x00007ff9862ad000 	C:\Windows\system32\KERNEL32.DLL
0x00007ff985580000 - 0x00007ff98575d000 	C:\Windows\system32\KERNELBASE.dll
0x00007ff988000000 - 0x00007ff9880a6000 	C:\Windows\system32\ADVAPI32.dll
0x00007ff9863b0000 - 0x00007ff98644d000 	C:\Windows\system32\msvcrt.dll
0x00007ff9885d0000 - 0x00007ff98862b000 	C:\Windows\system32\sechost.dll
0x00007ff986460000 - 0x00007ff986586000 	C:\Windows\system32\RPCRT4.dll
0x00007ff9880b0000 - 0x00007ff9881fe000 	C:\Windows\system32\USER32.dll
0x00007ff985df0000 - 0x00007ff985f75000 	C:\Windows\system32\GDI32.dll
0x00007ff97d660000 - 0x00007ff97d8d4000 	C:\Windows\WinSxS\amd64_microsoft.windows.common-controls_6595b64144ccf1df_6.0.10240.16384_none_f41f7b285750ef43\COMCTL32.dll
0x00007ff9886e0000 - 0x00007ff988716000 	C:\Windows\system32\IMM32.DLL
0x00007ff986590000 - 0x00007ff9866ec000 	C:\Windows\system32\MSCTF.dll
0x0000000063880000 - 0x0000000063952000 	C:\Program Files\Java\jdk1.8.0_66\jre\bin\msvcr100.dll
0x0000000062ff0000 - 0x0000000063879000 	C:\Program Files\Java\jdk1.8.0_66\jre\bin\server\jvm.dll
0x00007ff986450000 - 0x00007ff986458000 	C:\Windows\system32\PSAPI.DLL
0x00007ff978c60000 - 0x00007ff978c69000 	C:\Windows\SYSTEM32\WSOCK32.dll
0x00007ff988490000 - 0x00007ff9884f9000 	C:\Windows\system32\WS2_32.dll
0x00007ff988330000 - 0x00007ff988338000 	C:\Windows\system32\NSI.dll
0x00007ff983300000 - 0x00007ff983323000 	C:\Windows\SYSTEM32\WINMM.dll
0x00007ff9805d0000 - 0x00007ff9805da000 	C:\Windows\SYSTEM32\VERSION.dll
0x00007ff9832d0000 - 0x00007ff9832fc000 	C:\Windows\SYSTEM32\WINMMBASE.dll
0x00007ff985360000 - 0x00007ff9853a4000 	C:\Windows\system32\cfgmgr32.dll
0x00007ff983ac0000 - 0x00007ff983ae7000 	C:\Windows\SYSTEM32\DEVOBJ.dll
0x0000000062fe0000 - 0x0000000062fef000 	C:\Program Files\Java\jdk1.8.0_66\jre\bin\verify.dll
0x0000000062fb0000 - 0x0000000062fd9000 	C:\Program Files\Java\jdk1.8.0_66\jre\bin\java.dll
0x0000000062f90000 - 0x0000000062fa6000 	C:\Program Files\Java\jdk1.8.0_66\jre\bin\zip.dll
0x00007ff9868c0000 - 0x00007ff987de3000 	C:\Windows\system32\SHELL32.dll
0x00007ff9857c0000 - 0x00007ff985de9000 	C:\Windows\system32\windows.storage.dll
0x00007ff985f80000 - 0x00007ff9861fc000 	C:\Windows\system32\combase.dll
0x00007ff987fa0000 - 0x00007ff987ff1000 	C:\Windows\system32\shlwapi.dll
0x00007ff9851e0000 - 0x00007ff9851ef000 	C:\Windows\system32\kernel.appcore.dll
0x00007ff9852a0000 - 0x00007ff985353000 	C:\Windows\system32\shcore.dll
0x00007ff985170000 - 0x00007ff9851ba000 	C:\Windows\system32\powrprof.dll
0x00007ff985150000 - 0x00007ff985163000 	C:\Windows\system32\profapi.dll

VM Arguments:
jvm_args: -Djava.awt.headless=true -Xmx1024M -Dfile.encoding=windows-1252 -Duser.country=US -Duser.language=en -Duser.variant 
java_command: com.android.dx.command.Main --dex --force-jumbo --num-threads=4 --multi-dex --output E:\AndroidProjects\Fazt\app\build\intermediates\transforms\dex\debug\folders\1000\10\com.android.support-appcompat-v7-23.4.0_bee265a670c025be4a2a2946028955c98ee0842c E:\AndroidProjects\Fazt\app\build\intermediates\exploded-aar\com.android.support\appcompat-v7\23.4.0\jars\classes.jar
java_class_path (initial): E:\Android SDK\Android SDK\sdk\build-tools\23.0.3\lib\dx.jar
Launcher Type: SUN_STANDARD

Environment Variables:
PATH=E:\OracleSQL\DB\app\oracle\product\11.2.0\server\bin;;C:\Program Files (x86)\Intel\iCLS Client\;C:\Program Files\Intel\iCLS Client\;C:\Windows\system32;C:\Windows;C:\Windows\System32\Wbem;C:\Windows\System32\WindowsPowerShell\v1.0\;C:\Program Files\Intel\Intel(R) Management Engine Components\DAL;C:\Program Files (x86)\Intel\Intel(R) Management Engine Components\DAL;C:\Program Files\Intel\Intel(R) Management Engine Components\IPT;C:\Program Files (x86)\Intel\Intel(R) Management Engine Components\IPT;C:\Program Files (x86)\Windows Kits\8.1\Windows Performance Toolkit\;C:\Program Files\Microsoft SQL Server\110\Tools\Binn\;C:\Program Files (x86)\Microsoft SDKs\TypeScript\1.0\;C:\Program Files\Microsoft SQL Server\120\Tools\Binn\;E:\AMD\ATI.ACE\Core-Static;C:\Program Files (x86)\Common Files\lenovo\easyplussdk\bin;C:\Program Files (x86)\ATI Technologies\ATI.ACE\Core-Static;C:\Program Files\Java\jdk1.8.0_05\bin;C:\Program Files (x86)\Windows Kits\10\Windows Performance Toolkit\;E:\Node bin\;C:\Program Files\Microsoft SQL Server\110\DTS\Binn\;C:\Program Files (x86)\Microsoft SQL Server\110\Tools\Binn\;C:\Program Files (x86)\Microsoft SQL Server\110\Tools\Binn\ManagementStudio\;C:\Program Files (x86)\Microsoft Visual Studio 10.0\Common7\IDE\PrivateAssemblies\;C:\Program Files (x86)\Microsoft SQL Server\110\DTS\Binn\;C:\Program Files\Common Files\Autodesk Shared\;C:\Program Files (x86)\Autodesk\Backburner\;E:\Android SDK\Android SDK\android-tools;C:\Program Files\Java\jdk1.8.0_05\bin;E:\QT\5.5\msvc2013_64\bin;C:\Users\JEGAN'S BEAST\AppData\Roaming\npm;C:\Program Files (x86)\GnuWin32\bin;C:\Program Files\Java\jdk1.8.0_66\bin\javafxpackager.exe;C:\Users\JEGAN'S BEAST\AppData\Local\atom\bin;E:\SQLite DB;C:\Program Files\MongoDB\Server\3.2\bin;E:\NS;E:\Android SDK\Android SDK\android-tools;
USERNAME=JEGAN'S BEAST
OS=Windows_NT
PROCESSOR_IDENTIFIER=Intel64 Family 6 Model 60 Stepping 3, GenuineIntel



---------------  S Y S T E M  ---------------

OS: Windows 10.0 , 64 bit Build 10240 (10.0.10240.16384)

CPU:total 4 (4 cores per cpu, 1 threads per core) family 6 model 60 stepping 3, cmov, cx8, fxsr, mmx, sse, sse2, sse3, ssse3, sse4.1, sse4.2, popcnt, avx, avx2, aes, clmul, erms, lzcnt, tsc, tscinvbit, bmi1, bmi2

Memory: 4k page, physical 8247320k(1148592k free), swap 11824784k(5148k free)

vm_info: Java HotSpot(TM) 64-Bit Server VM (25.66-b18) for windows-amd64 JRE (1.8.0_66-b18), built on Nov  9 2015 10:51:13 by "java_re" with MS VC++ 10.0 (VS2010)

time: Fri Jun 17 21:45:36 2016
elapsed time: 3 seconds (0d 0h 0m 3s)

