#
# There is insufficient memory for the Java Runtime Environment to continue.
# Native memory allocation (malloc) failed to allocate 725936 bytes for Chunk::new
# Possible reasons:
#   The system is out of physical RAM or swap space
#   In 32 bit mode, the process size limit was hit
# Possible solutions:
#   Reduce memory load on the system
#   Increase physical memory or swap space
#   Check if swap backing store is full
#   Use 64 bit Java on a 64 bit OS
#   Decrease Java heap size (-Xmx/-Xms)
#   Decrease number of Java threads
#   Decrease Java thread stack sizes (-Xss)
#   Set larger code cache with -XX:ReservedCodeCacheSize=
# This output file may be truncated or incomplete.
#
#  Out of Memory Error (allocation.cpp:390), pid=7388, tid=7748
#
# JRE version: Java(TM) SE Runtime Environment (8.0_66-b18) (build 1.8.0_66-b18)
# Java VM: Java HotSpot(TM) 64-Bit Server VM (25.66-b18 mixed mode windows-amd64 compressed oops)
# Failed to write core dump. Minidumps are not enabled by default on client versions of Windows
#

---------------  T H R E A D  ---------------

Current thread (0x00000000148dc800):  JavaThread "C2 CompilerThread1" daemon [_thread_in_native, id=7748, stack(0x0000000016020000,0x0000000016120000)]

Stack: [0x0000000016020000,0x0000000016120000]
[error occurred during error reporting (printing stack bounds), id 0xc0000005]

Native frames: (J=compiled Java code, j=interpreted, Vv=VM code, C=native code)


Current CompileTask:
C2:   1245 1843       4       com.android.dx.rop.code.LocalVariableExtractor::processBlock (327 bytes)


---------------  P R O C E S S  ---------------

Java Threads: ( => current thread )
  0x00000000165ad800 JavaThread "pool-2-thread-4" [_thread_blocked, id=4832, stack(0x0000000017420000,0x0000000017520000)]
  0x00000000165ac000 JavaThread "pool-2-thread-3" [_thread_blocked, id=624, stack(0x0000000017320000,0x0000000017420000)]
  0x00000000165ab800 JavaThread "pool-2-thread-2" [_thread_blocked, id=6188, stack(0x0000000017220000,0x0000000017320000)]
  0x00000000165a7800 JavaThread "pool-3-thread-1" [_thread_blocked, id=9896, stack(0x0000000017120000,0x0000000017220000)]
  0x00000000165a5800 JavaThread "pool-2-thread-1" [_thread_blocked, id=6116, stack(0x0000000017020000,0x0000000017120000)]
  0x0000000016225000 JavaThread "Service Thread" daemon [_thread_blocked, id=8352, stack(0x0000000016620000,0x0000000016720000)]
  0x000000001493a000 JavaThread "C1 CompilerThread2" daemon [_thread_blocked, id=5188, stack(0x0000000016120000,0x0000000016220000)]
=>0x00000000148dc800 JavaThread "C2 CompilerThread1" daemon [_thread_in_native, id=7748, stack(0x0000000016020000,0x0000000016120000)]
  0x00000000148ea800 JavaThread "C2 CompilerThread0" daemon [_thread_in_native, id=8624, stack(0x0000000015f20000,0x0000000016020000)]
  0x00000000148e8800 JavaThread "Attach Listener" daemon [_thread_blocked, id=9376, stack(0x0000000015e20000,0x0000000015f20000)]
  0x00000000148e7800 JavaThread "Signal Dispatcher" daemon [_thread_blocked, id=7404, stack(0x0000000015d20000,0x0000000015e20000)]
  0x00000000148a9000 JavaThread "Finalizer" daemon [_thread_blocked, id=2824, stack(0x0000000015b30000,0x0000000015c30000)]
  0x00000000021d0800 JavaThread "Reference Handler" daemon [_thread_blocked, id=3916, stack(0x0000000015a30000,0x0000000015b30000)]
  0x0000000001ebe800 JavaThread "main" [_thread_blocked, id=6476, stack(0x0000000001fd0000,0x00000000020d0000)]

Other Threads:
  0x00000000148a7800 VMThread [stack: 0x0000000015930000,0x0000000015a30000] [id=5616]
  0x000000001622a000 WatcherThread [stack: 0x0000000016720000,0x0000000016820000] [id=4572]

VM state:not at safepoint (normal execution)

VM Mutex/Monitor currently owned by a thread: None

Heap:
 PSYoungGen      total 37888K, used 10727K [0x00000000eab00000, 0x00000000ed500000, 0x0000000100000000)
  eden space 32768K, 17% used [0x00000000eab00000,0x00000000eb0819d8,0x00000000ecb00000)
  from space 5120K, 99% used [0x00000000ed000000,0x00000000ed4f85b0,0x00000000ed500000)
  to   space 5120K, 0% used [0x00000000ecb00000,0x00000000ecb00000,0x00000000ed000000)
 ParOldGen       total 86016K, used 24118K [0x00000000c0000000, 0x00000000c5400000, 0x00000000eab00000)
  object space 86016K, 28% used [0x00000000c0000000,0x00000000c178d908,0x00000000c5400000)
 Metaspace       used 6332K, capacity 7152K, committed 7296K, reserved 1056768K
  class space    used 602K, capacity 616K, committed 640K, reserved 1048576K

Card table byte_map: [0x00000000115b0000,0x00000000117c0000] byte_map_base: 0x0000000010fb0000

Marking Bits: (ParMarkBitMap*) 0x00000000637fa5b0
 Begin Bits: [0x0000000011d20000, 0x0000000012d20000)
 End Bits:   [0x0000000012d20000, 0x0000000013d20000)

Polling page: 0x0000000001ea0000

CodeCache: size=245760Kb used=7181Kb max_used=7181Kb free=238578Kb
 bounds [0x00000000021f0000, 0x0000000002900000, 0x00000000111f0000]
 total_blobs=2128 nmethods=1859 adapters=182
 compilation: enabled

Compilation events (10 events):
Event: 1.201 Thread 0x000000001493a000 1877   !   2       java.lang.ref.Finalizer::runFinalizer (62 bytes)
Event: 1.201 Thread 0x000000001493a000 nmethod 1877 0x00000000028f7490 code [0x00000000028f7620, 0x00000000028f7a78]
Event: 1.201 Thread 0x000000001493a000 1878       2       java.lang.ref.Finalizer::hasBeenFinalized (14 bytes)
Event: 1.201 Thread 0x000000001493a000 nmethod 1878 0x00000000028f8bd0 code [0x00000000028f8d20, 0x00000000028f8e90]
Event: 1.201 Thread 0x000000001493a000 1879   !   2       java.lang.ref.Finalizer::remove (94 bytes)
Event: 1.202 Thread 0x000000001493a000 nmethod 1879 0x00000000028f8f10 code [0x00000000028f9080, 0x00000000028f9470]
Event: 1.202 Thread 0x000000001493a000 1880       2       java.lang.System$2::invokeFinalize (5 bytes)
Event: 1.202 Thread 0x000000001493a000 nmethod 1880 0x00000000028f95d0 code [0x00000000028f9740, 0x00000000028f98c8]
Event: 1.202 Thread 0x000000001493a000 1881       2       java.lang.ref.Reference::clear (6 bytes)
Event: 1.202 Thread 0x000000001493a000 nmethod 1881 0x00000000028f9950 code [0x00000000028f9aa0, 0x00000000028f9c10]

GC Heap History (10 events):
Event: 0.501 GC heap before
{Heap before GC invocations=2 (full 0):
 PSYoungGen      total 37888K, used 37793K [0x00000000eab00000, 0x00000000ed500000, 0x0000000100000000)
  eden space 32768K, 100% used [0x00000000eab00000,0x00000000ecb00000,0x00000000ecb00000)
  from space 5120K, 98% used [0x00000000ecb00000,0x00000000ecfe8568,0x00000000ed000000)
  to   space 5120K, 0% used [0x00000000ed000000,0x00000000ed000000,0x00000000ed500000)
 ParOldGen       total 86016K, used 8K [0x00000000c0000000, 0x00000000c5400000, 0x00000000eab00000)
  object space 86016K, 0% used [0x00000000c0000000,0x00000000c0002000,0x00000000c5400000)
 Metaspace       used 6108K, capacity 7024K, committed 7296K, reserved 1056768K
  class space    used 601K, capacity 616K, committed 640K, reserved 1048576K
Event: 0.511 GC heap after
Heap after GC invocations=2 (full 0):
 PSYoungGen      total 37888K, used 5119K [0x00000000eab00000, 0x00000000ed500000, 0x0000000100000000)
  eden space 32768K, 0% used [0x00000000eab00000,0x00000000eab00000,0x00000000ecb00000)
  from space 5120K, 99% used [0x00000000ed000000,0x00000000ed4ffda0,0x00000000ed500000)
  to   space 5120K, 0% used [0x00000000ecb00000,0x00000000ecb00000,0x00000000ed000000)
 ParOldGen       total 86016K, used 2924K [0x00000000c0000000, 0x00000000c5400000, 0x00000000eab00000)
  object space 86016K, 3% used [0x00000000c0000000,0x00000000c02db108,0x00000000c5400000)
 Metaspace       used 6108K, capacity 7024K, committed 7296K, reserved 1056768K
  class space    used 601K, capacity 616K, committed 640K, reserved 1048576K
}
Event: 0.644 GC heap before
{Heap before GC invocations=3 (full 0):
 PSYoungGen      total 37888K, used 37887K [0x00000000eab00000, 0x00000000ed500000, 0x0000000100000000)
  eden space 32768K, 100% used [0x00000000eab00000,0x00000000ecb00000,0x00000000ecb00000)
  from space 5120K, 99% used [0x00000000ed000000,0x00000000ed4ffda0,0x00000000ed500000)
  to   space 5120K, 0% used [0x00000000ecb00000,0x00000000ecb00000,0x00000000ed000000)
 ParOldGen       total 86016K, used 2924K [0x00000000c0000000, 0x00000000c5400000, 0x00000000eab00000)
  object space 86016K, 3% used [0x00000000c0000000,0x00000000c02db108,0x00000000c5400000)
 Metaspace       used 6186K, capacity 7088K, committed 7296K, reserved 1056768K
  class space    used 602K, capacity 616K, committed 640K, reserved 1048576K
Event: 0.659 GC heap after
Heap after GC invocations=3 (full 0):
 PSYoungGen      total 37888K, used 5105K [0x00000000eab00000, 0x00000000ed500000, 0x0000000100000000)
  eden space 32768K, 0% used [0x00000000eab00000,0x00000000eab00000,0x00000000ecb00000)
  from space 5120K, 99% used [0x00000000ecb00000,0x00000000ecffc5c0,0x00000000ed000000)
  to   space 5120K, 0% used [0x00000000ed000000,0x00000000ed000000,0x00000000ed500000)
 ParOldGen       total 86016K, used 8713K [0x00000000c0000000, 0x00000000c5400000, 0x00000000eab00000)
  object space 86016K, 10% used [0x00000000c0000000,0x00000000c08825b8,0x00000000c5400000)
 Metaspace       used 6186K, capacity 7088K, committed 7296K, reserved 1056768K
  class space    used 602K, capacity 616K, committed 640K, reserved 1048576K
}
Event: 0.792 GC heap before
{Heap before GC invocations=4 (full 0):
 PSYoungGen      total 37888K, used 37873K [0x00000000eab00000, 0x00000000ed500000, 0x0000000100000000)
  eden space 32768K, 100% used [0x00000000eab00000,0x00000000ecb00000,0x00000000ecb00000)
  from space 5120K, 99% used [0x00000000ecb00000,0x00000000ecffc5c0,0x00000000ed000000)
  to   space 5120K, 0% used [0x00000000ed000000,0x00000000ed000000,0x00000000ed500000)
 ParOldGen       total 86016K, used 8713K [0x00000000c0000000, 0x00000000c5400000, 0x00000000eab00000)
  object space 86016K, 10% used [0x00000000c0000000,0x00000000c08825b8,0x00000000c5400000)
 Metaspace       used 6268K, capacity 7152K, committed 7296K, reserved 1056768K
  class space    used 602K, capacity 616K, committed 640K, reserved 1048576K
Event: 0.806 GC heap after
Heap after GC invocations=4 (full 0):
 PSYoungGen      total 37888K, used 5100K [0x00000000eab00000, 0x00000000ed500000, 0x0000000100000000)
  eden space 32768K, 0% used [0x00000000eab00000,0x00000000eab00000,0x00000000ecb00000)
  from space 5120K, 99% used [0x00000000ed000000,0x00000000ed4fb348,0x00000000ed500000)
  to   space 5120K, 0% used [0x00000000ecb00000,0x00000000ecb00000,0x00000000ed000000)
 ParOldGen       total 86016K, used 13647K [0x00000000c0000000, 0x00000000c5400000, 0x00000000eab00000)
  object space 86016K, 15% used [0x00000000c0000000,0x00000000c0d53db0,0x00000000c5400000)
 Metaspace       used 6268K, capacity 7152K, committed 7296K, reserved 1056768K
  class space    used 602K, capacity 616K, committed 640K, reserved 1048576K
}
Event: 0.898 GC heap before
{Heap before GC invocations=5 (full 0):
 PSYoungGen      total 37888K, used 37868K [0x00000000eab00000, 0x00000000ed500000, 0x0000000100000000)
  eden space 32768K, 100% used [0x00000000eab00000,0x00000000ecb00000,0x00000000ecb00000)
  from space 5120K, 99% used [0x00000000ed000000,0x00000000ed4fb348,0x00000000ed500000)
  to   space 5120K, 0% used [0x00000000ecb00000,0x00000000ecb00000,0x00000000ed000000)
 ParOldGen       total 86016K, used 13647K [0x00000000c0000000, 0x00000000c5400000, 0x00000000eab00000)
  object space 86016K, 15% used [0x00000000c0000000,0x00000000c0d53db0,0x00000000c5400000)
 Metaspace       used 6289K, capacity 7152K, committed 7296K, reserved 1056768K
  class space    used 602K, capacity 616K, committed 640K, reserved 1048576K
Event: 0.912 GC heap after
Heap after GC invocations=5 (full 0):
 PSYoungGen      total 37888K, used 5118K [0x00000000eab00000, 0x00000000ed500000, 0x0000000100000000)
  eden space 32768K, 0% used [0x00000000eab00000,0x00000000eab00000,0x00000000ecb00000)
  from space 5120K, 99% used [0x00000000ecb00000,0x00000000ecfff870,0x00000000ed000000)
  to   space 5120K, 0% used [0x00000000ed000000,0x00000000ed000000,0x00000000ed500000)
 ParOldGen       total 86016K, used 18679K [0x00000000c0000000, 0x00000000c5400000, 0x00000000eab00000)
  object space 86016K, 21% used [0x00000000c0000000,0x00000000c123de28,0x00000000c5400000)
 Metaspace       used 6289K, capacity 7152K, committed 7296K, reserved 1056768K
  class space    used 602K, capacity 616K, committed 640K, reserved 1048576K
}
Event: 1.083 GC heap before
{Heap before GC invocations=6 (full 0):
 PSYoungGen      total 37888K, used 37886K [0x00000000eab00000, 0x00000000ed500000, 0x0000000100000000)
  eden space 32768K, 100% used [0x00000000eab00000,0x00000000ecb00000,0x00000000ecb00000)
  from space 5120K, 99% used [0x00000000ecb00000,0x00000000ecfff870,0x00000000ed000000)
  to   space 5120K, 0% used [0x00000000ed000000,0x00000000ed000000,0x00000000ed500000)
 ParOldGen       total 86016K, used 18679K [0x00000000c0000000, 0x00000000c5400000, 0x00000000eab00000)
  object space 86016K, 21% used [0x00000000c0000000,0x00000000c123de28,0x00000000c5400000)
 Metaspace       used 6332K, capacity 7152K, committed 7296K, reserved 1056768K
  class space    used 602K, capacity 616K, committed 640K, reserved 1048576K
Event: 1.126 GC heap after
Heap after GC invocations=6 (full 0):
 PSYoungGen      total 37888K, used 5089K [0x00000000eab00000, 0x00000000ed500000, 0x0000000100000000)
  eden space 32768K, 0% used [0x00000000eab00000,0x00000000eab00000,0x00000000ecb00000)
  from space 5120K, 99% used [0x00000000ed000000,0x00000000ed4f85b0,0x00000000ed500000)
  to   space 5120K, 0% used [0x00000000ecb00000,0x00000000ecb00000,0x00000000ed000000)
 ParOldGen       total 86016K, used 24118K [0x00000000c0000000, 0x00000000c5400000, 0x00000000eab00000)
  object space 86016K, 28% used [0x00000000c0000000,0x00000000c178d908,0x00000000c5400000)
 Metaspace       used 6332K, capacity 7152K, committed 7296K, reserved 1056768K
  class space    used 602K, capacity 616K, committed 640K, reserved 1048576K
}

Deoptimization events (10 events):
Event: 0.591 Thread 0x00000000165ac000 Uncommon trap: reason=bimorphic action=maybe_recompile pc=0x000000000243fb1c method=java.util.HashMap.getNode(ILjava/lang/Object;)Ljava/util/HashMap$Node; @ 126
Event: 0.591 Thread 0x00000000165ac000 Uncommon trap: reason=class_check action=maybe_recompile pc=0x000000000269cb80 method=java.util.HashMap.putVal(ILjava/lang/Object;Ljava/lang/Object;ZZ)Ljava/lang/Object; @ 203
Event: 0.591 Thread 0x00000000165ac000 Uncommon trap: reason=bimorphic action=maybe_recompile pc=0x00000000024807d8 method=java.util.HashMap.getNode(ILjava/lang/Object;)Ljava/util/HashMap$Node; @ 126
Event: 0.661 Thread 0x00000000165ac000 Uncommon trap: reason=unstable_if action=reinterpret pc=0x00000000027d0198 method=com.android.dx.ssa.SCCP.simulateBranch(Lcom/android/dx/ssa/SsaInsn;)V @ 64
Event: 0.661 Thread 0x00000000165ac000 Uncommon trap: reason=unstable_if action=reinterpret pc=0x000000000264529c method=com.android.dx.ssa.SsaMethod.updateOneDefinition(Lcom/android/dx/ssa/SsaInsn;Lcom/android/dx/rop/code/RegisterSpec;)V @ 4
Event: 0.863 Thread 0x00000000165ac000 Uncommon trap: reason=bimorphic action=maybe_recompile pc=0x00000000027ff85c method=com.android.dx.cf.code.BytecodeArray.parseInstruction(ILcom/android/dx/cf/code/BytecodeArray$Visitor;)I @ 1130
Event: 0.863 Thread 0x00000000165ac000 Uncommon trap: reason=bimorphic action=maybe_recompile pc=0x00000000027ff85c method=com.android.dx.cf.code.BytecodeArray.parseInstruction(ILcom/android/dx/cf/code/BytecodeArray$Visitor;)I @ 1130
Event: 0.871 Thread 0x00000000165ac000 Uncommon trap: reason=uninitialized action=reinterpret pc=0x00000000027ff210 method=com.android.dx.cf.code.BytecodeArray.parseInstruction(ILcom/android/dx/cf/code/BytecodeArray$Visitor;)I @ 999
Event: 1.048 Thread 0x00000000165a5800 Uncommon trap: reason=unstable_if action=reinterpret pc=0x000000000274f010 method=com.android.dx.ssa.SCCP.simulateStmt(Lcom/android/dx/ssa/SsaInsn;)V @ 53
Event: 1.052 Thread 0x00000000165a5800 Uncommon trap: reason=class_check action=maybe_recompile pc=0x000000000269cb80 method=java.util.HashMap.putVal(ILjava/lang/Object;Ljava/lang/Object;ZZ)Ljava/lang/Object; @ 203

Internal exceptions (3 events):
Event: 0.029 Thread 0x0000000001ebe800 Exception <a 'java/lang/NoSuchMethodError': Method sun.misc.Unsafe.defineClass(Ljava/lang/String;[BII)Ljava/lang/Class; name or signature does not match> (0x00000000eab0df18) thrown at [C:\re\workspace\8-2-build-windows-amd64-cygwin\jdk8u66\5298\hotspot\srÚ…Mû?
Event: 0.029 Thread 0x0000000001ebe800 Exception <a 'java/lang/NoSuchMethodError': Method sun.misc.Unsafe.prefetchRead(Ljava/lang/Object;J)V name or signature does not match> (0x00000000eab0e200) thrown at [C:\re\workspace\8-2-build-windows-amd64-cygwin\jdk8u66\5298\hotspot\src\share\vm\prims\jnGhq‘?
Event: 0.319 Thread 0x00000000165ab800 Implicit null exception at 0x00000000024ce8a2 to 0x00000000024ce9a9

Events (10 events):
Event: 0.896 Executing VM operation: ParallelGCFailedAllocation
Event: 0.912 Executing VM operation: ParallelGCFailedAllocation done
Event: 1.048 Thread 0x00000000165a5800 Uncommon trap: trap_request=0xffffff65 fr.pc=0x000000000274f010
Event: 1.048 Thread 0x00000000165a5800 DEOPT PACKING pc=0x000000000274f010 sp=0x000000001711eb00
Event: 1.048 Thread 0x00000000165a5800 DEOPT UNPACKING pc=0x000000000223582a sp=0x000000001711ead8 mode 2
Event: 1.052 Thread 0x00000000165a5800 Uncommon trap: trap_request=0xffffffde fr.pc=0x000000000269cb80
Event: 1.052 Thread 0x00000000165a5800 DEOPT PACKING pc=0x000000000269cb80 sp=0x000000001711e960
Event: 1.052 Thread 0x00000000165a5800 DEOPT UNPACKING pc=0x000000000223582a sp=0x000000001711e8e8 mode 2
Event: 1.083 Executing VM operation: ParallelGCFailedAllocation
Event: 1.126 Executing VM operation: ParallelGCFailedAllocation done


Dynamic libraries:
0x00007ff7808e0000 - 0x00007ff780917000 	C:\Program Files\Java\jdk1.8.0_66\bin\java.exe
0x00007ff988720000 - 0x00007ff9888e2000 	C:\Windows\SYSTEM32\ntdll.dll
0x00007ff986200000 - 0x00007ff9862ad000 	C:\Windows\system32\KERNEL32.DLL
0x00007ff985580000 - 0x00007ff98575d000 	C:\Windows\system32\KERNELBASE.dll
0x00007ff988000000 - 0x00007ff9880a6000 	C:\Windows\system32\ADVAPI32.dll
0x00007ff9863b0000 - 0x00007ff98644d000 	C:\Windows\system32\msvcrt.dll
0x00007ff9885d0000 - 0x00007ff98862b000 	C:\Windows\system32\sechost.dll
0x00007ff986460000 - 0x00007ff986586000 	C:\Windows\system32\RPCRT4.dll
0x00007ff9880b0000 - 0x00007ff9881fe000 	C:\Windows\system32\USER32.dll
0x00007ff985df0000 - 0x00007ff985f75000 	C:\Windows\system32\GDI32.dll
0x00007ff97d660000 - 0x00007ff97d8d4000 	C:\Windows\WinSxS\amd64_microsoft.windows.common-controls_6595b64144ccf1df_6.0.10240.16384_none_f41f7b285750ef43\COMCTL32.dll
0x00007ff9886e0000 - 0x00007ff988716000 	C:\Windows\system32\IMM32.DLL
0x00007ff986590000 - 0x00007ff9866ec000 	C:\Windows\system32\MSCTF.dll
0x0000000063880000 - 0x0000000063952000 	C:\Program Files\Java\jdk1.8.0_66\jre\bin\msvcr100.dll
0x0000000062ff0000 - 0x0000000063879000 	C:\Program Files\Java\jdk1.8.0_66\jre\bin\server\jvm.dll
0x00007ff986450000 - 0x00007ff986458000 	C:\Windows\system32\PSAPI.DLL
0x00007ff978c60000 - 0x00007ff978c69000 	C:\Windows\SYSTEM32\WSOCK32.dll
0x00007ff983300000 - 0x00007ff983323000 	C:\Windows\SYSTEM32\WINMM.dll
0x00007ff9805d0000 - 0x00007ff9805da000 	C:\Windows\SYSTEM32\VERSION.dll
0x00007ff988490000 - 0x00007ff9884f9000 	C:\Windows\system32\WS2_32.dll
0x00007ff988330000 - 0x00007ff988338000 	C:\Windows\system32\NSI.dll
0x00007ff9832d0000 - 0x00007ff9832fc000 	C:\Windows\SYSTEM32\WINMMBASE.dll
0x00007ff985360000 - 0x00007ff9853a4000 	C:\Windows\system32\cfgmgr32.dll
0x00007ff983ac0000 - 0x00007ff983ae7000 	C:\Windows\SYSTEM32\DEVOBJ.dll
0x0000000062fe0000 - 0x0000000062fef000 	C:\Program Files\Java\jdk1.8.0_66\jre\bin\verify.dll
0x0000000062fb0000 - 0x0000000062fd9000 	C:\Program Files\Java\jdk1.8.0_66\jre\bin\java.dll
0x0000000062f90000 - 0x0000000062fa6000 	C:\Program Files\Java\jdk1.8.0_66\jre\bin\zip.dll
0x00007ff9868c0000 - 0x00007ff987de3000 	C:\Windows\system32\SHELL32.dll
0x00007ff9857c0000 - 0x00007ff985de9000 	C:\Windows\system32\windows.storage.dll
0x00007ff985f80000 - 0x00007ff9861fc000 	C:\Windows\system32\combase.dll
0x00007ff987fa0000 - 0x00007ff987ff1000 	C:\Windows\system32\shlwapi.dll
0x00007ff9851e0000 - 0x00007ff9851ef000 	C:\Windows\system32\kernel.appcore.dll
0x00007ff9852a0000 - 0x00007ff985353000 	C:\Windows\system32\shcore.dll
0x00007ff985170000 - 0x00007ff9851ba000 	C:\Windows\system32\powrprof.dll
0x00007ff985150000 - 0x00007ff985163000 	C:\Windows\system32\profapi.dll

VM Arguments:
jvm_args: -Djava.awt.headless=true -Xmx1024M -Dfile.encoding=windows-1252 -Duser.country=US -Duser.language=en -Duser.variant 
java_command: com.android.dx.command.Main --dex --force-jumbo --num-threads=4 --multi-dex --output E:\AndroidProjects\Fazt\app\build\intermediates\transforms\dex\debug\folders\1000\10\com.android.support-support-v4-23.4.0_8aea1ba72b1b3cce05fed1f539f5a62248209e22 E:\AndroidProjects\Fazt\app\build\intermediates\exploded-aar\com.android.support\support-v4\23.4.0\jars\classes.jar
java_class_path (initial): E:\Android SDK\Android SDK\sdk\build-tools\23.0.3\lib\dx.jar
Launcher Type: SUN_STANDARD

Environment Variables:
PATH=E:\OracleSQL\DB\app\oracle\product\11.2.0\server\bin;;C:\Program Files (x86)\Intel\iCLS Client\;C:\Program Files\Intel\iCLS Client\;C:\Windows\system32;C:\Windows;C:\Windows\System32\Wbem;C:\Windows\System32\WindowsPowerShell\v1.0\;C:\Program Files\Intel\Intel(R) Management Engine Components\DAL;C:\Program Files (x86)\Intel\Intel(R) Management Engine Components\DAL;C:\Program Files\Intel\Intel(R) Management Engine Components\IPT;C:\Program Files (x86)\Intel\Intel(R) Management Engine Components\IPT;C:\Program Files (x86)\Windows Kits\8.1\Windows Performance Toolkit\;C:\Program Files\Microsoft SQL Server\110\Tools\Binn\;C:\Program Files (x86)\Microsoft SDKs\TypeScript\1.0\;C:\Program Files\Microsoft SQL Server\120\Tools\Binn\;E:\AMD\ATI.ACE\Core-Static;C:\Program Files (x86)\Common Files\lenovo\easyplussdk\bin;C:\Program Files (x86)\ATI Technologies\ATI.ACE\Core-Static;C:\Program Files\Java\jdk1.8.0_05\bin;C:\Program Files (x86)\Windows Kits\10\Windows Performance Toolkit\;E:\Node bin\;C:\Program Files\Microsoft SQL Server\110\DTS\Binn\;C:\Program Files (x86)\Microsoft SQL Server\110\Tools\Binn\;C:\Program Files (x86)\Microsoft SQL Server\110\Tools\Binn\ManagementStudio\;C:\Program Files (x86)\Microsoft Visual Studio 10.0\Common7\IDE\PrivateAssemblies\;C:\Program Files (x86)\Microsoft SQL Server\110\DTS\Binn\;C:\Program Files\Common Files\Autodesk Shared\;C:\Program Files (x86)\Autodesk\Backburner\;E:\Android SDK\Android SDK\android-tools;C:\Program Files\Java\jdk1.8.0_05\bin;E:\QT\5.5\msvc2013_64\bin;C:\Users\JEGAN'S BEAST\AppData\Roaming\npm;C:\Program Files (x86)\GnuWin32\bin;C:\Program Files\Java\jdk1.8.0_66\bin\javafxpackager.exe;C:\Users\JEGAN'S BEAST\AppData\Local\atom\bin;E:\SQLite DB;C:\Program Files\MongoDB\Server\3.2\bin;E:\NS;E:\Android SDK\Android SDK\android-tools;
USERNAME=JEGAN'S BEAST
OS=Windows_NT
PROCESSOR_IDENTIFIER=Intel64 Family 6 Model 60 Stepping 3, GenuineIntel



---------------  S Y S T E M  ---------------

OS: Windows 10.0 , 64 bit Build 10240 (10.0.10240.16384)

CPU:total 4 (4 cores per cpu, 1 threads per core) family 6 model 60 stepping 3, cmov, cx8, fxsr, mmx, sse, sse2, sse3, ssse3, sse4.1, sse4.2, popcnt, avx, avx2, aes, clmul, erms, lzcnt, tsc, tscinvbit, bmi1, bmi2

Memory: 4k page, physical 8247320k(2039488k free), swap 11824784k(5576k free)

vm_info: Java HotSpot(TM) 64-Bit Server VM (25.66-b18) for windows-amd64 JRE (1.8.0_66-b18), built on Nov  9 2015 10:51:13 by "java_re" with MS VC++ 10.0 (VS2010)

time: Fri Jun 17 21:56:03 2016
elapsed time: 1 seconds (0d 0h 0m 1s)

