#
# There is insufficient memory for the Java Runtime Environment to continue.
# Native memory allocation (malloc) failed to allocate 171696 bytes for Chunk::new
# Possible reasons:
#   The system is out of physical RAM or swap space
#   In 32 bit mode, the process size limit was hit
# Possible solutions:
#   Reduce memory load on the system
#   Increase physical memory or swap space
#   Check if swap backing store is full
#   Use 64 bit Java on a 64 bit OS
#   Decrease Java heap size (-Xmx/-Xms)
#   Decrease number of Java threads
#   Decrease Java thread stack sizes (-Xss)
#   Set larger code cache with -XX:ReservedCodeCacheSize=
# This output file may be truncated or incomplete.
#
#  Out of Memory Error (allocation.cpp:390), pid=3856, tid=5980
#
# JRE version: Java(TM) SE Runtime Environment (8.0_66-b18) (build 1.8.0_66-b18)
# Java VM: Java HotSpot(TM) 64-Bit Server VM (25.66-b18 mixed mode windows-amd64 compressed oops)
# Failed to write core dump. Minidumps are not enabled by default on client versions of Windows
#

---------------  T H R E A D  ---------------

Current thread (0x00000000149bb800):  JavaThread "C2 CompilerThread0" daemon [_thread_in_native, id=5980, stack(0x0000000015fe0000,0x00000000160e0000)]

Stack: [0x0000000015fe0000,0x00000000160e0000]
[error occurred during error reporting (printing stack bounds), id 0xc0000005]

Native frames: (J=compiled Java code, j=interpreted, Vv=VM code, C=native code)


Current CompileTask:
C2:    481  890       4       com.android.dx.ssa.back.LivenessAnalyzer::liveOutAtStatement (61 bytes)


---------------  P R O C E S S  ---------------

Java Threads: ( => current thread )
  0x00000000164bd800 JavaThread "pool-2-thread-4" [_thread_blocked, id=840, stack(0x00000000174e0000,0x00000000175e0000)]
  0x00000000164bb800 JavaThread "pool-2-thread-3" [_thread_in_vm, id=9056, stack(0x00000000173e0000,0x00000000174e0000)]
  0x0000000016481000 JavaThread "pool-2-thread-2" [_thread_blocked, id=4136, stack(0x00000000172e0000,0x00000000173e0000)]
  0x000000001644b800 JavaThread "pool-3-thread-1" [_thread_blocked, id=7860, stack(0x00000000171e0000,0x00000000172e0000)]
  0x000000001644a800 JavaThread "pool-2-thread-1" [_thread_in_Java, id=624, stack(0x00000000170e0000,0x00000000171e0000)]
  0x00000000161ef800 JavaThread "Service Thread" daemon [_thread_blocked, id=7448, stack(0x00000000166e0000,0x00000000167e0000)]
  0x00000000161e0800 JavaThread "C1 CompilerThread2" daemon [_thread_in_native, id=7508, stack(0x00000000165e0000,0x00000000166e0000)]
  0x00000000149ad800 JavaThread "C2 CompilerThread1" daemon [_thread_in_native, id=9408, stack(0x00000000160e0000,0x00000000161e0000)]
=>0x00000000149bb800 JavaThread "C2 CompilerThread0" daemon [_thread_in_native, id=5980, stack(0x0000000015fe0000,0x00000000160e0000)]
  0x00000000149ba000 JavaThread "Attach Listener" daemon [_thread_blocked, id=7396, stack(0x0000000015ee0000,0x0000000015fe0000)]
  0x00000000149b8800 JavaThread "Signal Dispatcher" daemon [_thread_blocked, id=8516, stack(0x0000000015de0000,0x0000000015ee0000)]
  0x00000000022d9000 JavaThread "Finalizer" daemon [_thread_blocked, id=7728, stack(0x0000000015c00000,0x0000000015d00000)]
  0x00000000022d0000 JavaThread "Reference Handler" daemon [_thread_blocked, id=7704, stack(0x0000000015b00000,0x0000000015c00000)]
  0x0000000001fde800 JavaThread "main" [_thread_blocked, id=10096, stack(0x0000000001fe0000,0x00000000020e0000)]

Other Threads:
  0x0000000014977800 VMThread [stack: 0x0000000015a00000,0x0000000015b00000] [id=6060]
  0x00000000161f7000 WatcherThread [stack: 0x00000000167e0000,0x00000000168e0000] [id=5940]

VM state:not at safepoint (normal execution)

VM Mutex/Monitor currently owned by a thread: None

Heap:
 PSYoungGen      total 37888K, used 21657K [0x00000000eab00000, 0x00000000ed500000, 0x0000000100000000)
  eden space 32768K, 66% used [0x00000000eab00000,0x00000000ec026620,0x00000000ecb00000)
  from space 5120K, 0% used [0x00000000ed000000,0x00000000ed000000,0x00000000ed500000)
  to   space 5120K, 0% used [0x00000000ecb00000,0x00000000ecb00000,0x00000000ed000000)
 ParOldGen       total 86016K, used 0K [0x00000000c0000000, 0x00000000c5400000, 0x00000000eab00000)
  object space 86016K, 0% used [0x00000000c0000000,0x00000000c0000000,0x00000000c5400000)
 Metaspace       used 5830K, capacity 6768K, committed 7040K, reserved 1056768K
  class space    used 597K, capacity 616K, committed 640K, reserved 1048576K

Card table byte_map: [0x00000000116a0000,0x00000000118b0000] byte_map_base: 0x00000000110a0000

Marking Bits: (ParMarkBitMap*) 0x00000000637fa5b0
 Begin Bits: [0x0000000011e10000, 0x0000000012e10000)
 End Bits:   [0x0000000012e10000, 0x0000000013e10000)

Polling page: 0x0000000001f60000

CodeCache: size=245760Kb used=3660Kb max_used=3660Kb free=242099Kb
 bounds [0x00000000022e0000, 0x0000000002680000, 0x00000000112e0000]
 total_blobs=1173 nmethods=903 adapters=182
 compilation: enabled

Compilation events (10 events):
Event: 0.477 Thread 0x00000000149bb800  899       4       com.android.dx.rop.code.Insn::<init> (69 bytes)
Event: 0.477 Thread 0x00000000149bb800 nmethod 899 0x000000000266b110 code [0x000000000266b240, 0x000000000266b338]
Event: 0.477 Thread 0x00000000149bb800  890       4       com.android.dx.ssa.back.LivenessAnalyzer::liveOutAtStatement (61 bytes)
Event: 0.478 Thread 0x00000000161e0800  902       3       com.android.dx.util.MutabilityControl::<init> (10 bytes)
Event: 0.478 Thread 0x00000000161e0800 nmethod 902 0x000000000266dd50 code [0x000000000266dea0, 0x000000000266e050]
Event: 0.479 Thread 0x00000000161e0800  904       1       com.android.dx.rop.code.PlainInsn::getCatches (4 bytes)
Event: 0.479 Thread 0x00000000161e0800 nmethod 904 0x000000000266ae50 code [0x000000000266afa0, 0x000000000266b0b0]
Event: 0.479 Thread 0x00000000161e0800  905       3       com.android.dx.rop.code.RegisterSpec::intersect (169 bytes)
Event: 0.479 Thread 0x00000000161e0800 nmethod 905 0x000000000266c690 code [0x000000000266c8e0, 0x000000000266d888]
Event: 0.479 Thread 0x00000000161e0800  907       3       com.android.dx.ssa.SsaMethod::forEachBlockDepthFirst (194 bytes)

GC Heap History (0 events):
No events

Deoptimization events (6 events):
Event: 0.299 Thread 0x000000001644a800 Uncommon trap: reason=unstable_if action=reinterpret pc=0x0000000002501048 method=java.util.HashMap.getNode(ILjava/lang/Object;)Ljava/util/HashMap$Node; @ 62
Event: 0.332 Thread 0x00000000164bb800 Uncommon trap: reason=unstable_if action=reinterpret pc=0x0000000002510eb0 method=java.util.BitSet.nextSetBit(I)I @ 87
Event: 0.338 Thread 0x00000000164bd800 Uncommon trap: reason=unstable_if action=reinterpret pc=0x0000000002536d70 method=java.util.BitSet.ensureCapacity(I)V @ 6
Event: 0.428 Thread 0x0000000016481000 Uncommon trap: reason=unstable_if action=reinterpret pc=0x0000000002535580 method=java.util.HashMap.getNode(ILjava/lang/Object;)Ljava/util/HashMap$Node; @ 129
Event: 0.428 Thread 0x0000000016481000 Uncommon trap: reason=unstable_if action=reinterpret pc=0x00000000025b2060 method=java.util.HashMap.putVal(ILjava/lang/Object;Ljava/lang/Object;ZZ)Ljava/lang/Object; @ 193
Event: 0.459 Thread 0x00000000164bb800 Uncommon trap: reason=unstable_if action=reinterpret pc=0x000000000252b434 method=java.util.BitSet.ensureCapacity(I)V @ 6

Internal exceptions (2 events):
Event: 0.023 Thread 0x0000000001fde800 Exception <a 'java/lang/NoSuchMethodError': Method sun.misc.Unsafe.defineClass(Ljava/lang/String;[BII)Ljava/lang/Class; name or signature does not match> (0x00000000eab0df08) thrown at [C:\re\workspace\8-2-build-windows-amd64-cygwin\jdk8u66\5298\hotspot\srƒ|õ%Q—?
Event: 0.023 Thread 0x0000000001fde800 Exception <a 'java/lang/NoSuchMethodError': Method sun.misc.Unsafe.prefetchRead(Ljava/lang/Object;J)V name or signature does not match> (0x00000000eab0e1f0) thrown at [C:\re\workspace\8-2-build-windows-amd64-cygwin\jdk8u66\5298\hotspot\src\share\vm\prims\j

Events (10 events):
Event: 0.450 loading class java/util/DualPivotQuicksort done
Event: 0.454 loading class com/android/dx/dex/file/ParameterAnnotationStruct
Event: 0.454 loading class com/android/dx/dex/file/ParameterAnnotationStruct done
Event: 0.454 loading class com/android/dx/dex/file/UniformListItem
Event: 0.454 loading class com/android/dx/dex/file/UniformListItem done
Event: 0.455 loading class com/android/dx/dex/file/AnnotationSetRefItem
Event: 0.455 loading class com/android/dx/dex/file/AnnotationSetRefItem done
Event: 0.459 Thread 0x00000000164bb800 Uncommon trap: trap_request=0xffffff65 fr.pc=0x000000000252b434
Event: 0.459 Thread 0x00000000164bb800 DEOPT PACKING pc=0x000000000252b434 sp=0x00000000174dea30
Event: 0.459 Thread 0x00000000164bb800 DEOPT UNPACKING pc=0x000000000232582a sp=0x00000000174de918 mode 2


Dynamic libraries:
0x00007ff7808e0000 - 0x00007ff780917000 	C:\Program Files\Java\jdk1.8.0_66\bin\java.exe
0x00007ff988720000 - 0x00007ff9888e2000 	C:\Windows\SYSTEM32\ntdll.dll
0x00007ff986200000 - 0x00007ff9862ad000 	C:\Windows\system32\KERNEL32.DLL
0x00007ff985580000 - 0x00007ff98575d000 	C:\Windows\system32\KERNELBASE.dll
0x00007ff988000000 - 0x00007ff9880a6000 	C:\Windows\system32\ADVAPI32.dll
0x00007ff9863b0000 - 0x00007ff98644d000 	C:\Windows\system32\msvcrt.dll
0x00007ff9885d0000 - 0x00007ff98862b000 	C:\Windows\system32\sechost.dll
0x00007ff986460000 - 0x00007ff986586000 	C:\Windows\system32\RPCRT4.dll
0x00007ff9880b0000 - 0x00007ff9881fe000 	C:\Windows\system32\USER32.dll
0x00007ff985df0000 - 0x00007ff985f75000 	C:\Windows\system32\GDI32.dll
0x00007ff97d660000 - 0x00007ff97d8d4000 	C:\Windows\WinSxS\amd64_microsoft.windows.common-controls_6595b64144ccf1df_6.0.10240.16384_none_f41f7b285750ef43\COMCTL32.dll
0x00007ff9886e0000 - 0x00007ff988716000 	C:\Windows\system32\IMM32.DLL
0x00007ff986590000 - 0x00007ff9866ec000 	C:\Windows\system32\MSCTF.dll
0x0000000063880000 - 0x0000000063952000 	C:\Program Files\Java\jdk1.8.0_66\jre\bin\msvcr100.dll
0x0000000062ff0000 - 0x0000000063879000 	C:\Program Files\Java\jdk1.8.0_66\jre\bin\server\jvm.dll
0x00007ff986450000 - 0x00007ff986458000 	C:\Windows\system32\PSAPI.DLL
0x00007ff978c60000 - 0x00007ff978c69000 	C:\Windows\SYSTEM32\WSOCK32.dll
0x00007ff988490000 - 0x00007ff9884f9000 	C:\Windows\system32\WS2_32.dll
0x00007ff988330000 - 0x00007ff988338000 	C:\Windows\system32\NSI.dll
0x00007ff983300000 - 0x00007ff983323000 	C:\Windows\SYSTEM32\WINMM.dll
0x00007ff9805d0000 - 0x00007ff9805da000 	C:\Windows\SYSTEM32\VERSION.dll
0x00007ff9832d0000 - 0x00007ff9832fc000 	C:\Windows\SYSTEM32\WINMMBASE.dll
0x00007ff985360000 - 0x00007ff9853a4000 	C:\Windows\system32\cfgmgr32.dll
0x00007ff983ac0000 - 0x00007ff983ae7000 	C:\Windows\SYSTEM32\DEVOBJ.dll
0x0000000062fe0000 - 0x0000000062fef000 	C:\Program Files\Java\jdk1.8.0_66\jre\bin\verify.dll
0x0000000062fb0000 - 0x0000000062fd9000 	C:\Program Files\Java\jdk1.8.0_66\jre\bin\java.dll
0x0000000062f90000 - 0x0000000062fa6000 	C:\Program Files\Java\jdk1.8.0_66\jre\bin\zip.dll
0x00007ff9868c0000 - 0x00007ff987de3000 	C:\Windows\system32\SHELL32.dll
0x00007ff9857c0000 - 0x00007ff985de9000 	C:\Windows\system32\windows.storage.dll
0x00007ff985f80000 - 0x00007ff9861fc000 	C:\Windows\system32\combase.dll
0x00007ff987fa0000 - 0x00007ff987ff1000 	C:\Windows\system32\shlwapi.dll
0x00007ff9851e0000 - 0x00007ff9851ef000 	C:\Windows\system32\kernel.appcore.dll
0x00007ff9852a0000 - 0x00007ff985353000 	C:\Windows\system32\shcore.dll
0x00007ff985170000 - 0x00007ff9851ba000 	C:\Windows\system32\powrprof.dll
0x00007ff985150000 - 0x00007ff985163000 	C:\Windows\system32\profapi.dll

VM Arguments:
jvm_args: -Djava.awt.headless=true -Xmx1024M -Dfile.encoding=windows-1252 -Duser.country=US -Duser.language=en -Duser.variant 
java_command: com.android.dx.command.Main --dex --force-jumbo --num-threads=4 --multi-dex --output E:\AndroidProjects\Fazt\app\build\intermediates\transforms\dex\debug\folders\1000\10\com.android.support-design-23.4.0_f04d877cab08ee7f6899146bb3f8e8883316d6fd E:\AndroidProjects\Fazt\app\build\intermediates\exploded-aar\com.android.support\design\23.4.0\jars\classes.jar
java_class_path (initial): E:\Android SDK\Android SDK\sdk\build-tools\23.0.3\lib\dx.jar
Launcher Type: SUN_STANDARD

Environment Variables:
PATH=E:\OracleSQL\DB\app\oracle\product\11.2.0\server\bin;;C:\Program Files (x86)\Intel\iCLS Client\;C:\Program Files\Intel\iCLS Client\;C:\Windows\system32;C:\Windows;C:\Windows\System32\Wbem;C:\Windows\System32\WindowsPowerShell\v1.0\;C:\Program Files\Intel\Intel(R) Management Engine Components\DAL;C:\Program Files (x86)\Intel\Intel(R) Management Engine Components\DAL;C:\Program Files\Intel\Intel(R) Management Engine Components\IPT;C:\Program Files (x86)\Intel\Intel(R) Management Engine Components\IPT;C:\Program Files (x86)\Windows Kits\8.1\Windows Performance Toolkit\;C:\Program Files\Microsoft SQL Server\110\Tools\Binn\;C:\Program Files (x86)\Microsoft SDKs\TypeScript\1.0\;C:\Program Files\Microsoft SQL Server\120\Tools\Binn\;E:\AMD\ATI.ACE\Core-Static;C:\Program Files (x86)\Common Files\lenovo\easyplussdk\bin;C:\Program Files (x86)\ATI Technologies\ATI.ACE\Core-Static;C:\Program Files\Java\jdk1.8.0_05\bin;C:\Program Files (x86)\Windows Kits\10\Windows Performance Toolkit\;E:\Node bin\;C:\Program Files\Microsoft SQL Server\110\DTS\Binn\;C:\Program Files (x86)\Microsoft SQL Server\110\Tools\Binn\;C:\Program Files (x86)\Microsoft SQL Server\110\Tools\Binn\ManagementStudio\;C:\Program Files (x86)\Microsoft Visual Studio 10.0\Common7\IDE\PrivateAssemblies\;C:\Program Files (x86)\Microsoft SQL Server\110\DTS\Binn\;C:\Program Files\Common Files\Autodesk Shared\;C:\Program Files (x86)\Autodesk\Backburner\;E:\Android SDK\Android SDK\android-tools;C:\Program Files\Java\jdk1.8.0_05\bin;E:\QT\5.5\msvc2013_64\bin;C:\Users\JEGAN'S BEAST\AppData\Roaming\npm;C:\Program Files (x86)\GnuWin32\bin;C:\Program Files\Java\jdk1.8.0_66\bin\javafxpackager.exe;C:\Users\JEGAN'S BEAST\AppData\Local\atom\bin;E:\SQLite DB;C:\Program Files\MongoDB\Server\3.2\bin;E:\NS;E:\Android SDK\Android SDK\android-tools;
USERNAME=JEGAN'S BEAST
OS=Windows_NT
PROCESSOR_IDENTIFIER=Intel64 Family 6 Model 60 Stepping 3, GenuineIntel



---------------  S Y S T E M  ---------------

OS: Windows 10.0 , 64 bit Build 10240 (10.0.10240.16384)

CPU:total 4 (4 cores per cpu, 1 threads per core) family 6 model 60 stepping 3, cmov, cx8, fxsr, mmx, sse, sse2, sse3, ssse3, sse4.1, sse4.2, popcnt, avx, avx2, aes, clmul, erms, lzcnt, tsc, tscinvbit, bmi1, bmi2

Memory: 4k page, physical 8247320k(1180008k free), swap 11824784k(5144k free)

vm_info: Java HotSpot(TM) 64-Bit Server VM (25.66-b18) for windows-amd64 JRE (1.8.0_66-b18), built on Nov  9 2015 10:51:13 by "java_re" with MS VC++ 10.0 (VS2010)

time: Fri Jun 17 21:47:10 2016
elapsed time: 0 seconds (0d 0h 0m 0s)

