#
# There is insufficient memory for the Java Runtime Environment to continue.
# Native memory allocation (malloc) failed to allocate 1134544 bytes for Chunk::new
# Possible reasons:
#   The system is out of physical RAM or swap space
#   In 32 bit mode, the process size limit was hit
# Possible solutions:
#   Reduce memory load on the system
#   Increase physical memory or swap space
#   Check if swap backing store is full
#   Use 64 bit Java on a 64 bit OS
#   Decrease Java heap size (-Xmx/-Xms)
#   Decrease number of Java threads
#   Decrease Java thread stack sizes (-Xss)
#   Set larger code cache with -XX:ReservedCodeCacheSize=
# This output file may be truncated or incomplete.
#
#  Out of Memory Error (allocation.cpp:390), pid=8896, tid=1476
#
# JRE version: Java(TM) SE Runtime Environment (8.0_66-b18) (build 1.8.0_66-b18)
# Java VM: Java HotSpot(TM) 64-Bit Server VM (25.66-b18 mixed mode windows-amd64 compressed oops)
# Failed to write core dump. Minidumps are not enabled by default on client versions of Windows
#

---------------  T H R E A D  ---------------

Current thread (0x0000000015401000):  JavaThread "C2 CompilerThread1" daemon [_thread_in_native, id=1476, stack(0x0000000016b40000,0x0000000016c40000)]

Stack: [0x0000000016b40000,0x0000000016c40000]
[error occurred during error reporting (printing stack bounds), id 0xc0000005]

Native frames: (J=compiled Java code, j=interpreted, Vv=VM code, C=native code)


Current CompileTask:
C2:    563 1128   !   4       com.android.dx.cf.code.BytecodeArray::parseInstruction (2764 bytes)


---------------  P R O C E S S  ---------------

Java Threads: ( => current thread )
  0x0000000016eb6800 JavaThread "pool-2-thread-4" [_thread_blocked, id=1884, stack(0x0000000017740000,0x0000000017840000)]
  0x0000000016eb6000 JavaThread "pool-2-thread-3" [_thread_blocked, id=9668, stack(0x0000000017640000,0x0000000017740000)]
  0x0000000016eb4800 JavaThread "pool-2-thread-2" [_thread_blocked, id=232, stack(0x0000000017540000,0x0000000017640000)]
  0x0000000016ea8800 JavaThread "pool-3-thread-1" [_thread_blocked, id=3592, stack(0x0000000017440000,0x0000000017540000)]
  0x0000000016ea3800 JavaThread "pool-2-thread-1" [_thread_blocked, id=4704, stack(0x0000000017340000,0x0000000017440000)]
  0x000000001545e000 JavaThread "Service Thread" daemon [_thread_blocked, id=4144, stack(0x0000000017140000,0x0000000017240000)]
  0x0000000016c48800 JavaThread "C1 CompilerThread2" daemon [_thread_blocked, id=9632, stack(0x0000000017040000,0x0000000017140000)]
=>0x0000000015401000 JavaThread "C2 CompilerThread1" daemon [_thread_in_native, id=1476, stack(0x0000000016b40000,0x0000000016c40000)]
  0x00000000153fe000 JavaThread "C2 CompilerThread0" daemon [_thread_in_native, id=8000, stack(0x0000000016a40000,0x0000000016b40000)]
  0x00000000153fc000 JavaThread "Attach Listener" daemon [_thread_blocked, id=9084, stack(0x0000000016940000,0x0000000016a40000)]
  0x00000000153fb000 JavaThread "Signal Dispatcher" daemon [_thread_blocked, id=2560, stack(0x0000000016840000,0x0000000016940000)]
  0x0000000002d21000 JavaThread "Finalizer" daemon [_thread_blocked, id=3672, stack(0x0000000016660000,0x0000000016760000)]
  0x0000000002d1e000 JavaThread "Reference Handler" daemon [_thread_blocked, id=6720, stack(0x0000000016560000,0x0000000016660000)]
  0x00000000012fe800 JavaThread "main" [_thread_blocked, id=6308, stack(0x0000000002b30000,0x0000000002c30000)]

Other Threads:
  0x00000000153c8000 VMThread [stack: 0x0000000016460000,0x0000000016560000] [id=6272]
  0x0000000016c63000 WatcherThread [stack: 0x0000000017240000,0x0000000017340000] [id=7744]

VM state:not at safepoint (normal execution)

VM Mutex/Monitor currently owned by a thread:  ([mutex/lock_event])
[0x0000000002c31250] CompiledIC_lock - owner thread: 0x0000000016eb4800

Heap:
 PSYoungGen      total 37888K, used 25574K [0x00000000eab00000, 0x00000000ed500000, 0x0000000100000000)
  eden space 32768K, 78% used [0x00000000eab00000,0x00000000ec3f9aa8,0x00000000ecb00000)
  from space 5120K, 0% used [0x00000000ed000000,0x00000000ed000000,0x00000000ed500000)
  to   space 5120K, 0% used [0x00000000ecb00000,0x00000000ecb00000,0x00000000ed000000)
 ParOldGen       total 86016K, used 0K [0x00000000c0000000, 0x00000000c5400000, 0x00000000eab00000)
  object space 86016K, 0% used [0x00000000c0000000,0x00000000c0000000,0x00000000c5400000)
 Metaspace       used 5915K, capacity 6832K, committed 7040K, reserved 1056768K
  class space    used 598K, capacity 616K, committed 640K, reserved 1048576K

Card table byte_map: [0x00000000120f0000,0x0000000012300000] byte_map_base: 0x0000000011af0000

Marking Bits: (ParMarkBitMap*) 0x00000000637fa5b0
 Begin Bits: [0x0000000012860000, 0x0000000013860000)
 End Bits:   [0x0000000013860000, 0x0000000014860000)

Polling page: 0x00000000012e0000

CodeCache: size=245760Kb used=4489Kb max_used=4494Kb free=241270Kb
 bounds [0x0000000002d30000, 0x00000000031a0000, 0x0000000011d30000]
 total_blobs=1401 nmethods=1132 adapters=182
 compilation: enabled

Compilation events (10 events):
Event: 0.535 Thread 0x0000000016c48800 1131       3       java.util.TreeMap::values (27 bytes)
Event: 0.536 Thread 0x0000000016c48800 nmethod 1131 0x0000000003195190 code [0x0000000003195300, 0x0000000003195650]
Event: 0.536 Thread 0x0000000016c48800 1132       3       com.android.dx.ssa.back.FirstFitLocalCombiningAllocator::tryMapReg (41 bytes)
Event: 0.536 Thread 0x0000000015401000 nmethod 1119 0x0000000003195790 code [0x0000000003195940, 0x0000000003196358]
Event: 0.536 Thread 0x0000000015401000 1128   !   4       com.android.dx.cf.code.BytecodeArray::parseInstruction (2764 bytes)
Event: 0.536 Thread 0x0000000016c48800 nmethod 1132 0x0000000003193ad0 code [0x0000000003193d00, 0x0000000003194ac8]
Event: 0.536 Thread 0x0000000016c48800 1133       1       com.android.dx.rop.code.SourcePosition::getLine (5 bytes)
Event: 0.536 Thread 0x0000000016c48800 nmethod 1133 0x0000000003193810 code [0x0000000003193960, 0x0000000003193a70]
Event: 0.536 Thread 0x0000000016c48800 1134       3       com.android.dx.rop.code.RegisterSpecList::getType (12 bytes)
Event: 0.536 Thread 0x0000000016c48800 nmethod 1134 0x0000000003192e50 code [0x0000000003192fe0, 0x0000000003193638]

GC Heap History (0 events):
No events

Deoptimization events (4 events):
Event: 0.397 Thread 0x0000000016ea3800 Uncommon trap: reason=unstable_if action=reinterpret pc=0x0000000002f67134 method=java.util.BitSet.ensureCapacity(I)V @ 6
Event: 0.418 Thread 0x0000000016eb6000 Uncommon trap: reason=null_check action=make_not_entrant pc=0x0000000003017928 method=com.android.dx.rop.type.Type.equals(Ljava/lang/Object;)Z @ 8
Event: 0.436 Thread 0x0000000016eb6000 Uncommon trap: reason=unstable_if action=reinterpret pc=0x000000000300a180 method=com.android.dx.rop.code.RegisterSpec.equals(ILcom/android/dx/rop/type/TypeBearer;Lcom/android/dx/rop/code/LocalItem;)Z @ 42
Event: 0.489 Thread 0x0000000016eb4800 Uncommon trap: reason=unstable_if action=reinterpret pc=0x0000000003035c5c method=com.android.dx.rop.cst.Constant.compareTo(Lcom/android/dx/rop/cst/Constant;)I @ 12

Internal exceptions (3 events):
Event: 0.035 Thread 0x00000000012fe800 Exception <a 'java/lang/NoSuchMethodError': Method sun.misc.Unsafe.defineClass(Ljava/lang/String;[BII)Ljava/lang/Class; name or signature does not match> (0x00000000eab0df30) thrown at [C:\re\workspace\8-2-build-windows-amd64-cygwin\jdk8u66\5298\hotspot\sr(ÀL,Ü-¢?
Event: 0.036 Thread 0x00000000012fe800 Exception <a 'java/lang/NoSuchMethodError': Method sun.misc.Unsafe.prefetchRead(Ljava/lang/Object;J)V name or signature does not match> (0x00000000eab0e218) thrown at [C:\re\workspace\8-2-build-windows-amd64-cygwin\jdk8u66\5298\hotspot\src\share\vm\prims\jçN`=r»⁄?
Event: 0.418 Thread 0x0000000016eb6000 Implicit null exception at 0x0000000003017822 to 0x000000000301791a

Events (10 events):
Event: 0.419 Thread 0x0000000016eb6000 DEOPT PACKING pc=0x0000000003017928 sp=0x000000001773e820
Event: 0.419 Thread 0x0000000016eb6000 DEOPT UNPACKING pc=0x0000000002d7582a sp=0x000000001773e7b8 mode 2
Event: 0.436 Thread 0x0000000016eb6000 Uncommon trap: trap_request=0xffffff65 fr.pc=0x000000000300a180
Event: 0.436 Thread 0x0000000016eb6000 DEOPT PACKING pc=0x000000000300a180 sp=0x000000001773eb20
Event: 0.436 Thread 0x0000000016eb6000 DEOPT UNPACKING pc=0x0000000002d7582a sp=0x000000001773eaa8 mode 2
Event: 0.489 Thread 0x0000000016eb4800 Uncommon trap: trap_request=0xffffff65 fr.pc=0x0000000003035c5c
Event: 0.489 Thread 0x0000000016eb4800 DEOPT PACKING pc=0x0000000003035c5c sp=0x000000001763e920
Event: 0.489 Thread 0x0000000016eb4800 DEOPT UNPACKING pc=0x0000000002d7582a sp=0x000000001763e8c0 mode 2
Event: 0.495 Executing VM operation: ForceSafepoint
Event: 0.535 Executing VM operation: ForceSafepoint done


Dynamic libraries:
0x00007ff7808e0000 - 0x00007ff780917000 	C:\Program Files\Java\jdk1.8.0_66\bin\java.exe
0x00007ff988720000 - 0x00007ff9888e2000 	C:\Windows\SYSTEM32\ntdll.dll
0x00007ff986200000 - 0x00007ff9862ad000 	C:\Windows\system32\KERNEL32.DLL
0x00007ff985580000 - 0x00007ff98575d000 	C:\Windows\system32\KERNELBASE.dll
0x00007ff988000000 - 0x00007ff9880a6000 	C:\Windows\system32\ADVAPI32.dll
0x00007ff9863b0000 - 0x00007ff98644d000 	C:\Windows\system32\msvcrt.dll
0x00007ff9885d0000 - 0x00007ff98862b000 	C:\Windows\system32\sechost.dll
0x00007ff986460000 - 0x00007ff986586000 	C:\Windows\system32\RPCRT4.dll
0x00007ff9880b0000 - 0x00007ff9881fe000 	C:\Windows\system32\USER32.dll
0x00007ff985df0000 - 0x00007ff985f75000 	C:\Windows\system32\GDI32.dll
0x00007ff97d660000 - 0x00007ff97d8d4000 	C:\Windows\WinSxS\amd64_microsoft.windows.common-controls_6595b64144ccf1df_6.0.10240.16384_none_f41f7b285750ef43\COMCTL32.dll
0x00007ff9886e0000 - 0x00007ff988716000 	C:\Windows\system32\IMM32.DLL
0x00007ff986590000 - 0x00007ff9866ec000 	C:\Windows\system32\MSCTF.dll
0x0000000063880000 - 0x0000000063952000 	C:\Program Files\Java\jdk1.8.0_66\jre\bin\msvcr100.dll
0x0000000062ff0000 - 0x0000000063879000 	C:\Program Files\Java\jdk1.8.0_66\jre\bin\server\jvm.dll
0x00007ff986450000 - 0x00007ff986458000 	C:\Windows\system32\PSAPI.DLL
0x00007ff978c60000 - 0x00007ff978c69000 	C:\Windows\SYSTEM32\WSOCK32.dll
0x00007ff988490000 - 0x00007ff9884f9000 	C:\Windows\system32\WS2_32.dll
0x00007ff988330000 - 0x00007ff988338000 	C:\Windows\system32\NSI.dll
0x00007ff983300000 - 0x00007ff983323000 	C:\Windows\SYSTEM32\WINMM.dll
0x00007ff9805d0000 - 0x00007ff9805da000 	C:\Windows\SYSTEM32\VERSION.dll
0x00007ff9832d0000 - 0x00007ff9832fc000 	C:\Windows\SYSTEM32\WINMMBASE.dll
0x00007ff985360000 - 0x00007ff9853a4000 	C:\Windows\system32\cfgmgr32.dll
0x00007ff983ac0000 - 0x00007ff983ae7000 	C:\Windows\SYSTEM32\DEVOBJ.dll
0x0000000062fe0000 - 0x0000000062fef000 	C:\Program Files\Java\jdk1.8.0_66\jre\bin\verify.dll
0x0000000062fb0000 - 0x0000000062fd9000 	C:\Program Files\Java\jdk1.8.0_66\jre\bin\java.dll
0x0000000062f90000 - 0x0000000062fa6000 	C:\Program Files\Java\jdk1.8.0_66\jre\bin\zip.dll
0x00007ff9868c0000 - 0x00007ff987de3000 	C:\Windows\system32\SHELL32.dll
0x00007ff9857c0000 - 0x00007ff985de9000 	C:\Windows\system32\windows.storage.dll
0x00007ff985f80000 - 0x00007ff9861fc000 	C:\Windows\system32\combase.dll
0x00007ff987fa0000 - 0x00007ff987ff1000 	C:\Windows\system32\shlwapi.dll
0x00007ff9851e0000 - 0x00007ff9851ef000 	C:\Windows\system32\kernel.appcore.dll
0x00007ff9852a0000 - 0x00007ff985353000 	C:\Windows\system32\shcore.dll
0x00007ff985170000 - 0x00007ff9851ba000 	C:\Windows\system32\powrprof.dll
0x00007ff985150000 - 0x00007ff985163000 	C:\Windows\system32\profapi.dll

VM Arguments:
jvm_args: -Djava.awt.headless=true -Xmx1024M -Dfile.encoding=windows-1252 -Duser.country=US -Duser.language=en -Duser.variant 
java_command: com.android.dx.command.Main --dex --force-jumbo --num-threads=4 --multi-dex --output E:\AndroidProjects\Fazt\app\build\intermediates\transforms\dex\debug\folders\1000\10\com.android.support-recyclerview-v7-23.4.0_4f3ec62705b7394da3b0d55940dd91bd101c55c6 E:\AndroidProjects\Fazt\app\build\intermediates\exploded-aar\com.android.support\recyclerview-v7\23.4.0\jars\classes.jar
java_class_path (initial): E:\Android SDK\Android SDK\sdk\build-tools\23.0.3\lib\dx.jar
Launcher Type: SUN_STANDARD

Environment Variables:
PATH=E:\OracleSQL\DB\app\oracle\product\11.2.0\server\bin;;C:\Program Files (x86)\Intel\iCLS Client\;C:\Program Files\Intel\iCLS Client\;C:\Windows\system32;C:\Windows;C:\Windows\System32\Wbem;C:\Windows\System32\WindowsPowerShell\v1.0\;C:\Program Files\Intel\Intel(R) Management Engine Components\DAL;C:\Program Files (x86)\Intel\Intel(R) Management Engine Components\DAL;C:\Program Files\Intel\Intel(R) Management Engine Components\IPT;C:\Program Files (x86)\Intel\Intel(R) Management Engine Components\IPT;C:\Program Files (x86)\Windows Kits\8.1\Windows Performance Toolkit\;C:\Program Files\Microsoft SQL Server\110\Tools\Binn\;C:\Program Files (x86)\Microsoft SDKs\TypeScript\1.0\;C:\Program Files\Microsoft SQL Server\120\Tools\Binn\;E:\AMD\ATI.ACE\Core-Static;C:\Program Files (x86)\Common Files\lenovo\easyplussdk\bin;C:\Program Files (x86)\ATI Technologies\ATI.ACE\Core-Static;C:\Program Files\Java\jdk1.8.0_05\bin;C:\Program Files (x86)\Windows Kits\10\Windows Performance Toolkit\;E:\Node bin\;C:\Program Files\Microsoft SQL Server\110\DTS\Binn\;C:\Program Files (x86)\Microsoft SQL Server\110\Tools\Binn\;C:\Program Files (x86)\Microsoft SQL Server\110\Tools\Binn\ManagementStudio\;C:\Program Files (x86)\Microsoft Visual Studio 10.0\Common7\IDE\PrivateAssemblies\;C:\Program Files (x86)\Microsoft SQL Server\110\DTS\Binn\;C:\Program Files\Common Files\Autodesk Shared\;C:\Program Files (x86)\Autodesk\Backburner\;E:\Android SDK\Android SDK\android-tools;C:\Program Files\Java\jdk1.8.0_05\bin;E:\QT\5.5\msvc2013_64\bin;C:\Users\JEGAN'S BEAST\AppData\Roaming\npm;C:\Program Files (x86)\GnuWin32\bin;C:\Program Files\Java\jdk1.8.0_66\bin\javafxpackager.exe;C:\Users\JEGAN'S BEAST\AppData\Local\atom\bin;E:\SQLite DB;C:\Program Files\MongoDB\Server\3.2\bin;E:\NS;E:\Android SDK\Android SDK\android-tools;
USERNAME=JEGAN'S BEAST
OS=Windows_NT
PROCESSOR_IDENTIFIER=Intel64 Family 6 Model 60 Stepping 3, GenuineIntel



---------------  S Y S T E M  ---------------

OS: Windows 10.0 , 64 bit Build 10240 (10.0.10240.16384)

CPU:total 4 (4 cores per cpu, 1 threads per core) family 6 model 60 stepping 3, cmov, cx8, fxsr, mmx, sse, sse2, sse3, ssse3, sse4.1, sse4.2, popcnt, avx, avx2, aes, clmul, erms, lzcnt, tsc, tscinvbit, bmi1, bmi2

Memory: 4k page, physical 8247320k(2076544k free), swap 11824784k(5608k free)

vm_info: Java HotSpot(TM) 64-Bit Server VM (25.66-b18) for windows-amd64 JRE (1.8.0_66-b18), built on Nov  9 2015 10:51:13 by "java_re" with MS VC++ 10.0 (VS2010)

time: Fri Jun 17 21:56:01 2016
elapsed time: 0 seconds (0d 0h 0m 0s)

