#
# There is insufficient memory for the Java Runtime Environment to continue.
# Native memory allocation (malloc) failed to allocate 1049296 bytes for Chunk::new
# Possible reasons:
#   The system is out of physical RAM or swap space
#   In 32 bit mode, the process size limit was hit
# Possible solutions:
#   Reduce memory load on the system
#   Increase physical memory or swap space
#   Check if swap backing store is full
#   Use 64 bit Java on a 64 bit OS
#   Decrease Java heap size (-Xmx/-Xms)
#   Decrease number of Java threads
#   Decrease Java thread stack sizes (-Xss)
#   Set larger code cache with -XX:ReservedCodeCacheSize=
# This output file may be truncated or incomplete.
#
#  Out of Memory Error (allocation.cpp:390), pid=9764, tid=9416
#
# JRE version: Java(TM) SE Runtime Environment (8.0_66-b18) (build 1.8.0_66-b18)
# Java VM: Java HotSpot(TM) 64-Bit Server VM (25.66-b18 mixed mode windows-amd64 compressed oops)
# Failed to write core dump. Minidumps are not enabled by default on client versions of Windows
#

---------------  T H R E A D  ---------------

Current thread (0x0000000014bc1000):  JavaThread "C2 CompilerThread1" daemon [_thread_in_native, id=9416, stack(0x0000000016300000,0x0000000016400000)]

Stack: [0x0000000016300000,0x0000000016400000]
[error occurred during error reporting (printing stack bounds), id 0xc0000005]

Native frames: (J=compiled Java code, j=interpreted, Vv=VM code, C=native code)


Current CompileTask:
C2:   1160 1365       4       com.android.dx.ssa.SsaRenamer$BlockRenamer::process (191 bytes)


---------------  P R O C E S S  ---------------

Java Threads: ( => current thread )
  0x000000001667c800 JavaThread "pool-2-thread-4" [_thread_blocked, id=10108, stack(0x0000000016f00000,0x0000000017000000)]
  0x0000000016677800 JavaThread "pool-2-thread-3" [_thread_blocked, id=2704, stack(0x0000000016e00000,0x0000000016f00000)]
  0x0000000016677000 JavaThread "pool-2-thread-2" [_thread_blocked, id=9280, stack(0x0000000016d00000,0x0000000016e00000)]
  0x0000000016674800 JavaThread "pool-3-thread-1" [_thread_in_vm, id=1568, stack(0x0000000016c00000,0x0000000016d00000)]
  0x0000000016667800 JavaThread "pool-2-thread-1" [_thread_blocked, id=212, stack(0x0000000016b00000,0x0000000016c00000)]
  0x000000001640e800 JavaThread "Service Thread" daemon [_thread_blocked, id=1616, stack(0x0000000016900000,0x0000000016a00000)]
  0x0000000016408800 JavaThread "C1 CompilerThread2" daemon [_thread_in_vm, id=8088, stack(0x0000000016800000,0x0000000016900000)]
=>0x0000000014bc1000 JavaThread "C2 CompilerThread1" daemon [_thread_in_native, id=9416, stack(0x0000000016300000,0x0000000016400000)]
  0x0000000014bbe000 JavaThread "C2 CompilerThread0" daemon [_thread_in_native, id=10180, stack(0x0000000016200000,0x0000000016300000)]
  0x0000000014bbc000 JavaThread "Attach Listener" daemon [_thread_blocked, id=9272, stack(0x0000000016100000,0x0000000016200000)]
  0x0000000014bba800 JavaThread "Signal Dispatcher" daemon [_thread_blocked, id=9276, stack(0x0000000016000000,0x0000000016100000)]
  0x00000000024e2800 JavaThread "Finalizer" daemon [_thread_blocked, id=7576, stack(0x0000000015e20000,0x0000000015f20000)]
  0x00000000024df800 JavaThread "Reference Handler" daemon [_thread_blocked, id=8112, stack(0x0000000015d20000,0x0000000015e20000)]
  0x00000000022be800 JavaThread "main" [_thread_blocked, id=10100, stack(0x00000000022c0000,0x00000000023c0000)]

Other Threads:
  0x0000000014b87000 VMThread [stack: 0x0000000015c20000,0x0000000015d20000] [id=3300]
  0x000000001641c000 WatcherThread [stack: 0x0000000016a00000,0x0000000016b00000] [id=6256]

VM state:not at safepoint (normal execution)

VM Mutex/Monitor currently owned by a thread: None

Heap:
 PSYoungGen      total 37888K, used 37082K [0x00000000eab00000, 0x00000000ed500000, 0x0000000100000000)
  eden space 32768K, 97% used [0x00000000eab00000,0x00000000eca399c8,0x00000000ecb00000)
  from space 5120K, 99% used [0x00000000ecb00000,0x00000000ecffd198,0x00000000ed000000)
  to   space 5120K, 0% used [0x00000000ed000000,0x00000000ed000000,0x00000000ed500000)
 ParOldGen       total 86016K, used 648K [0x00000000c0000000, 0x00000000c5400000, 0x00000000eab00000)
  object space 86016K, 0% used [0x00000000c0000000,0x00000000c00a23d8,0x00000000c5400000)
 Metaspace       used 6191K, capacity 7088K, committed 7296K, reserved 1056768K
  class space    used 601K, capacity 616K, committed 640K, reserved 1048576K

Card table byte_map: [0x00000000118b0000,0x0000000011ac0000] byte_map_base: 0x00000000112b0000

Marking Bits: (ParMarkBitMap*) 0x00000000637fa5b0
 Begin Bits: [0x0000000012020000, 0x0000000013020000)
 End Bits:   [0x0000000013020000, 0x0000000014020000)

Polling page: 0x0000000000a80000

CodeCache: size=245760Kb used=5952Kb max_used=5952Kb free=239807Kb
 bounds [0x00000000024f0000, 0x0000000002ad0000, 0x00000000114f0000]
 total_blobs=1749 nmethods=1480 adapters=182
 compilation: enabled

Compilation events (10 events):
Event: 1.156 Thread 0x0000000016408800 1487       3       com.android.dx.cf.iface.StdMethodList::set (7 bytes)
Event: 1.156 Thread 0x0000000016408800 nmethod 1487 0x0000000002abf4d0 code [0x0000000002abf6a0, 0x0000000002abfe88]
Event: 1.156 Thread 0x0000000016408800 1482   !   3       com.android.dx.rop.type.Type::putIntern (50 bytes)
Event: 1.157 Thread 0x0000000016408800 nmethod 1482 0x0000000002ac0450 code [0x0000000002ac0640, 0x0000000002ac1118]
Event: 1.157 Thread 0x0000000016408800 1480       3       com.android.dx.ssa.NormalSsaInsn::isMoveException (20 bytes)
Event: 1.157 Thread 0x0000000016408800 nmethod 1480 0x0000000002ac1650 code [0x0000000002ac17c0, 0x0000000002ac1ab0]
Event: 1.157 Thread 0x0000000016408800 1490       1       com.android.dx.ssa.MoveParamCombiner$1::visitPhiInsn (1 bytes)
Event: 1.157 Thread 0x0000000016408800 nmethod 1490 0x0000000002ac1b90 code [0x0000000002ac1ce0, 0x0000000002ac1df0]
Event: 1.157 Thread 0x0000000016408800 1491       3       com.android.dx.ssa.PhiInsn::mapSourceRegisters (78 bytes)
Event: 1.158 Thread 0x0000000016408800 nmethod 1491 0x0000000002ac1e50 code [0x0000000002ac2040, 0x0000000002ac29e8]

GC Heap History (2 events):
Event: 0.828 GC heap before
{Heap before GC invocations=1 (full 0):
 PSYoungGen      total 37888K, used 32768K [0x00000000eab00000, 0x00000000ed500000, 0x0000000100000000)
  eden space 32768K, 100% used [0x00000000eab00000,0x00000000ecb00000,0x00000000ecb00000)
  from space 5120K, 0% used [0x00000000ed000000,0x00000000ed000000,0x00000000ed500000)
  to   space 5120K, 0% used [0x00000000ecb00000,0x00000000ecb00000,0x00000000ed000000)
 ParOldGen       total 86016K, used 0K [0x00000000c0000000, 0x00000000c5400000, 0x00000000eab00000)
  object space 86016K, 0% used [0x00000000c0000000,0x00000000c0000000,0x00000000c5400000)
 Metaspace       used 5836K, capacity 6768K, committed 7040K, reserved 1056768K
  class space    used 595K, capacity 616K, committed 640K, reserved 1048576K
Event: 0.837 GC heap after
Heap after GC invocations=1 (full 0):
 PSYoungGen      total 37888K, used 5108K [0x00000000eab00000, 0x00000000ed500000, 0x0000000100000000)
  eden space 32768K, 0% used [0x00000000eab00000,0x00000000eab00000,0x00000000ecb00000)
  from space 5120K, 99% used [0x00000000ecb00000,0x00000000ecffd198,0x00000000ed000000)
  to   space 5120K, 0% used [0x00000000ed000000,0x00000000ed000000,0x00000000ed500000)
 ParOldGen       total 86016K, used 648K [0x00000000c0000000, 0x00000000c5400000, 0x00000000eab00000)
  object space 86016K, 0% used [0x00000000c0000000,0x00000000c00a23d8,0x00000000c5400000)
 Metaspace       used 5836K, capacity 6768K, committed 7040K, reserved 1056768K
  class space    used 595K, capacity 616K, committed 640K, reserved 1048576K
}

Deoptimization events (5 events):
Event: 0.321 Thread 0x00000000022be800 Uncommon trap: reason=unstable_if action=reinterpret pc=0x000000000263f054 method=java.lang.String.compareTo(Ljava/lang/String;)I @ 38
Event: 0.644 Thread 0x00000000022be800 Uncommon trap: reason=unstable_if action=reinterpret pc=0x000000000270c95c method=java.util.HashMap.getNode(ILjava/lang/Object;)Ljava/util/HashMap$Node; @ 129
Event: 0.649 Thread 0x00000000022be800 Uncommon trap: reason=class_check action=maybe_recompile pc=0x0000000002719670 method=com.android.dx.ssa.NormalSsaInsn.accept(Lcom/android/dx/ssa/SsaInsn$Visitor;)V @ 9
Event: 0.756 Thread 0x000000001667c800 Uncommon trap: reason=unstable_if action=reinterpret pc=0x000000000279e15c method=com.android.dx.rop.cst.Constant.compareTo(Lcom/android/dx/rop/cst/Constant;)I @ 12
Event: 0.999 Thread 0x0000000016677000 Uncommon trap: reason=unstable_if action=reinterpret pc=0x00000000029db83c method=com.android.dx.ssa.SCCP.simulateStmt(Lcom/android/dx/ssa/SsaInsn;)V @ 53

Internal exceptions (2 events):
Event: 0.044 Thread 0x00000000022be800 Exception <a 'java/lang/NoSuchMethodError': Method sun.misc.Unsafe.defineClass(Ljava/lang/String;[BII)Ljava/lang/Class; name or signature does not match> (0x00000000eab0df20) thrown at [C:\re\workspace\8-2-build-windows-amd64-cygwin\jdk8u66\5298\hotspot\sr™Ét¸‰Ÿ¦?
Event: 0.044 Thread 0x00000000022be800 Exception <a 'java/lang/NoSuchMethodError': Method sun.misc.Unsafe.prefetchRead(Ljava/lang/Object;J)V name or signature does not match> (0x00000000eab0e208) thrown at [C:\re\workspace\8-2-build-windows-amd64-cygwin\jdk8u66\5298\hotspot\src\share\vm\prims\j

Events (10 events):
Event: 0.970 loading class com/android/dx/cf/attrib/AttRuntimeInvisibleAnnotations done
Event: 0.970 loading class com/android/dx/cf/attrib/BaseAnnotations
Event: 0.970 loading class com/android/dx/cf/attrib/BaseAnnotations done
Event: 0.980 loading class com/android/dx/cf/code/SwitchList
Event: 0.980 loading class com/android/dx/cf/code/SwitchList done
Event: 0.983 Thread 0x0000000016677000 DEOPT PACKING pc=0x00000000027d9f6a sp=0x0000000016dfe720
Event: 0.983 Thread 0x0000000016677000 DEOPT UNPACKING pc=0x000000000253787f sp=0x0000000016dfe4e8 mode 0
Event: 0.999 Thread 0x0000000016677000 Uncommon trap: trap_request=0xffffff65 fr.pc=0x00000000029db83c
Event: 0.999 Thread 0x0000000016677000 DEOPT PACKING pc=0x00000000029db83c sp=0x0000000016dfe720
Event: 0.999 Thread 0x0000000016677000 DEOPT UNPACKING pc=0x000000000253582a sp=0x0000000016dfe708 mode 2


Dynamic libraries:
0x00007ff7808e0000 - 0x00007ff780917000 	C:\Program Files\Java\jdk1.8.0_66\bin\java.exe
0x00007ff988720000 - 0x00007ff9888e2000 	C:\Windows\SYSTEM32\ntdll.dll
0x00007ff986200000 - 0x00007ff9862ad000 	C:\Windows\system32\KERNEL32.DLL
0x00007ff985580000 - 0x00007ff98575d000 	C:\Windows\system32\KERNELBASE.dll
0x00007ff988000000 - 0x00007ff9880a6000 	C:\Windows\system32\ADVAPI32.dll
0x00007ff9863b0000 - 0x00007ff98644d000 	C:\Windows\system32\msvcrt.dll
0x00007ff9885d0000 - 0x00007ff98862b000 	C:\Windows\system32\sechost.dll
0x00007ff986460000 - 0x00007ff986586000 	C:\Windows\system32\RPCRT4.dll
0x00007ff9880b0000 - 0x00007ff9881fe000 	C:\Windows\system32\USER32.dll
0x00007ff985df0000 - 0x00007ff985f75000 	C:\Windows\system32\GDI32.dll
0x00007ff97d660000 - 0x00007ff97d8d4000 	C:\Windows\WinSxS\amd64_microsoft.windows.common-controls_6595b64144ccf1df_6.0.10240.16384_none_f41f7b285750ef43\COMCTL32.dll
0x00007ff9886e0000 - 0x00007ff988716000 	C:\Windows\system32\IMM32.DLL
0x00007ff986590000 - 0x00007ff9866ec000 	C:\Windows\system32\MSCTF.dll
0x0000000063880000 - 0x0000000063952000 	C:\Program Files\Java\jdk1.8.0_66\jre\bin\msvcr100.dll
0x0000000062ff0000 - 0x0000000063879000 	C:\Program Files\Java\jdk1.8.0_66\jre\bin\server\jvm.dll
0x00007ff986450000 - 0x00007ff986458000 	C:\Windows\system32\PSAPI.DLL
0x00007ff978c60000 - 0x00007ff978c69000 	C:\Windows\SYSTEM32\WSOCK32.dll
0x00007ff988490000 - 0x00007ff9884f9000 	C:\Windows\system32\WS2_32.dll
0x00007ff988330000 - 0x00007ff988338000 	C:\Windows\system32\NSI.dll
0x00007ff983300000 - 0x00007ff983323000 	C:\Windows\SYSTEM32\WINMM.dll
0x00007ff9805d0000 - 0x00007ff9805da000 	C:\Windows\SYSTEM32\VERSION.dll
0x00007ff9832d0000 - 0x00007ff9832fc000 	C:\Windows\SYSTEM32\WINMMBASE.dll
0x00007ff985360000 - 0x00007ff9853a4000 	C:\Windows\system32\cfgmgr32.dll
0x00007ff983ac0000 - 0x00007ff983ae7000 	C:\Windows\SYSTEM32\DEVOBJ.dll
0x0000000062fe0000 - 0x0000000062fef000 	C:\Program Files\Java\jdk1.8.0_66\jre\bin\verify.dll
0x0000000062fb0000 - 0x0000000062fd9000 	C:\Program Files\Java\jdk1.8.0_66\jre\bin\java.dll
0x0000000062f90000 - 0x0000000062fa6000 	C:\Program Files\Java\jdk1.8.0_66\jre\bin\zip.dll
0x00007ff9868c0000 - 0x00007ff987de3000 	C:\Windows\system32\SHELL32.dll
0x00007ff9857c0000 - 0x00007ff985de9000 	C:\Windows\system32\windows.storage.dll
0x00007ff985f80000 - 0x00007ff9861fc000 	C:\Windows\system32\combase.dll
0x00007ff987fa0000 - 0x00007ff987ff1000 	C:\Windows\system32\shlwapi.dll
0x00007ff9851e0000 - 0x00007ff9851ef000 	C:\Windows\system32\kernel.appcore.dll
0x00007ff9852a0000 - 0x00007ff985353000 	C:\Windows\system32\shcore.dll
0x00007ff985170000 - 0x00007ff9851ba000 	C:\Windows\system32\powrprof.dll
0x00007ff985150000 - 0x00007ff985163000 	C:\Windows\system32\profapi.dll

VM Arguments:
jvm_args: -Djava.awt.headless=true -Xmx1024M -Dfile.encoding=windows-1252 -Duser.country=US -Duser.language=en -Duser.variant 
java_command: com.android.dx.command.Main --dex --force-jumbo --num-threads=4 --multi-dex --output E:\AndroidProjects\Fazt\app\build\intermediates\transforms\dex\debug\folders\1000\10\internal_impl-23.4.0_dd4f81c1f6ac0abcf035296911ecebecc1e94a63 E:\AndroidProjects\Fazt\app\build\intermediates\exploded-aar\com.android.support\support-v4\23.4.0\jars\libs\internal_impl-23.4.0.jar
java_class_path (initial): E:\Android SDK\Android SDK\sdk\build-tools\23.0.3\lib\dx.jar
Launcher Type: SUN_STANDARD

Environment Variables:
PATH=E:\OracleSQL\DB\app\oracle\product\11.2.0\server\bin;;C:\Program Files (x86)\Intel\iCLS Client\;C:\Program Files\Intel\iCLS Client\;C:\Windows\system32;C:\Windows;C:\Windows\System32\Wbem;C:\Windows\System32\WindowsPowerShell\v1.0\;C:\Program Files\Intel\Intel(R) Management Engine Components\DAL;C:\Program Files (x86)\Intel\Intel(R) Management Engine Components\DAL;C:\Program Files\Intel\Intel(R) Management Engine Components\IPT;C:\Program Files (x86)\Intel\Intel(R) Management Engine Components\IPT;C:\Program Files (x86)\Windows Kits\8.1\Windows Performance Toolkit\;C:\Program Files\Microsoft SQL Server\110\Tools\Binn\;C:\Program Files (x86)\Microsoft SDKs\TypeScript\1.0\;C:\Program Files\Microsoft SQL Server\120\Tools\Binn\;E:\AMD\ATI.ACE\Core-Static;C:\Program Files (x86)\Common Files\lenovo\easyplussdk\bin;C:\Program Files (x86)\ATI Technologies\ATI.ACE\Core-Static;C:\Program Files\Java\jdk1.8.0_05\bin;C:\Program Files (x86)\Windows Kits\10\Windows Performance Toolkit\;E:\Node bin\;C:\Program Files\Microsoft SQL Server\110\DTS\Binn\;C:\Program Files (x86)\Microsoft SQL Server\110\Tools\Binn\;C:\Program Files (x86)\Microsoft SQL Server\110\Tools\Binn\ManagementStudio\;C:\Program Files (x86)\Microsoft Visual Studio 10.0\Common7\IDE\PrivateAssemblies\;C:\Program Files (x86)\Microsoft SQL Server\110\DTS\Binn\;C:\Program Files\Common Files\Autodesk Shared\;C:\Program Files (x86)\Autodesk\Backburner\;E:\Android SDK\Android SDK\android-tools;C:\Program Files\Java\jdk1.8.0_05\bin;E:\QT\5.5\msvc2013_64\bin;C:\Users\JEGAN'S BEAST\AppData\Roaming\npm;C:\Program Files (x86)\GnuWin32\bin;C:\Program Files\Java\jdk1.8.0_66\bin\javafxpackager.exe;C:\Users\JEGAN'S BEAST\AppData\Local\atom\bin;E:\SQLite DB;C:\Program Files\MongoDB\Server\3.2\bin;E:\NS;E:\Android SDK\Android SDK\android-tools;
USERNAME=JEGAN'S BEAST
OS=Windows_NT
PROCESSOR_IDENTIFIER=Intel64 Family 6 Model 60 Stepping 3, GenuineIntel



---------------  S Y S T E M  ---------------

OS: Windows 10.0 , 64 bit Build 10240 (10.0.10240.16384)

CPU:total 4 (4 cores per cpu, 1 threads per core) family 6 model 60 stepping 3, cmov, cx8, fxsr, mmx, sse, sse2, sse3, ssse3, sse4.1, sse4.2, popcnt, avx, avx2, aes, clmul, erms, lzcnt, tsc, tscinvbit, bmi1, bmi2

Memory: 4k page, physical 8247320k(2103696k free), swap 11824784k(6112k free)

vm_info: Java HotSpot(TM) 64-Bit Server VM (25.66-b18) for windows-amd64 JRE (1.8.0_66-b18), built on Nov  9 2015 10:51:13 by "java_re" with MS VC++ 10.0 (VS2010)

time: Fri Jun 17 21:53:54 2016
elapsed time: 1 seconds (0d 0h 0m 1s)

