#
# There is insufficient memory for the Java Runtime Environment to continue.
# Native memory allocation (malloc) failed to allocate 32744 bytes for ChunkPool::allocate
# Possible reasons:
#   The system is out of physical RAM or swap space
#   In 32 bit mode, the process size limit was hit
# Possible solutions:
#   Reduce memory load on the system
#   Increase physical memory or swap space
#   Check if swap backing store is full
#   Use 64 bit Java on a 64 bit OS
#   Decrease Java heap size (-Xmx/-Xms)
#   Decrease number of Java threads
#   Decrease Java thread stack sizes (-Xss)
#   Set larger code cache with -XX:ReservedCodeCacheSize=
# This output file may be truncated or incomplete.
#
#  Out of Memory Error (allocation.cpp:273), pid=9380, tid=7956
#
# JRE version: Java(TM) SE Runtime Environment (8.0_66-b18) (build 1.8.0_66-b18)
# Java VM: Java HotSpot(TM) 64-Bit Server VM (25.66-b18 mixed mode windows-amd64 compressed oops)
# Failed to write core dump. Minidumps are not enabled by default on client versions of Windows
#

---------------  T H R E A D  ---------------

Current thread (0x000000001481e000):  JavaThread "C2 CompilerThread0" daemon [_thread_in_native, id=7956, stack(0x0000000015e60000,0x0000000015f60000)]

Stack: [0x0000000015e60000,0x0000000015f60000]
[error occurred during error reporting (printing stack bounds), id 0xc0000005]

Native frames: (J=compiled Java code, j=interpreted, Vv=VM code, C=native code)


Current CompileTask:
C2:    662  659       4       java.util.BitSet::set (58 bytes)


---------------  P R O C E S S  ---------------

Java Threads: ( => current thread )
  0x000000001640d800 JavaThread "pool-2-thread-4" [_thread_new, id=7508, stack(0x0000000000000000,0x0000000000000000)]
  0x000000001640c800 JavaThread "pool-2-thread-3" [_thread_new, id=368, stack(0x0000000000000000,0x0000000000000000)]
  0x000000001640c000 JavaThread "pool-2-thread-2" [_thread_new, id=3856, stack(0x0000000000000000,0x0000000000000000)]
  0x0000000016409000 JavaThread "pool-3-thread-1" [_thread_blocked, id=9908, stack(0x0000000016860000,0x0000000016960000)]
  0x0000000016408800 JavaThread "pool-2-thread-1" [_thread_in_Java, id=8620, stack(0x0000000016760000,0x0000000016860000)]
  0x0000000016163800 JavaThread "Service Thread" daemon [_thread_blocked, id=4648, stack(0x0000000016560000,0x0000000016660000)]
  0x000000001487d000 JavaThread "C1 CompilerThread2" daemon [_thread_in_native, id=3236, stack(0x0000000016060000,0x0000000016160000)]
  0x0000000014821000 JavaThread "C2 CompilerThread1" daemon [_thread_in_native, id=5576, stack(0x0000000015f60000,0x0000000016060000)]
=>0x000000001481e000 JavaThread "C2 CompilerThread0" daemon [_thread_in_native, id=7956, stack(0x0000000015e60000,0x0000000015f60000)]
  0x000000001481c000 JavaThread "Attach Listener" daemon [_thread_blocked, id=8712, stack(0x0000000015d60000,0x0000000015e60000)]
  0x000000001481a800 JavaThread "Signal Dispatcher" daemon [_thread_blocked, id=9580, stack(0x0000000015c60000,0x0000000015d60000)]
  0x0000000002146800 JavaThread "Finalizer" daemon [_thread_blocked, id=7436, stack(0x0000000015a70000,0x0000000015b70000)]
  0x000000000213e000 JavaThread "Reference Handler" daemon [_thread_blocked, id=6008, stack(0x0000000015970000,0x0000000015a70000)]
  0x00000000006ee800 JavaThread "main" [_thread_in_Java, id=5908, stack(0x0000000001f50000,0x0000000002050000)]

Other Threads:
  0x00000000147e7800 VMThread [stack: 0x0000000015870000,0x0000000015970000] [id=7384]
  0x000000001616b800 WatcherThread [stack: 0x0000000016660000,0x0000000016760000] [id=8680]

VM state:not at safepoint (normal execution)

VM Mutex/Monitor currently owned by a thread: None

Heap:
 PSYoungGen      total 37888K, used 13849K [0x00000000eab00000, 0x00000000ed500000, 0x0000000100000000)
  eden space 32768K, 42% used [0x00000000eab00000,0x00000000eb886420,0x00000000ecb00000)
  from space 5120K, 0% used [0x00000000ed000000,0x00000000ed000000,0x00000000ed500000)
  to   space 5120K, 0% used [0x00000000ecb00000,0x00000000ecb00000,0x00000000ed000000)
 ParOldGen       total 86016K, used 0K [0x00000000c0000000, 0x00000000c5400000, 0x00000000eab00000)
  object space 86016K, 0% used [0x00000000c0000000,0x00000000c0000000,0x00000000c5400000)
 Metaspace       used 5564K, capacity 6576K, committed 6784K, reserved 1056768K
  class space    used 595K, capacity 616K, committed 640K, reserved 1048576K

Card table byte_map: [0x0000000011510000,0x0000000011720000] byte_map_base: 0x0000000010f10000

Marking Bits: (ParMarkBitMap*) 0x00000000637fa5b0
 Begin Bits: [0x0000000011c80000, 0x0000000012c80000)
 End Bits:   [0x0000000012c80000, 0x0000000013c80000)

Polling page: 0x00000000006c0000

CodeCache: size=245760Kb used=2488Kb max_used=2499Kb free=243272Kb
 bounds [0x0000000002150000, 0x00000000023d0000, 0x0000000011150000]
 total_blobs=907 nmethods=638 adapters=182
 compilation: enabled

Compilation events (10 events):
Event: 0.655 Thread 0x000000001487d000  637       3       com.android.dx.cf.iface.StdAttributeList::findFirst (44 bytes)
Event: 0.655 Thread 0x000000001487d000 nmethod 637 0x00000000023bea10 code [0x00000000023bebc0, 0x00000000023bf338]
Event: 0.655 Thread 0x000000001487d000  635       1       java.util.TreeMap::access$100 (5 bytes)
Event: 0.655 Thread 0x000000001487d000 nmethod 635 0x00000000023c0ad0 code [0x00000000023c0c20, 0x00000000023c0d10]
Event: 0.655 Thread 0x000000001481e000 nmethod 636 0x00000000023c2590 code [0x00000000023c26e0, 0x00000000023c27f8]
Event: 0.655 Thread 0x000000001487d000  638   !   3       com.android.dx.cf.code.BytecodeArray::parseInstruction (2764 bytes)
Event: 0.658 Thread 0x000000001481e000  656       4       java.lang.Long::bitCount (61 bytes)
Event: 0.659 Thread 0x000000001481e000 nmethod 656 0x0000000002362090 code [0x00000000023621c0, 0x0000000002362278]
Event: 0.660 Thread 0x0000000014821000  658       4       java.util.HashMap::get (23 bytes)
Event: 0.661 Thread 0x000000001481e000  659       4       java.util.BitSet::set (58 bytes)

GC Heap History (0 events):
No events

Deoptimization events (1 events):
Event: 0.642 Thread 0x00000000006ee800 Uncommon trap: reason=unstable_if action=reinterpret pc=0x0000000002376f4c method=java.util.HashMap.getNode(ILjava/lang/Object;)Ljava/util/HashMap$Node; @ 62

Internal exceptions (2 events):
Event: 0.026 Thread 0x00000000006ee800 Exception <a 'java/lang/NoSuchMethodError': Method sun.misc.Unsafe.defineClass(Ljava/lang/String;[BII)Ljava/lang/Class; name or signature does not match> (0x00000000eab0df08) thrown at [C:\re\workspace\8-2-build-windows-amd64-cygwin\jdk8u66\5298\hotspot\sr5	N~oš?
Event: 0.026 Thread 0x00000000006ee800 Exception <a 'java/lang/NoSuchMethodError': Method sun.misc.Unsafe.prefetchRead(Ljava/lang/Object;J)V name or signature does not match> (0x00000000eab0e1f0) thrown at [C:\re\workspace\8-2-build-windows-amd64-cygwin\jdk8u66\5298\hotspot\src\share\vm\prims\j

Events (10 events):
Event: 0.642 Thread 0x00000000006ee800 DEOPT PACKING pc=0x0000000002376f4c sp=0x000000000204e1b0
Event: 0.642 Thread 0x00000000006ee800 DEOPT UNPACKING pc=0x000000000219582a sp=0x000000000204e128 mode 2
Event: 0.649 loading class com/android/dx/dex/file/FieldAnnotationStruct
Event: 0.649 loading class com/android/dx/dex/file/FieldAnnotationStruct done
Event: 0.653 loading class com/android/dx/dex/file/ParameterAnnotationStruct
Event: 0.653 loading class com/android/dx/dex/file/ParameterAnnotationStruct done
Event: 0.653 loading class com/android/dx/dex/file/UniformListItem
Event: 0.653 loading class com/android/dx/dex/file/UniformListItem done
Event: 0.654 loading class com/android/dx/dex/file/AnnotationSetRefItem
Event: 0.654 loading class com/android/dx/dex/file/AnnotationSetRefItem done


Dynamic libraries:
0x00007ff7808e0000 - 0x00007ff780917000 	C:\Program Files\Java\jdk1.8.0_66\bin\java.exe
0x00007ff988720000 - 0x00007ff9888e2000 	C:\Windows\SYSTEM32\ntdll.dll
0x00007ff986200000 - 0x00007ff9862ad000 	C:\Windows\system32\KERNEL32.DLL
0x00007ff985580000 - 0x00007ff98575d000 	C:\Windows\system32\KERNELBASE.dll
0x00007ff988000000 - 0x00007ff9880a6000 	C:\Windows\system32\ADVAPI32.dll
0x00007ff9863b0000 - 0x00007ff98644d000 	C:\Windows\system32\msvcrt.dll
0x00007ff9885d0000 - 0x00007ff98862b000 	C:\Windows\system32\sechost.dll
0x00007ff986460000 - 0x00007ff986586000 	C:\Windows\system32\RPCRT4.dll
0x00007ff9880b0000 - 0x00007ff9881fe000 	C:\Windows\system32\USER32.dll
0x00007ff985df0000 - 0x00007ff985f75000 	C:\Windows\system32\GDI32.dll
0x00007ff97d660000 - 0x00007ff97d8d4000 	C:\Windows\WinSxS\amd64_microsoft.windows.common-controls_6595b64144ccf1df_6.0.10240.16384_none_f41f7b285750ef43\COMCTL32.dll
0x00007ff9886e0000 - 0x00007ff988716000 	C:\Windows\system32\IMM32.DLL
0x00007ff986590000 - 0x00007ff9866ec000 	C:\Windows\system32\MSCTF.dll
0x0000000063880000 - 0x0000000063952000 	C:\Program Files\Java\jdk1.8.0_66\jre\bin\msvcr100.dll
0x0000000062ff0000 - 0x0000000063879000 	C:\Program Files\Java\jdk1.8.0_66\jre\bin\server\jvm.dll
0x00007ff986450000 - 0x00007ff986458000 	C:\Windows\system32\PSAPI.DLL
0x00007ff978c60000 - 0x00007ff978c69000 	C:\Windows\SYSTEM32\WSOCK32.dll
0x00007ff988490000 - 0x00007ff9884f9000 	C:\Windows\system32\WS2_32.dll
0x00007ff988330000 - 0x00007ff988338000 	C:\Windows\system32\NSI.dll
0x00007ff983300000 - 0x00007ff983323000 	C:\Windows\SYSTEM32\WINMM.dll
0x00007ff9805d0000 - 0x00007ff9805da000 	C:\Windows\SYSTEM32\VERSION.dll
0x00007ff9832d0000 - 0x00007ff9832fc000 	C:\Windows\SYSTEM32\WINMMBASE.dll
0x00007ff985360000 - 0x00007ff9853a4000 	C:\Windows\system32\cfgmgr32.dll
0x00007ff983ac0000 - 0x00007ff983ae7000 	C:\Windows\SYSTEM32\DEVOBJ.dll
0x0000000062fe0000 - 0x0000000062fef000 	C:\Program Files\Java\jdk1.8.0_66\jre\bin\verify.dll
0x0000000062fb0000 - 0x0000000062fd9000 	C:\Program Files\Java\jdk1.8.0_66\jre\bin\java.dll
0x0000000062f90000 - 0x0000000062fa6000 	C:\Program Files\Java\jdk1.8.0_66\jre\bin\zip.dll
0x00007ff9868c0000 - 0x00007ff987de3000 	C:\Windows\system32\SHELL32.dll
0x00007ff9857c0000 - 0x00007ff985de9000 	C:\Windows\system32\windows.storage.dll
0x00007ff985f80000 - 0x00007ff9861fc000 	C:\Windows\system32\combase.dll
0x00007ff987fa0000 - 0x00007ff987ff1000 	C:\Windows\system32\shlwapi.dll
0x00007ff9851e0000 - 0x00007ff9851ef000 	C:\Windows\system32\kernel.appcore.dll
0x00007ff9852a0000 - 0x00007ff985353000 	C:\Windows\system32\shcore.dll
0x00007ff985170000 - 0x00007ff9851ba000 	C:\Windows\system32\powrprof.dll
0x00007ff985150000 - 0x00007ff985163000 	C:\Windows\system32\profapi.dll

VM Arguments:
jvm_args: -Djava.awt.headless=true -Xmx1024M -Dfile.encoding=windows-1252 -Duser.country=US -Duser.language=en -Duser.variant 
java_command: com.android.dx.command.Main --dex --force-jumbo --num-threads=4 --multi-dex --output E:\AndroidProjects\Fazt\app\build\intermediates\transforms\dex\debug\folders\1000\10\com.mikepenz-materialdrawer-5.3.0_6aefc96adbb9c6d4f89bfc1f3a872fca4df10955 E:\AndroidProjects\Fazt\app\build\intermediates\exploded-aar\com.mikepenz\materialdrawer\5.3.0\jars\classes.jar
java_class_path (initial): E:\Android SDK\Android SDK\sdk\build-tools\23.0.3\lib\dx.jar
Launcher Type: SUN_STANDARD

Environment Variables:
PATH=E:\OracleSQL\DB\app\oracle\product\11.2.0\server\bin;;C:\Program Files (x86)\Intel\iCLS Client\;C:\Program Files\Intel\iCLS Client\;C:\Windows\system32;C:\Windows;C:\Windows\System32\Wbem;C:\Windows\System32\WindowsPowerShell\v1.0\;C:\Program Files\Intel\Intel(R) Management Engine Components\DAL;C:\Program Files (x86)\Intel\Intel(R) Management Engine Components\DAL;C:\Program Files\Intel\Intel(R) Management Engine Components\IPT;C:\Program Files (x86)\Intel\Intel(R) Management Engine Components\IPT;C:\Program Files (x86)\Windows Kits\8.1\Windows Performance Toolkit\;C:\Program Files\Microsoft SQL Server\110\Tools\Binn\;C:\Program Files (x86)\Microsoft SDKs\TypeScript\1.0\;C:\Program Files\Microsoft SQL Server\120\Tools\Binn\;E:\AMD\ATI.ACE\Core-Static;C:\Program Files (x86)\Common Files\lenovo\easyplussdk\bin;C:\Program Files (x86)\ATI Technologies\ATI.ACE\Core-Static;C:\Program Files\Java\jdk1.8.0_05\bin;C:\Program Files (x86)\Windows Kits\10\Windows Performance Toolkit\;E:\Node bin\;C:\Program Files\Microsoft SQL Server\110\DTS\Binn\;C:\Program Files (x86)\Microsoft SQL Server\110\Tools\Binn\;C:\Program Files (x86)\Microsoft SQL Server\110\Tools\Binn\ManagementStudio\;C:\Program Files (x86)\Microsoft Visual Studio 10.0\Common7\IDE\PrivateAssemblies\;C:\Program Files (x86)\Microsoft SQL Server\110\DTS\Binn\;C:\Program Files\Common Files\Autodesk Shared\;C:\Program Files (x86)\Autodesk\Backburner\;E:\Android SDK\Android SDK\android-tools;C:\Program Files\Java\jdk1.8.0_05\bin;E:\QT\5.5\msvc2013_64\bin;C:\Users\JEGAN'S BEAST\AppData\Roaming\npm;C:\Program Files (x86)\GnuWin32\bin;C:\Program Files\Java\jdk1.8.0_66\bin\javafxpackager.exe;C:\Users\JEGAN'S BEAST\AppData\Local\atom\bin;E:\SQLite DB;C:\Program Files\MongoDB\Server\3.2\bin;E:\NS;E:\Android SDK\Android SDK\android-tools;
USERNAME=JEGAN'S BEAST
OS=Windows_NT
PROCESSOR_IDENTIFIER=Intel64 Family 6 Model 60 Stepping 3, GenuineIntel



---------------  S Y S T E M  ---------------

OS: Windows 10.0 , 64 bit Build 10240 (10.0.10240.16384)

CPU:total 4 (4 cores per cpu, 1 threads per core) family 6 model 60 stepping 3, cmov, cx8, fxsr, mmx, sse, sse2, sse3, ssse3, sse4.1, sse4.2, popcnt, avx, avx2, aes, clmul, erms, lzcnt, tsc, tscinvbit, bmi1, bmi2

Memory: 4k page, physical 8247320k(2120788k free), swap 11824784k(219756k free)

vm_info: Java HotSpot(TM) 64-Bit Server VM (25.66-b18) for windows-amd64 JRE (1.8.0_66-b18), built on Nov  9 2015 10:51:13 by "java_re" with MS VC++ 10.0 (VS2010)

time: Fri Jun 17 21:56:01 2016
elapsed time: 0 seconds (0d 0h 0m 0s)

