#
# There is insufficient memory for the Java Runtime Environment to continue.
# Native memory allocation (malloc) failed to allocate 1822368 bytes for Chunk::new
# Possible reasons:
#   The system is out of physical RAM or swap space
#   In 32 bit mode, the process size limit was hit
# Possible solutions:
#   Reduce memory load on the system
#   Increase physical memory or swap space
#   Check if swap backing store is full
#   Use 64 bit Java on a 64 bit OS
#   Decrease Java heap size (-Xmx/-Xms)
#   Decrease number of Java threads
#   Decrease Java thread stack sizes (-Xss)
#   Set larger code cache with -XX:ReservedCodeCacheSize=
# This output file may be truncated or incomplete.
#
#  Out of Memory Error (allocation.cpp:390), pid=5332, tid=7396
#
# JRE version: Java(TM) SE Runtime Environment (8.0_66-b18) (build 1.8.0_66-b18)
# Java VM: Java HotSpot(TM) 64-Bit Server VM (25.66-b18 mixed mode windows-amd64 compressed oops)
# Failed to write core dump. Minidumps are not enabled by default on client versions of Windows
#

---------------  T H R E A D  ---------------

Current thread (0x0000000015172000):  JavaThread "C2 CompilerThread1" daemon [_thread_in_native, id=7396, stack(0x00000000168b0000,0x00000000169b0000)]

Stack: [0x00000000168b0000,0x00000000169b0000]
[error occurred during error reporting (printing stack bounds), id 0xc0000005]

Native frames: (J=compiled Java code, j=interpreted, Vv=VM code, C=native code)


Current CompileTask:
C2:   1620 1931   !   4       com.android.dx.cf.cst.ConstantPoolParser::parse0 (731 bytes)


---------------  P R O C E S S  ---------------

Java Threads: ( => current thread )
  0x0000000016d85800 JavaThread "pool-2-thread-4" [_thread_blocked, id=5824, stack(0x0000000017cb0000,0x0000000017db0000)]
  0x0000000016d85000 JavaThread "pool-2-thread-3" [_thread_blocked, id=4560, stack(0x0000000017bb0000,0x0000000017cb0000)]
  0x0000000016d4a800 JavaThread "pool-2-thread-2" [_thread_blocked, id=3080, stack(0x0000000017ab0000,0x0000000017bb0000)]
  0x0000000016d46800 JavaThread "pool-3-thread-1" [_thread_blocked, id=8628, stack(0x00000000179b0000,0x0000000017ab0000)]
  0x0000000016d44000 JavaThread "pool-2-thread-1" [_thread_blocked, id=1896, stack(0x00000000178b0000,0x00000000179b0000)]
  0x0000000016ae9000 JavaThread "Service Thread" daemon [_thread_blocked, id=9400, stack(0x0000000016eb0000,0x0000000016fb0000)]
  0x00000000151c3000 JavaThread "C1 CompilerThread2" daemon [_thread_blocked, id=6296, stack(0x00000000169b0000,0x0000000016ab0000)]
=>0x0000000015172000 JavaThread "C2 CompilerThread1" daemon [_thread_in_native, id=7396, stack(0x00000000168b0000,0x00000000169b0000)]
  0x000000001516f000 JavaThread "C2 CompilerThread0" daemon [_thread_blocked, id=9264, stack(0x00000000167b0000,0x00000000168b0000)]
  0x000000001516d000 JavaThread "Attach Listener" daemon [_thread_blocked, id=6008, stack(0x00000000166b0000,0x00000000167b0000)]
  0x000000001516c000 JavaThread "Signal Dispatcher" daemon [_thread_blocked, id=5884, stack(0x00000000165b0000,0x00000000166b0000)]
  0x0000000002a91000 JavaThread "Finalizer" daemon [_thread_blocked, id=7384, stack(0x00000000163d0000,0x00000000164d0000)]
  0x0000000002a8e000 JavaThread "Reference Handler" daemon [_thread_blocked, id=9304, stack(0x00000000162d0000,0x00000000163d0000)]
  0x000000000275e800 JavaThread "main" [_thread_blocked, id=9876, stack(0x0000000002760000,0x0000000002860000)]

Other Threads:
  0x0000000015137800 VMThread [stack: 0x00000000161d0000,0x00000000162d0000] [id=9952]
  0x0000000016aec800 WatcherThread [stack: 0x0000000016fb0000,0x00000000170b0000] [id=9584]

VM state:at safepoint (normal execution)

VM Mutex/Monitor currently owned by a thread:  ([mutex/lock_event])
[0x000000000275d8e0] Threads_lock - owner thread: 0x0000000015137800
[0x000000000275d1e0] Heap_lock - owner thread: 0x0000000016d44000

Heap:
 PSYoungGen      total 70656K, used 70625K [0x00000000eab00000, 0x00000000ef500000, 0x0000000100000000)
  eden space 65536K, 100% used [0x00000000eab00000,0x00000000eeb00000,0x00000000eeb00000)
  from space 5120K, 99% used [0x00000000eeb00000,0x00000000eeff8730,0x00000000ef000000)
  to   space 5120K, 99% used [0x00000000ef000000,0x00000000ef4f85d8,0x00000000ef500000)
 ParOldGen       total 86016K, used 41720K [0x00000000c0000000, 0x00000000c5400000, 0x00000000eab00000)
  object space 86016K, 48% used [0x00000000c0000000,0x00000000c28be070,0x00000000c5400000)
 Metaspace       used 6537K, capacity 7256K, committed 7424K, reserved 1056768K
  class space    used 622K, capacity 656K, committed 768K, reserved 1048576K

Card table byte_map: [0x0000000011e60000,0x0000000012070000] byte_map_base: 0x0000000011860000

Marking Bits: (ParMarkBitMap*) 0x00000000637fa5b0
 Begin Bits: [0x00000000125d0000, 0x00000000135d0000)
 End Bits:   [0x00000000135d0000, 0x00000000145d0000)

Polling page: 0x0000000000d90000

CodeCache: size=245760Kb used=7840Kb max_used=7840Kb free=237919Kb
 bounds [0x0000000002aa0000, 0x0000000003250000, 0x0000000011aa0000]
 total_blobs=2265 nmethods=1995 adapters=182
 compilation: enabled

Compilation events (10 events):
Event: 1.565 Thread 0x00000000151c3000 2040 %     3       com.android.dx.ssa.SsaRenamer::<init> @ 65 (100 bytes)
Event: 1.566 Thread 0x00000000151c3000 nmethod 2040% 0x000000000324a790 code [0x000000000324a980, 0x000000000324b528]
Event: 1.575 Thread 0x00000000151c3000 2041       2       com.android.dx.ssa.ConstCollector$1::compare (13 bytes)
Event: 1.575 Thread 0x00000000151c3000 nmethod 2041 0x000000000324ba50 code [0x000000000324bbc0, 0x000000000324bd88]
Event: 1.575 Thread 0x00000000151c3000 2042       2       com.android.dx.ssa.ConstCollector$1::compare (42 bytes)
Event: 1.575 Thread 0x00000000151c3000 nmethod 2042 0x000000000324be50 code [0x000000000324c000, 0x000000000324c398]
Event: 1.584 Thread 0x00000000151c3000 2043       2       com.android.dx.ssa.back.FirstFitLocalCombiningAllocator::findRangeAndAdjust (311 bytes)
Event: 1.585 Thread 0x00000000151c3000 nmethod 2043 0x000000000324c710 code [0x000000000324c980, 0x000000000324d438]
Event: 1.587 Thread 0x00000000151c3000 2044       2       com.android.dx.dex.file.AnnotationUtils::makeCstArray (57 bytes)
Event: 1.587 Thread 0x00000000151c3000 nmethod 2044 0x000000000324e250 code [0x000000000324e440, 0x000000000324eb58]

GC Heap History (10 events):
Event: 0.421 GC heap after
Heap after GC invocations=1 (full 0):
 PSYoungGen      total 37888K, used 5110K [0x00000000eab00000, 0x00000000ef500000, 0x0000000100000000)
  eden space 32768K, 0% used [0x00000000eab00000,0x00000000eab00000,0x00000000ecb00000)
  from space 5120K, 99% used [0x00000000ecb00000,0x00000000ecffd990,0x00000000ed000000)
  to   space 5120K, 0% used [0x00000000ef000000,0x00000000ef000000,0x00000000ef500000)
 ParOldGen       total 86016K, used 8K [0x00000000c0000000, 0x00000000c5400000, 0x00000000eab00000)
  object space 86016K, 0% used [0x00000000c0000000,0x00000000c0002000,0x00000000c5400000)
 Metaspace       used 5894K, capacity 6832K, committed 7040K, reserved 1056768K
  class space    used 599K, capacity 616K, committed 640K, reserved 1048576K
}
Event: 0.783 GC heap before
{Heap before GC invocations=2 (full 0):
 PSYoungGen      total 37888K, used 37878K [0x00000000eab00000, 0x00000000ef500000, 0x0000000100000000)
  eden space 32768K, 100% used [0x00000000eab00000,0x00000000ecb00000,0x00000000ecb00000)
  from space 5120K, 99% used [0x00000000ecb00000,0x00000000ecffd990,0x00000000ed000000)
  to   space 5120K, 0% used [0x00000000ef000000,0x00000000ef000000,0x00000000ef500000)
 ParOldGen       total 86016K, used 8K [0x00000000c0000000, 0x00000000c5400000, 0x00000000eab00000)
  object space 86016K, 0% used [0x00000000c0000000,0x00000000c0002000,0x00000000c5400000)
 Metaspace       used 6154K, capacity 7024K, committed 7296K, reserved 1056768K
  class space    used 601K, capacity 616K, committed 640K, reserved 1048576K
Event: 0.792 GC heap after
Heap after GC invocations=2 (full 0):
 PSYoungGen      total 70656K, used 5095K [0x00000000eab00000, 0x00000000ef500000, 0x0000000100000000)
  eden space 65536K, 0% used [0x00000000eab00000,0x00000000eab00000,0x00000000eeb00000)
  from space 5120K, 99% used [0x00000000ef000000,0x00000000ef4f9cf0,0x00000000ef500000)
  to   space 5120K, 0% used [0x00000000eeb00000,0x00000000eeb00000,0x00000000ef000000)
 ParOldGen       total 86016K, used 2536K [0x00000000c0000000, 0x00000000c5400000, 0x00000000eab00000)
  object space 86016K, 2% used [0x00000000c0000000,0x00000000c027a1b8,0x00000000c5400000)
 Metaspace       used 6154K, capacity 7024K, committed 7296K, reserved 1056768K
  class space    used 601K, capacity 616K, committed 640K, reserved 1048576K
}
Event: 1.012 GC heap before
{Heap before GC invocations=3 (full 0):
 PSYoungGen      total 70656K, used 70631K [0x00000000eab00000, 0x00000000ef500000, 0x0000000100000000)
  eden space 65536K, 100% used [0x00000000eab00000,0x00000000eeb00000,0x00000000eeb00000)
  from space 5120K, 99% used [0x00000000ef000000,0x00000000ef4f9cf0,0x00000000ef500000)
  to   space 5120K, 0% used [0x00000000eeb00000,0x00000000eeb00000,0x00000000ef000000)
 ParOldGen       total 86016K, used 2536K [0x00000000c0000000, 0x00000000c5400000, 0x00000000eab00000)
  object space 86016K, 2% used [0x00000000c0000000,0x00000000c027a1b8,0x00000000c5400000)
 Metaspace       used 6252K, capacity 7088K, committed 7296K, reserved 1056768K
  class space    used 602K, capacity 616K, committed 640K, reserved 1048576K
Event: 1.028 GC heap after
Heap after GC invocations=3 (full 0):
 PSYoungGen      total 70656K, used 5100K [0x00000000eab00000, 0x00000000ef500000, 0x0000000100000000)
  eden space 65536K, 0% used [0x00000000eab00000,0x00000000eab00000,0x00000000eeb00000)
  from space 5120K, 99% used [0x00000000eeb00000,0x00000000eeffb350,0x00000000ef000000)
  to   space 5120K, 0% used [0x00000000ef000000,0x00000000ef000000,0x00000000ef500000)
 ParOldGen       total 86016K, used 12619K [0x00000000c0000000, 0x00000000c5400000, 0x00000000eab00000)
  object space 86016K, 14% used [0x00000000c0000000,0x00000000c0c52d38,0x00000000c5400000)
 Metaspace       used 6252K, capacity 7088K, committed 7296K, reserved 1056768K
  class space    used 602K, capacity 616K, committed 640K, reserved 1048576K
}
Event: 1.207 GC heap before
{Heap before GC invocations=4 (full 0):
 PSYoungGen      total 70656K, used 70636K [0x00000000eab00000, 0x00000000ef500000, 0x0000000100000000)
  eden space 65536K, 100% used [0x00000000eab00000,0x00000000eeb00000,0x00000000eeb00000)
  from space 5120K, 99% used [0x00000000eeb00000,0x00000000eeffb350,0x00000000ef000000)
  to   space 5120K, 0% used [0x00000000ef000000,0x00000000ef000000,0x00000000ef500000)
 ParOldGen       total 86016K, used 12619K [0x00000000c0000000, 0x00000000c5400000, 0x00000000eab00000)
  object space 86016K, 14% used [0x00000000c0000000,0x00000000c0c52d38,0x00000000c5400000)
 Metaspace       used 6335K, capacity 7152K, committed 7296K, reserved 1056768K
  class space    used 602K, capacity 616K, committed 640K, reserved 1048576K
Event: 1.225 GC heap after
Heap after GC invocations=4 (full 0):
 PSYoungGen      total 70656K, used 5089K [0x00000000eab00000, 0x00000000ef500000, 0x0000000100000000)
  eden space 65536K, 0% used [0x00000000eab00000,0x00000000eab00000,0x00000000eeb00000)
  from space 5120K, 99% used [0x00000000ef000000,0x00000000ef4f85d8,0x00000000ef500000)
  to   space 5120K, 0% used [0x00000000eeb00000,0x00000000eeb00000,0x00000000ef000000)
 ParOldGen       total 86016K, used 22489K [0x00000000c0000000, 0x00000000c5400000, 0x00000000eab00000)
  object space 86016K, 26% used [0x00000000c0000000,0x00000000c15f65c0,0x00000000c5400000)
 Metaspace       used 6335K, capacity 7152K, committed 7296K, reserved 1056768K
  class space    used 602K, capacity 616K, committed 640K, reserved 1048576K
}
Event: 1.423 GC heap before
{Heap before GC invocations=5 (full 0):
 PSYoungGen      total 70656K, used 70625K [0x00000000eab00000, 0x00000000ef500000, 0x0000000100000000)
  eden space 65536K, 100% used [0x00000000eab00000,0x00000000eeb00000,0x00000000eeb00000)
  from space 5120K, 99% used [0x00000000ef000000,0x00000000ef4f85d8,0x00000000ef500000)
  to   space 5120K, 0% used [0x00000000eeb00000,0x00000000eeb00000,0x00000000ef000000)
 ParOldGen       total 86016K, used 22489K [0x00000000c0000000, 0x00000000c5400000, 0x00000000eab00000)
  object space 86016K, 26% used [0x00000000c0000000,0x00000000c15f65c0,0x00000000c5400000)
 Metaspace       used 6427K, capacity 7216K, committed 7296K, reserved 1056768K
  class space    used 602K, capacity 616K, committed 640K, reserved 1048576K
Event: 1.443 GC heap after
Heap after GC invocations=5 (full 0):
 PSYoungGen      total 70656K, used 5089K [0x00000000eab00000, 0x00000000ef500000, 0x0000000100000000)
  eden space 65536K, 0% used [0x00000000eab00000,0x00000000eab00000,0x00000000eeb00000)
  from space 5120K, 99% used [0x00000000eeb00000,0x00000000eeff8730,0x00000000ef000000)
  to   space 5120K, 0% used [0x00000000ef000000,0x00000000ef000000,0x00000000ef500000)
 ParOldGen       total 86016K, used 33357K [0x00000000c0000000, 0x00000000c5400000, 0x00000000eab00000)
  object space 86016K, 38% used [0x00000000c0000000,0x00000000c20934c8,0x00000000c5400000)
 Metaspace       used 6427K, capacity 7216K, committed 7296K, reserved 1056768K
  class space    used 602K, capacity 616K, committed 640K, reserved 1048576K
}
Event: 1.596 GC heap before
{Heap before GC invocations=6 (full 0):
 PSYoungGen      total 70656K, used 70625K [0x00000000eab00000, 0x00000000ef500000, 0x0000000100000000)
  eden space 65536K, 100% used [0x00000000eab00000,0x00000000eeb00000,0x00000000eeb00000)
  from space 5120K, 99% used [0x00000000eeb00000,0x00000000eeff8730,0x00000000ef000000)
  to   space 5120K, 0% used [0x00000000ef000000,0x00000000ef000000,0x00000000ef500000)
 ParOldGen       total 86016K, used 33357K [0x00000000c0000000, 0x00000000c5400000, 0x00000000eab00000)
  object space 86016K, 38% used [0x00000000c0000000,0x00000000c20934c8,0x00000000c5400000)
 Metaspace       used 6537K, capacity 7256K, committed 7424K, reserved 1056768K
  class space    used 622K, capacity 656K, committed 768K, reserved 1048576K

Deoptimization events (10 events):
Event: 1.055 Thread 0x0000000016d85800 Uncommon trap: reason=bimorphic action=maybe_recompile pc=0x00000000030ccd7c method=com.android.dx.cf.code.BytecodeArray.parseInstruction(ILcom/android/dx/cf/code/BytecodeArray$Visitor;)I @ 1501
Event: 1.055 Thread 0x0000000016d85800 Uncommon trap: reason=bimorphic action=maybe_recompile pc=0x00000000030ccd7c method=com.android.dx.cf.code.BytecodeArray.parseInstruction(ILcom/android/dx/cf/code/BytecodeArray$Visitor;)I @ 1501
Event: 1.176 Thread 0x0000000016d4a800 Uncommon trap: reason=unstable_if action=reinterpret pc=0x00000000030b8370 method=com.android.dx.ssa.SCCP.simulateBranch(Lcom/android/dx/ssa/SsaInsn;)V @ 64
Event: 1.177 Thread 0x0000000016d4a800 Uncommon trap: reason=class_check action=maybe_recompile pc=0x0000000002f24c40 method=java.util.HashMap.putVal(ILjava/lang/Object;Ljava/lang/Object;ZZ)Ljava/lang/Object; @ 203
Event: 1.358 Thread 0x0000000016d85000 Uncommon trap: reason=unstable_if action=reinterpret pc=0x0000000002fb1678 method=com.android.dx.rop.code.LocalItem.compareHandlesNulls(Lcom/android/dx/rop/cst/CstString;Lcom/android/dx/rop/cst/CstString;)I @ 14
Event: 1.507 Thread 0x0000000016d85800 Uncommon trap: reason=bimorphic action=maybe_recompile pc=0x0000000003164288 method=com.android.dx.cf.code.BytecodeArray.parseInstruction(ILcom/android/dx/cf/code/BytecodeArray$Visitor;)I @ 1161
Event: 1.507 Thread 0x0000000016d85800 Uncommon trap: reason=bimorphic action=maybe_recompile pc=0x0000000003164288 method=com.android.dx.cf.code.BytecodeArray.parseInstruction(ILcom/android/dx/cf/code/BytecodeArray$Visitor;)I @ 1161
Event: 1.511 Thread 0x0000000016d4a800 Uncommon trap: reason=unstable_if action=reinterpret pc=0x0000000002e25698 method=java.util.HashMap.putVal(ILjava/lang/Object;Ljava/lang/Object;ZZ)Ljava/lang/Object; @ 162
Event: 1.514 Thread 0x0000000016d4a800 Uncommon trap: reason=unstable_if action=reinterpret pc=0x000000000309f510 method=java.util.HashMap.getNode(ILjava/lang/Object;)Ljava/util/HashMap$Node; @ 84
Event: 1.540 Thread 0x0000000016d44000 Uncommon trap: reason=unstable_if action=reinterpret pc=0x0000000002f4f2cc method=com.android.dx.ssa.MoveParamCombiner$1.visitNonMoveInsn(Lcom/android/dx/ssa/NormalSsaInsn;)V @ 27

Internal exceptions (8 events):
Event: 0.046 Thread 0x000000000275e800 Exception <a 'java/lang/NoSuchMethodError': Method sun.misc.Unsafe.defineClass(Ljava/lang/String;[BII)Ljava/lang/Class; name or signature does not match> (0x00000000eab0df18) thrown at [C:\re\workspace\8-2-build-windows-amd64-cygwin\jdk8u66\5298\hotspot\sr)Ž(7Â§?
Event: 0.046 Thread 0x000000000275e800 Exception <a 'java/lang/NoSuchMethodError': Method sun.misc.Unsafe.prefetchRead(Ljava/lang/Object;J)V name or signature does not match> (0x00000000eab0e200) thrown at [C:\re\workspace\8-2-build-windows-amd64-cygwin\jdk8u66\5298\hotspot\src\share\vm\prims\j)Œ#1=æ?
Event: 0.690 Thread 0x000000000275e800 Implicit null exception at 0x0000000002ddee77 to 0x0000000002de072d
Event: 0.719 Thread 0x0000000016d4a800 Implicit null exception at 0x0000000002e2f9a2 to 0x0000000002e2faa9
Event: 1.358 Thread 0x0000000016d85000 Implicit null exception at 0x0000000002fafd68 to 0x0000000002fb1651
Event: 1.513 Thread 0x0000000016d4a800 Exception <a 'java/lang/ArrayIndexOutOfBoundsException': 18> (0x00000000ec47f380) thrown at [C:\re\workspace\8-2-build-windows-amd64-cygwin\jdk8u66\5298\hotspot\src\share\vm\interpreter\interpreterRuntime.cpp, line 366]
Event: 1.513 Thread 0x0000000016d4a800 Exception <a 'java/lang/ArrayIndexOutOfBoundsException': 145> (0x00000000ec480f00) thrown at [C:\re\workspace\8-2-build-windows-amd64-cygwin\jdk8u66\5298\hotspot\src\share\vm\interpreter\interpreterRuntime.cpp, line 366]
Event: 1.513 Thread 0x0000000016d4a800 Exception <a 'java/lang/ArrayIndexOutOfBoundsException'> (0x00000000ec4821e8) thrown at [C:\re\workspace\8-2-build-windows-amd64-cygwin\jdk8u66\5298\hotspot\src\share\vm\runtime\sharedRuntime.cpp, line 605]

Events (10 events):
Event: 1.513 loading class sun/reflect/generics/reflectiveObjects/TypeVariableImpl done
Event: 1.514 Thread 0x0000000016d4a800 Uncommon trap: trap_request=0xffffff65 fr.pc=0x000000000309f510
Event: 1.514 Thread 0x0000000016d4a800 DEOPT PACKING pc=0x000000000309f510 sp=0x0000000017bae630
Event: 1.514 Thread 0x0000000016d4a800 DEOPT UNPACKING pc=0x0000000002ae582a sp=0x0000000017bae5a8 mode 2
Event: 1.531 Thread 0x000000000275e800 DEOPT PACKING pc=0x0000000003123d52 sp=0x000000000285e0a0
Event: 1.531 Thread 0x000000000275e800 DEOPT UNPACKING pc=0x0000000002ae787f sp=0x000000000285ded0 mode 0
Event: 1.540 Thread 0x0000000016d44000 Uncommon trap: trap_request=0xffffff65 fr.pc=0x0000000002f4f2cc
Event: 1.540 Thread 0x0000000016d44000 DEOPT PACKING pc=0x0000000002f4f2cc sp=0x00000000179ae600
Event: 1.540 Thread 0x0000000016d44000 DEOPT UNPACKING pc=0x0000000002ae582a sp=0x00000000179ae558 mode 2
Event: 1.595 Executing VM operation: ParallelGCFailedAllocation


Dynamic libraries:
0x00007ff7808e0000 - 0x00007ff780917000 	C:\Program Files\Java\jdk1.8.0_66\bin\java.exe
0x00007ff988720000 - 0x00007ff9888e2000 	C:\Windows\SYSTEM32\ntdll.dll
0x00007ff986200000 - 0x00007ff9862ad000 	C:\Windows\system32\KERNEL32.DLL
0x00007ff985580000 - 0x00007ff98575d000 	C:\Windows\system32\KERNELBASE.dll
0x00007ff988000000 - 0x00007ff9880a6000 	C:\Windows\system32\ADVAPI32.dll
0x00007ff9863b0000 - 0x00007ff98644d000 	C:\Windows\system32\msvcrt.dll
0x00007ff9885d0000 - 0x00007ff98862b000 	C:\Windows\system32\sechost.dll
0x00007ff986460000 - 0x00007ff986586000 	C:\Windows\system32\RPCRT4.dll
0x00007ff9880b0000 - 0x00007ff9881fe000 	C:\Windows\system32\USER32.dll
0x00007ff985df0000 - 0x00007ff985f75000 	C:\Windows\system32\GDI32.dll
0x00007ff97d660000 - 0x00007ff97d8d4000 	C:\Windows\WinSxS\amd64_microsoft.windows.common-controls_6595b64144ccf1df_6.0.10240.16384_none_f41f7b285750ef43\COMCTL32.dll
0x00007ff9886e0000 - 0x00007ff988716000 	C:\Windows\system32\IMM32.DLL
0x00007ff986590000 - 0x00007ff9866ec000 	C:\Windows\system32\MSCTF.dll
0x0000000063880000 - 0x0000000063952000 	C:\Program Files\Java\jdk1.8.0_66\jre\bin\msvcr100.dll
0x0000000062ff0000 - 0x0000000063879000 	C:\Program Files\Java\jdk1.8.0_66\jre\bin\server\jvm.dll
0x00007ff986450000 - 0x00007ff986458000 	C:\Windows\system32\PSAPI.DLL
0x00007ff978c60000 - 0x00007ff978c69000 	C:\Windows\SYSTEM32\WSOCK32.dll
0x00007ff988490000 - 0x00007ff9884f9000 	C:\Windows\system32\WS2_32.dll
0x00007ff988330000 - 0x00007ff988338000 	C:\Windows\system32\NSI.dll
0x00007ff983300000 - 0x00007ff983323000 	C:\Windows\SYSTEM32\WINMM.dll
0x00007ff9805d0000 - 0x00007ff9805da000 	C:\Windows\SYSTEM32\VERSION.dll
0x00007ff9832d0000 - 0x00007ff9832fc000 	C:\Windows\SYSTEM32\WINMMBASE.dll
0x00007ff985360000 - 0x00007ff9853a4000 	C:\Windows\system32\cfgmgr32.dll
0x00007ff983ac0000 - 0x00007ff983ae7000 	C:\Windows\SYSTEM32\DEVOBJ.dll
0x0000000062fe0000 - 0x0000000062fef000 	C:\Program Files\Java\jdk1.8.0_66\jre\bin\verify.dll
0x0000000062fb0000 - 0x0000000062fd9000 	C:\Program Files\Java\jdk1.8.0_66\jre\bin\java.dll
0x0000000062f90000 - 0x0000000062fa6000 	C:\Program Files\Java\jdk1.8.0_66\jre\bin\zip.dll
0x00007ff9868c0000 - 0x00007ff987de3000 	C:\Windows\system32\SHELL32.dll
0x00007ff9857c0000 - 0x00007ff985de9000 	C:\Windows\system32\windows.storage.dll
0x00007ff985f80000 - 0x00007ff9861fc000 	C:\Windows\system32\combase.dll
0x00007ff987fa0000 - 0x00007ff987ff1000 	C:\Windows\system32\shlwapi.dll
0x00007ff9851e0000 - 0x00007ff9851ef000 	C:\Windows\system32\kernel.appcore.dll
0x00007ff9852a0000 - 0x00007ff985353000 	C:\Windows\system32\shcore.dll
0x00007ff985170000 - 0x00007ff9851ba000 	C:\Windows\system32\powrprof.dll
0x00007ff985150000 - 0x00007ff985163000 	C:\Windows\system32\profapi.dll

VM Arguments:
jvm_args: -Djava.awt.headless=true -Xmx1024M -Dfile.encoding=windows-1252 -Duser.country=US -Duser.language=en -Duser.variant 
java_command: com.android.dx.command.Main --dex --force-jumbo --num-threads=4 --multi-dex --output E:\AndroidProjects\Fazt\app\build\intermediates\transforms\dex\debug\folders\1000\10\com.android.support-support-v4-23.4.0_8aea1ba72b1b3cce05fed1f539f5a62248209e22 E:\AndroidProjects\Fazt\app\build\intermediates\exploded-aar\com.android.support\support-v4\23.4.0\jars\classes.jar
java_class_path (initial): E:\Android SDK\Android SDK\sdk\build-tools\23.0.3\lib\dx.jar
Launcher Type: SUN_STANDARD

Environment Variables:
PATH=E:\OracleSQL\DB\app\oracle\product\11.2.0\server\bin;;C:\Program Files (x86)\Intel\iCLS Client\;C:\Program Files\Intel\iCLS Client\;C:\Windows\system32;C:\Windows;C:\Windows\System32\Wbem;C:\Windows\System32\WindowsPowerShell\v1.0\;C:\Program Files\Intel\Intel(R) Management Engine Components\DAL;C:\Program Files (x86)\Intel\Intel(R) Management Engine Components\DAL;C:\Program Files\Intel\Intel(R) Management Engine Components\IPT;C:\Program Files (x86)\Intel\Intel(R) Management Engine Components\IPT;C:\Program Files (x86)\Windows Kits\8.1\Windows Performance Toolkit\;C:\Program Files\Microsoft SQL Server\110\Tools\Binn\;C:\Program Files (x86)\Microsoft SDKs\TypeScript\1.0\;C:\Program Files\Microsoft SQL Server\120\Tools\Binn\;E:\AMD\ATI.ACE\Core-Static;C:\Program Files (x86)\Common Files\lenovo\easyplussdk\bin;C:\Program Files (x86)\ATI Technologies\ATI.ACE\Core-Static;C:\Program Files\Java\jdk1.8.0_05\bin;C:\Program Files (x86)\Windows Kits\10\Windows Performance Toolkit\;E:\Node bin\;C:\Program Files\Microsoft SQL Server\110\DTS\Binn\;C:\Program Files (x86)\Microsoft SQL Server\110\Tools\Binn\;C:\Program Files (x86)\Microsoft SQL Server\110\Tools\Binn\ManagementStudio\;C:\Program Files (x86)\Microsoft Visual Studio 10.0\Common7\IDE\PrivateAssemblies\;C:\Program Files (x86)\Microsoft SQL Server\110\DTS\Binn\;C:\Program Files\Common Files\Autodesk Shared\;C:\Program Files (x86)\Autodesk\Backburner\;E:\Android SDK\Android SDK\android-tools;C:\Program Files\Java\jdk1.8.0_05\bin;E:\QT\5.5\msvc2013_64\bin;C:\Users\JEGAN'S BEAST\AppData\Roaming\npm;C:\Program Files (x86)\GnuWin32\bin;C:\Program Files\Java\jdk1.8.0_66\bin\javafxpackager.exe;C:\Users\JEGAN'S BEAST\AppData\Local\atom\bin;E:\SQLite DB;C:\Program Files\MongoDB\Server\3.2\bin;E:\NS;E:\Android SDK\Android SDK\android-tools;
USERNAME=JEGAN'S BEAST
OS=Windows_NT
PROCESSOR_IDENTIFIER=Intel64 Family 6 Model 60 Stepping 3, GenuineIntel



---------------  S Y S T E M  ---------------

OS: Windows 10.0 , 64 bit Build 10240 (10.0.10240.16384)

CPU:total 4 (4 cores per cpu, 1 threads per core) family 6 model 60 stepping 3, cmov, cx8, fxsr, mmx, sse, sse2, sse3, ssse3, sse4.1, sse4.2, popcnt, avx, avx2, aes, clmul, erms, lzcnt, tsc, tscinvbit, bmi1, bmi2

Memory: 4k page, physical 8247320k(2078476k free), swap 11824784k(6824k free)

vm_info: Java HotSpot(TM) 64-Bit Server VM (25.66-b18) for windows-amd64 JRE (1.8.0_66-b18), built on Nov  9 2015 10:51:13 by "java_re" with MS VC++ 10.0 (VS2010)

time: Fri Jun 17 21:58:18 2016
elapsed time: 1 seconds (0d 0h 0m 1s)

