#
# There is insufficient memory for the Java Runtime Environment to continue.
# Native memory allocation (malloc) failed to allocate 620656 bytes for Chunk::new
# Possible reasons:
#   The system is out of physical RAM or swap space
#   In 32 bit mode, the process size limit was hit
# Possible solutions:
#   Reduce memory load on the system
#   Increase physical memory or swap space
#   Check if swap backing store is full
#   Use 64 bit Java on a 64 bit OS
#   Decrease Java heap size (-Xmx/-Xms)
#   Decrease number of Java threads
#   Decrease Java thread stack sizes (-Xss)
#   Set larger code cache with -XX:ReservedCodeCacheSize=
# This output file may be truncated or incomplete.
#
#  Out of Memory Error (allocation.cpp:390), pid=3044, tid=9896
#
# JRE version: Java(TM) SE Runtime Environment (8.0_66-b18) (build 1.8.0_66-b18)
# Java VM: Java HotSpot(TM) 64-Bit Server VM (25.66-b18 mixed mode windows-amd64 compressed oops)
# Failed to write core dump. Minidumps are not enabled by default on client versions of Windows
#

---------------  T H R E A D  ---------------

Current thread (0x0000000014fc1000):  JavaThread "C2 CompilerThread1" daemon [_thread_in_native, id=9896, stack(0x0000000016710000,0x0000000016810000)]

Stack: [0x0000000016710000,0x0000000016810000]
[error occurred during error reporting (printing stack bounds), id 0xc0000005]

Native frames: (J=compiled Java code, j=interpreted, Vv=VM code, C=native code)


Current CompileTask:
C2:    552 1002       4       com.android.dx.ssa.SCCP::simulateStmt (481 bytes)


---------------  P R O C E S S  ---------------

Java Threads: ( => current thread )
  0x0000000016b81000 JavaThread "pool-2-thread-4" [_thread_in_Java, id=4968, stack(0x0000000017310000,0x0000000017410000)]
  0x0000000016b7f800 JavaThread "pool-2-thread-3" [_thread_in_Java, id=3824, stack(0x0000000017210000,0x0000000017310000)]
  0x0000000016a79000 JavaThread "pool-2-thread-2" [_thread_in_Java, id=9736, stack(0x0000000017110000,0x0000000017210000)]
  0x0000000016a72000 JavaThread "pool-3-thread-1" [_thread_blocked, id=9904, stack(0x0000000017010000,0x0000000017110000)]
  0x0000000016a71800 JavaThread "pool-2-thread-1" [_thread_in_vm, id=9632, stack(0x0000000016f10000,0x0000000017010000)]
  0x000000001692f000 JavaThread "Service Thread" daemon [_thread_blocked, id=8492, stack(0x0000000016d10000,0x0000000016e10000)]
  0x000000001501d000 JavaThread "C1 CompilerThread2" daemon [_thread_blocked, id=4048, stack(0x0000000016810000,0x0000000016910000)]
=>0x0000000014fc1000 JavaThread "C2 CompilerThread1" daemon [_thread_in_native, id=9896, stack(0x0000000016710000,0x0000000016810000)]
  0x0000000014fbd800 JavaThread "C2 CompilerThread0" daemon [_thread_in_native, id=10220, stack(0x0000000016610000,0x0000000016710000)]
  0x0000000014fbc000 JavaThread "Attach Listener" daemon [_thread_blocked, id=6860, stack(0x0000000016510000,0x0000000016610000)]
  0x0000000014fba800 JavaThread "Signal Dispatcher" daemon [_thread_blocked, id=7704, stack(0x0000000016410000,0x0000000016510000)]
  0x00000000028e1000 JavaThread "Finalizer" daemon [_thread_blocked, id=9436, stack(0x0000000016230000,0x0000000016330000)]
  0x00000000028de000 JavaThread "Reference Handler" daemon [_thread_blocked, id=10104, stack(0x0000000016130000,0x0000000016230000)]
  0x00000000027ee800 JavaThread "main" [_thread_blocked, id=3912, stack(0x0000000002640000,0x0000000002740000)]

Other Threads:
  0x0000000014f87800 VMThread [stack: 0x0000000016030000,0x0000000016130000] [id=280]
  0x0000000016935000 WatcherThread [stack: 0x0000000016e10000,0x0000000016f10000] [id=8024]

VM state:synchronizing (normal execution)

VM Mutex/Monitor currently owned by a thread:  ([mutex/lock_event])
[0x00000000027ede60] Safepoint_lock - owner thread: 0x0000000014f87800
[0x00000000027ed1e0] Threads_lock - owner thread: 0x0000000014f87800
[0x00000000027f12d0] CompiledIC_lock - owner thread: 0x0000000016a71800

Heap:
 PSYoungGen      total 37888K, used 30184K [0x00000000eab00000, 0x00000000ed500000, 0x0000000100000000)
  eden space 32768K, 92% used [0x00000000eab00000,0x00000000ec87a1b0,0x00000000ecb00000)
  from space 5120K, 0% used [0x00000000ed000000,0x00000000ed000000,0x00000000ed500000)
  to   space 5120K, 0% used [0x00000000ecb00000,0x00000000ecb00000,0x00000000ed000000)
 ParOldGen       total 86016K, used 0K [0x00000000c0000000, 0x00000000c5400000, 0x00000000eab00000)
  object space 86016K, 0% used [0x00000000c0000000,0x00000000c0000000,0x00000000c5400000)
 Metaspace       used 5902K, capacity 6834K, committed 7040K, reserved 1056768K
  class space    used 603K, capacity 618K, committed 640K, reserved 1048576K

Card table byte_map: [0x0000000011cb0000,0x0000000011ec0000] byte_map_base: 0x00000000116b0000

Marking Bits: (ParMarkBitMap*) 0x00000000637fa5b0
 Begin Bits: [0x0000000012420000, 0x0000000013420000)
 End Bits:   [0x0000000013420000, 0x0000000014420000)

Polling page: 0x0000000002540000

CodeCache: size=245760Kb used=3973Kb max_used=3973Kb free=241786Kb
 bounds [0x00000000028f0000, 0x0000000002ce0000, 0x00000000118f0000]
 total_blobs=1304 nmethods=1035 adapters=182
 compilation: enabled

Compilation events (10 events):
Event: 0.548 Thread 0x000000001501d000 1036       3       com.android.dx.ssa.back.InterferenceGraph::mergeInterferenceSet (29 bytes)
Event: 0.548 Thread 0x000000001501d000 nmethod 1036 0x0000000002ccd810 code [0x0000000002ccd9e0, 0x0000000002ccdf88]
Event: 0.548 Thread 0x000000001501d000 1037       3       com.android.dx.util.BitIntSet::merge (148 bytes)
Event: 0.548 Thread 0x000000001501d000 nmethod 1037 0x0000000002cd1e10 code [0x0000000002cd20c0, 0x0000000002cd3288]
Event: 0.548 Thread 0x000000001501d000 1038       3       com.android.dx.ssa.back.FirstFitLocalCombiningAllocator::addMapping (76 bytes)
Event: 0.549 Thread 0x000000001501d000 nmethod 1038 0x0000000002cd3c10 code [0x0000000002cd3ea0, 0x0000000002cd4f78]
Event: 0.549 Thread 0x000000001501d000 1039       3       com.android.dx.ssa.back.FirstFitLocalCombiningAllocator$Multiset::add (68 bytes)
Event: 0.549 Thread 0x000000001501d000 nmethod 1039 0x0000000002cc9ed0 code [0x0000000002cca060, 0x0000000002cca350]
Event: 0.550 Thread 0x000000001501d000 1040       3       com.android.dx.ssa.back.FirstFitLocalCombiningAllocator$Alignment$3::nextClearBit (6 bytes)
Event: 0.550 Thread 0x000000001501d000 nmethod 1040 0x0000000002ccd410 code [0x0000000002ccd580, 0x0000000002ccd728]

GC Heap History (0 events):
No events

Deoptimization events (3 events):
Event: 0.261 Thread 0x0000000016a79000 Uncommon trap: reason=unstable_if action=reinterpret pc=0x0000000002aeb420 method=java.util.HashMap.getNode(ILjava/lang/Object;)Ljava/util/HashMap$Node; @ 129
Event: 0.359 Thread 0x0000000016a71800 Uncommon trap: reason=unstable_if action=reinterpret pc=0x0000000002b84448 method=java.util.HashMap.getNode(ILjava/lang/Object;)Ljava/util/HashMap$Node; @ 129
Event: 0.423 Thread 0x0000000016b81000 Uncommon trap: reason=unstable_if action=reinterpret pc=0x0000000002bafabc method=com.android.dx.rop.code.RegisterSpec.equals(ILcom/android/dx/rop/type/TypeBearer;Lcom/android/dx/rop/code/LocalItem;)Z @ 42

Internal exceptions (2 events):
Event: 0.027 Thread 0x00000000027ee800 Exception <a 'java/lang/NoSuchMethodError': Method sun.misc.Unsafe.defineClass(Ljava/lang/String;[BII)Ljava/lang/Class; name or signature does not match> (0x00000000eab0df50) thrown at [C:\re\workspace\8-2-build-windows-amd64-cygwin\jdk8u66\5298\hotspot\sr.@™Â%L›?
Event: 0.027 Thread 0x00000000027ee800 Exception <a 'java/lang/NoSuchMethodError': Method sun.misc.Unsafe.prefetchRead(Ljava/lang/Object;J)V name or signature does not match> (0x00000000eab0e238) thrown at [C:\re\workspace\8-2-build-windows-amd64-cygwin\jdk8u66\5298\hotspot\src\share\vm\prims\j

Events (10 events):
Event: 0.377 loading class java/util/TreeMap$EntryIterator
Event: 0.377 loading class java/util/TreeMap$EntryIterator done
Event: 0.397 loading class java/util/HashMap$KeySet
Event: 0.397 loading class java/util/HashMap$KeySet done
Event: 0.397 loading class java/util/HashMap$KeyIterator
Event: 0.397 loading class java/util/HashMap$KeyIterator done
Event: 0.423 Thread 0x0000000016b81000 Uncommon trap: trap_request=0xffffff65 fr.pc=0x0000000002bafabc
Event: 0.423 Thread 0x0000000016b81000 DEOPT PACKING pc=0x0000000002bafabc sp=0x000000001740e790
Event: 0.423 Thread 0x0000000016b81000 DEOPT UNPACKING pc=0x000000000293582a sp=0x000000001740e718 mode 2
Event: 0.550 Executing VM operation: ForceSafepoint


Dynamic libraries:
0x00007ff7808e0000 - 0x00007ff780917000 	C:\Program Files\Java\jdk1.8.0_66\bin\java.exe
0x00007ff988720000 - 0x00007ff9888e2000 	C:\Windows\SYSTEM32\ntdll.dll
0x00007ff986200000 - 0x00007ff9862ad000 	C:\Windows\system32\KERNEL32.DLL
0x00007ff985580000 - 0x00007ff98575d000 	C:\Windows\system32\KERNELBASE.dll
0x00007ff988000000 - 0x00007ff9880a6000 	C:\Windows\system32\ADVAPI32.dll
0x00007ff9863b0000 - 0x00007ff98644d000 	C:\Windows\system32\msvcrt.dll
0x00007ff9885d0000 - 0x00007ff98862b000 	C:\Windows\system32\sechost.dll
0x00007ff986460000 - 0x00007ff986586000 	C:\Windows\system32\RPCRT4.dll
0x00007ff9880b0000 - 0x00007ff9881fe000 	C:\Windows\system32\USER32.dll
0x00007ff985df0000 - 0x00007ff985f75000 	C:\Windows\system32\GDI32.dll
0x00007ff97d660000 - 0x00007ff97d8d4000 	C:\Windows\WinSxS\amd64_microsoft.windows.common-controls_6595b64144ccf1df_6.0.10240.16384_none_f41f7b285750ef43\COMCTL32.dll
0x0000000063880000 - 0x0000000063952000 	C:\Program Files\Java\jdk1.8.0_66\jre\bin\msvcr100.dll
0x0000000062ff0000 - 0x0000000063879000 	C:\Program Files\Java\jdk1.8.0_66\jre\bin\server\jvm.dll
0x00007ff986450000 - 0x00007ff986458000 	C:\Windows\system32\PSAPI.DLL
0x00007ff978c60000 - 0x00007ff978c69000 	C:\Windows\SYSTEM32\WSOCK32.dll
0x00007ff988490000 - 0x00007ff9884f9000 	C:\Windows\system32\WS2_32.dll
0x00007ff988330000 - 0x00007ff988338000 	C:\Windows\system32\NSI.dll
0x00007ff983300000 - 0x00007ff983323000 	C:\Windows\SYSTEM32\WINMM.dll
0x00007ff9805d0000 - 0x00007ff9805da000 	C:\Windows\SYSTEM32\VERSION.dll
0x00007ff9832d0000 - 0x00007ff9832fc000 	C:\Windows\SYSTEM32\WINMMBASE.dll
0x00007ff985360000 - 0x00007ff9853a4000 	C:\Windows\system32\cfgmgr32.dll
0x00007ff983ac0000 - 0x00007ff983ae7000 	C:\Windows\SYSTEM32\DEVOBJ.dll
0x0000000062fe0000 - 0x0000000062fef000 	C:\Program Files\Java\jdk1.8.0_66\jre\bin\verify.dll
0x0000000062fb0000 - 0x0000000062fd9000 	C:\Program Files\Java\jdk1.8.0_66\jre\bin\java.dll
0x0000000062f90000 - 0x0000000062fa6000 	C:\Program Files\Java\jdk1.8.0_66\jre\bin\zip.dll
0x00007ff9868c0000 - 0x00007ff987de3000 	C:\Windows\system32\SHELL32.dll
0x00007ff9857c0000 - 0x00007ff985de9000 	C:\Windows\system32\windows.storage.dll
0x00007ff985f80000 - 0x00007ff9861fc000 	C:\Windows\system32\combase.dll
0x00007ff987fa0000 - 0x00007ff987ff1000 	C:\Windows\system32\shlwapi.dll
0x00007ff9851e0000 - 0x00007ff9851ef000 	C:\Windows\system32\kernel.appcore.dll
0x00007ff9852a0000 - 0x00007ff985353000 	C:\Windows\system32\shcore.dll
0x00007ff985170000 - 0x00007ff9851ba000 	C:\Windows\system32\powrprof.dll
0x00007ff985150000 - 0x00007ff985163000 	C:\Windows\system32\profapi.dll

VM Arguments:
jvm_args: -Djava.awt.headless=true -Xmx1024M -Dfile.encoding=windows-1252 -Duser.country=US -Duser.language=en -Duser.variant 
java_command: com.android.dx.command.Main --dex --force-jumbo --num-threads=4 --multi-dex --output E:\AndroidProjects\Fazt\app\build\intermediates\transforms\dex\debug\folders\1000\10\com.android.support-support-vector-drawable-23.4.0_e5e74f55485bae57af1bbfd2295aff993ca54d8c E:\AndroidProjects\Fazt\app\build\intermediates\exploded-aar\com.android.support\support-vector-drawable\23.4.0\jars\classes.jar
java_class_path (initial): E:\Android SDK\Android SDK\sdk\build-tools\23.0.3\lib\dx.jar
Launcher Type: SUN_STANDARD

Environment Variables:
PATH=E:\OracleSQL\DB\app\oracle\product\11.2.0\server\bin;;C:\Program Files (x86)\Intel\iCLS Client\;C:\Program Files\Intel\iCLS Client\;C:\Windows\system32;C:\Windows;C:\Windows\System32\Wbem;C:\Windows\System32\WindowsPowerShell\v1.0\;C:\Program Files\Intel\Intel(R) Management Engine Components\DAL;C:\Program Files (x86)\Intel\Intel(R) Management Engine Components\DAL;C:\Program Files\Intel\Intel(R) Management Engine Components\IPT;C:\Program Files (x86)\Intel\Intel(R) Management Engine Components\IPT;C:\Program Files (x86)\Windows Kits\8.1\Windows Performance Toolkit\;C:\Program Files\Microsoft SQL Server\110\Tools\Binn\;C:\Program Files (x86)\Microsoft SDKs\TypeScript\1.0\;C:\Program Files\Microsoft SQL Server\120\Tools\Binn\;E:\AMD\ATI.ACE\Core-Static;C:\Program Files (x86)\Common Files\lenovo\easyplussdk\bin;C:\Program Files (x86)\ATI Technologies\ATI.ACE\Core-Static;C:\Program Files\Java\jdk1.8.0_05\bin;C:\Program Files (x86)\Windows Kits\10\Windows Performance Toolkit\;E:\Node bin\;C:\Program Files\Microsoft SQL Server\110\DTS\Binn\;C:\Program Files (x86)\Microsoft SQL Server\110\Tools\Binn\;C:\Program Files (x86)\Microsoft SQL Server\110\Tools\Binn\ManagementStudio\;C:\Program Files (x86)\Microsoft Visual Studio 10.0\Common7\IDE\PrivateAssemblies\;C:\Program Files (x86)\Microsoft SQL Server\110\DTS\Binn\;C:\Program Files\Common Files\Autodesk Shared\;C:\Program Files (x86)\Autodesk\Backburner\;E:\Android SDK\Android SDK\android-tools;C:\Program Files\Java\jdk1.8.0_05\bin;E:\QT\5.5\msvc2013_64\bin;C:\Users\JEGAN'S BEAST\AppData\Roaming\npm;C:\Program Files (x86)\GnuWin32\bin;C:\Program Files\Java\jdk1.8.0_66\bin\javafxpackager.exe;C:\Users\JEGAN'S BEAST\AppData\Local\atom\bin;E:\SQLite DB;C:\Program Files\MongoDB\Server\3.2\bin;E:\NS;E:\Android SDK\Android SDK\android-tools;
USERNAME=JEGAN'S BEAST
OS=Windows_NT
PROCESSOR_IDENTIFIER=Intel64 Family 6 Model 60 Stepping 3, GenuineIntel



---------------  S Y S T E M  ---------------

OS: Windows 10.0 , 64 bit Build 10240 (10.0.10240.16384)

CPU:total 4 (4 cores per cpu, 1 threads per core) family 6 model 60 stepping 3, cmov, cx8, fxsr, mmx, sse, sse2, sse3, ssse3, sse4.1, sse4.2, popcnt, avx, avx2, aes, clmul, erms, lzcnt, tsc, tscinvbit, bmi1, bmi2

Memory: 4k page, physical 8247320k(2297800k free), swap 11824784k(5600k free)

vm_info: Java HotSpot(TM) 64-Bit Server VM (25.66-b18) for windows-amd64 JRE (1.8.0_66-b18), built on Nov  9 2015 10:51:13 by "java_re" with MS VC++ 10.0 (VS2010)

time: Fri Jun 17 21:52:59 2016
elapsed time: 0 seconds (0d 0h 0m 0s)

