#
# There is insufficient memory for the Java Runtime Environment to continue.
# Native memory allocation (malloc) failed to allocate 1559856 bytes for Chunk::new
# Possible reasons:
#   The system is out of physical RAM or swap space
#   In 32 bit mode, the process size limit was hit
# Possible solutions:
#   Reduce memory load on the system
#   Increase physical memory or swap space
#   Check if swap backing store is full
#   Use 64 bit Java on a 64 bit OS
#   Decrease Java heap size (-Xmx/-Xms)
#   Decrease number of Java threads
#   Decrease Java thread stack sizes (-Xss)
#   Set larger code cache with -XX:ReservedCodeCacheSize=
# This output file may be truncated or incomplete.
#
#  Out of Memory Error (allocation.cpp:390), pid=2484, tid=9200
#
# JRE version: Java(TM) SE Runtime Environment (8.0_66-b18) (build 1.8.0_66-b18)
# Java VM: Java HotSpot(TM) 64-Bit Server VM (25.66-b18 mixed mode windows-amd64 compressed oops)
# Failed to write core dump. Minidumps are not enabled by default on client versions of Windows
#

---------------  T H R E A D  ---------------

Current thread (0x0000000016f1e800):  JavaThread "C2 CompilerThread0" daemon [_thread_in_native, id=9200, stack(0x0000000018560000,0x0000000018660000)]

Stack: [0x0000000018560000,0x0000000018660000]
[error occurred during error reporting (printing stack bounds), id 0xc0000005]

Native frames: (J=compiled Java code, j=interpreted, Vv=VM code, C=native code)


Current CompileTask:
C2:   1994 1599   !   4       com.android.dx.cf.code.BytecodeArray::parseInstruction (2764 bytes)


---------------  P R O C E S S  ---------------

Java Threads: ( => current thread )
  0x0000000018ae4000 JavaThread "pool-1-thread-1" [_thread_new, id=7480, stack(0x0000000000000000,0x0000000000000000)]
  0x0000000018869000 JavaThread "Service Thread" daemon [_thread_blocked, id=840, stack(0x0000000018c60000,0x0000000018d60000)]
  0x0000000016f7e000 JavaThread "C1 CompilerThread2" daemon [_thread_blocked, id=9736, stack(0x0000000018760000,0x0000000018860000)]
  0x0000000016f21800 JavaThread "C2 CompilerThread1" daemon [_thread_in_native, id=6104, stack(0x0000000018660000,0x0000000018760000)]
=>0x0000000016f1e800 JavaThread "C2 CompilerThread0" daemon [_thread_in_native, id=9200, stack(0x0000000018560000,0x0000000018660000)]
  0x0000000016f1c800 JavaThread "Attach Listener" daemon [_thread_blocked, id=5652, stack(0x0000000018460000,0x0000000018560000)]
  0x0000000016f1b800 JavaThread "Signal Dispatcher" daemon [_thread_blocked, id=5352, stack(0x0000000018360000,0x0000000018460000)]
  0x00000000022f1000 JavaThread "Finalizer" daemon [_thread_blocked, id=5592, stack(0x0000000018180000,0x0000000018280000)]
  0x00000000022ee000 JavaThread "Reference Handler" daemon [_thread_blocked, id=8424, stack(0x0000000018080000,0x0000000018180000)]
  0x00000000020fe800 JavaThread "main" [_thread_blocked, id=9668, stack(0x0000000002100000,0x0000000002200000)]

Other Threads:
  0x0000000016ee8000 VMThread [stack: 0x0000000017f80000,0x0000000018080000] [id=6836]
  0x000000001887e800 WatcherThread [stack: 0x0000000018d60000,0x0000000018e60000] [id=7584]

VM state:not at safepoint (normal execution)

VM Mutex/Monitor currently owned by a thread: None

Heap:
 PSYoungGen      total 70656K, used 26969K [0x00000000d5580000, 0x00000000d9f80000, 0x0000000100000000)
  eden space 65536K, 33% used [0x00000000d5580000,0x00000000d6adb330,0x00000000d9580000)
  from space 5120K, 99% used [0x00000000d9a80000,0x00000000d9f7b218,0x00000000d9f80000)
  to   space 5120K, 0% used [0x00000000d9580000,0x00000000d9580000,0x00000000d9a80000)
 ParOldGen       total 86016K, used 6211K [0x0000000080000000, 0x0000000085400000, 0x00000000d5580000)
  object space 86016K, 7% used [0x0000000080000000,0x0000000080610c58,0x0000000085400000)
 Metaspace       used 6316K, capacity 7128K, committed 7424K, reserved 1056768K
  class space    used 625K, capacity 656K, committed 768K, reserved 1048576K

Card table byte_map: [0x00000000116c0000,0x0000000011ad0000] byte_map_base: 0x00000000112c0000

Marking Bits: (ParMarkBitMap*) 0x00000000637fa5b0
 Begin Bits: [0x0000000012180000, 0x0000000014180000)
 End Bits:   [0x0000000014180000, 0x0000000016180000)

Polling page: 0x0000000001f80000

CodeCache: size=245760Kb used=6289Kb max_used=6307Kb free=239470Kb
 bounds [0x0000000002300000, 0x0000000002930000, 0x0000000011300000]
 total_blobs=1835 nmethods=1566 adapters=182
 compilation: enabled

Compilation events (10 events):
Event: 1.919 Thread 0x0000000016f21800 nmethod 1585 0x00000000028f3b90 code [0x00000000028f3cc0, 0x00000000028f3d78]
Event: 1.922 Thread 0x0000000016f21800 1586       4       com.android.dx.cf.code.ValueAwareMachine::run (1142 bytes)
Event: 1.938 Thread 0x0000000016f7e000 1590       3       com.android.dx.rop.cst.CstBaseMethodRef::getPrototype (41 bytes)
Event: 1.939 Thread 0x0000000016f7e000 nmethod 1590 0x00000000028f7250 code [0x00000000028f73c0, 0x00000000028f77c8]
Event: 1.940 Thread 0x0000000016f7e000 1595       3       java.util.HashMap$TreeNode::find (172 bytes)
Event: 1.941 Thread 0x0000000016f7e000 nmethod 1595 0x00000000028f4290 code [0x00000000028f4480, 0x00000000028f4f98]
Event: 1.946 Thread 0x0000000016f7e000 1601       2       com.android.dx.dex.cf.CfTranslator::translate0 (259 bytes)
Event: 1.947 Thread 0x0000000016f7e000 nmethod 1601 0x000000000291f790 code [0x000000000291fa80, 0x0000000002920798]
Event: 1.971 Thread 0x0000000016f1e800 nmethod 1582 0x000000000292b510 code [0x000000000292b780, 0x000000000292d368]
Event: 1.972 Thread 0x0000000016f1e800 1599   !   4       com.android.dx.cf.code.BytecodeArray::parseInstruction (2764 bytes)

GC Heap History (4 events):
Event: 0.548 GC heap before
{Heap before GC invocations=1 (full 0):
 PSYoungGen      total 37888K, used 32768K [0x00000000d5580000, 0x00000000d7f80000, 0x0000000100000000)
  eden space 32768K, 100% used [0x00000000d5580000,0x00000000d7580000,0x00000000d7580000)
  from space 5120K, 0% used [0x00000000d7a80000,0x00000000d7a80000,0x00000000d7f80000)
  to   space 5120K, 0% used [0x00000000d7580000,0x00000000d7580000,0x00000000d7a80000)
 ParOldGen       total 86016K, used 0K [0x0000000080000000, 0x0000000085400000, 0x00000000d5580000)
  object space 86016K, 0% used [0x0000000080000000,0x0000000080000000,0x0000000085400000)
 Metaspace       used 5929K, capacity 6896K, committed 7040K, reserved 1056768K
  class space    used 601K, capacity 616K, committed 640K, reserved 1048576K
Event: 0.557 GC heap after
Heap after GC invocations=1 (full 0):
 PSYoungGen      total 37888K, used 5100K [0x00000000d5580000, 0x00000000d9f80000, 0x0000000100000000)
  eden space 32768K, 0% used [0x00000000d5580000,0x00000000d5580000,0x00000000d7580000)
  from space 5120K, 99% used [0x00000000d7580000,0x00000000d7a7b228,0x00000000d7a80000)
  to   space 5120K, 0% used [0x00000000d9a80000,0x00000000d9a80000,0x00000000d9f80000)
 ParOldGen       total 86016K, used 1781K [0x0000000080000000, 0x0000000085400000, 0x00000000d5580000)
  object space 86016K, 2% used [0x0000000080000000,0x00000000801bd5d8,0x0000000085400000)
 Metaspace       used 5929K, capacity 6896K, committed 7040K, reserved 1056768K
  class space    used 601K, capacity 616K, committed 640K, reserved 1048576K
}
Event: 1.376 GC heap before
{Heap before GC invocations=2 (full 0):
 PSYoungGen      total 37888K, used 37868K [0x00000000d5580000, 0x00000000d9f80000, 0x0000000100000000)
  eden space 32768K, 100% used [0x00000000d5580000,0x00000000d7580000,0x00000000d7580000)
  from space 5120K, 99% used [0x00000000d7580000,0x00000000d7a7b228,0x00000000d7a80000)
  to   space 5120K, 0% used [0x00000000d9a80000,0x00000000d9a80000,0x00000000d9f80000)
 ParOldGen       total 86016K, used 1781K [0x0000000080000000, 0x0000000085400000, 0x00000000d5580000)
  object space 86016K, 2% used [0x0000000080000000,0x00000000801bd5d8,0x0000000085400000)
 Metaspace       used 6243K, capacity 7128K, committed 7424K, reserved 1056768K
  class space    used 622K, capacity 656K, committed 768K, reserved 1048576K
Event: 1.398 GC heap after
Heap after GC invocations=2 (full 0):
 PSYoungGen      total 70656K, used 5100K [0x00000000d5580000, 0x00000000d9f80000, 0x0000000100000000)
  eden space 65536K, 0% used [0x00000000d5580000,0x00000000d5580000,0x00000000d9580000)
  from space 5120K, 99% used [0x00000000d9a80000,0x00000000d9f7b218,0x00000000d9f80000)
  to   space 5120K, 0% used [0x00000000d9580000,0x00000000d9580000,0x00000000d9a80000)
 ParOldGen       total 86016K, used 6211K [0x0000000080000000, 0x0000000085400000, 0x00000000d5580000)
  object space 86016K, 7% used [0x0000000080000000,0x0000000080610c58,0x0000000085400000)
 Metaspace       used 6243K, capacity 7128K, committed 7424K, reserved 1056768K
  class space    used 622K, capacity 656K, committed 768K, reserved 1048576K
}

Deoptimization events (10 events):
Event: 0.685 Thread 0x0000000018b36800 Uncommon trap: reason=unstable_if action=reinterpret pc=0x00000000026cd9f0 method=java.util.HashMap.getNode(ILjava/lang/Object;)Ljava/util/HashMap$Node; @ 84
Event: 0.880 Thread 0x0000000018b35800 Uncommon trap: reason=class_check action=maybe_recompile pc=0x000000000267e8b0 method=com.android.dx.rop.type.Type.equals(Ljava/lang/Object;)Z @ 8
Event: 0.880 Thread 0x0000000018b35800 Uncommon trap: reason=class_check action=maybe_recompile pc=0x000000000267e8b0 method=com.android.dx.rop.type.Type.equals(Ljava/lang/Object;)Z @ 8
Event: 0.882 Thread 0x0000000018b35800 Uncommon trap: reason=bimorphic action=maybe_recompile pc=0x00000000027f01bc method=com.android.dx.ssa.LiteralOpUpgrader.tryReplacingWithConstant(Lcom/android/dx/ssa/NormalSsaInsn;)Z @ 52
Event: 0.883 Thread 0x0000000018b35800 Uncommon trap: reason=class_check action=maybe_recompile pc=0x000000000267e8b0 method=com.android.dx.rop.type.Type.equals(Ljava/lang/Object;)Z @ 8
Event: 1.442 Thread 0x0000000018ab5000 Uncommon trap: reason=bimorphic action=maybe_recompile pc=0x000000000282aafc method=com.android.dx.cf.code.BytecodeArray.parseInstruction(ILcom/android/dx/cf/code/BytecodeArray$Visitor;)I @ 923
Event: 1.442 Thread 0x0000000018ab5000 Uncommon trap: reason=bimorphic action=maybe_recompile pc=0x000000000282aa7c method=com.android.dx.cf.code.BytecodeArray.parseInstruction(ILcom/android/dx/cf/code/BytecodeArray$Visitor;)I @ 907
Event: 1.442 Thread 0x0000000018ab5000 Uncommon trap: reason=bimorphic action=maybe_recompile pc=0x000000000282b14c method=com.android.dx.cf.code.BytecodeArray.parseInstruction(ILcom/android/dx/cf/code/BytecodeArray$Visitor;)I @ 1224
Event: 1.444 Thread 0x0000000018ab5000 Uncommon trap: reason=bimorphic action=maybe_recompile pc=0x000000000282aafc method=com.android.dx.cf.code.BytecodeArray.parseInstruction(ILcom/android/dx/cf/code/BytecodeArray$Visitor;)I @ 923
Event: 1.450 Thread 0x0000000018b37000 Uncommon trap: reason=bimorphic action=maybe_recompile pc=0x00000000027f01bc method=com.android.dx.ssa.LiteralOpUpgrader.tryReplacingWithConstant(Lcom/android/dx/ssa/NormalSsaInsn;)Z @ 52

Internal exceptions (6 events):
Event: 0.035 Thread 0x00000000020fe800 Exception <a 'java/lang/NoSuchMethodError': Method sun.misc.Unsafe.defineClass(Ljava/lang/String;[BII)Ljava/lang/Class; name or signature does not match> (0x00000000d558df08) thrown at [C:\re\workspace\8-2-build-windows-amd64-cygwin\jdk8u66\5298\hotspot\srw<²îœ´¡?
Event: 0.035 Thread 0x00000000020fe800 Exception <a 'java/lang/NoSuchMethodError': Method sun.misc.Unsafe.prefetchRead(Ljava/lang/Object;J)V name or signature does not match> (0x00000000d558e1f0) thrown at [C:\re\workspace\8-2-build-windows-amd64-cygwin\jdk8u66\5298\hotspot\src\share\vm\prims\j=ï}n\ã?
Event: 0.605 Thread 0x0000000018b37000 Implicit null exception at 0x0000000002674b94 to 0x000000000267618d
Event: 0.684 Thread 0x0000000018b36800 Exception <a 'java/lang/ArrayIndexOutOfBoundsException': 18> (0x00000000d6582e50) thrown at [C:\re\workspace\8-2-build-windows-amd64-cygwin\jdk8u66\5298\hotspot\src\share\vm\interpreter\interpreterRuntime.cpp, line 366]
Event: 0.684 Thread 0x0000000018b36800 Exception <a 'java/lang/ArrayIndexOutOfBoundsException'> (0x00000000d65849d0) thrown at [C:\re\workspace\8-2-build-windows-amd64-cygwin\jdk8u66\5298\hotspot\src\share\vm\runtime\sharedRuntime.cpp, line 605]
Event: 0.684 Thread 0x0000000018b36800 Exception <a 'java/lang/ArrayIndexOutOfBoundsException'> (0x00000000d6585cb8) thrown at [C:\re\workspace\8-2-build-windows-amd64-cygwin\jdk8u66\5298\hotspot\src\share\vm\runtime\sharedRuntime.cpp, line 605]

Events (10 events):
Event: 1.763 Thread 0x0000000018b35800 Thread exited: 0x0000000018b35800
Event: 1.914 Thread 0x0000000018ab5000 DEOPT PACKING pc=0x000000000278ccf4 sp=0x0000000018f5ef80
Event: 1.914 Thread 0x0000000018ab5000 DEOPT UNPACKING pc=0x000000000234787f sp=0x0000000018f5ecd8 mode 0
Event: 1.941 loading class com/android/dx/cf/code/SwitchList
Event: 1.941 loading class com/android/dx/cf/code/SwitchList done
Event: 1.947 Thread 0x0000000018ae4000 Thread exited: 0x0000000018ae4000
Event: 1.947 loading class com/android/dx/command/dexer/Main$DexWriter
Event: 1.947 loading class com/android/dx/command/dexer/Main$DexWriter done
Event: 1.948 Thread 0x0000000018ae4000 Thread added: 0x0000000018ae4000
Event: 1.948 Thread 0x0000000018ab5000 Thread exited: 0x0000000018ab5000


Dynamic libraries:
0x00007ff7808e0000 - 0x00007ff780917000 	C:\Program Files\Java\jdk1.8.0_66\bin\java.exe
0x00007ff988720000 - 0x00007ff9888e2000 	C:\Windows\SYSTEM32\ntdll.dll
0x00007ff986200000 - 0x00007ff9862ad000 	C:\Windows\system32\KERNEL32.DLL
0x00007ff985580000 - 0x00007ff98575d000 	C:\Windows\system32\KERNELBASE.dll
0x00007ff988000000 - 0x00007ff9880a6000 	C:\Windows\system32\ADVAPI32.dll
0x00007ff9863b0000 - 0x00007ff98644d000 	C:\Windows\system32\msvcrt.dll
0x00007ff9885d0000 - 0x00007ff98862b000 	C:\Windows\system32\sechost.dll
0x00007ff986460000 - 0x00007ff986586000 	C:\Windows\system32\RPCRT4.dll
0x00007ff9880b0000 - 0x00007ff9881fe000 	C:\Windows\system32\USER32.dll
0x00007ff985df0000 - 0x00007ff985f75000 	C:\Windows\system32\GDI32.dll
0x00007ff97d660000 - 0x00007ff97d8d4000 	C:\Windows\WinSxS\amd64_microsoft.windows.common-controls_6595b64144ccf1df_6.0.10240.16384_none_f41f7b285750ef43\COMCTL32.dll
0x00007ff9886e0000 - 0x00007ff988716000 	C:\Windows\system32\IMM32.DLL
0x00007ff986590000 - 0x00007ff9866ec000 	C:\Windows\system32\MSCTF.dll
0x0000000063880000 - 0x0000000063952000 	C:\Program Files\Java\jdk1.8.0_66\jre\bin\msvcr100.dll
0x0000000062ff0000 - 0x0000000063879000 	C:\Program Files\Java\jdk1.8.0_66\jre\bin\server\jvm.dll
0x00007ff986450000 - 0x00007ff986458000 	C:\Windows\system32\PSAPI.DLL
0x00007ff978c60000 - 0x00007ff978c69000 	C:\Windows\SYSTEM32\WSOCK32.dll
0x00007ff988490000 - 0x00007ff9884f9000 	C:\Windows\system32\WS2_32.dll
0x00007ff988330000 - 0x00007ff988338000 	C:\Windows\system32\NSI.dll
0x00007ff983300000 - 0x00007ff983323000 	C:\Windows\SYSTEM32\WINMM.dll
0x00007ff9805d0000 - 0x00007ff9805da000 	C:\Windows\SYSTEM32\VERSION.dll
0x00007ff9832d0000 - 0x00007ff9832fc000 	C:\Windows\SYSTEM32\WINMMBASE.dll
0x00007ff985360000 - 0x00007ff9853a4000 	C:\Windows\system32\cfgmgr32.dll
0x00007ff983ac0000 - 0x00007ff983ae7000 	C:\Windows\SYSTEM32\DEVOBJ.dll
0x0000000062fe0000 - 0x0000000062fef000 	C:\Program Files\Java\jdk1.8.0_66\jre\bin\verify.dll
0x0000000062fb0000 - 0x0000000062fd9000 	C:\Program Files\Java\jdk1.8.0_66\jre\bin\java.dll
0x0000000062f90000 - 0x0000000062fa6000 	C:\Program Files\Java\jdk1.8.0_66\jre\bin\zip.dll
0x00007ff9868c0000 - 0x00007ff987de3000 	C:\Windows\system32\SHELL32.dll
0x00007ff9857c0000 - 0x00007ff985de9000 	C:\Windows\system32\windows.storage.dll
0x00007ff985f80000 - 0x00007ff9861fc000 	C:\Windows\system32\combase.dll
0x00007ff987fa0000 - 0x00007ff987ff1000 	C:\Windows\system32\shlwapi.dll
0x00007ff9851e0000 - 0x00007ff9851ef000 	C:\Windows\system32\kernel.appcore.dll
0x00007ff9852a0000 - 0x00007ff985353000 	C:\Windows\system32\shcore.dll
0x00007ff985170000 - 0x00007ff9851ba000 	C:\Windows\system32\powrprof.dll
0x00007ff985150000 - 0x00007ff985163000 	C:\Windows\system32\profapi.dll

VM Arguments:
jvm_args: -Djava.awt.headless=true -Xmx2g -Dfile.encoding=windows-1252 -Duser.country=US -Duser.language=en -Duser.variant 
java_command: com.android.dx.command.Main --dex --force-jumbo --num-threads=4 --multi-dex --output E:\AndroidProjects\Fazt\app\build\intermediates\transforms\dex\debug\folders\1000\10\com.mikepenz-materialdrawer-5.3.0_6aefc96adbb9c6d4f89bfc1f3a872fca4df10955 E:\AndroidProjects\Fazt\app\build\intermediates\exploded-aar\com.mikepenz\materialdrawer\5.3.0\jars\classes.jar
java_class_path (initial): E:\Android SDK\Android SDK\sdk\build-tools\23.0.3\lib\dx.jar
Launcher Type: SUN_STANDARD

Environment Variables:
PATH=E:\OracleSQL\DB\app\oracle\product\11.2.0\server\bin;;C:\Program Files (x86)\Intel\iCLS Client\;C:\Program Files\Intel\iCLS Client\;C:\Windows\system32;C:\Windows;C:\Windows\System32\Wbem;C:\Windows\System32\WindowsPowerShell\v1.0\;C:\Program Files\Intel\Intel(R) Management Engine Components\DAL;C:\Program Files (x86)\Intel\Intel(R) Management Engine Components\DAL;C:\Program Files\Intel\Intel(R) Management Engine Components\IPT;C:\Program Files (x86)\Intel\Intel(R) Management Engine Components\IPT;C:\Program Files (x86)\Windows Kits\8.1\Windows Performance Toolkit\;C:\Program Files\Microsoft SQL Server\110\Tools\Binn\;C:\Program Files (x86)\Microsoft SDKs\TypeScript\1.0\;C:\Program Files\Microsoft SQL Server\120\Tools\Binn\;E:\AMD\ATI.ACE\Core-Static;C:\Program Files (x86)\Common Files\lenovo\easyplussdk\bin;C:\Program Files (x86)\ATI Technologies\ATI.ACE\Core-Static;C:\Program Files\Java\jdk1.8.0_05\bin;C:\Program Files (x86)\Windows Kits\10\Windows Performance Toolkit\;E:\Node bin\;C:\Program Files\Microsoft SQL Server\110\DTS\Binn\;C:\Program Files (x86)\Microsoft SQL Server\110\Tools\Binn\;C:\Program Files (x86)\Microsoft SQL Server\110\Tools\Binn\ManagementStudio\;C:\Program Files (x86)\Microsoft Visual Studio 10.0\Common7\IDE\PrivateAssemblies\;C:\Program Files (x86)\Microsoft SQL Server\110\DTS\Binn\;C:\Program Files\Common Files\Autodesk Shared\;C:\Program Files (x86)\Autodesk\Backburner\;E:\Android SDK\Android SDK\android-tools;C:\Program Files\Java\jdk1.8.0_05\bin;E:\QT\5.5\msvc2013_64\bin;C:\Users\JEGAN'S BEAST\AppData\Roaming\npm;C:\Program Files (x86)\GnuWin32\bin;C:\Program Files\Java\jdk1.8.0_66\bin\javafxpackager.exe;C:\Users\JEGAN'S BEAST\AppData\Local\atom\bin;E:\SQLite DB;C:\Program Files\MongoDB\Server\3.2\bin;E:\NS;E:\Android SDK\Android SDK\android-tools;
USERNAME=JEGAN'S BEAST
OS=Windows_NT
PROCESSOR_IDENTIFIER=Intel64 Family 6 Model 60 Stepping 3, GenuineIntel



---------------  S Y S T E M  ---------------

OS: Windows 10.0 , 64 bit Build 10240 (10.0.10240.16384)

CPU:total 4 (4 cores per cpu, 1 threads per core) family 6 model 60 stepping 3, cmov, cx8, fxsr, mmx, sse, sse2, sse3, ssse3, sse4.1, sse4.2, popcnt, avx, avx2, aes, clmul, erms, lzcnt, tsc, tscinvbit, bmi1, bmi2

Memory: 4k page, physical 8247320k(2021300k free), swap 11824784k(6856k free)

vm_info: Java HotSpot(TM) 64-Bit Server VM (25.66-b18) for windows-amd64 JRE (1.8.0_66-b18), built on Nov  9 2015 10:51:13 by "java_re" with MS VC++ 10.0 (VS2010)

time: Fri Jun 17 21:59:28 2016
elapsed time: 1 seconds (0d 0h 0m 1s)

