#
# There is insufficient memory for the Java Runtime Environment to continue.
# Native memory allocation (malloc) failed to allocate 1813632 bytes for Chunk::new
# Possible reasons:
#   The system is out of physical RAM or swap space
#   In 32 bit mode, the process size limit was hit
# Possible solutions:
#   Reduce memory load on the system
#   Increase physical memory or swap space
#   Check if swap backing store is full
#   Use 64 bit Java on a 64 bit OS
#   Decrease Java heap size (-Xmx/-Xms)
#   Decrease number of Java threads
#   Decrease Java thread stack sizes (-Xss)
#   Set larger code cache with -XX:ReservedCodeCacheSize=
# This output file may be truncated or incomplete.
#
#  Out of Memory Error (allocation.cpp:390), pid=8680, tid=6376
#
# JRE version: Java(TM) SE Runtime Environment (8.0_66-b18) (build 1.8.0_66-b18)
# Java VM: Java HotSpot(TM) 64-Bit Server VM (25.66-b18 mixed mode windows-amd64 compressed oops)
# Failed to write core dump. Minidumps are not enabled by default on client versions of Windows
#

---------------  T H R E A D  ---------------

Current thread (0x000000001535e000):  JavaThread "C2 CompilerThread0" daemon [_thread_in_native, id=6376, stack(0x00000000169a0000,0x0000000016aa0000)]

Stack: [0x00000000169a0000,0x0000000016aa0000]
[error occurred during error reporting (printing stack bounds), id 0xc0000005]

Native frames: (J=compiled Java code, j=interpreted, Vv=VM code, C=native code)


Current CompileTask:
C2:   2631 1616   !   4       com.android.dx.cf.cst.ConstantPoolParser::parse0 (731 bytes)


---------------  P R O C E S S  ---------------

Java Threads: ( => current thread )
  0x0000000016f97800 JavaThread "pool-1-thread-1" [_thread_in_Java, id=7436, stack(0x00000000172a0000,0x00000000173a0000)]
  0x0000000016ca2800 JavaThread "Service Thread" daemon [_thread_blocked, id=9752, stack(0x00000000170a0000,0x00000000171a0000)]
  0x00000000153bd800 JavaThread "C1 CompilerThread2" daemon [_thread_blocked, id=9692, stack(0x0000000016ba0000,0x0000000016ca0000)]
  0x00000000153ba800 JavaThread "C2 CompilerThread1" daemon [_thread_in_native, id=7792, stack(0x0000000016aa0000,0x0000000016ba0000)]
=>0x000000001535e000 JavaThread "C2 CompilerThread0" daemon [_thread_in_native, id=6376, stack(0x00000000169a0000,0x0000000016aa0000)]
  0x000000001535c000 JavaThread "Attach Listener" daemon [_thread_blocked, id=6964, stack(0x00000000168a0000,0x00000000169a0000)]
  0x000000001535b800 JavaThread "Signal Dispatcher" daemon [_thread_blocked, id=5540, stack(0x00000000167a0000,0x00000000168a0000)]
  0x0000000002c81000 JavaThread "Finalizer" daemon [_thread_blocked, id=9676, stack(0x00000000165c0000,0x00000000166c0000)]
  0x0000000002c7e000 JavaThread "Reference Handler" daemon [_thread_blocked, id=5652, stack(0x00000000164c0000,0x00000000165c0000)]
  0x000000000291e800 JavaThread "main" [_thread_blocked, id=4268, stack(0x0000000002920000,0x0000000002a20000)]

Other Threads:
  0x0000000015327800 VMThread [stack: 0x00000000163c0000,0x00000000164c0000] [id=3208]
  0x0000000016ca6000 WatcherThread [stack: 0x00000000171a0000,0x00000000172a0000] [id=6660]

VM state:not at safepoint (normal execution)

VM Mutex/Monitor currently owned by a thread: None

Heap:
 PSYoungGen      total 136192K, used 32383K [0x00000000eab00000, 0x00000000fde00000, 0x0000000100000000)
  eden space 131072K, 20% used [0x00000000eab00000,0x00000000ec5a0288,0x00000000f2b00000)
  from space 5120K, 99% used [0x00000000f2b00000,0x00000000f2fffcb0,0x00000000f3000000)
  to   space 26112K, 0% used [0x00000000fc480000,0x00000000fc480000,0x00000000fde00000)
 ParOldGen       total 86016K, used 42766K [0x00000000c0000000, 0x00000000c5400000, 0x00000000eab00000)
  object space 86016K, 49% used [0x00000000c0000000,0x00000000c29c3978,0x00000000c5400000)
 Metaspace       used 6900K, capacity 7608K, committed 7936K, reserved 1056768K
  class space    used 645K, capacity 688K, committed 768K, reserved 1048576K

Card table byte_map: [0x0000000012050000,0x0000000012260000] byte_map_base: 0x0000000011a50000

Marking Bits: (ParMarkBitMap*) 0x00000000637fa5b0
 Begin Bits: [0x00000000127c0000, 0x00000000137c0000)
 End Bits:   [0x00000000137c0000, 0x00000000147c0000)

Polling page: 0x0000000002a20000

CodeCache: size=245760Kb used=9297Kb max_used=9310Kb free=236462Kb
 bounds [0x0000000002c90000, 0x00000000035b0000, 0x0000000011c90000]
 total_blobs=2636 nmethods=2365 adapters=183
 compilation: enabled

Compilation events (10 events):
Event: 2.615 Thread 0x00000000153ba800 nmethod 2289% 0x00000000035a7610 code [0x00000000035a7760, 0x00000000035a79d8]
Event: 2.615 Thread 0x00000000153ba800 2290 % !   4       com.android.dx.dex.code.OutputFinisher::fixBranches @ 12 (234 bytes)
Event: 2.620 Thread 0x00000000153ba800 nmethod 2290% 0x00000000035a3790 code [0x00000000035a3920, 0x00000000035a3db8]
Event: 2.620 Thread 0x00000000153ba800 2293 %     4       com.android.dx.dex.code.OutputFinisher::calculateReservedCount @ 16 (122 bytes)
Event: 2.626 Thread 0x00000000153bd800 2404       2       com.android.dx.dex.file.MemberIdItem::writeTo (231 bytes)
Event: 2.627 Thread 0x00000000153bd800 nmethod 2404 0x00000000035a9850 code [0x00000000035a9c20, 0x00000000035ab008]
Event: 2.627 Thread 0x00000000153bd800 2405       2       com.android.dx.dex.file.FieldIdItem::getTypoidIdx (17 bytes)
Event: 2.627 Thread 0x00000000153bd800 nmethod 2405 0x00000000035a3210 code [0x00000000035a3380, 0x00000000035a3578]
Event: 2.627 Thread 0x00000000153ba800 nmethod 2293% 0x00000000035a7c90 code [0x00000000035a7e60, 0x00000000035a8840]
Event: 2.627 Thread 0x00000000153ba800 2403   !   4       com.android.dx.rop.type.Type::intern (319 bytes)

GC Heap History (10 events):
Event: 0.839 GC heap before
{Heap before GC invocations=1 (full 0):
 PSYoungGen      total 37888K, used 32768K [0x00000000eab00000, 0x00000000ed500000, 0x0000000100000000)
  eden space 32768K, 100% used [0x00000000eab00000,0x00000000ecb00000,0x00000000ecb00000)
  from space 5120K, 0% used [0x00000000ed000000,0x00000000ed000000,0x00000000ed500000)
  to   space 5120K, 0% used [0x00000000ecb00000,0x00000000ecb00000,0x00000000ed000000)
 ParOldGen       total 86016K, used 0K [0x00000000c0000000, 0x00000000c5400000, 0x00000000eab00000)
  object space 86016K, 0% used [0x00000000c0000000,0x00000000c0000000,0x00000000c5400000)
 Metaspace       used 6000K, capacity 6896K, committed 7040K, reserved 1056768K
  class space    used 601K, capacity 616K, committed 640K, reserved 1048576K
Event: 0.892 GC heap after
Heap after GC invocations=1 (full 0):
 PSYoungGen      total 37888K, used 5108K [0x00000000eab00000, 0x00000000ef500000, 0x0000000100000000)
  eden space 32768K, 0% used [0x00000000eab00000,0x00000000eab00000,0x00000000ecb00000)
  from space 5120K, 99% used [0x00000000ecb00000,0x00000000ecffd188,0x00000000ed000000)
  to   space 5120K, 0% used [0x00000000ef000000,0x00000000ef000000,0x00000000ef500000)
 ParOldGen       total 86016K, used 956K [0x00000000c0000000, 0x00000000c5400000, 0x00000000eab00000)
  object space 86016K, 1% used [0x00000000c0000000,0x00000000c00ef120,0x00000000c5400000)
 Metaspace       used 6000K, capacity 6896K, committed 7040K, reserved 1056768K
  class space    used 601K, capacity 616K, committed 640K, reserved 1048576K
}
Event: 1.238 GC heap before
{Heap before GC invocations=2 (full 0):
 PSYoungGen      total 37888K, used 37876K [0x00000000eab00000, 0x00000000ef500000, 0x0000000100000000)
  eden space 32768K, 100% used [0x00000000eab00000,0x00000000ecb00000,0x00000000ecb00000)
  from space 5120K, 99% used [0x00000000ecb00000,0x00000000ecffd188,0x00000000ed000000)
  to   space 5120K, 0% used [0x00000000ef000000,0x00000000ef000000,0x00000000ef500000)
 ParOldGen       total 86016K, used 956K [0x00000000c0000000, 0x00000000c5400000, 0x00000000eab00000)
  object space 86016K, 1% used [0x00000000c0000000,0x00000000c00ef120,0x00000000c5400000)
 Metaspace       used 6144K, capacity 7024K, committed 7296K, reserved 1056768K
  class space    used 602K, capacity 616K, committed 640K, reserved 1048576K
Event: 1.248 GC heap after
Heap after GC invocations=2 (full 0):
 PSYoungGen      total 70656K, used 5103K [0x00000000eab00000, 0x00000000ef500000, 0x0000000100000000)
  eden space 65536K, 0% used [0x00000000eab00000,0x00000000eab00000,0x00000000eeb00000)
  from space 5120K, 99% used [0x00000000ef000000,0x00000000ef4fbe00,0x00000000ef500000)
  to   space 5120K, 0% used [0x00000000eeb00000,0x00000000eeb00000,0x00000000ef000000)
 ParOldGen       total 86016K, used 4517K [0x00000000c0000000, 0x00000000c5400000, 0x00000000eab00000)
  object space 86016K, 5% used [0x00000000c0000000,0x00000000c04696b8,0x00000000c5400000)
 Metaspace       used 6144K, capacity 7024K, committed 7296K, reserved 1056768K
  class space    used 602K, capacity 616K, committed 640K, reserved 1048576K
}
Event: 1.426 GC heap before
{Heap before GC invocations=3 (full 0):
 PSYoungGen      total 70656K, used 70639K [0x00000000eab00000, 0x00000000ef500000, 0x0000000100000000)
  eden space 65536K, 100% used [0x00000000eab00000,0x00000000eeb00000,0x00000000eeb00000)
  from space 5120K, 99% used [0x00000000ef000000,0x00000000ef4fbe00,0x00000000ef500000)
  to   space 5120K, 0% used [0x00000000eeb00000,0x00000000eeb00000,0x00000000ef000000)
 ParOldGen       total 86016K, used 4517K [0x00000000c0000000, 0x00000000c5400000, 0x00000000eab00000)
  object space 86016K, 5% used [0x00000000c0000000,0x00000000c04696b8,0x00000000c5400000)
 Metaspace       used 6280K, capacity 7152K, committed 7296K, reserved 1056768K
  class space    used 602K, capacity 616K, committed 640K, reserved 1048576K
Event: 1.445 GC heap after
Heap after GC invocations=3 (full 0):
 PSYoungGen      total 70656K, used 5093K [0x00000000eab00000, 0x00000000f3500000, 0x0000000100000000)
  eden space 65536K, 0% used [0x00000000eab00000,0x00000000eab00000,0x00000000eeb00000)
  from space 5120K, 99% used [0x00000000eeb00000,0x00000000eeff9468,0x00000000ef000000)
  to   space 5120K, 0% used [0x00000000f3000000,0x00000000f3000000,0x00000000f3500000)
 ParOldGen       total 86016K, used 14383K [0x00000000c0000000, 0x00000000c5400000, 0x00000000eab00000)
  object space 86016K, 16% used [0x00000000c0000000,0x00000000c0e0bd30,0x00000000c5400000)
 Metaspace       used 6280K, capacity 7152K, committed 7296K, reserved 1056768K
  class space    used 602K, capacity 616K, committed 640K, reserved 1048576K
}
Event: 1.579 GC heap before
{Heap before GC invocations=4 (full 0):
 PSYoungGen      total 70656K, used 70629K [0x00000000eab00000, 0x00000000f3500000, 0x0000000100000000)
  eden space 65536K, 100% used [0x00000000eab00000,0x00000000eeb00000,0x00000000eeb00000)
  from space 5120K, 99% used [0x00000000eeb00000,0x00000000eeff9468,0x00000000ef000000)
  to   space 5120K, 0% used [0x00000000f3000000,0x00000000f3000000,0x00000000f3500000)
 ParOldGen       total 86016K, used 14383K [0x00000000c0000000, 0x00000000c5400000, 0x00000000eab00000)
  object space 86016K, 16% used [0x00000000c0000000,0x00000000c0e0bd30,0x00000000c5400000)
 Metaspace       used 6386K, capacity 7192K, committed 7424K, reserved 1056768K
  class space    used 623K, capacity 656K, committed 768K, reserved 1048576K
Event: 1.596 GC heap after
Heap after GC invocations=4 (full 0):
 PSYoungGen      total 136192K, used 5106K [0x00000000eab00000, 0x00000000f3500000, 0x0000000100000000)
  eden space 131072K, 0% used [0x00000000eab00000,0x00000000eab00000,0x00000000f2b00000)
  from space 5120K, 99% used [0x00000000f3000000,0x00000000f34fc8e0,0x00000000f3500000)
  to   space 5120K, 0% used [0x00000000f2b00000,0x00000000f2b00000,0x00000000f3000000)
 ParOldGen       total 86016K, used 23948K [0x00000000c0000000, 0x00000000c5400000, 0x00000000eab00000)
  object space 86016K, 27% used [0x00000000c0000000,0x00000000c17631f8,0x00000000c5400000)
 Metaspace       used 6386K, capacity 7192K, committed 7424K, reserved 1056768K
  class space    used 623K, capacity 656K, committed 768K, reserved 1048576K
}
Event: 1.906 GC heap before
{Heap before GC invocations=5 (full 0):
 PSYoungGen      total 136192K, used 136178K [0x00000000eab00000, 0x00000000f3500000, 0x0000000100000000)
  eden space 131072K, 100% used [0x00000000eab00000,0x00000000f2b00000,0x00000000f2b00000)
  from space 5120K, 99% used [0x00000000f3000000,0x00000000f34fc8e0,0x00000000f3500000)
  to   space 5120K, 0% used [0x00000000f2b00000,0x00000000f2b00000,0x00000000f3000000)
 ParOldGen       total 86016K, used 23948K [0x00000000c0000000, 0x00000000c5400000, 0x00000000eab00000)
  object space 86016K, 27% used [0x00000000c0000000,0x00000000c17631f8,0x00000000c5400000)
 Metaspace       used 6481K, capacity 7192K, committed 7424K, reserved 1056768K
  class space    used 624K, capacity 656K, committed 768K, reserved 1048576K
Event: 1.941 GC heap after
Heap after GC invocations=5 (full 0):
 PSYoungGen      total 136192K, used 5119K [0x00000000eab00000, 0x00000000fde00000, 0x0000000100000000)
  eden space 131072K, 0% used [0x00000000eab00000,0x00000000eab00000,0x00000000f2b00000)
  from space 5120K, 99% used [0x00000000f2b00000,0x00000000f2fffcb0,0x00000000f3000000)
  to   space 26112K, 0% used [0x00000000fc480000,0x00000000fc480000,0x00000000fde00000)
 ParOldGen       total 86016K, used 42766K [0x00000000c0000000, 0x00000000c5400000, 0x00000000eab00000)
  object space 86016K, 49% used [0x00000000c0000000,0x00000000c29c3978,0x00000000c5400000)
 Metaspace       used 6481K, capacity 7192K, committed 7424K, reserved 1056768K
  class space    used 624K, capacity 656K, committed 768K, reserved 1048576K
}

Deoptimization events (10 events):
Event: 1.976 Thread 0x0000000016f97800 Uncommon trap: reason=class_check action=maybe_recompile pc=0x00000000031ae348 method=java.util.Arrays.hashCode([Ljava/lang/Object;)I @ 43
Event: 1.976 Thread 0x0000000016f97800 Uncommon trap: reason=class_check action=maybe_recompile pc=0x00000000031ae348 method=java.util.Arrays.hashCode([Ljava/lang/Object;)I @ 43
Event: 1.976 Thread 0x0000000016f97800 Uncommon trap: reason=class_check action=maybe_recompile pc=0x0000000003182af4 method=java.util.Arrays.hashCode([Ljava/lang/Object;)I @ 43
Event: 2.201 Thread 0x0000000016f97800 Uncommon trap: reason=speculate_class_check action=maybe_recompile pc=0x000000000300d1b8 method=com.android.dx.util.FixedSizeList.equals(Ljava/lang/Object;)Z @ 25
Event: 2.201 Thread 0x0000000016f97800 Uncommon trap: reason=unstable_if action=reinterpret pc=0x0000000003015abc method=java.util.Arrays.equals([Ljava/lang/Object;[Ljava/lang/Object;)Z @ 23
Event: 2.229 Thread 0x0000000016f97800 Uncommon trap: reason=speculate_class_check action=maybe_recompile pc=0x000000000300d1b8 method=com.android.dx.util.FixedSizeList.equals(Ljava/lang/Object;)Z @ 25
Event: 2.229 Thread 0x0000000016f97800 Uncommon trap: reason=speculate_class_check action=maybe_recompile pc=0x000000000300d1b8 method=com.android.dx.util.FixedSizeList.equals(Ljava/lang/Object;)Z @ 25
Event: 2.229 Thread 0x0000000016f97800 Uncommon trap: reason=speculate_class_check action=maybe_recompile pc=0x000000000300d1b8 method=com.android.dx.util.FixedSizeList.equals(Ljava/lang/Object;)Z @ 25
Event: 2.452 Thread 0x0000000016f97800 Uncommon trap: reason=unstable_if action=reinterpret pc=0x000000000350bf9c method=java.util.ArrayList.<init>(I)V @ 5
Event: 2.587 Thread 0x0000000016f97800 Uncommon trap: reason=unstable_if action=reinterpret pc=0x0000000002f1cafc method=java.lang.Long.numberOfTrailingZeros(J)I @ 3

Internal exceptions (5 events):
Event: 0.037 Thread 0x000000000291e800 Exception <a 'java/lang/NoSuchMethodError': Method sun.misc.Unsafe.defineClass(Ljava/lang/String;[BII)Ljava/lang/Class; name or signature does not match> (0x00000000eab0df20) thrown at [C:\re\workspace\8-2-build-windows-amd64-cygwin\jdk8u66\5298\hotspot\srcŸ´Q‹Ï¢?
Event: 0.037 Thread 0x000000000291e800 Exception <a 'java/lang/NoSuchMethodError': Method sun.misc.Unsafe.prefetchRead(Ljava/lang/Object;J)V name or signature does not match> (0x00000000eab0e208) thrown at [C:\re\workspace\8-2-build-windows-amd64-cygwin\jdk8u66\5298\hotspot\src\share\vm\prims\jërêê¯ø?
Event: 1.543 Thread 0x0000000016f97800 Exception <a 'java/lang/ArrayIndexOutOfBoundsException': 18> (0x00000000eda0e248) thrown at [C:\re\workspace\8-2-build-windows-amd64-cygwin\jdk8u66\5298\hotspot\src\share\vm\interpreter\interpreterRuntime.cpp, line 366]
Event: 1.543 Thread 0x0000000016f97800 Exception <a 'java/lang/ArrayIndexOutOfBoundsException'> (0x00000000eda0fdc8) thrown at [C:\re\workspace\8-2-build-windows-amd64-cygwin\jdk8u66\5298\hotspot\src\share\vm\runtime\sharedRuntime.cpp, line 605]
Event: 1.544 Thread 0x0000000016f97800 Exception <a 'java/lang/ArrayIndexOutOfBoundsException'> (0x00000000eda110b0) thrown at [C:\re\workspace\8-2-build-windows-amd64-cygwin\jdk8u66\5298\hotspot\src\share\vm\runtime\sharedRuntime.cpp, line 605]

Events (10 events):
Event: 2.581 Thread 0x0000000016f97800 DEOPT UNPACKING pc=0x0000000002cd787f sp=0x000000001739e868 mode 0
Event: 2.587 loading class com/android/dex/EncodedValueCodec
Event: 2.587 loading class com/android/dex/EncodedValueCodec done
Event: 2.587 Thread 0x0000000016f97800 Uncommon trap: trap_request=0xffffff65 fr.pc=0x0000000002f1cafc
Event: 2.587 Thread 0x0000000016f97800 DEOPT PACKING pc=0x0000000002f1cafc sp=0x000000001739ec30
Event: 2.587 Thread 0x0000000016f97800 DEOPT UNPACKING pc=0x0000000002cd582a sp=0x000000001739ebc0 mode 2
Event: 2.594 loading class com/android/dx/dex/file/MapItem
Event: 2.594 loading class com/android/dx/dex/file/MapItem done
Event: 2.606 loading class com/android/dex/DexFormat
Event: 2.606 loading class com/android/dex/DexFormat done


Dynamic libraries:
0x00007ff7808e0000 - 0x00007ff780917000 	C:\Program Files\Java\jdk1.8.0_66\bin\java.exe
0x00007ff988720000 - 0x00007ff9888e2000 	C:\Windows\SYSTEM32\ntdll.dll
0x00007ff986200000 - 0x00007ff9862ad000 	C:\Windows\system32\KERNEL32.DLL
0x00007ff985580000 - 0x00007ff98575d000 	C:\Windows\system32\KERNELBASE.dll
0x00007ff988000000 - 0x00007ff9880a6000 	C:\Windows\system32\ADVAPI32.dll
0x00007ff9863b0000 - 0x00007ff98644d000 	C:\Windows\system32\msvcrt.dll
0x00007ff9885d0000 - 0x00007ff98862b000 	C:\Windows\system32\sechost.dll
0x00007ff986460000 - 0x00007ff986586000 	C:\Windows\system32\RPCRT4.dll
0x00007ff9880b0000 - 0x00007ff9881fe000 	C:\Windows\system32\USER32.dll
0x00007ff985df0000 - 0x00007ff985f75000 	C:\Windows\system32\GDI32.dll
0x00007ff97d660000 - 0x00007ff97d8d4000 	C:\Windows\WinSxS\amd64_microsoft.windows.common-controls_6595b64144ccf1df_6.0.10240.16384_none_f41f7b285750ef43\COMCTL32.dll
0x00007ff9886e0000 - 0x00007ff988716000 	C:\Windows\system32\IMM32.DLL
0x00007ff986590000 - 0x00007ff9866ec000 	C:\Windows\system32\MSCTF.dll
0x0000000063880000 - 0x0000000063952000 	C:\Program Files\Java\jdk1.8.0_66\jre\bin\msvcr100.dll
0x0000000062ff0000 - 0x0000000063879000 	C:\Program Files\Java\jdk1.8.0_66\jre\bin\server\jvm.dll
0x00007ff986450000 - 0x00007ff986458000 	C:\Windows\system32\PSAPI.DLL
0x00007ff978c60000 - 0x00007ff978c69000 	C:\Windows\SYSTEM32\WSOCK32.dll
0x00007ff988490000 - 0x00007ff9884f9000 	C:\Windows\system32\WS2_32.dll
0x00007ff988330000 - 0x00007ff988338000 	C:\Windows\system32\NSI.dll
0x00007ff983300000 - 0x00007ff983323000 	C:\Windows\SYSTEM32\WINMM.dll
0x00007ff9805d0000 - 0x00007ff9805da000 	C:\Windows\SYSTEM32\VERSION.dll
0x00007ff9832d0000 - 0x00007ff9832fc000 	C:\Windows\SYSTEM32\WINMMBASE.dll
0x00007ff985360000 - 0x00007ff9853a4000 	C:\Windows\system32\cfgmgr32.dll
0x00007ff983ac0000 - 0x00007ff983ae7000 	C:\Windows\SYSTEM32\DEVOBJ.dll
0x0000000062fe0000 - 0x0000000062fef000 	C:\Program Files\Java\jdk1.8.0_66\jre\bin\verify.dll
0x0000000062fb0000 - 0x0000000062fd9000 	C:\Program Files\Java\jdk1.8.0_66\jre\bin\java.dll
0x0000000062f90000 - 0x0000000062fa6000 	C:\Program Files\Java\jdk1.8.0_66\jre\bin\zip.dll
0x00007ff9868c0000 - 0x00007ff987de3000 	C:\Windows\system32\SHELL32.dll
0x00007ff9857c0000 - 0x00007ff985de9000 	C:\Windows\system32\windows.storage.dll
0x00007ff985f80000 - 0x00007ff9861fc000 	C:\Windows\system32\combase.dll
0x00007ff987fa0000 - 0x00007ff987ff1000 	C:\Windows\system32\shlwapi.dll
0x00007ff9851e0000 - 0x00007ff9851ef000 	C:\Windows\system32\kernel.appcore.dll
0x00007ff9852a0000 - 0x00007ff985353000 	C:\Windows\system32\shcore.dll
0x00007ff985170000 - 0x00007ff9851ba000 	C:\Windows\system32\powrprof.dll
0x00007ff985150000 - 0x00007ff985163000 	C:\Windows\system32\profapi.dll

VM Arguments:
jvm_args: -Djava.awt.headless=true -Xmx1024M -Dfile.encoding=windows-1252 -Duser.country=US -Duser.language=en -Duser.variant 
java_command: com.android.dx.command.Main --dex --force-jumbo --num-threads=4 --multi-dex --output E:\AndroidProjects\Fazt\app\build\intermediates\transforms\dex\debug\folders\1000\10\com.android.support-appcompat-v7-23.4.0_bee265a670c025be4a2a2946028955c98ee0842c E:\AndroidProjects\Fazt\app\build\intermediates\exploded-aar\com.android.support\appcompat-v7\23.4.0\jars\classes.jar
java_class_path (initial): E:\Android SDK\Android SDK\sdk\build-tools\23.0.3\lib\dx.jar
Launcher Type: SUN_STANDARD

Environment Variables:
PATH=E:\OracleSQL\DB\app\oracle\product\11.2.0\server\bin;;C:\Program Files (x86)\Intel\iCLS Client\;C:\Program Files\Intel\iCLS Client\;C:\Windows\system32;C:\Windows;C:\Windows\System32\Wbem;C:\Windows\System32\WindowsPowerShell\v1.0\;C:\Program Files\Intel\Intel(R) Management Engine Components\DAL;C:\Program Files (x86)\Intel\Intel(R) Management Engine Components\DAL;C:\Program Files\Intel\Intel(R) Management Engine Components\IPT;C:\Program Files (x86)\Intel\Intel(R) Management Engine Components\IPT;C:\Program Files (x86)\Windows Kits\8.1\Windows Performance Toolkit\;C:\Program Files\Microsoft SQL Server\110\Tools\Binn\;C:\Program Files (x86)\Microsoft SDKs\TypeScript\1.0\;C:\Program Files\Microsoft SQL Server\120\Tools\Binn\;E:\AMD\ATI.ACE\Core-Static;C:\Program Files (x86)\Common Files\lenovo\easyplussdk\bin;C:\Program Files (x86)\ATI Technologies\ATI.ACE\Core-Static;C:\Program Files\Java\jdk1.8.0_05\bin;C:\Program Files (x86)\Windows Kits\10\Windows Performance Toolkit\;E:\Node bin\;C:\Program Files\Microsoft SQL Server\110\DTS\Binn\;C:\Program Files (x86)\Microsoft SQL Server\110\Tools\Binn\;C:\Program Files (x86)\Microsoft SQL Server\110\Tools\Binn\ManagementStudio\;C:\Program Files (x86)\Microsoft Visual Studio 10.0\Common7\IDE\PrivateAssemblies\;C:\Program Files (x86)\Microsoft SQL Server\110\DTS\Binn\;C:\Program Files\Common Files\Autodesk Shared\;C:\Program Files (x86)\Autodesk\Backburner\;E:\Android SDK\Android SDK\android-tools;C:\Program Files\Java\jdk1.8.0_05\bin;E:\QT\5.5\msvc2013_64\bin;C:\Users\JEGAN'S BEAST\AppData\Roaming\npm;C:\Program Files (x86)\GnuWin32\bin;C:\Program Files\Java\jdk1.8.0_66\bin\javafxpackager.exe;C:\Users\JEGAN'S BEAST\AppData\Local\atom\bin;E:\SQLite DB;C:\Program Files\MongoDB\Server\3.2\bin;E:\NS;E:\Android SDK\Android SDK\android-tools;
USERNAME=JEGAN'S BEAST
OS=Windows_NT
PROCESSOR_IDENTIFIER=Intel64 Family 6 Model 60 Stepping 3, GenuineIntel



---------------  S Y S T E M  ---------------

OS: Windows 10.0 , 64 bit Build 10240 (10.0.10240.16384)

CPU:total 4 (4 cores per cpu, 1 threads per core) family 6 model 60 stepping 3, cmov, cx8, fxsr, mmx, sse, sse2, sse3, ssse3, sse4.1, sse4.2, popcnt, avx, avx2, aes, clmul, erms, lzcnt, tsc, tscinvbit, bmi1, bmi2

Memory: 4k page, physical 8247320k(2104160k free), swap 11824784k(6368k free)

vm_info: Java HotSpot(TM) 64-Bit Server VM (25.66-b18) for windows-amd64 JRE (1.8.0_66-b18), built on Nov  9 2015 10:51:13 by "java_re" with MS VC++ 10.0 (VS2010)

time: Fri Jun 17 21:48:15 2016
elapsed time: 2 seconds (0d 0h 0m 2s)

