#
# There is insufficient memory for the Java Runtime Environment to continue.
# Native memory allocation (malloc) failed to allocate 65552 bytes for Chunk::new
# Possible reasons:
#   The system is out of physical RAM or swap space
#   In 32 bit mode, the process size limit was hit
# Possible solutions:
#   Reduce memory load on the system
#   Increase physical memory or swap space
#   Check if swap backing store is full
#   Use 64 bit Java on a 64 bit OS
#   Decrease Java heap size (-Xmx/-Xms)
#   Decrease number of Java threads
#   Decrease Java thread stack sizes (-Xss)
#   Set larger code cache with -XX:ReservedCodeCacheSize=
# This output file may be truncated or incomplete.
#
#  Out of Memory Error (allocation.cpp:390), pid=7996, tid=9476
#
# JRE version: Java(TM) SE Runtime Environment (8.0_66-b18) (build 1.8.0_66-b18)
# Java VM: Java HotSpot(TM) 64-Bit Server VM (25.66-b18 mixed mode windows-amd64 compressed oops)
# Failed to write core dump. Minidumps are not enabled by default on client versions of Windows
#

---------------  T H R E A D  ---------------

Current thread (0x000000001564e000):  JavaThread "C2 CompilerThread0" daemon [_thread_in_native, id=9476, stack(0x0000000016c80000,0x0000000016d80000)]

Stack: [0x0000000016c80000,0x0000000016d80000]
[error occurred during error reporting (printing stack bounds), id 0xc0000005]

Native frames: (J=compiled Java code, j=interpreted, Vv=VM code, C=native code)


Current CompileTask:
C2:    692 1167       4       com.android.dx.ssa.Dominators::eval (29 bytes)


---------------  P R O C E S S  ---------------

Java Threads: ( => current thread )
  0x0000000018a85000 JavaThread "pool-1-thread-1" [_thread_new, id=8448, stack(0x0000000000000000,0x0000000000000000)]
  0x0000000016f86800 JavaThread "Service Thread" daemon [_thread_blocked, id=6944, stack(0x0000000017380000,0x0000000017480000)]
  0x00000000156ad800 JavaThread "C1 CompilerThread2" daemon [_thread_blocked, id=9824, stack(0x0000000016e80000,0x0000000016f80000)]
  0x00000000156aa800 JavaThread "C2 CompilerThread1" daemon [_thread_in_native, id=8284, stack(0x0000000016d80000,0x0000000016e80000)]
=>0x000000001564e000 JavaThread "C2 CompilerThread0" daemon [_thread_in_native, id=9476, stack(0x0000000016c80000,0x0000000016d80000)]
  0x000000001564c000 JavaThread "Attach Listener" daemon [_thread_blocked, id=8416, stack(0x0000000016b80000,0x0000000016c80000)]
  0x000000001564b800 JavaThread "Signal Dispatcher" daemon [_thread_blocked, id=7136, stack(0x0000000016a80000,0x0000000016b80000)]
  0x0000000002f71000 JavaThread "Finalizer" daemon [_thread_blocked, id=7064, stack(0x00000000168a0000,0x00000000169a0000)]
  0x0000000002f6e000 JavaThread "Reference Handler" daemon [_thread_blocked, id=5748, stack(0x00000000167a0000,0x00000000168a0000)]
  0x0000000002bbe800 JavaThread "main" [_thread_blocked, id=5712, stack(0x0000000002d80000,0x0000000002e80000)]

Other Threads:
  0x0000000015617800 VMThread [stack: 0x00000000166a0000,0x00000000167a0000] [id=2584]
  0x0000000016f9b800 WatcherThread [stack: 0x0000000017480000,0x0000000017580000] [id=8092]

VM state:not at safepoint (normal execution)

VM Mutex/Monitor currently owned by a thread: None

Heap:
 PSYoungGen      total 37888K, used 20773K [0x00000000eab00000, 0x00000000ed500000, 0x0000000100000000)
  eden space 32768K, 47% used [0x00000000eab00000,0x00000000eba4b840,0x00000000ecb00000)
  from space 5120K, 99% used [0x00000000ecb00000,0x00000000ecffdc88,0x00000000ed000000)
  to   space 5120K, 0% used [0x00000000ed000000,0x00000000ed000000,0x00000000ed500000)
 ParOldGen       total 86016K, used 1713K [0x00000000c0000000, 0x00000000c5400000, 0x00000000eab00000)
  object space 86016K, 1% used [0x00000000c0000000,0x00000000c01ac5a8,0x00000000c5400000)
 Metaspace       used 5961K, capacity 6896K, committed 7040K, reserved 1056768K
  class space    used 600K, capacity 616K, committed 640K, reserved 1048576K

Card table byte_map: [0x0000000012340000,0x0000000012550000] byte_map_base: 0x0000000011d40000

Marking Bits: (ParMarkBitMap*) 0x00000000637fa5b0
 Begin Bits: [0x0000000012ab0000, 0x0000000013ab0000)
 End Bits:   [0x0000000013ab0000, 0x0000000014ab0000)

Polling page: 0x0000000002b20000

CodeCache: size=245760Kb used=4748Kb max_used=4759Kb free=241011Kb
 bounds [0x0000000002f80000, 0x0000000003430000, 0x0000000011f80000]
 total_blobs=1474 nmethods=1205 adapters=182
 compilation: enabled

Compilation events (10 events):
Event: 0.672 Thread 0x000000001564e000 nmethod 1211% 0x000000000341ce10 code [0x000000000341cf60, 0x000000000341d178]
Event: 0.672 Thread 0x000000001564e000 1195       4       com.android.dx.ssa.SsaMethod::bitSetFromLabelList (47 bytes)
Event: 0.677 Thread 0x000000001564e000 nmethod 1195 0x000000000341c2d0 code [0x000000000341c440, 0x000000000341c8a8]
Event: 0.677 Thread 0x000000001564e000 1200       4       com.android.dx.ssa.SsaBasicBlock::forEachPhiInsn (54 bytes)
Event: 0.680 Thread 0x000000001564e000 nmethod 1200 0x000000000341dad0 code [0x000000000341dc60, 0x000000000341e0a8]
Event: 0.680 Thread 0x000000001564e000 1206       4       com.android.dx.rop.code.InsnList::set (7 bytes)
Event: 0.681 Thread 0x000000001564e000 nmethod 1206 0x000000000341e910 code [0x000000000341ea60, 0x000000000341eb78]
Event: 0.681 Thread 0x000000001564e000 1199       4       com.android.dx.ssa.SsaInsn::<init> (29 bytes)
Event: 0.681 Thread 0x000000001564e000 nmethod 1199 0x000000000341e650 code [0x000000000341e780, 0x000000000341e818]
Event: 0.681 Thread 0x000000001564e000 1167       4       com.android.dx.ssa.Dominators::eval (29 bytes)

GC Heap History (2 events):
Event: 0.538 GC heap before
{Heap before GC invocations=1 (full 0):
 PSYoungGen      total 37888K, used 32768K [0x00000000eab00000, 0x00000000ed500000, 0x0000000100000000)
  eden space 32768K, 100% used [0x00000000eab00000,0x00000000ecb00000,0x00000000ecb00000)
  from space 5120K, 0% used [0x00000000ed000000,0x00000000ed000000,0x00000000ed500000)
  to   space 5120K, 0% used [0x00000000ecb00000,0x00000000ecb00000,0x00000000ed000000)
 ParOldGen       total 86016K, used 0K [0x00000000c0000000, 0x00000000c5400000, 0x00000000eab00000)
  object space 86016K, 0% used [0x00000000c0000000,0x00000000c0000000,0x00000000c5400000)
 Metaspace       used 5835K, capacity 6832K, committed 7040K, reserved 1056768K
  class space    used 594K, capacity 616K, committed 640K, reserved 1048576K
Event: 0.543 GC heap after
Heap after GC invocations=1 (full 0):
 PSYoungGen      total 37888K, used 5111K [0x00000000eab00000, 0x00000000ed500000, 0x0000000100000000)
  eden space 32768K, 0% used [0x00000000eab00000,0x00000000eab00000,0x00000000ecb00000)
  from space 5120K, 99% used [0x00000000ecb00000,0x00000000ecffdc88,0x00000000ed000000)
  to   space 5120K, 0% used [0x00000000ed000000,0x00000000ed000000,0x00000000ed500000)
 ParOldGen       total 86016K, used 1713K [0x00000000c0000000, 0x00000000c5400000, 0x00000000eab00000)
  object space 86016K, 1% used [0x00000000c0000000,0x00000000c01ac5a8,0x00000000c5400000)
 Metaspace       used 5835K, capacity 6832K, committed 7040K, reserved 1056768K
  class space    used 594K, capacity 616K, committed 640K, reserved 1048576K
}

Deoptimization events (10 events):
Event: 0.494 Thread 0x00000000171bb800 Uncommon trap: reason=unstable_if action=reinterpret pc=0x0000000003336250 method=com.android.dx.ssa.NormalSsaInsn.getLocalAssignment()Lcom/android/dx/rop/code/RegisterSpec; @ 12
Event: 0.494 Thread 0x00000000171bb800 Uncommon trap: reason=unstable_if action=reinterpret pc=0x000000000329c9f0 method=com.android.dx.ssa.NormalSsaInsn.getLocalAssignment()Lcom/android/dx/rop/code/RegisterSpec; @ 12
Event: 0.495 Thread 0x00000000171bb800 Uncommon trap: reason=class_check action=maybe_recompile pc=0x000000000333125c method=com.android.dx.ssa.back.LivenessAnalyzer.liveOutAtStatement()V @ 14
Event: 0.495 Thread 0x00000000171bb800 Uncommon trap: reason=class_check action=maybe_recompile pc=0x000000000333125c method=com.android.dx.ssa.back.LivenessAnalyzer.liveOutAtStatement()V @ 14
Event: 0.495 Thread 0x00000000171bb800 Uncommon trap: reason=class_check action=maybe_recompile pc=0x000000000333125c method=com.android.dx.ssa.back.LivenessAnalyzer.liveOutAtStatement()V @ 14
Event: 0.495 Thread 0x00000000171bb800 Uncommon trap: reason=class_check action=maybe_recompile pc=0x000000000333125c method=com.android.dx.ssa.back.LivenessAnalyzer.liveOutAtStatement()V @ 14
Event: 0.500 Thread 0x00000000171bb800 Uncommon trap: reason=class_check action=maybe_recompile pc=0x0000000003301a40 method=com.android.dx.ssa.back.LivenessAnalyzer.liveOutAtStatement()V @ 14
Event: 0.558 Thread 0x00000000171bc000 Uncommon trap: reason=unstable_if action=reinterpret pc=0x000000000331a638 method=com.android.dx.cf.code.Ropper.labelToResultIndex(I)I @ 34
Event: 0.559 Thread 0x00000000171bc000 Uncommon trap: reason=unstable_if action=reinterpret pc=0x0000000003399ea8 method=com.android.dx.util.LabeledList.set(ILcom/android/dx/util/LabeledItem;)V @ 16
Event: 0.579 Thread 0x00000000171bb800 Uncommon trap: reason=unstable_if action=reinterpret pc=0x0000000003372d5c method=com.android.dx.ssa.SsaMethod.updateOneDefinition(Lcom/android/dx/ssa/SsaInsn;Lcom/android/dx/rop/code/RegisterSpec;)V @ 4

Internal exceptions (3 events):
Event: 0.028 Thread 0x0000000002bbe800 Exception <a 'java/lang/NoSuchMethodError': Method sun.misc.Unsafe.defineClass(Ljava/lang/String;[BII)Ljava/lang/Class; name or signature does not match> (0x00000000eab0df00) thrown at [C:\re\workspace\8-2-build-windows-amd64-cygwin\jdk8u66\5298\hotspot\srëš¹Ï¸œ?
Event: 0.028 Thread 0x0000000002bbe800 Exception <a 'java/lang/NoSuchMethodError': Method sun.misc.Unsafe.prefetchRead(Ljava/lang/Object;J)V name or signature does not match> (0x00000000eab0e1e8) thrown at [C:\re\workspace\8-2-build-windows-amd64-cygwin\jdk8u66\5298\hotspot\src\share\vm\prims\j”E%PpÚ?
Event: 0.413 Thread 0x0000000017124800 Implicit null exception at 0x000000000324c5fd to 0x000000000324e271

Events (10 events):
Event: 0.589 Thread 0x0000000017124800 Thread exited: 0x0000000017124800
Event: 0.589 Thread 0x00000000171bb800 Thread exited: 0x00000000171bb800
Event: 0.637 Thread 0x00000000171bc000 Thread exited: 0x00000000171bc000
Event: 0.638 Thread 0x0000000017132000 DEOPT PACKING pc=0x000000000334c01b sp=0x000000001787e4d0
Event: 0.638 Thread 0x0000000017132000 DEOPT UNPACKING pc=0x0000000002fc787f sp=0x000000001787e268 mode 0
Event: 0.643 Thread 0x0000000017125000 Thread exited: 0x0000000017125000
Event: 0.643 loading class com/android/dx/command/dexer/Main$DexWriter
Event: 0.643 loading class com/android/dx/command/dexer/Main$DexWriter done
Event: 0.643 Thread 0x0000000018a85000 Thread added: 0x0000000018a85000
Event: 0.643 Thread 0x0000000017132000 Thread exited: 0x0000000017132000


Dynamic libraries:
0x00007ff7808e0000 - 0x00007ff780917000 	C:\Program Files\Java\jdk1.8.0_66\bin\java.exe
0x00007ff988720000 - 0x00007ff9888e2000 	C:\Windows\SYSTEM32\ntdll.dll
0x00007ff986200000 - 0x00007ff9862ad000 	C:\Windows\system32\KERNEL32.DLL
0x00007ff985580000 - 0x00007ff98575d000 	C:\Windows\system32\KERNELBASE.dll
0x00007ff988000000 - 0x00007ff9880a6000 	C:\Windows\system32\ADVAPI32.dll
0x00007ff9863b0000 - 0x00007ff98644d000 	C:\Windows\system32\msvcrt.dll
0x00007ff9885d0000 - 0x00007ff98862b000 	C:\Windows\system32\sechost.dll
0x00007ff986460000 - 0x00007ff986586000 	C:\Windows\system32\RPCRT4.dll
0x00007ff9880b0000 - 0x00007ff9881fe000 	C:\Windows\system32\USER32.dll
0x00007ff985df0000 - 0x00007ff985f75000 	C:\Windows\system32\GDI32.dll
0x00007ff97d660000 - 0x00007ff97d8d4000 	C:\Windows\WinSxS\amd64_microsoft.windows.common-controls_6595b64144ccf1df_6.0.10240.16384_none_f41f7b285750ef43\COMCTL32.dll
0x00007ff9886e0000 - 0x00007ff988716000 	C:\Windows\system32\IMM32.DLL
0x00007ff986590000 - 0x00007ff9866ec000 	C:\Windows\system32\MSCTF.dll
0x0000000063880000 - 0x0000000063952000 	C:\Program Files\Java\jdk1.8.0_66\jre\bin\msvcr100.dll
0x0000000062ff0000 - 0x0000000063879000 	C:\Program Files\Java\jdk1.8.0_66\jre\bin\server\jvm.dll
0x00007ff986450000 - 0x00007ff986458000 	C:\Windows\system32\PSAPI.DLL
0x00007ff978c60000 - 0x00007ff978c69000 	C:\Windows\SYSTEM32\WSOCK32.dll
0x00007ff983300000 - 0x00007ff983323000 	C:\Windows\SYSTEM32\WINMM.dll
0x00007ff988490000 - 0x00007ff9884f9000 	C:\Windows\system32\WS2_32.dll
0x00007ff988330000 - 0x00007ff988338000 	C:\Windows\system32\NSI.dll
0x00007ff9805d0000 - 0x00007ff9805da000 	C:\Windows\SYSTEM32\VERSION.dll
0x00007ff9832d0000 - 0x00007ff9832fc000 	C:\Windows\SYSTEM32\WINMMBASE.dll
0x00007ff985360000 - 0x00007ff9853a4000 	C:\Windows\system32\cfgmgr32.dll
0x00007ff983ac0000 - 0x00007ff983ae7000 	C:\Windows\SYSTEM32\DEVOBJ.dll
0x0000000062fe0000 - 0x0000000062fef000 	C:\Program Files\Java\jdk1.8.0_66\jre\bin\verify.dll
0x0000000062fb0000 - 0x0000000062fd9000 	C:\Program Files\Java\jdk1.8.0_66\jre\bin\java.dll
0x0000000062f90000 - 0x0000000062fa6000 	C:\Program Files\Java\jdk1.8.0_66\jre\bin\zip.dll
0x00007ff9868c0000 - 0x00007ff987de3000 	C:\Windows\system32\SHELL32.dll
0x00007ff9857c0000 - 0x00007ff985de9000 	C:\Windows\system32\windows.storage.dll
0x00007ff985f80000 - 0x00007ff9861fc000 	C:\Windows\system32\combase.dll
0x00007ff987fa0000 - 0x00007ff987ff1000 	C:\Windows\system32\shlwapi.dll
0x00007ff9851e0000 - 0x00007ff9851ef000 	C:\Windows\system32\kernel.appcore.dll
0x00007ff9852a0000 - 0x00007ff985353000 	C:\Windows\system32\shcore.dll
0x00007ff985170000 - 0x00007ff9851ba000 	C:\Windows\system32\powrprof.dll
0x00007ff985150000 - 0x00007ff985163000 	C:\Windows\system32\profapi.dll

VM Arguments:
jvm_args: -Djava.awt.headless=true -Xmx1024M -Dfile.encoding=windows-1252 -Duser.country=US -Duser.language=en -Duser.variant 
java_command: com.android.dx.command.Main --dex --force-jumbo --num-threads=4 --multi-dex --output E:\AndroidProjects\Fazt\app\build\intermediates\transforms\dex\debug\folders\1000\10\com.mikepenz-materialize-0.8.8_ae56b92978e355c7a44c354974ff79a66e58977b E:\AndroidProjects\Fazt\app\build\intermediates\exploded-aar\com.mikepenz\materialize\0.8.8\jars\classes.jar
java_class_path (initial): E:\Android SDK\Android SDK\sdk\build-tools\23.0.3\lib\dx.jar
Launcher Type: SUN_STANDARD

Environment Variables:
PATH=E:\OracleSQL\DB\app\oracle\product\11.2.0\server\bin;;C:\Program Files (x86)\Intel\iCLS Client\;C:\Program Files\Intel\iCLS Client\;C:\Windows\system32;C:\Windows;C:\Windows\System32\Wbem;C:\Windows\System32\WindowsPowerShell\v1.0\;C:\Program Files\Intel\Intel(R) Management Engine Components\DAL;C:\Program Files (x86)\Intel\Intel(R) Management Engine Components\DAL;C:\Program Files\Intel\Intel(R) Management Engine Components\IPT;C:\Program Files (x86)\Intel\Intel(R) Management Engine Components\IPT;C:\Program Files (x86)\Windows Kits\8.1\Windows Performance Toolkit\;C:\Program Files\Microsoft SQL Server\110\Tools\Binn\;C:\Program Files (x86)\Microsoft SDKs\TypeScript\1.0\;C:\Program Files\Microsoft SQL Server\120\Tools\Binn\;E:\AMD\ATI.ACE\Core-Static;C:\Program Files (x86)\Common Files\lenovo\easyplussdk\bin;C:\Program Files (x86)\ATI Technologies\ATI.ACE\Core-Static;C:\Program Files\Java\jdk1.8.0_05\bin;C:\Program Files (x86)\Windows Kits\10\Windows Performance Toolkit\;E:\Node bin\;C:\Program Files\Microsoft SQL Server\110\DTS\Binn\;C:\Program Files (x86)\Microsoft SQL Server\110\Tools\Binn\;C:\Program Files (x86)\Microsoft SQL Server\110\Tools\Binn\ManagementStudio\;C:\Program Files (x86)\Microsoft Visual Studio 10.0\Common7\IDE\PrivateAssemblies\;C:\Program Files (x86)\Microsoft SQL Server\110\DTS\Binn\;C:\Program Files\Common Files\Autodesk Shared\;C:\Program Files (x86)\Autodesk\Backburner\;E:\Android SDK\Android SDK\android-tools;C:\Program Files\Java\jdk1.8.0_05\bin;E:\QT\5.5\msvc2013_64\bin;C:\Users\JEGAN'S BEAST\AppData\Roaming\npm;C:\Program Files (x86)\GnuWin32\bin;C:\Program Files\Java\jdk1.8.0_66\bin\javafxpackager.exe;C:\Users\JEGAN'S BEAST\AppData\Local\atom\bin;E:\SQLite DB;C:\Program Files\MongoDB\Server\3.2\bin;E:\NS;E:\Android SDK\Android SDK\android-tools;
USERNAME=JEGAN'S BEAST
OS=Windows_NT
PROCESSOR_IDENTIFIER=Intel64 Family 6 Model 60 Stepping 3, GenuineIntel



---------------  S Y S T E M  ---------------

OS: Windows 10.0 , 64 bit Build 10240 (10.0.10240.16384)

CPU:total 4 (4 cores per cpu, 1 threads per core) family 6 model 60 stepping 3, cmov, cx8, fxsr, mmx, sse, sse2, sse3, ssse3, sse4.1, sse4.2, popcnt, avx, avx2, aes, clmul, erms, lzcnt, tsc, tscinvbit, bmi1, bmi2

Memory: 4k page, physical 8247320k(2068136k free), swap 11824784k(4108k free)

vm_info: Java HotSpot(TM) 64-Bit Server VM (25.66-b18) for windows-amd64 JRE (1.8.0_66-b18), built on Nov  9 2015 10:51:13 by "java_re" with MS VC++ 10.0 (VS2010)

time: Fri Jun 17 21:56:02 2016
elapsed time: 0 seconds (0d 0h 0m 0s)

