#
# There is insufficient memory for the Java Runtime Environment to continue.
# Native memory allocation (malloc) failed to allocate 1615936 bytes for Chunk::new
# Possible reasons:
#   The system is out of physical RAM or swap space
#   In 32 bit mode, the process size limit was hit
# Possible solutions:
#   Reduce memory load on the system
#   Increase physical memory or swap space
#   Check if swap backing store is full
#   Use 64 bit Java on a 64 bit OS
#   Decrease Java heap size (-Xmx/-Xms)
#   Decrease number of Java threads
#   Decrease Java thread stack sizes (-Xss)
#   Set larger code cache with -XX:ReservedCodeCacheSize=
# This output file may be truncated or incomplete.
#
#  Out of Memory Error (allocation.cpp:390), pid=7708, tid=3304
#
# JRE version: Java(TM) SE Runtime Environment (8.0_66-b18) (build 1.8.0_66-b18)
# Java VM: Java HotSpot(TM) 64-Bit Server VM (25.66-b18 mixed mode windows-amd64 compressed oops)
# Failed to write core dump. Minidumps are not enabled by default on client versions of Windows
#

---------------  T H R E A D  ---------------

Current thread (0x000000001502e000):  JavaThread "C2 CompilerThread0" daemon [_thread_in_native, id=3304, stack(0x0000000016660000,0x0000000016760000)]

Stack: [0x0000000016660000,0x0000000016760000]
[error occurred during error reporting (printing stack bounds), id 0xc0000005]

Native frames: (J=compiled Java code, j=interpreted, Vv=VM code, C=native code)


Current CompileTask:
C2:    671  737   !   4       com.android.dx.cf.code.BytecodeArray::parseInstruction (2764 bytes)


---------------  P R O C E S S  ---------------

Java Threads: ( => current thread )
  0x0000000016bed000 JavaThread "pool-2-thread-3" [_thread_in_vm, id=9556, stack(0x0000000017260000,0x0000000017360000)]
  0x0000000016aca800 JavaThread "pool-3-thread-1" [_thread_blocked, id=2848, stack(0x0000000017060000,0x0000000017160000)]
  0x0000000016996800 JavaThread "Service Thread" daemon [_thread_blocked, id=7380, stack(0x0000000016d60000,0x0000000016e60000)]
  0x0000000015082000 JavaThread "C1 CompilerThread2" daemon [_thread_blocked, id=7624, stack(0x0000000016860000,0x0000000016960000)]
  0x0000000015031000 JavaThread "C2 CompilerThread1" daemon [_thread_in_native, id=9856, stack(0x0000000016760000,0x0000000016860000)]
=>0x000000001502e000 JavaThread "C2 CompilerThread0" daemon [_thread_in_native, id=3304, stack(0x0000000016660000,0x0000000016760000)]
  0x000000001502c000 JavaThread "Attach Listener" daemon [_thread_blocked, id=4848, stack(0x0000000016560000,0x0000000016660000)]
  0x000000001502a800 JavaThread "Signal Dispatcher" daemon [_thread_blocked, id=6412, stack(0x0000000016460000,0x0000000016560000)]
  0x0000000002871000 JavaThread "Finalizer" daemon [_thread_blocked, id=4344, stack(0x0000000016280000,0x0000000016380000)]
  0x000000000286e000 JavaThread "Reference Handler" daemon [_thread_blocked, id=2448, stack(0x0000000016180000,0x0000000016280000)]
  0x0000000000f4e800 JavaThread "main" [_thread_blocked, id=5412, stack(0x0000000000f50000,0x0000000001050000)]

Other Threads:
  0x0000000014ff7800 VMThread [stack: 0x0000000016080000,0x0000000016180000] [id=4140]
  0x000000001699b800 WatcherThread [stack: 0x0000000016e60000,0x0000000016f60000] [id=5632]

VM state:not at safepoint (normal execution)

VM Mutex/Monitor currently owned by a thread: None

Heap:
 PSYoungGen      total 37888K, used 16274K [0x00000000eab00000, 0x00000000ed500000, 0x0000000100000000)
  eden space 32768K, 49% used [0x00000000eab00000,0x00000000ebae4848,0x00000000ecb00000)
  from space 5120K, 0% used [0x00000000ed000000,0x00000000ed000000,0x00000000ed500000)
  to   space 5120K, 0% used [0x00000000ecb00000,0x00000000ecb00000,0x00000000ed000000)
 ParOldGen       total 86016K, used 0K [0x00000000c0000000, 0x00000000c5400000, 0x00000000eab00000)
  object space 86016K, 0% used [0x00000000c0000000,0x00000000c0000000,0x00000000c5400000)
 Metaspace       used 5639K, capacity 6640K, committed 6784K, reserved 1056768K
  class space    used 593K, capacity 616K, committed 640K, reserved 1048576K

Card table byte_map: [0x0000000011d20000,0x0000000011f30000] byte_map_base: 0x0000000011720000

Marking Bits: (ParMarkBitMap*) 0x00000000637fa5b0
 Begin Bits: [0x0000000012490000, 0x0000000013490000)
 End Bits:   [0x0000000013490000, 0x0000000014490000)

Polling page: 0x0000000000f20000

CodeCache: size=245760Kb used=3202Kb max_used=3216Kb free=242557Kb
 bounds [0x0000000002960000, 0x0000000002c90000, 0x0000000011960000]
 total_blobs=1020 nmethods=751 adapters=182
 compilation: enabled

Compilation events (10 events):
Event: 0.641 Thread 0x0000000015031000 nmethod 748 0x0000000002c68050 code [0x0000000002c68180, 0x0000000002c68238]
Event: 0.641 Thread 0x0000000015031000  749       4       com.android.dx.cf.code.ExecutionStack::peek (42 bytes)
Event: 0.642 Thread 0x0000000015031000 nmethod 749 0x0000000002c69ad0 code [0x0000000002c69c20, 0x0000000002c69cf8]
Event: 0.642 Thread 0x0000000015031000  750       4       com.android.dx.rop.code.SourcePosition::<init> (50 bytes)
Event: 0.642 Thread 0x0000000015031000 nmethod 750 0x0000000002c69850 code [0x0000000002c69980, 0x0000000002c69a38]
Event: 0.642 Thread 0x0000000015031000  751       4       com.android.dx.cf.code.BaseMachine::getLocalTarget (151 bytes)
Event: 0.644 Thread 0x0000000015031000 nmethod 751 0x0000000002c72d50 code [0x0000000002c72ee0, 0x0000000002c73130]
Event: 0.644 Thread 0x0000000015031000  752       4       com.android.dx.cf.code.RopperMachine::getSources (264 bytes)
Event: 0.652 Thread 0x0000000015031000 nmethod 752 0x0000000002c73550 code [0x0000000002c73760, 0x0000000002c74080]
Event: 0.652 Thread 0x0000000015031000  753   !   4       com.android.dx.cf.code.RopperMachine::run (1550 bytes)

GC Heap History (0 events):
No events

Deoptimization events (10 events):
Event: 0.458 Thread 0x0000000016adb800 Uncommon trap: reason=speculate_class_check action=maybe_recompile pc=0x0000000002bdbd0c method=com.android.dx.rop.cst.Constant.compareTo(Lcom/android/dx/rop/cst/Constant;)I @ 29
Event: 0.458 Thread 0x0000000016adb800 Uncommon trap: reason=speculate_class_check action=maybe_recompile pc=0x0000000002bdbd0c method=com.android.dx.rop.cst.Constant.compareTo(Lcom/android/dx/rop/cst/Constant;)I @ 29
Event: 0.458 Thread 0x0000000016adb800 Uncommon trap: reason=speculate_class_check action=maybe_recompile pc=0x0000000002bdbd0c method=com.android.dx.rop.cst.Constant.compareTo(Lcom/android/dx/rop/cst/Constant;)I @ 29
Event: 0.458 Thread 0x0000000016adb800 Uncommon trap: reason=speculate_class_check action=maybe_recompile pc=0x0000000002bdbd0c method=com.android.dx.rop.cst.Constant.compareTo(Lcom/android/dx/rop/cst/Constant;)I @ 29
Event: 0.467 Thread 0x0000000016adb800 Uncommon trap: reason=unstable_if action=reinterpret pc=0x0000000002bb38f8 method=com.android.dx.cf.code.Ropper.labelToResultIndex(I)I @ 34
Event: 0.467 Thread 0x0000000016adb800 Uncommon trap: reason=unstable_if action=reinterpret pc=0x0000000002bd91e8 method=java.util.HashMap.getNode(ILjava/lang/Object;)Ljava/util/HashMap$Node; @ 129
Event: 0.593 Thread 0x0000000016bed000 Uncommon trap: reason=class_check action=maybe_recompile pc=0x0000000002c798ec method=com.android.dx.cf.code.BytecodeArray.parseInstruction(ILcom/android/dx/cf/code/BytecodeArray$Visitor;)I @ 1161
Event: 0.593 Thread 0x0000000016bed000 Uncommon trap: reason=class_check action=maybe_recompile pc=0x0000000002c7c220 method=com.android.dx.cf.code.BytecodeArray.parseInstruction(ILcom/android/dx/cf/code/BytecodeArray$Visitor;)I @ 1287
Event: 0.593 Thread 0x0000000016bed000 Uncommon trap: reason=class_check action=maybe_recompile pc=0x0000000002c7c220 method=com.android.dx.cf.code.BytecodeArray.parseInstruction(ILcom/android/dx/cf/code/BytecodeArray$Visitor;)I @ 1287
Event: 0.593 Thread 0x0000000016bed000 Uncommon trap: reason=class_check action=maybe_recompile pc=0x0000000002c798ec method=com.android.dx.cf.code.BytecodeArray.parseInstruction(ILcom/android/dx/cf/code/BytecodeArray$Visitor;)I @ 1161

Internal exceptions (2 events):
Event: 0.029 Thread 0x0000000000f4e800 Exception <a 'java/lang/NoSuchMethodError': Method sun.misc.Unsafe.defineClass(Ljava/lang/String;[BII)Ljava/lang/Class; name or signature does not match> (0x00000000eab0df28) thrown at [C:\re\workspace\8-2-build-windows-amd64-cygwin\jdk8u66\5298\hotspot\sr±¹c: ž?
Event: 0.029 Thread 0x0000000000f4e800 Exception <a 'java/lang/NoSuchMethodError': Method sun.misc.Unsafe.prefetchRead(Ljava/lang/Object;J)V name or signature does not match> (0x00000000eab0e210) thrown at [C:\re\workspace\8-2-build-windows-amd64-cygwin\jdk8u66\5298\hotspot\src\share\vm\prims\j

Events (10 events):
Event: 0.593 Thread 0x0000000016bed000 DEOPT UNPACKING pc=0x00000000029a582a sp=0x000000001735e860 mode 2
Event: 0.593 Thread 0x0000000016bed000 Uncommon trap: trap_request=0xffffffde fr.pc=0x0000000002c7c220
Event: 0.593 Thread 0x0000000016bed000 DEOPT PACKING pc=0x0000000002c7c220 sp=0x000000001735e900
Event: 0.593 Thread 0x0000000016bed000 DEOPT UNPACKING pc=0x00000000029a582a sp=0x000000001735e860 mode 2
Event: 0.593 Thread 0x0000000016bed000 Uncommon trap: trap_request=0xffffffde fr.pc=0x0000000002c7c220
Event: 0.593 Thread 0x0000000016bed000 DEOPT PACKING pc=0x0000000002c7c220 sp=0x000000001735e900
Event: 0.593 Thread 0x0000000016bed000 DEOPT UNPACKING pc=0x00000000029a582a sp=0x000000001735e860 mode 2
Event: 0.593 Thread 0x0000000016bed000 Uncommon trap: trap_request=0xffffffde fr.pc=0x0000000002c798ec
Event: 0.593 Thread 0x0000000016bed000 DEOPT PACKING pc=0x0000000002c798ec sp=0x000000001735e900
Event: 0.593 Thread 0x0000000016bed000 DEOPT UNPACKING pc=0x00000000029a582a sp=0x000000001735e860 mode 2


Dynamic libraries:
0x00007ff7808e0000 - 0x00007ff780917000 	C:\Program Files\Java\jdk1.8.0_66\bin\java.exe
0x00007ff988720000 - 0x00007ff9888e2000 	C:\Windows\SYSTEM32\ntdll.dll
0x00007ff986200000 - 0x00007ff9862ad000 	C:\Windows\system32\KERNEL32.DLL
0x00007ff985580000 - 0x00007ff98575d000 	C:\Windows\system32\KERNELBASE.dll
0x00007ff988000000 - 0x00007ff9880a6000 	C:\Windows\system32\ADVAPI32.dll
0x00007ff9863b0000 - 0x00007ff98644d000 	C:\Windows\system32\msvcrt.dll
0x00007ff9885d0000 - 0x00007ff98862b000 	C:\Windows\system32\sechost.dll
0x00007ff986460000 - 0x00007ff986586000 	C:\Windows\system32\RPCRT4.dll
0x00007ff9880b0000 - 0x00007ff9881fe000 	C:\Windows\system32\USER32.dll
0x00007ff985df0000 - 0x00007ff985f75000 	C:\Windows\system32\GDI32.dll
0x00007ff97d660000 - 0x00007ff97d8d4000 	C:\Windows\WinSxS\amd64_microsoft.windows.common-controls_6595b64144ccf1df_6.0.10240.16384_none_f41f7b285750ef43\COMCTL32.dll
0x00007ff9886e0000 - 0x00007ff988716000 	C:\Windows\system32\IMM32.DLL
0x00007ff986590000 - 0x00007ff9866ec000 	C:\Windows\system32\MSCTF.dll
0x0000000063880000 - 0x0000000063952000 	C:\Program Files\Java\jdk1.8.0_66\jre\bin\msvcr100.dll
0x0000000062ff0000 - 0x0000000063879000 	C:\Program Files\Java\jdk1.8.0_66\jre\bin\server\jvm.dll
0x00007ff986450000 - 0x00007ff986458000 	C:\Windows\system32\PSAPI.DLL
0x00007ff978c60000 - 0x00007ff978c69000 	C:\Windows\SYSTEM32\WSOCK32.dll
0x00007ff983300000 - 0x00007ff983323000 	C:\Windows\SYSTEM32\WINMM.dll
0x00007ff988490000 - 0x00007ff9884f9000 	C:\Windows\system32\WS2_32.dll
0x00007ff988330000 - 0x00007ff988338000 	C:\Windows\system32\NSI.dll
0x00007ff9805d0000 - 0x00007ff9805da000 	C:\Windows\SYSTEM32\VERSION.dll
0x00007ff9832d0000 - 0x00007ff9832fc000 	C:\Windows\SYSTEM32\WINMMBASE.dll
0x00007ff985360000 - 0x00007ff9853a4000 	C:\Windows\system32\cfgmgr32.dll
0x00007ff983ac0000 - 0x00007ff983ae7000 	C:\Windows\SYSTEM32\DEVOBJ.dll
0x0000000062fe0000 - 0x0000000062fef000 	C:\Program Files\Java\jdk1.8.0_66\jre\bin\verify.dll
0x0000000062fb0000 - 0x0000000062fd9000 	C:\Program Files\Java\jdk1.8.0_66\jre\bin\java.dll
0x0000000062f90000 - 0x0000000062fa6000 	C:\Program Files\Java\jdk1.8.0_66\jre\bin\zip.dll
0x00007ff9868c0000 - 0x00007ff987de3000 	C:\Windows\system32\SHELL32.dll
0x00007ff9857c0000 - 0x00007ff985de9000 	C:\Windows\system32\windows.storage.dll
0x00007ff985f80000 - 0x00007ff9861fc000 	C:\Windows\system32\combase.dll
0x00007ff987fa0000 - 0x00007ff987ff1000 	C:\Windows\system32\shlwapi.dll
0x00007ff9851e0000 - 0x00007ff9851ef000 	C:\Windows\system32\kernel.appcore.dll
0x00007ff9852a0000 - 0x00007ff985353000 	C:\Windows\system32\shcore.dll
0x00007ff985170000 - 0x00007ff9851ba000 	C:\Windows\system32\powrprof.dll
0x00007ff985150000 - 0x00007ff985163000 	C:\Windows\system32\profapi.dll

VM Arguments:
jvm_args: -Djava.awt.headless=true -Xmx1024M -Dfile.encoding=windows-1252 -Duser.country=US -Duser.language=en -Duser.variant 
java_command: com.android.dx.command.Main --dex --force-jumbo --num-threads=4 --multi-dex --output E:\AndroidProjects\Fazt\app\build\intermediates\transforms\dex\debug\folders\1000\10\com.mikepenz-fontawesome-typeface-4.6.0.1_c295f02e3f26371a9862b8e3da614bdd67ff3d99 E:\AndroidProjects\Fazt\app\build\intermediates\exploded-aar\com.mikepenz\fontawesome-typeface\4.6.0.1\jars\classes.jar
java_class_path (initial): E:\Android SDK\Android SDK\sdk\build-tools\23.0.3\lib\dx.jar
Launcher Type: SUN_STANDARD

Environment Variables:
PATH=E:\OracleSQL\DB\app\oracle\product\11.2.0\server\bin;;C:\Program Files (x86)\Intel\iCLS Client\;C:\Program Files\Intel\iCLS Client\;C:\Windows\system32;C:\Windows;C:\Windows\System32\Wbem;C:\Windows\System32\WindowsPowerShell\v1.0\;C:\Program Files\Intel\Intel(R) Management Engine Components\DAL;C:\Program Files (x86)\Intel\Intel(R) Management Engine Components\DAL;C:\Program Files\Intel\Intel(R) Management Engine Components\IPT;C:\Program Files (x86)\Intel\Intel(R) Management Engine Components\IPT;C:\Program Files (x86)\Windows Kits\8.1\Windows Performance Toolkit\;C:\Program Files\Microsoft SQL Server\110\Tools\Binn\;C:\Program Files (x86)\Microsoft SDKs\TypeScript\1.0\;C:\Program Files\Microsoft SQL Server\120\Tools\Binn\;E:\AMD\ATI.ACE\Core-Static;C:\Program Files (x86)\Common Files\lenovo\easyplussdk\bin;C:\Program Files (x86)\ATI Technologies\ATI.ACE\Core-Static;C:\Program Files\Java\jdk1.8.0_05\bin;C:\Program Files (x86)\Windows Kits\10\Windows Performance Toolkit\;E:\Node bin\;C:\Program Files\Microsoft SQL Server\110\DTS\Binn\;C:\Program Files (x86)\Microsoft SQL Server\110\Tools\Binn\;C:\Program Files (x86)\Microsoft SQL Server\110\Tools\Binn\ManagementStudio\;C:\Program Files (x86)\Microsoft Visual Studio 10.0\Common7\IDE\PrivateAssemblies\;C:\Program Files (x86)\Microsoft SQL Server\110\DTS\Binn\;C:\Program Files\Common Files\Autodesk Shared\;C:\Program Files (x86)\Autodesk\Backburner\;E:\Android SDK\Android SDK\android-tools;C:\Program Files\Java\jdk1.8.0_05\bin;E:\QT\5.5\msvc2013_64\bin;C:\Users\JEGAN'S BEAST\AppData\Roaming\npm;C:\Program Files (x86)\GnuWin32\bin;C:\Program Files\Java\jdk1.8.0_66\bin\javafxpackager.exe;C:\Users\JEGAN'S BEAST\AppData\Local\atom\bin;E:\SQLite DB;C:\Program Files\MongoDB\Server\3.2\bin;E:\NS;E:\Android SDK\Android SDK\android-tools;
USERNAME=JEGAN'S BEAST
OS=Windows_NT
PROCESSOR_IDENTIFIER=Intel64 Family 6 Model 60 Stepping 3, GenuineIntel



---------------  S Y S T E M  ---------------

OS: Windows 10.0 , 64 bit Build 10240 (10.0.10240.16384)

CPU:total 4 (4 cores per cpu, 1 threads per core) family 6 model 60 stepping 3, cmov, cx8, fxsr, mmx, sse, sse2, sse3, ssse3, sse4.1, sse4.2, popcnt, avx, avx2, aes, clmul, erms, lzcnt, tsc, tscinvbit, bmi1, bmi2

Memory: 4k page, physical 8247320k(2110628k free), swap 11824784k(6208k free)

vm_info: Java HotSpot(TM) 64-Bit Server VM (25.66-b18) for windows-amd64 JRE (1.8.0_66-b18), built on Nov  9 2015 10:51:13 by "java_re" with MS VC++ 10.0 (VS2010)

time: Fri Jun 17 21:50:41 2016
elapsed time: 0 seconds (0d 0h 0m 0s)

