#
# There is insufficient memory for the Java Runtime Environment to continue.
# Native memory allocation (malloc) failed to allocate 45776 bytes for Chunk::new
# Possible reasons:
#   The system is out of physical RAM or swap space
#   In 32 bit mode, the process size limit was hit
# Possible solutions:
#   Reduce memory load on the system
#   Increase physical memory or swap space
#   Check if swap backing store is full
#   Use 64 bit Java on a 64 bit OS
#   Decrease Java heap size (-Xmx/-Xms)
#   Decrease number of Java threads
#   Decrease Java thread stack sizes (-Xss)
#   Set larger code cache with -XX:ReservedCodeCacheSize=
# This output file may be truncated or incomplete.
#
#  Out of Memory Error (allocation.cpp:390), pid=8644, tid=7152
#
# JRE version: Java(TM) SE Runtime Environment (8.0_66-b18) (build 1.8.0_66-b18)
# Java VM: Java HotSpot(TM) 64-Bit Server VM (25.66-b18 mixed mode windows-amd64 compressed oops)
# Failed to write core dump. Minidumps are not enabled by default on client versions of Windows
#

---------------  T H R E A D  ---------------

Current thread (0x00000000154bf000):  JavaThread "C2 CompilerThread0" daemon [_thread_in_native, id=7152, stack(0x0000000016af0000,0x0000000016bf0000)]

Stack: [0x0000000016af0000,0x0000000016bf0000]
[error occurred during error reporting (printing stack bounds), id 0xc0000005]

Native frames: (J=compiled Java code, j=interpreted, Vv=VM code, C=native code)


Current CompileTask:
C2:   1170 2007       4       com.android.dx.util.FixedSizeList::equals (41 bytes)


---------------  P R O C E S S  ---------------

Java Threads: ( => current thread )
  0x000000001706d800 JavaThread "pool-1-thread-1" [_thread_in_Java, id=1352, stack(0x0000000017bf0000,0x0000000017cf0000)]
  0x0000000016df7800 JavaThread "Service Thread" daemon [_thread_blocked, id=9876, stack(0x00000000171f0000,0x00000000172f0000)]
  0x000000001551e800 JavaThread "C1 CompilerThread2" daemon [_thread_in_vm, id=5984, stack(0x0000000016cf0000,0x0000000016df0000)]
  0x0000000015518000 JavaThread "C2 CompilerThread1" daemon [_thread_blocked, id=4136, stack(0x0000000016bf0000,0x0000000016cf0000)]
=>0x00000000154bf000 JavaThread "C2 CompilerThread0" daemon [_thread_in_native, id=7152, stack(0x0000000016af0000,0x0000000016bf0000)]
  0x00000000154bd000 JavaThread "Attach Listener" daemon [_thread_blocked, id=9396, stack(0x00000000169f0000,0x0000000016af0000)]
  0x00000000154bb800 JavaThread "Signal Dispatcher" daemon [_thread_blocked, id=8928, stack(0x00000000168f0000,0x00000000169f0000)]
  0x0000000002de6800 JavaThread "Finalizer" daemon [_thread_blocked, id=10100, stack(0x0000000016710000,0x0000000016810000)]
  0x0000000002dde000 JavaThread "Reference Handler" daemon [_thread_blocked, id=7400, stack(0x0000000016610000,0x0000000016710000)]
  0x0000000002bee800 JavaThread "main" [_thread_blocked, id=6180, stack(0x0000000002ad0000,0x0000000002bd0000)]

Other Threads:
  0x0000000015487800 VMThread [stack: 0x0000000016510000,0x0000000016610000] [id=6060]
  0x0000000016e0c800 WatcherThread [stack: 0x00000000172f0000,0x00000000173f0000] [id=8424]

VM state:not at safepoint (normal execution)

VM Mutex/Monitor currently owned by a thread: None

Heap:
 PSYoungGen      total 70656K, used 65472K [0x00000000eab00000, 0x00000000ef500000, 0x0000000100000000)
  eden space 65536K, 92% used [0x00000000eab00000,0x00000000ee5f57b8,0x00000000eeb00000)
  from space 5120K, 99% used [0x00000000ef000000,0x00000000ef4faab8,0x00000000ef500000)
  to   space 5120K, 0% used [0x00000000eeb00000,0x00000000eeb00000,0x00000000ef000000)
 ParOldGen       total 86016K, used 4332K [0x00000000c0000000, 0x00000000c5400000, 0x00000000eab00000)
  object space 86016K, 5% used [0x00000000c0000000,0x00000000c043b2f8,0x00000000c5400000)
 Metaspace       used 6603K, capacity 7352K, committed 7552K, reserved 1056768K
  class space    used 621K, capacity 624K, committed 640K, reserved 1048576K

Card table byte_map: [0x00000000121b0000,0x00000000123c0000] byte_map_base: 0x0000000011bb0000

Marking Bits: (ParMarkBitMap*) 0x00000000637fa5b0
 Begin Bits: [0x0000000012920000, 0x0000000013920000)
 End Bits:   [0x0000000013920000, 0x0000000014920000)

Polling page: 0x00000000014b0000

CodeCache: size=245760Kb used=7518Kb max_used=7518Kb free=238242Kb
 bounds [0x0000000002df0000, 0x0000000003550000, 0x0000000011df0000]
 total_blobs=2272 nmethods=2002 adapters=182
 compilation: enabled

Compilation events (10 events):
Event: 1.169 Thread 0x000000001551e800 nmethod 2012 0x000000000353ed10 code [0x000000000353ef00, 0x000000000353f758]
Event: 1.169 Thread 0x000000001551e800 2009       3       com.android.dx.dex.code.form.Form11n::isCompatible (89 bytes)
Event: 1.169 Thread 0x000000001551e800 nmethod 2009 0x0000000003549690 code [0x00000000035498a0, 0x000000000354a7a8]
Event: 1.169 Thread 0x000000001551e800 2010       3       com.android.dx.dex.code.InsnFormat::signedFitsInNibble (18 bytes)
Event: 1.169 Thread 0x000000001551e800 nmethod 2010 0x000000000353e950 code [0x000000000353eaa0, 0x000000000353ec70]
Event: 1.169 Thread 0x000000001551e800 2013       1       com.android.dx.dex.code.Dop::getNextOpcode (5 bytes)
Event: 1.169 Thread 0x000000001551e800 nmethod 2013 0x000000000353e690 code [0x000000000353e7e0, 0x000000000353e8f0]
Event: 1.169 Thread 0x000000001551e800 2011       1       com.android.dx.dex.code.form.Form10t::codeSize (2 bytes)
Event: 1.169 Thread 0x000000001551e800 nmethod 2011 0x000000000354ab10 code [0x000000000354ac60, 0x000000000354ad70]
Event: 1.169 Thread 0x000000001551e800 2014       3       com.android.dx.dex.code.form.Form21t::isCompatible (58 bytes)

GC Heap History (4 events):
Event: 0.424 GC heap before
{Heap before GC invocations=1 (full 0):
 PSYoungGen      total 37888K, used 32768K [0x00000000eab00000, 0x00000000ed500000, 0x0000000100000000)
  eden space 32768K, 100% used [0x00000000eab00000,0x00000000ecb00000,0x00000000ecb00000)
  from space 5120K, 0% used [0x00000000ed000000,0x00000000ed000000,0x00000000ed500000)
  to   space 5120K, 0% used [0x00000000ecb00000,0x00000000ecb00000,0x00000000ed000000)
 ParOldGen       total 86016K, used 0K [0x00000000c0000000, 0x00000000c5400000, 0x00000000eab00000)
  object space 86016K, 0% used [0x00000000c0000000,0x00000000c0000000,0x00000000c5400000)
 Metaspace       used 5869K, capacity 6832K, committed 7040K, reserved 1056768K
  class space    used 595K, capacity 616K, committed 640K, reserved 1048576K
Event: 0.429 GC heap after
Heap after GC invocations=1 (full 0):
 PSYoungGen      total 37888K, used 5110K [0x00000000eab00000, 0x00000000ef500000, 0x0000000100000000)
  eden space 32768K, 0% used [0x00000000eab00000,0x00000000eab00000,0x00000000ecb00000)
  from space 5120K, 99% used [0x00000000ecb00000,0x00000000ecffdb58,0x00000000ed000000)
  to   space 5120K, 0% used [0x00000000ef000000,0x00000000ef000000,0x00000000ef500000)
 ParOldGen       total 86016K, used 815K [0x00000000c0000000, 0x00000000c5400000, 0x00000000eab00000)
  object space 86016K, 0% used [0x00000000c0000000,0x00000000c00cbf00,0x00000000c5400000)
 Metaspace       used 5869K, capacity 6832K, committed 7040K, reserved 1056768K
  class space    used 595K, capacity 616K, committed 640K, reserved 1048576K
}
Event: 0.621 GC heap before
{Heap before GC invocations=2 (full 0):
 PSYoungGen      total 37888K, used 37878K [0x00000000eab00000, 0x00000000ef500000, 0x0000000100000000)
  eden space 32768K, 100% used [0x00000000eab00000,0x00000000ecb00000,0x00000000ecb00000)
  from space 5120K, 99% used [0x00000000ecb00000,0x00000000ecffdb58,0x00000000ed000000)
  to   space 5120K, 0% used [0x00000000ef000000,0x00000000ef000000,0x00000000ef500000)
 ParOldGen       total 86016K, used 815K [0x00000000c0000000, 0x00000000c5400000, 0x00000000eab00000)
  object space 86016K, 0% used [0x00000000c0000000,0x00000000c00cbf00,0x00000000c5400000)
 Metaspace       used 6209K, capacity 7088K, committed 7296K, reserved 1056768K
  class space    used 601K, capacity 616K, committed 640K, reserved 1048576K
Event: 0.631 GC heap after
Heap after GC invocations=2 (full 0):
 PSYoungGen      total 70656K, used 5098K [0x00000000eab00000, 0x00000000ef500000, 0x0000000100000000)
  eden space 65536K, 0% used [0x00000000eab00000,0x00000000eab00000,0x00000000eeb00000)
  from space 5120K, 99% used [0x00000000ef000000,0x00000000ef4faab8,0x00000000ef500000)
  to   space 5120K, 0% used [0x00000000eeb00000,0x00000000eeb00000,0x00000000ef000000)
 ParOldGen       total 86016K, used 4332K [0x00000000c0000000, 0x00000000c5400000, 0x00000000eab00000)
  object space 86016K, 5% used [0x00000000c0000000,0x00000000c043b2f8,0x00000000c5400000)
 Metaspace       used 6209K, capacity 7088K, committed 7296K, reserved 1056768K
  class space    used 601K, capacity 616K, committed 640K, reserved 1048576K
}

Deoptimization events (10 events):
Event: 0.952 Thread 0x000000001706d800 Uncommon trap: reason=class_check action=maybe_recompile pc=0x000000000334dac4 method=java.util.HashMap.putVal(ILjava/lang/Object;Ljava/lang/Object;ZZ)Ljava/lang/Object; @ 203
Event: 0.952 Thread 0x000000001706d800 Uncommon trap: reason=class_check action=maybe_recompile pc=0x000000000334dac4 method=java.util.HashMap.putVal(ILjava/lang/Object;Ljava/lang/Object;ZZ)Ljava/lang/Object; @ 203
Event: 0.952 Thread 0x000000001706d800 Uncommon trap: reason=class_check action=maybe_recompile pc=0x000000000334dac4 method=java.util.HashMap.putVal(ILjava/lang/Object;Ljava/lang/Object;ZZ)Ljava/lang/Object; @ 203
Event: 0.952 Thread 0x000000001706d800 Uncommon trap: reason=class_check action=maybe_recompile pc=0x000000000333f240 method=java.util.HashMap.putVal(ILjava/lang/Object;Ljava/lang/Object;ZZ)Ljava/lang/Object; @ 203
Event: 1.075 Thread 0x000000001706d800 Uncommon trap: reason=speculate_class_check action=maybe_recompile pc=0x0000000003128b24 method=com.android.dx.util.FixedSizeList.equals(Ljava/lang/Object;)Z @ 25
Event: 1.075 Thread 0x000000001706d800 Uncommon trap: reason=speculate_class_check action=maybe_recompile pc=0x0000000003128b24 method=com.android.dx.util.FixedSizeList.equals(Ljava/lang/Object;)Z @ 25
Event: 1.075 Thread 0x000000001706d800 Uncommon trap: reason=speculate_class_check action=maybe_recompile pc=0x0000000003128b24 method=com.android.dx.util.FixedSizeList.equals(Ljava/lang/Object;)Z @ 25
Event: 1.075 Thread 0x000000001706d800 Uncommon trap: reason=speculate_class_check action=maybe_recompile pc=0x0000000003128b24 method=com.android.dx.util.FixedSizeList.equals(Ljava/lang/Object;)Z @ 25
Event: 1.086 Thread 0x000000001706d800 Uncommon trap: reason=unstable_if action=reinterpret pc=0x000000000350c20c method=com.android.dx.dex.code.OutputFinisher.findOpcodeForInsn(Lcom/android/dx/dex/code/DalvInsn;Lcom/android/dx/dex/code/Dop;)Lcom/android/dx/dex/code/Dop; @ 1
Event: 1.168 Thread 0x000000001706d800 Uncommon trap: reason=unstable_if action=reinterpret pc=0x00000000034b6f7c method=java.util.TreeMap.put(Ljava/lang/Object;Ljava/lang/Object;)Ljava/lang/Object; @ 163

Internal exceptions (2 events):
Event: 0.047 Thread 0x0000000002bee800 Exception <a 'java/lang/NoSuchMethodError': Method sun.misc.Unsafe.defineClass(Ljava/lang/String;[BII)Ljava/lang/Class; name or signature does not match> (0x00000000eab0df20) thrown at [C:\re\workspace\8-2-build-windows-amd64-cygwin\jdk8u66\5298\hotspot\srüVªi(¨?
Event: 0.047 Thread 0x0000000002bee800 Exception <a 'java/lang/NoSuchMethodError': Method sun.misc.Unsafe.prefetchRead(Ljava/lang/Object;J)V name or signature does not match> (0x00000000eab0e208) thrown at [C:\re\workspace\8-2-build-windows-amd64-cygwin\jdk8u66\5298\hotspot\src\share\vm\prims\j

Events (10 events):
Event: 1.086 Thread 0x000000001706d800 Uncommon trap: trap_request=0xffffff65 fr.pc=0x000000000350c20c
Event: 1.086 Thread 0x000000001706d800 DEOPT PACKING pc=0x000000000350c20c sp=0x0000000017cee990
Event: 1.086 Thread 0x000000001706d800 DEOPT UNPACKING pc=0x0000000002e3582a sp=0x0000000017cee948 mode 2
Event: 1.086 loading class com/android/dx/rop/code/RegisterSpecList$Expander
Event: 1.086 loading class com/android/dx/rop/code/RegisterSpecList$Expander done
Event: 1.094 loading class com/android/dx/rop/code/RegisterSpec$1
Event: 1.094 loading class com/android/dx/rop/code/RegisterSpec$1 done
Event: 1.168 Thread 0x000000001706d800 Uncommon trap: trap_request=0xffffff65 fr.pc=0x00000000034b6f7c
Event: 1.168 Thread 0x000000001706d800 DEOPT PACKING pc=0x00000000034b6f7c sp=0x0000000017ceeb30
Event: 1.168 Thread 0x000000001706d800 DEOPT UNPACKING pc=0x0000000002e3582a sp=0x0000000017ceead0 mode 2


Dynamic libraries:
0x00007ff7808e0000 - 0x00007ff780917000 	C:\Program Files\Java\jdk1.8.0_66\bin\java.exe
0x00007ff988720000 - 0x00007ff9888e2000 	C:\Windows\SYSTEM32\ntdll.dll
0x00007ff986200000 - 0x00007ff9862ad000 	C:\Windows\system32\KERNEL32.DLL
0x00007ff985580000 - 0x00007ff98575d000 	C:\Windows\system32\KERNELBASE.dll
0x00007ff988000000 - 0x00007ff9880a6000 	C:\Windows\system32\ADVAPI32.dll
0x00007ff9863b0000 - 0x00007ff98644d000 	C:\Windows\system32\msvcrt.dll
0x00007ff9885d0000 - 0x00007ff98862b000 	C:\Windows\system32\sechost.dll
0x00007ff986460000 - 0x00007ff986586000 	C:\Windows\system32\RPCRT4.dll
0x00007ff9880b0000 - 0x00007ff9881fe000 	C:\Windows\system32\USER32.dll
0x00007ff985df0000 - 0x00007ff985f75000 	C:\Windows\system32\GDI32.dll
0x00007ff97d660000 - 0x00007ff97d8d4000 	C:\Windows\WinSxS\amd64_microsoft.windows.common-controls_6595b64144ccf1df_6.0.10240.16384_none_f41f7b285750ef43\COMCTL32.dll
0x00007ff9886e0000 - 0x00007ff988716000 	C:\Windows\system32\IMM32.DLL
0x00007ff986590000 - 0x00007ff9866ec000 	C:\Windows\system32\MSCTF.dll
0x0000000063880000 - 0x0000000063952000 	C:\Program Files\Java\jdk1.8.0_66\jre\bin\msvcr100.dll
0x0000000062ff0000 - 0x0000000063879000 	C:\Program Files\Java\jdk1.8.0_66\jre\bin\server\jvm.dll
0x00007ff986450000 - 0x00007ff986458000 	C:\Windows\system32\PSAPI.DLL
0x00007ff978c60000 - 0x00007ff978c69000 	C:\Windows\SYSTEM32\WSOCK32.dll
0x00007ff988490000 - 0x00007ff9884f9000 	C:\Windows\system32\WS2_32.dll
0x00007ff988330000 - 0x00007ff988338000 	C:\Windows\system32\NSI.dll
0x00007ff983300000 - 0x00007ff983323000 	C:\Windows\SYSTEM32\WINMM.dll
0x00007ff9805d0000 - 0x00007ff9805da000 	C:\Windows\SYSTEM32\VERSION.dll
0x00007ff9832d0000 - 0x00007ff9832fc000 	C:\Windows\SYSTEM32\WINMMBASE.dll
0x00007ff985360000 - 0x00007ff9853a4000 	C:\Windows\system32\cfgmgr32.dll
0x00007ff983ac0000 - 0x00007ff983ae7000 	C:\Windows\SYSTEM32\DEVOBJ.dll
0x0000000062fe0000 - 0x0000000062fef000 	C:\Program Files\Java\jdk1.8.0_66\jre\bin\verify.dll
0x0000000062fb0000 - 0x0000000062fd9000 	C:\Program Files\Java\jdk1.8.0_66\jre\bin\java.dll
0x0000000062f90000 - 0x0000000062fa6000 	C:\Program Files\Java\jdk1.8.0_66\jre\bin\zip.dll
0x00007ff9868c0000 - 0x00007ff987de3000 	C:\Windows\system32\SHELL32.dll
0x00007ff9857c0000 - 0x00007ff985de9000 	C:\Windows\system32\windows.storage.dll
0x00007ff985f80000 - 0x00007ff9861fc000 	C:\Windows\system32\combase.dll
0x00007ff987fa0000 - 0x00007ff987ff1000 	C:\Windows\system32\shlwapi.dll
0x00007ff9851e0000 - 0x00007ff9851ef000 	C:\Windows\system32\kernel.appcore.dll
0x00007ff9852a0000 - 0x00007ff985353000 	C:\Windows\system32\shcore.dll
0x00007ff985170000 - 0x00007ff9851ba000 	C:\Windows\system32\powrprof.dll
0x00007ff985150000 - 0x00007ff985163000 	C:\Windows\system32\profapi.dll

VM Arguments:
jvm_args: -Djava.awt.headless=true -Xmx1024M -Dfile.encoding=windows-1252 -Duser.country=US -Duser.language=en -Duser.variant 
java_command: com.android.dx.command.Main --dex --force-jumbo --num-threads=4 --multi-dex --output E:\AndroidProjects\Fazt\app\build\intermediates\transforms\dex\debug\folders\1000\10\internal_impl-23.4.0_dd4f81c1f6ac0abcf035296911ecebecc1e94a63 E:\AndroidProjects\Fazt\app\build\intermediates\exploded-aar\com.android.support\support-v4\23.4.0\jars\libs\internal_impl-23.4.0.jar
java_class_path (initial): E:\Android SDK\Android SDK\sdk\build-tools\23.0.3\lib\dx.jar
Launcher Type: SUN_STANDARD

Environment Variables:
PATH=E:\OracleSQL\DB\app\oracle\product\11.2.0\server\bin;;C:\Program Files (x86)\Intel\iCLS Client\;C:\Program Files\Intel\iCLS Client\;C:\Windows\system32;C:\Windows;C:\Windows\System32\Wbem;C:\Windows\System32\WindowsPowerShell\v1.0\;C:\Program Files\Intel\Intel(R) Management Engine Components\DAL;C:\Program Files (x86)\Intel\Intel(R) Management Engine Components\DAL;C:\Program Files\Intel\Intel(R) Management Engine Components\IPT;C:\Program Files (x86)\Intel\Intel(R) Management Engine Components\IPT;C:\Program Files (x86)\Windows Kits\8.1\Windows Performance Toolkit\;C:\Program Files\Microsoft SQL Server\110\Tools\Binn\;C:\Program Files (x86)\Microsoft SDKs\TypeScript\1.0\;C:\Program Files\Microsoft SQL Server\120\Tools\Binn\;E:\AMD\ATI.ACE\Core-Static;C:\Program Files (x86)\Common Files\lenovo\easyplussdk\bin;C:\Program Files (x86)\ATI Technologies\ATI.ACE\Core-Static;C:\Program Files\Java\jdk1.8.0_05\bin;C:\Program Files (x86)\Windows Kits\10\Windows Performance Toolkit\;E:\Node bin\;C:\Program Files\Microsoft SQL Server\110\DTS\Binn\;C:\Program Files (x86)\Microsoft SQL Server\110\Tools\Binn\;C:\Program Files (x86)\Microsoft SQL Server\110\Tools\Binn\ManagementStudio\;C:\Program Files (x86)\Microsoft Visual Studio 10.0\Common7\IDE\PrivateAssemblies\;C:\Program Files (x86)\Microsoft SQL Server\110\DTS\Binn\;C:\Program Files\Common Files\Autodesk Shared\;C:\Program Files (x86)\Autodesk\Backburner\;E:\Android SDK\Android SDK\android-tools;C:\Program Files\Java\jdk1.8.0_05\bin;E:\QT\5.5\msvc2013_64\bin;C:\Users\JEGAN'S BEAST\AppData\Roaming\npm;C:\Program Files (x86)\GnuWin32\bin;C:\Program Files\Java\jdk1.8.0_66\bin\javafxpackager.exe;C:\Users\JEGAN'S BEAST\AppData\Local\atom\bin;E:\SQLite DB;C:\Program Files\MongoDB\Server\3.2\bin;E:\NS;E:\Android SDK\Android SDK\android-tools;
USERNAME=JEGAN'S BEAST
OS=Windows_NT
PROCESSOR_IDENTIFIER=Intel64 Family 6 Model 60 Stepping 3, GenuineIntel



---------------  S Y S T E M  ---------------

OS: Windows 10.0 , 64 bit Build 10240 (10.0.10240.16384)

CPU:total 4 (4 cores per cpu, 1 threads per core) family 6 model 60 stepping 3, cmov, cx8, fxsr, mmx, sse, sse2, sse3, ssse3, sse4.1, sse4.2, popcnt, avx, avx2, aes, clmul, erms, lzcnt, tsc, tscinvbit, bmi1, bmi2

Memory: 4k page, physical 8247320k(2229808k free), swap 11824784k(2172k free)

vm_info: Java HotSpot(TM) 64-Bit Server VM (25.66-b18) for windows-amd64 JRE (1.8.0_66-b18), built on Nov  9 2015 10:51:13 by "java_re" with MS VC++ 10.0 (VS2010)

time: Fri Jun 17 21:52:58 2016
elapsed time: 1 seconds (0d 0h 0m 1s)

