#
# There is insufficient memory for the Java Runtime Environment to continue.
# Native memory allocation (malloc) failed to allocate 870416 bytes for Chunk::new
# Possible reasons:
#   The system is out of physical RAM or swap space
#   In 32 bit mode, the process size limit was hit
# Possible solutions:
#   Reduce memory load on the system
#   Increase physical memory or swap space
#   Check if swap backing store is full
#   Use 64 bit Java on a 64 bit OS
#   Decrease Java heap size (-Xmx/-Xms)
#   Decrease number of Java threads
#   Decrease Java thread stack sizes (-Xss)
#   Set larger code cache with -XX:ReservedCodeCacheSize=
# This output file may be truncated or incomplete.
#
#  Out of Memory Error (allocation.cpp:390), pid=2548, tid=6608
#
# JRE version: Java(TM) SE Runtime Environment (8.0_66-b18) (build 1.8.0_66-b18)
# Java VM: Java HotSpot(TM) 64-Bit Server VM (25.66-b18 mixed mode windows-amd64 compressed oops)
# Failed to write core dump. Minidumps are not enabled by default on client versions of Windows
#

---------------  T H R E A D  ---------------

Current thread (0x00000000150aa800):  JavaThread "C2 CompilerThread1" daemon [_thread_in_native, id=6608, stack(0x00000000167a0000,0x00000000168a0000)]

Stack: [0x00000000167a0000,0x00000000168a0000]
[error occurred during error reporting (printing stack bounds), id 0xc0000005]

Native frames: (J=compiled Java code, j=interpreted, Vv=VM code, C=native code)


Current CompileTask:
C2:   1431 1596       4       com.android.dx.ssa.SCCP::simulateBranch (666 bytes)


---------------  P R O C E S S  ---------------

Java Threads: ( => current thread )
  0x0000000016c79000 JavaThread "pool-2-thread-4" [_thread_in_Java, id=8000, stack(0x00000000173a0000,0x00000000174a0000)]
  0x0000000016c78800 JavaThread "pool-2-thread-3" [_thread_in_Java, id=1824, stack(0x00000000172a0000,0x00000000173a0000)]
  0x0000000016c77800 JavaThread "pool-2-thread-2" [_thread_in_Java, id=1476, stack(0x00000000171a0000,0x00000000172a0000)]
  0x0000000016c63800 JavaThread "pool-3-thread-1" [_thread_blocked, id=7956, stack(0x00000000170a0000,0x00000000171a0000)]
  0x0000000016c63000 JavaThread "pool-2-thread-1" [_thread_in_Java, id=8184, stack(0x0000000016fa0000,0x00000000170a0000)]
  0x00000000169ae000 JavaThread "Service Thread" daemon [_thread_blocked, id=3236, stack(0x0000000016da0000,0x0000000016ea0000)]
  0x00000000150ad800 JavaThread "C1 CompilerThread2" daemon [_thread_blocked, id=4260, stack(0x00000000168a0000,0x00000000169a0000)]
=>0x00000000150aa800 JavaThread "C2 CompilerThread1" daemon [_thread_in_native, id=6608, stack(0x00000000167a0000,0x00000000168a0000)]
  0x000000001504e000 JavaThread "C2 CompilerThread0" daemon [_thread_in_native, id=4180, stack(0x00000000166a0000,0x00000000167a0000)]
  0x000000001504c000 JavaThread "Attach Listener" daemon [_thread_blocked, id=3844, stack(0x00000000165a0000,0x00000000166a0000)]
  0x000000001504b000 JavaThread "Signal Dispatcher" daemon [_thread_blocked, id=3872, stack(0x00000000164a0000,0x00000000165a0000)]
  0x0000000002971000 JavaThread "Finalizer" daemon [_thread_blocked, id=5260, stack(0x00000000162c0000,0x00000000163c0000)]
  0x000000000296e000 JavaThread "Reference Handler" daemon [_thread_blocked, id=616, stack(0x00000000161c0000,0x00000000162c0000)]
  0x000000000277e800 JavaThread "main" [_thread_blocked, id=9572, stack(0x0000000002620000,0x0000000002720000)]

Other Threads:
  0x0000000015017800 VMThread [stack: 0x00000000160c0000,0x00000000161c0000] [id=7660]
  0x00000000169a8000 WatcherThread [stack: 0x0000000016ea0000,0x0000000016fa0000] [id=9656]

VM state:not at safepoint (normal execution)

VM Mutex/Monitor currently owned by a thread: None

Heap:
 PSYoungGen      total 37888K, used 23952K [0x00000000eab00000, 0x00000000ef500000, 0x0000000100000000)
  eden space 32768K, 57% used [0x00000000eab00000,0x00000000ebd68f18,0x00000000ecb00000)
  from space 5120K, 99% used [0x00000000ecb00000,0x00000000ecffb338,0x00000000ed000000)
  to   space 5120K, 0% used [0x00000000ef000000,0x00000000ef000000,0x00000000ef500000)
 ParOldGen       total 86016K, used 8225K [0x00000000c0000000, 0x00000000c5400000, 0x00000000eab00000)
  object space 86016K, 9% used [0x00000000c0000000,0x00000000c08087d8,0x00000000c5400000)
 Metaspace       used 6222K, capacity 7088K, committed 7296K, reserved 1056768K
  class space    used 602K, capacity 616K, committed 640K, reserved 1048576K

Card table byte_map: [0x0000000011d40000,0x0000000011f50000] byte_map_base: 0x0000000011740000

Marking Bits: (ParMarkBitMap*) 0x00000000637fa5b0
 Begin Bits: [0x00000000124b0000, 0x00000000134b0000)
 End Bits:   [0x00000000134b0000, 0x00000000144b0000)

Polling page: 0x0000000002530000

CodeCache: size=245760Kb used=5865Kb max_used=5865Kb free=239894Kb
 bounds [0x0000000002980000, 0x0000000002f40000, 0x0000000011980000]
 total_blobs=1859 nmethods=1590 adapters=182
 compilation: enabled

Compilation events (10 events):
Event: 1.413 Thread 0x00000000150ad800 1611       2       java.util.TreeMap::entrySet (27 bytes)
Event: 1.413 Thread 0x00000000150ad800 nmethod 1611 0x0000000002f38d90 code [0x0000000002f38ee0, 0x0000000002f390b0]
Event: 1.413 Thread 0x00000000150ad800 1612       2       java.util.TreeMap$EntrySet::iterator (19 bytes)
Event: 1.413 Thread 0x00000000150ad800 nmethod 1612 0x0000000002f30c50 code [0x0000000002f30dc0, 0x0000000002f31030]
Event: 1.414 Thread 0x00000000150ad800 1613   !   2       com.android.dx.cf.cst.ConstantPoolParser::determineOffsets (285 bytes)
Event: 1.415 Thread 0x00000000150ad800 nmethod 1613 0x0000000002f3c910 code [0x0000000002f3cbe0, 0x0000000002f3d818]
Event: 1.417 Thread 0x00000000150ad800 1616       2       com.android.dx.rop.annotation.Annotation::<init> (54 bytes)
Event: 1.417 Thread 0x00000000150ad800 nmethod 1616 0x0000000002f30610 code [0x0000000002f307a0, 0x0000000002f30af8]
Event: 1.417 Thread 0x00000000150ad800 1617       2       com.android.dx.dex.file.ValueEncoder::addContents (75 bytes)
Event: 1.418 Thread 0x00000000150ad800 nmethod 1617 0x0000000002f3e6d0 code [0x0000000002f3e8c0, 0x0000000002f3ef78]

GC Heap History (6 events):
Event: 1.084 GC heap before
{Heap before GC invocations=1 (full 0):
 PSYoungGen      total 37888K, used 32768K [0x00000000eab00000, 0x00000000ed500000, 0x0000000100000000)
  eden space 32768K, 100% used [0x00000000eab00000,0x00000000ecb00000,0x00000000ecb00000)
  from space 5120K, 0% used [0x00000000ed000000,0x00000000ed000000,0x00000000ed500000)
  to   space 5120K, 0% used [0x00000000ecb00000,0x00000000ecb00000,0x00000000ed000000)
 ParOldGen       total 86016K, used 0K [0x00000000c0000000, 0x00000000c5400000, 0x00000000eab00000)
  object space 86016K, 0% used [0x00000000c0000000,0x00000000c0000000,0x00000000c5400000)
 Metaspace       used 5851K, capacity 6768K, committed 7040K, reserved 1056768K
  class space    used 600K, capacity 616K, committed 640K, reserved 1048576K
Event: 1.089 GC heap after
Heap after GC invocations=1 (full 0):
 PSYoungGen      total 37888K, used 4918K [0x00000000eab00000, 0x00000000ed500000, 0x0000000100000000)
  eden space 32768K, 0% used [0x00000000eab00000,0x00000000eab00000,0x00000000ecb00000)
  from space 5120K, 96% used [0x00000000ecb00000,0x00000000ecfcd9b0,0x00000000ed000000)
  to   space 5120K, 0% used [0x00000000ed000000,0x00000000ed000000,0x00000000ed500000)
 ParOldGen       total 86016K, used 16K [0x00000000c0000000, 0x00000000c5400000, 0x00000000eab00000)
  object space 86016K, 0% used [0x00000000c0000000,0x00000000c0004000,0x00000000c5400000)
 Metaspace       used 5851K, capacity 6768K, committed 7040K, reserved 1056768K
  class space    used 600K, capacity 616K, committed 640K, reserved 1048576K
}
Event: 1.262 GC heap before
{Heap before GC invocations=2 (full 0):
 PSYoungGen      total 37888K, used 37686K [0x00000000eab00000, 0x00000000ed500000, 0x0000000100000000)
  eden space 32768K, 100% used [0x00000000eab00000,0x00000000ecb00000,0x00000000ecb00000)
  from space 5120K, 96% used [0x00000000ecb00000,0x00000000ecfcd9b0,0x00000000ed000000)
  to   space 5120K, 0% used [0x00000000ed000000,0x00000000ed000000,0x00000000ed500000)
 ParOldGen       total 86016K, used 16K [0x00000000c0000000, 0x00000000c5400000, 0x00000000eab00000)
  object space 86016K, 0% used [0x00000000c0000000,0x00000000c0004000,0x00000000c5400000)
 Metaspace       used 6074K, capacity 6960K, committed 7040K, reserved 1056768K
  class space    used 601K, capacity 616K, committed 640K, reserved 1048576K
Event: 1.270 GC heap after
Heap after GC invocations=2 (full 0):
 PSYoungGen      total 37888K, used 5107K [0x00000000eab00000, 0x00000000ef500000, 0x0000000100000000)
  eden space 32768K, 0% used [0x00000000eab00000,0x00000000eab00000,0x00000000ecb00000)
  from space 5120K, 99% used [0x00000000ed000000,0x00000000ed4fcc90,0x00000000ed500000)
  to   space 5120K, 0% used [0x00000000ecb00000,0x00000000ecb00000,0x00000000ed000000)
 ParOldGen       total 86016K, used 3194K [0x00000000c0000000, 0x00000000c5400000, 0x00000000eab00000)
  object space 86016K, 3% used [0x00000000c0000000,0x00000000c031eb28,0x00000000c5400000)
 Metaspace       used 6074K, capacity 6960K, committed 7040K, reserved 1056768K
  class space    used 601K, capacity 616K, committed 640K, reserved 1048576K
}
Event: 1.384 GC heap before
{Heap before GC invocations=3 (full 0):
 PSYoungGen      total 37888K, used 37875K [0x00000000eab00000, 0x00000000ef500000, 0x0000000100000000)
  eden space 32768K, 100% used [0x00000000eab00000,0x00000000ecb00000,0x00000000ecb00000)
  from space 5120K, 99% used [0x00000000ed000000,0x00000000ed4fcc90,0x00000000ed500000)
  to   space 5120K, 0% used [0x00000000ecb00000,0x00000000ecb00000,0x00000000ed000000)
 ParOldGen       total 86016K, used 3194K [0x00000000c0000000, 0x00000000c5400000, 0x00000000eab00000)
  object space 86016K, 3% used [0x00000000c0000000,0x00000000c031eb28,0x00000000c5400000)
 Metaspace       used 6203K, capacity 7088K, committed 7296K, reserved 1056768K
  class space    used 602K, capacity 616K, committed 640K, reserved 1048576K
Event: 1.397 GC heap after
Heap after GC invocations=3 (full 0):
 PSYoungGen      total 37888K, used 5100K [0x00000000eab00000, 0x00000000ef500000, 0x0000000100000000)
  eden space 32768K, 0% used [0x00000000eab00000,0x00000000eab00000,0x00000000ecb00000)
  from space 5120K, 99% used [0x00000000ecb00000,0x00000000ecffb338,0x00000000ed000000)
  to   space 5120K, 0% used [0x00000000ef000000,0x00000000ef000000,0x00000000ef500000)
 ParOldGen       total 86016K, used 8225K [0x00000000c0000000, 0x00000000c5400000, 0x00000000eab00000)
  object space 86016K, 9% used [0x00000000c0000000,0x00000000c08087d8,0x00000000c5400000)
 Metaspace       used 6203K, capacity 7088K, committed 7296K, reserved 1056768K
  class space    used 602K, capacity 616K, committed 640K, reserved 1048576K
}

Deoptimization events (10 events):
Event: 1.247 Thread 0x0000000016c77800 Uncommon trap: reason=class_check action=maybe_recompile pc=0x0000000002c4c5a8 method=com.android.dx.rop.type.Type.equals(Ljava/lang/Object;)Z @ 8
Event: 1.254 Thread 0x0000000016c77800 Uncommon trap: reason=unstable_if action=reinterpret pc=0x0000000002d8107c method=com.android.dx.util.IntList.binarysearch(I)I @ 105
Event: 1.315 Thread 0x0000000016c78800 Uncommon trap: reason=bimorphic action=maybe_recompile pc=0x0000000002eb3064 method=java.util.HashMap.getNode(ILjava/lang/Object;)Ljava/util/HashMap$Node; @ 126
Event: 1.315 Thread 0x0000000016c78800 Uncommon trap: reason=class_check action=maybe_recompile pc=0x0000000002cbfd04 method=java.util.HashMap.putVal(ILjava/lang/Object;Ljava/lang/Object;ZZ)Ljava/lang/Object; @ 203
Event: 1.315 Thread 0x0000000016c78800 Uncommon trap: reason=bimorphic action=maybe_recompile pc=0x0000000002eb3064 method=java.util.HashMap.getNode(ILjava/lang/Object;)Ljava/util/HashMap$Node; @ 126
Event: 1.315 Thread 0x0000000016c78800 Uncommon trap: reason=class_check action=maybe_recompile pc=0x0000000002cbfd04 method=java.util.HashMap.putVal(ILjava/lang/Object;Ljava/lang/Object;ZZ)Ljava/lang/Object; @ 203
Event: 1.315 Thread 0x0000000016c78800 Uncommon trap: reason=bimorphic action=maybe_recompile pc=0x0000000002eb3064 method=java.util.HashMap.getNode(ILjava/lang/Object;)Ljava/util/HashMap$Node; @ 126
Event: 1.315 Thread 0x0000000016c78800 Uncommon trap: reason=bimorphic action=maybe_recompile pc=0x0000000002eb3064 method=java.util.HashMap.getNode(ILjava/lang/Object;)Ljava/util/HashMap$Node; @ 126
Event: 1.315 Thread 0x0000000016c78800 Uncommon trap: reason=class_check action=maybe_recompile pc=0x0000000002cbfd04 method=java.util.HashMap.putVal(ILjava/lang/Object;Ljava/lang/Object;ZZ)Ljava/lang/Object; @ 203
Event: 1.326 Thread 0x0000000016c78800 Uncommon trap: reason=unstable_if action=reinterpret pc=0x0000000002d9629c method=com.android.dx.ssa.SsaMethod.updateOneDefinition(Lcom/android/dx/ssa/SsaInsn;Lcom/android/dx/rop/code/RegisterSpec;)V @ 4

Internal exceptions (3 events):
Event: 0.056 Thread 0x000000000277e800 Exception <a 'java/lang/NoSuchMethodError': Method sun.misc.Unsafe.defineClass(Ljava/lang/String;[BII)Ljava/lang/Class; name or signature does not match> (0x00000000eab0df18) thrown at [C:\re\workspace\8-2-build-windows-amd64-cygwin\jdk8u66\5298\hotspot\srT€n3·­¬?
Event: 0.056 Thread 0x000000000277e800 Exception <a 'java/lang/NoSuchMethodError': Method sun.misc.Unsafe.prefetchRead(Ljava/lang/Object;J)V name or signature does not match> (0x00000000eab0e200) thrown at [C:\re\workspace\8-2-build-windows-amd64-cygwin\jdk8u66\5298\hotspot\src\share\vm\prims\jæ(¸¦3¡ñ?
Event: 1.102 Thread 0x0000000016c77800 Implicit null exception at 0x0000000002ca8722 to 0x0000000002ca8829

Events (10 events):
Event: 1.315 Thread 0x0000000016c78800 DEOPT UNPACKING pc=0x00000000029c582a sp=0x000000001739e7f8 mode 2
Event: 1.315 loading class com/android/dx/cf/attrib/AttExceptions
Event: 1.315 loading class com/android/dx/cf/attrib/AttExceptions done
Event: 1.325 loading class com/android/dx/rop/code/RegOps
Event: 1.325 loading class com/android/dx/rop/code/RegOps done
Event: 1.326 Thread 0x0000000016c78800 Uncommon trap: trap_request=0xffffff65 fr.pc=0x0000000002d9629c
Event: 1.326 Thread 0x0000000016c78800 DEOPT PACKING pc=0x0000000002d9629c sp=0x000000001739e660
Event: 1.326 Thread 0x0000000016c78800 DEOPT UNPACKING pc=0x00000000029c582a sp=0x000000001739e608 mode 2
Event: 1.380 Executing VM operation: ParallelGCFailedAllocation
Event: 1.397 Executing VM operation: ParallelGCFailedAllocation done


Dynamic libraries:
0x00007ff7808e0000 - 0x00007ff780917000 	C:\Program Files\Java\jdk1.8.0_66\bin\java.exe
0x00007ff988720000 - 0x00007ff9888e2000 	C:\Windows\SYSTEM32\ntdll.dll
0x00007ff986200000 - 0x00007ff9862ad000 	C:\Windows\system32\KERNEL32.DLL
0x00007ff985580000 - 0x00007ff98575d000 	C:\Windows\system32\KERNELBASE.dll
0x00007ff988000000 - 0x00007ff9880a6000 	C:\Windows\system32\ADVAPI32.dll
0x00007ff9863b0000 - 0x00007ff98644d000 	C:\Windows\system32\msvcrt.dll
0x00007ff9885d0000 - 0x00007ff98862b000 	C:\Windows\system32\sechost.dll
0x00007ff986460000 - 0x00007ff986586000 	C:\Windows\system32\RPCRT4.dll
0x00007ff9880b0000 - 0x00007ff9881fe000 	C:\Windows\system32\USER32.dll
0x00007ff985df0000 - 0x00007ff985f75000 	C:\Windows\system32\GDI32.dll
0x00007ff97d660000 - 0x00007ff97d8d4000 	C:\Windows\WinSxS\amd64_microsoft.windows.common-controls_6595b64144ccf1df_6.0.10240.16384_none_f41f7b285750ef43\COMCTL32.dll
0x00007ff9886e0000 - 0x00007ff988716000 	C:\Windows\system32\IMM32.DLL
0x00007ff986590000 - 0x00007ff9866ec000 	C:\Windows\system32\MSCTF.dll
0x0000000063880000 - 0x0000000063952000 	C:\Program Files\Java\jdk1.8.0_66\jre\bin\msvcr100.dll
0x0000000062ff0000 - 0x0000000063879000 	C:\Program Files\Java\jdk1.8.0_66\jre\bin\server\jvm.dll
0x00007ff986450000 - 0x00007ff986458000 	C:\Windows\system32\PSAPI.DLL
0x00007ff978c60000 - 0x00007ff978c69000 	C:\Windows\SYSTEM32\WSOCK32.dll
0x00007ff988490000 - 0x00007ff9884f9000 	C:\Windows\system32\WS2_32.dll
0x00007ff988330000 - 0x00007ff988338000 	C:\Windows\system32\NSI.dll
0x00007ff983300000 - 0x00007ff983323000 	C:\Windows\SYSTEM32\WINMM.dll
0x00007ff9805d0000 - 0x00007ff9805da000 	C:\Windows\SYSTEM32\VERSION.dll
0x00007ff9832d0000 - 0x00007ff9832fc000 	C:\Windows\SYSTEM32\WINMMBASE.dll
0x00007ff985360000 - 0x00007ff9853a4000 	C:\Windows\system32\cfgmgr32.dll
0x00007ff983ac0000 - 0x00007ff983ae7000 	C:\Windows\SYSTEM32\DEVOBJ.dll
0x0000000062fe0000 - 0x0000000062fef000 	C:\Program Files\Java\jdk1.8.0_66\jre\bin\verify.dll
0x0000000062fb0000 - 0x0000000062fd9000 	C:\Program Files\Java\jdk1.8.0_66\jre\bin\java.dll
0x0000000062f90000 - 0x0000000062fa6000 	C:\Program Files\Java\jdk1.8.0_66\jre\bin\zip.dll
0x00007ff9868c0000 - 0x00007ff987de3000 	C:\Windows\system32\SHELL32.dll
0x00007ff9857c0000 - 0x00007ff985de9000 	C:\Windows\system32\windows.storage.dll
0x00007ff985f80000 - 0x00007ff9861fc000 	C:\Windows\system32\combase.dll
0x00007ff987fa0000 - 0x00007ff987ff1000 	C:\Windows\system32\shlwapi.dll
0x00007ff9851e0000 - 0x00007ff9851ef000 	C:\Windows\system32\kernel.appcore.dll
0x00007ff9852a0000 - 0x00007ff985353000 	C:\Windows\system32\shcore.dll
0x00007ff985170000 - 0x00007ff9851ba000 	C:\Windows\system32\powrprof.dll
0x00007ff985150000 - 0x00007ff985163000 	C:\Windows\system32\profapi.dll

VM Arguments:
jvm_args: -Djava.awt.headless=true -Xmx1024M -Dfile.encoding=windows-1252 -Duser.country=US -Duser.language=en -Duser.variant 
java_command: com.android.dx.command.Main --dex --force-jumbo --num-threads=4 --multi-dex --output E:\AndroidProjects\Fazt\app\build\intermediates\transforms\dex\debug\folders\1000\10\com.android.support-support-v4-23.4.0_8aea1ba72b1b3cce05fed1f539f5a62248209e22 E:\AndroidProjects\Fazt\app\build\intermediates\exploded-aar\com.android.support\support-v4\23.4.0\jars\classes.jar
java_class_path (initial): E:\Android SDK\Android SDK\sdk\build-tools\23.0.3\lib\dx.jar
Launcher Type: SUN_STANDARD

Environment Variables:
PATH=E:\OracleSQL\DB\app\oracle\product\11.2.0\server\bin;;C:\Program Files (x86)\Intel\iCLS Client\;C:\Program Files\Intel\iCLS Client\;C:\Windows\system32;C:\Windows;C:\Windows\System32\Wbem;C:\Windows\System32\WindowsPowerShell\v1.0\;C:\Program Files\Intel\Intel(R) Management Engine Components\DAL;C:\Program Files (x86)\Intel\Intel(R) Management Engine Components\DAL;C:\Program Files\Intel\Intel(R) Management Engine Components\IPT;C:\Program Files (x86)\Intel\Intel(R) Management Engine Components\IPT;C:\Program Files (x86)\Windows Kits\8.1\Windows Performance Toolkit\;C:\Program Files\Microsoft SQL Server\110\Tools\Binn\;C:\Program Files (x86)\Microsoft SDKs\TypeScript\1.0\;C:\Program Files\Microsoft SQL Server\120\Tools\Binn\;E:\AMD\ATI.ACE\Core-Static;C:\Program Files (x86)\Common Files\lenovo\easyplussdk\bin;C:\Program Files (x86)\ATI Technologies\ATI.ACE\Core-Static;C:\Program Files\Java\jdk1.8.0_05\bin;C:\Program Files (x86)\Windows Kits\10\Windows Performance Toolkit\;E:\Node bin\;C:\Program Files\Microsoft SQL Server\110\DTS\Binn\;C:\Program Files (x86)\Microsoft SQL Server\110\Tools\Binn\;C:\Program Files (x86)\Microsoft SQL Server\110\Tools\Binn\ManagementStudio\;C:\Program Files (x86)\Microsoft Visual Studio 10.0\Common7\IDE\PrivateAssemblies\;C:\Program Files (x86)\Microsoft SQL Server\110\DTS\Binn\;C:\Program Files\Common Files\Autodesk Shared\;C:\Program Files (x86)\Autodesk\Backburner\;E:\Android SDK\Android SDK\android-tools;C:\Program Files\Java\jdk1.8.0_05\bin;E:\QT\5.5\msvc2013_64\bin;C:\Users\JEGAN'S BEAST\AppData\Roaming\npm;C:\Program Files (x86)\GnuWin32\bin;C:\Program Files\Java\jdk1.8.0_66\bin\javafxpackager.exe;C:\Users\JEGAN'S BEAST\AppData\Local\atom\bin;E:\SQLite DB;C:\Program Files\MongoDB\Server\3.2\bin;E:\NS;E:\Android SDK\Android SDK\android-tools;
USERNAME=JEGAN'S BEAST
OS=Windows_NT
PROCESSOR_IDENTIFIER=Intel64 Family 6 Model 60 Stepping 3, GenuineIntel



---------------  S Y S T E M  ---------------

OS: Windows 10.0 , 64 bit Build 10240 (10.0.10240.16384)

CPU:total 4 (4 cores per cpu, 1 threads per core) family 6 model 60 stepping 3, cmov, cx8, fxsr, mmx, sse, sse2, sse3, ssse3, sse4.1, sse4.2, popcnt, avx, avx2, aes, clmul, erms, lzcnt, tsc, tscinvbit, bmi1, bmi2

Memory: 4k page, physical 8247320k(2205064k free), swap 11824784k(5136k free)

vm_info: Java HotSpot(TM) 64-Bit Server VM (25.66-b18) for windows-amd64 JRE (1.8.0_66-b18), built on Nov  9 2015 10:51:13 by "java_re" with MS VC++ 10.0 (VS2010)

time: Fri Jun 17 21:53:57 2016
elapsed time: 1 seconds (0d 0h 0m 1s)

