#
# There is insufficient memory for the Java Runtime Environment to continue.
# Native memory allocation (malloc) failed to allocate 32744 bytes for ChunkPool::allocate
# Possible reasons:
#   The system is out of physical RAM or swap space
#   In 32 bit mode, the process size limit was hit
# Possible solutions:
#   Reduce memory load on the system
#   Increase physical memory or swap space
#   Check if swap backing store is full
#   Use 64 bit Java on a 64 bit OS
#   Decrease Java heap size (-Xmx/-Xms)
#   Decrease number of Java threads
#   Decrease Java thread stack sizes (-Xss)
#   Set larger code cache with -XX:ReservedCodeCacheSize=
# This output file may be truncated or incomplete.
#
#  Out of Memory Error (allocation.cpp:273), pid=9752, tid=6268
#
# JRE version: Java(TM) SE Runtime Environment (8.0_66-b18) (build 1.8.0_66-b18)
# Java VM: Java HotSpot(TM) 64-Bit Server VM (25.66-b18 mixed mode windows-amd64 compressed oops)
# Failed to write core dump. Minidumps are not enabled by default on client versions of Windows
#

---------------  T H R E A D  ---------------

Current thread (0x000000001473e000):  JavaThread "C2 CompilerThread0" daemon [_thread_in_native, id=6268, stack(0x0000000015d80000,0x0000000015e80000)]

Stack: [0x0000000015d80000,0x0000000015e80000]
[error occurred during error reporting (printing stack bounds), id 0xc0000005]

Native frames: (J=compiled Java code, j=interpreted, Vv=VM code, C=native code)


Current CompileTask:
C2:   2248 1294       4       com.android.dx.ssa.SsaMethod::computeReachability (131 bytes)


---------------  P R O C E S S  ---------------

Java Threads: ( => current thread )
  0x0000000016314000 JavaThread "pool-2-thread-4" [_thread_blocked, id=4296, stack(0x0000000017280000,0x0000000017380000)]
  0x0000000016313000 JavaThread "pool-2-thread-3" [_thread_in_Java, id=3200, stack(0x0000000017180000,0x0000000017280000)]
  0x0000000016312800 JavaThread "pool-2-thread-2" [_thread_in_Java, id=4240, stack(0x0000000017080000,0x0000000017180000)]
  0x000000001630e800 JavaThread "pool-3-thread-1" [_thread_blocked, id=9944, stack(0x0000000016f80000,0x0000000017080000)]
  0x00000000166b3800 JavaThread "pool-2-thread-1" [_thread_in_vm, id=284, stack(0x0000000016e80000,0x0000000016f80000)]
  0x0000000016080800 JavaThread "Service Thread" daemon [_thread_blocked, id=2144, stack(0x0000000016480000,0x0000000016580000)]
  0x000000001479a000 JavaThread "C1 CompilerThread2" daemon [_thread_in_native, id=9568, stack(0x0000000015f80000,0x0000000016080000)]
  0x0000000014741000 JavaThread "C2 CompilerThread1" daemon [_thread_in_native, id=5608, stack(0x0000000015e80000,0x0000000015f80000)]
=>0x000000001473e000 JavaThread "C2 CompilerThread0" daemon [_thread_in_native, id=6268, stack(0x0000000015d80000,0x0000000015e80000)]
  0x000000001473c000 JavaThread "Attach Listener" daemon [_thread_blocked, id=4664, stack(0x0000000015c80000,0x0000000015d80000)]
  0x000000001473b800 JavaThread "Signal Dispatcher" daemon [_thread_blocked, id=1984, stack(0x0000000015b80000,0x0000000015c80000)]
  0x0000000002041000 JavaThread "Finalizer" daemon [_thread_blocked, id=448, stack(0x00000000159a0000,0x0000000015aa0000)]
  0x000000000203e000 JavaThread "Reference Handler" daemon [_thread_blocked, id=8008, stack(0x00000000158a0000,0x00000000159a0000)]
  0x0000000001e4e800 JavaThread "main" [_thread_in_vm, id=4260, stack(0x0000000001e50000,0x0000000001f50000)]

Other Threads:
  0x0000000014707800 VMThread [stack: 0x00000000157a0000,0x00000000158a0000] [id=8712]
  0x0000000016088000 WatcherThread [stack: 0x0000000016580000,0x0000000016680000] [id=6944]

VM state:not at safepoint (normal execution)

VM Mutex/Monitor currently owned by a thread: None

Heap:
 PSYoungGen      total 37888K, used 27030K [0x00000000eab00000, 0x00000000ed500000, 0x0000000100000000)
  eden space 32768K, 67% used [0x00000000eab00000,0x00000000ec073e88,0x00000000ecb00000)
  from space 5120K, 98% used [0x00000000ecb00000,0x00000000ecff1b08,0x00000000ed000000)
  to   space 5120K, 0% used [0x00000000ed000000,0x00000000ed000000,0x00000000ed500000)
 ParOldGen       total 86016K, used 16K [0x00000000c0000000, 0x00000000c5400000, 0x00000000eab00000)
  object space 86016K, 0% used [0x00000000c0000000,0x00000000c0004000,0x00000000c5400000)
 Metaspace       used 6050K, capacity 6960K, committed 7040K, reserved 1056768K
  class space    used 601K, capacity 616K, committed 640K, reserved 1048576K

Card table byte_map: [0x0000000011410000,0x0000000011620000] byte_map_base: 0x0000000010e10000

Marking Bits: (ParMarkBitMap*) 0x00000000637fa5b0
 Begin Bits: [0x0000000011b80000, 0x0000000012b80000)
 End Bits:   [0x0000000012b80000, 0x0000000013b80000)

Polling page: 0x0000000001dd0000

CodeCache: size=245760Kb used=4966Kb max_used=4975Kb free=240793Kb
 bounds [0x0000000002050000, 0x0000000002540000, 0x0000000011050000]
 total_blobs=1546 nmethods=1277 adapters=182
 compilation: enabled

Compilation events (10 events):
Event: 2.237 Thread 0x000000001479a000 nmethod 1268 0x0000000002515ed0 code [0x0000000002516020, 0x0000000002516130]
Event: 2.237 Thread 0x0000000014741000 nmethod 1262 0x0000000002528710 code [0x0000000002528860, 0x0000000002528ab8]
Event: 2.237 Thread 0x0000000014741000 1272   !   4       com.android.dx.cf.code.BytecodeArray::parseInstruction (2764 bytes)
Event: 2.240 Thread 0x000000001473e000 nmethod 1259 0x000000000252dbd0 code [0x000000000252dd80, 0x000000000252e588]
Event: 2.240 Thread 0x000000001473e000 1294       4       com.android.dx.ssa.SsaMethod::computeReachability (131 bytes)
Event: 2.246 Thread 0x000000001479a000 1299       1       com.android.dx.cf.code.BaseMachine::auxType (6 bytes)
Event: 2.246 Thread 0x000000001479a000 nmethod 1299 0x0000000002528350 code [0x00000000025284a0, 0x00000000025285d0]
Event: 2.246 Thread 0x000000001479a000 1283       3       com.android.dx.ssa.DomFront::<init> (60 bytes)
Event: 2.246 Thread 0x000000001479a000 nmethod 1283 0x00000000025314d0 code [0x0000000002531660, 0x0000000002531cb0]
Event: 2.246 Thread 0x000000001479a000 1285       3       com.android.dx.ssa.DomFront::run (264 bytes)

GC Heap History (2 events):
Event: 2.103 GC heap before
{Heap before GC invocations=1 (full 0):
 PSYoungGen      total 37888K, used 32768K [0x00000000eab00000, 0x00000000ed500000, 0x0000000100000000)
  eden space 32768K, 100% used [0x00000000eab00000,0x00000000ecb00000,0x00000000ecb00000)
  from space 5120K, 0% used [0x00000000ed000000,0x00000000ed000000,0x00000000ed500000)
  to   space 5120K, 0% used [0x00000000ecb00000,0x00000000ecb00000,0x00000000ed000000)
 ParOldGen       total 86016K, used 0K [0x00000000c0000000, 0x00000000c5400000, 0x00000000eab00000)
  object space 86016K, 0% used [0x00000000c0000000,0x00000000c0000000,0x00000000c5400000)
 Metaspace       used 5880K, capacity 6832K, committed 7040K, reserved 1056768K
  class space    used 600K, capacity 616K, committed 640K, reserved 1048576K
Event: 2.110 GC heap after
Heap after GC invocations=1 (full 0):
 PSYoungGen      total 37888K, used 5062K [0x00000000eab00000, 0x00000000ed500000, 0x0000000100000000)
  eden space 32768K, 0% used [0x00000000eab00000,0x00000000eab00000,0x00000000ecb00000)
  from space 5120K, 98% used [0x00000000ecb00000,0x00000000ecff1b08,0x00000000ed000000)
  to   space 5120K, 0% used [0x00000000ed000000,0x00000000ed000000,0x00000000ed500000)
 ParOldGen       total 86016K, used 16K [0x00000000c0000000, 0x00000000c5400000, 0x00000000eab00000)
  object space 86016K, 0% used [0x00000000c0000000,0x00000000c0004000,0x00000000c5400000)
 Metaspace       used 5880K, capacity 6832K, committed 7040K, reserved 1056768K
  class space    used 600K, capacity 616K, committed 640K, reserved 1048576K
}

Deoptimization events (10 events):
Event: 2.100 Thread 0x0000000016314000 Uncommon trap: reason=class_check action=maybe_recompile pc=0x0000000002311768 method=com.android.dx.rop.type.Type.equals(Ljava/lang/Object;)Z @ 8
Event: 2.100 Thread 0x0000000016314000 Uncommon trap: reason=null_check action=make_not_entrant pc=0x0000000002311778 method=com.android.dx.rop.type.Type.equals(Ljava/lang/Object;)Z @ 8
Event: 2.101 Thread 0x0000000016314000 Uncommon trap: reason=unstable_if action=reinterpret pc=0x000000000227b030 method=java.util.BitSet.nextSetBit(I)I @ 87
Event: 2.155 Thread 0x0000000016313000 Uncommon trap: reason=unstable_if action=reinterpret pc=0x00000000024482b8 method=com.android.dx.cf.code.Ropper.labelToResultIndex(I)I @ 34
Event: 2.155 Thread 0x0000000016313000 Uncommon trap: reason=class_check action=maybe_recompile pc=0x000000000232cda8 method=com.android.dx.rop.type.Type.equals(Ljava/lang/Object;)Z @ 8
Event: 2.155 Thread 0x0000000016313000 Uncommon trap: reason=class_check action=maybe_recompile pc=0x000000000232cda8 method=com.android.dx.rop.type.Type.equals(Ljava/lang/Object;)Z @ 8
Event: 2.155 Thread 0x0000000016313000 Uncommon trap: reason=class_check action=maybe_recompile pc=0x000000000232cda8 method=com.android.dx.rop.type.Type.equals(Ljava/lang/Object;)Z @ 8
Event: 2.159 Thread 0x0000000016313000 Uncommon trap: reason=class_check action=maybe_recompile pc=0x00000000023dd4d0 method=com.android.dx.rop.type.Type.equals(Ljava/lang/Object;)Z @ 8
Event: 2.208 Thread 0x0000000001e4e800 Uncommon trap: reason=unloaded action=reinterpret pc=0x0000000002474b18 method=com.android.dx.cf.cst.ConstantPoolParser.parse0(ILjava/util/BitSet;)Lcom/android/dx/rop/cst/Constant; @ 198
Event: 2.209 Thread 0x0000000001e4e800 Uncommon trap: reason=unstable_if action=reinterpret pc=0x0000000002439538 method=com.android.dx.rop.cst.StdConstantPool.set(ILcom/android/dx/rop/cst/Constant;)V @ 12

Internal exceptions (3 events):
Event: 1.163 Thread 0x0000000001e4e800 Exception <a 'java/lang/NoSuchMethodError': Method sun.misc.Unsafe.defineClass(Ljava/lang/String;[BII)Ljava/lang/Class; name or signature does not match> (0x00000000eab0df18) thrown at [C:\re\workspace\8-2-build-windows-amd64-cygwin\jdk8u66\5298\hotspot\sr”&üùÚ?
Event: 1.163 Thread 0x0000000001e4e800 Exception <a 'java/lang/NoSuchMethodError': Method sun.misc.Unsafe.prefetchRead(Ljava/lang/Object;J)V name or signature does not match> (0x00000000eab0e200) thrown at [C:\re\workspace\8-2-build-windows-amd64-cygwin\jdk8u66\5298\hotspot\src\share\vm\prims\j
ñ,L=Õ
Event: 2.100 Thread 0x0000000016314000 Implicit null exception at 0x0000000002311662 to 0x0000000002311769

Events (10 events):
Event: 2.159 Thread 0x0000000016313000 DEOPT PACKING pc=0x00000000023dd4d0 sp=0x000000001727de30
Event: 2.159 Thread 0x0000000016313000 DEOPT UNPACKING pc=0x000000000209582a sp=0x000000001727dc90 mode 2
Event: 2.208 Thread 0x0000000001e4e800 Uncommon trap: trap_request=0x000000d0 fr.pc=0x0000000002474b18
Event: 2.208 Thread 0x0000000001e4e800 DEOPT PACKING pc=0x0000000002474b18 sp=0x0000000001f4ee10
Event: 2.208 Thread 0x0000000001e4e800 DEOPT UNPACKING pc=0x000000000209582a sp=0x0000000001f4edd8 mode 2
Event: 2.209 Thread 0x0000000001e4e800 Uncommon trap: trap_request=0xffffff65 fr.pc=0x0000000002439538
Event: 2.209 Thread 0x0000000001e4e800 DEOPT PACKING pc=0x0000000002439538 sp=0x0000000001f4edb0
Event: 2.209 Thread 0x0000000001e4e800 DEOPT UNPACKING pc=0x000000000209582a sp=0x0000000001f4ed58 mode 2
Event: 2.247 Thread 0x0000000016314000 DEOPT PACKING pc=0x00000000023f5293 sp=0x000000001737ed10
Event: 2.247 Thread 0x0000000016314000 DEOPT UNPACKING pc=0x000000000209787f sp=0x000000001737ead8 mode 0


Dynamic libraries:
0x00007ff7808e0000 - 0x00007ff780917000 	C:\Program Files\Java\jdk1.8.0_66\bin\java.exe
0x00007ff988720000 - 0x00007ff9888e2000 	C:\Windows\SYSTEM32\ntdll.dll
0x00007ff986200000 - 0x00007ff9862ad000 	C:\Windows\system32\KERNEL32.DLL
0x00007ff985580000 - 0x00007ff98575d000 	C:\Windows\system32\KERNELBASE.dll
0x00007ff988000000 - 0x00007ff9880a6000 	C:\Windows\system32\ADVAPI32.dll
0x00007ff9863b0000 - 0x00007ff98644d000 	C:\Windows\system32\msvcrt.dll
0x00007ff9885d0000 - 0x00007ff98862b000 	C:\Windows\system32\sechost.dll
0x00007ff986460000 - 0x00007ff986586000 	C:\Windows\system32\RPCRT4.dll
0x00007ff9880b0000 - 0x00007ff9881fe000 	C:\Windows\system32\USER32.dll
0x00007ff985df0000 - 0x00007ff985f75000 	C:\Windows\system32\GDI32.dll
0x00007ff97d660000 - 0x00007ff97d8d4000 	C:\Windows\WinSxS\amd64_microsoft.windows.common-controls_6595b64144ccf1df_6.0.10240.16384_none_f41f7b285750ef43\COMCTL32.dll
0x00007ff9886e0000 - 0x00007ff988716000 	C:\Windows\system32\IMM32.DLL
0x00007ff986590000 - 0x00007ff9866ec000 	C:\Windows\system32\MSCTF.dll
0x0000000063880000 - 0x0000000063952000 	C:\Program Files\Java\jdk1.8.0_66\jre\bin\msvcr100.dll
0x0000000062ff0000 - 0x0000000063879000 	C:\Program Files\Java\jdk1.8.0_66\jre\bin\server\jvm.dll
0x00007ff986450000 - 0x00007ff986458000 	C:\Windows\system32\PSAPI.DLL
0x00007ff978c60000 - 0x00007ff978c69000 	C:\Windows\SYSTEM32\WSOCK32.dll
0x00007ff988490000 - 0x00007ff9884f9000 	C:\Windows\system32\WS2_32.dll
0x00007ff988330000 - 0x00007ff988338000 	C:\Windows\system32\NSI.dll
0x00007ff983300000 - 0x00007ff983323000 	C:\Windows\SYSTEM32\WINMM.dll
0x00007ff9805d0000 - 0x00007ff9805da000 	C:\Windows\SYSTEM32\VERSION.dll
0x00007ff9832d0000 - 0x00007ff9832fc000 	C:\Windows\SYSTEM32\WINMMBASE.dll
0x00007ff985360000 - 0x00007ff9853a4000 	C:\Windows\system32\cfgmgr32.dll
0x00007ff983ac0000 - 0x00007ff983ae7000 	C:\Windows\SYSTEM32\DEVOBJ.dll
0x0000000062fe0000 - 0x0000000062fef000 	C:\Program Files\Java\jdk1.8.0_66\jre\bin\verify.dll
0x0000000062fb0000 - 0x0000000062fd9000 	C:\Program Files\Java\jdk1.8.0_66\jre\bin\java.dll
0x0000000062f90000 - 0x0000000062fa6000 	C:\Program Files\Java\jdk1.8.0_66\jre\bin\zip.dll
0x00007ff9868c0000 - 0x00007ff987de3000 	C:\Windows\system32\SHELL32.dll
0x00007ff9857c0000 - 0x00007ff985de9000 	C:\Windows\system32\windows.storage.dll
0x00007ff985f80000 - 0x00007ff9861fc000 	C:\Windows\system32\combase.dll
0x00007ff987fa0000 - 0x00007ff987ff1000 	C:\Windows\system32\shlwapi.dll
0x00007ff9851e0000 - 0x00007ff9851ef000 	C:\Windows\system32\kernel.appcore.dll
0x00007ff9852a0000 - 0x00007ff985353000 	C:\Windows\system32\shcore.dll
0x00007ff985170000 - 0x00007ff9851ba000 	C:\Windows\system32\powrprof.dll
0x00007ff985150000 - 0x00007ff985163000 	C:\Windows\system32\profapi.dll

VM Arguments:
jvm_args: -Djava.awt.headless=true -Xmx1024M -Dfile.encoding=windows-1252 -Duser.country=US -Duser.language=en -Duser.variant 
java_command: com.android.dx.command.Main --dex --force-jumbo --num-threads=4 --multi-dex --output E:\AndroidProjects\Fazt\app\build\intermediates\transforms\dex\debug\folders\1000\10\com.android.support-support-v4-23.4.0_8aea1ba72b1b3cce05fed1f539f5a62248209e22 E:\AndroidProjects\Fazt\app\build\intermediates\exploded-aar\com.android.support\support-v4\23.4.0\jars\classes.jar
java_class_path (initial): E:\Android SDK\Android SDK\sdk\build-tools\23.0.3\lib\dx.jar
Launcher Type: SUN_STANDARD

Environment Variables:
PATH=E:\OracleSQL\DB\app\oracle\product\11.2.0\server\bin;;C:\Program Files (x86)\Intel\iCLS Client\;C:\Program Files\Intel\iCLS Client\;C:\Windows\system32;C:\Windows;C:\Windows\System32\Wbem;C:\Windows\System32\WindowsPowerShell\v1.0\;C:\Program Files\Intel\Intel(R) Management Engine Components\DAL;C:\Program Files (x86)\Intel\Intel(R) Management Engine Components\DAL;C:\Program Files\Intel\Intel(R) Management Engine Components\IPT;C:\Program Files (x86)\Intel\Intel(R) Management Engine Components\IPT;C:\Program Files (x86)\Windows Kits\8.1\Windows Performance Toolkit\;C:\Program Files\Microsoft SQL Server\110\Tools\Binn\;C:\Program Files (x86)\Microsoft SDKs\TypeScript\1.0\;C:\Program Files\Microsoft SQL Server\120\Tools\Binn\;E:\AMD\ATI.ACE\Core-Static;C:\Program Files (x86)\Common Files\lenovo\easyplussdk\bin;C:\Program Files (x86)\ATI Technologies\ATI.ACE\Core-Static;C:\Program Files\Java\jdk1.8.0_05\bin;C:\Program Files (x86)\Windows Kits\10\Windows Performance Toolkit\;E:\Node bin\;C:\Program Files\Microsoft SQL Server\110\DTS\Binn\;C:\Program Files (x86)\Microsoft SQL Server\110\Tools\Binn\;C:\Program Files (x86)\Microsoft SQL Server\110\Tools\Binn\ManagementStudio\;C:\Program Files (x86)\Microsoft Visual Studio 10.0\Common7\IDE\PrivateAssemblies\;C:\Program Files (x86)\Microsoft SQL Server\110\DTS\Binn\;C:\Program Files\Common Files\Autodesk Shared\;C:\Program Files (x86)\Autodesk\Backburner\;E:\Android SDK\Android SDK\android-tools;C:\Program Files\Java\jdk1.8.0_05\bin;E:\QT\5.5\msvc2013_64\bin;C:\Users\JEGAN'S BEAST\AppData\Roaming\npm;C:\Program Files (x86)\GnuWin32\bin;C:\Program Files\Java\jdk1.8.0_66\bin\javafxpackager.exe;C:\Users\JEGAN'S BEAST\AppData\Local\atom\bin;E:\SQLite DB;C:\Program Files\MongoDB\Server\3.2\bin;E:\NS;E:\Android SDK\Android SDK\android-tools;
USERNAME=JEGAN'S BEAST
OS=Windows_NT
PROCESSOR_IDENTIFIER=Intel64 Family 6 Model 60 Stepping 3, GenuineIntel



---------------  S Y S T E M  ---------------

OS: Windows 10.0 , 64 bit Build 10240 (10.0.10240.16384)

CPU:total 4 (4 cores per cpu, 1 threads per core) family 6 model 60 stepping 3, cmov, cx8, fxsr, mmx, sse, sse2, sse3, ssse3, sse4.1, sse4.2, popcnt, avx, avx2, aes, clmul, erms, lzcnt, tsc, tscinvbit, bmi1, bmi2

Memory: 4k page, physical 8247320k(1149012k free), swap 11824784k(5148k free)

vm_info: Java HotSpot(TM) 64-Bit Server VM (25.66-b18) for windows-amd64 JRE (1.8.0_66-b18), built on Nov  9 2015 10:51:13 by "java_re" with MS VC++ 10.0 (VS2010)

time: Fri Jun 17 21:45:36 2016
elapsed time: 2 seconds (0d 0h 0m 2s)

