#
# There is insufficient memory for the Java Runtime Environment to continue.
# Native memory allocation (malloc) failed to allocate 699056 bytes for Chunk::new
# Possible reasons:
#   The system is out of physical RAM or swap space
#   In 32 bit mode, the process size limit was hit
# Possible solutions:
#   Reduce memory load on the system
#   Increase physical memory or swap space
#   Check if swap backing store is full
#   Use 64 bit Java on a 64 bit OS
#   Decrease Java heap size (-Xmx/-Xms)
#   Decrease number of Java threads
#   Decrease Java thread stack sizes (-Xss)
#   Set larger code cache with -XX:ReservedCodeCacheSize=
# This output file may be truncated or incomplete.
#
#  Out of Memory Error (allocation.cpp:390), pid=4088, tid=5824
#
# JRE version: Java(TM) SE Runtime Environment (8.0_66-b18) (build 1.8.0_66-b18)
# Java VM: Java HotSpot(TM) 64-Bit Server VM (25.66-b18 mixed mode windows-amd64 compressed oops)
# Failed to write core dump. Minidumps are not enabled by default on client versions of Windows
#

---------------  T H R E A D  ---------------

Current thread (0x0000000014bce000):  JavaThread "C2 CompilerThread0" daemon [_thread_in_native, id=5824, stack(0x0000000016230000,0x0000000016330000)]

Stack: [0x0000000016230000,0x0000000016330000]
[error occurred during error reporting (printing stack bounds), id 0xc0000005]

Native frames: (J=compiled Java code, j=interpreted, Vv=VM code, C=native code)


Current CompileTask:
C2:    625 1100       4       com.android.dx.ssa.SCCP::simulateStmt (481 bytes)


---------------  P R O C E S S  ---------------

Java Threads: ( => current thread )
  0x000000001671f000 JavaThread "pool-2-thread-4" [_thread_in_Java, id=4372, stack(0x0000000016f30000,0x0000000017030000)]
  0x000000001671e000 JavaThread "pool-2-thread-3" [_thread_blocked, id=5936, stack(0x0000000016e30000,0x0000000016f30000)]
  0x000000001671d800 JavaThread "pool-2-thread-2" [_thread_in_Java, id=7936, stack(0x0000000016d30000,0x0000000016e30000)]
  0x000000001671a800 JavaThread "pool-3-thread-1" [_thread_blocked, id=7708, stack(0x0000000016c30000,0x0000000016d30000)]
  0x0000000016717000 JavaThread "pool-2-thread-1" [_thread_blocked, id=5972, stack(0x0000000016b30000,0x0000000016c30000)]
  0x000000001643b000 JavaThread "Service Thread" daemon [_thread_blocked, id=4452, stack(0x0000000016930000,0x0000000016a30000)]
  0x0000000016438800 JavaThread "C1 CompilerThread2" daemon [_thread_in_native, id=9424, stack(0x0000000016830000,0x0000000016930000)]
  0x0000000014bd1000 JavaThread "C2 CompilerThread1" daemon [_thread_in_native, id=9652, stack(0x0000000016330000,0x0000000016430000)]
=>0x0000000014bce000 JavaThread "C2 CompilerThread0" daemon [_thread_in_native, id=5824, stack(0x0000000016230000,0x0000000016330000)]
  0x0000000014bcc000 JavaThread "Attach Listener" daemon [_thread_blocked, id=8476, stack(0x0000000016130000,0x0000000016230000)]
  0x0000000014bcb000 JavaThread "Signal Dispatcher" daemon [_thread_blocked, id=2836, stack(0x0000000016030000,0x0000000016130000)]
  0x00000000024f1000 JavaThread "Finalizer" daemon [_thread_blocked, id=8448, stack(0x0000000015e50000,0x0000000015f50000)]
  0x00000000024ee000 JavaThread "Reference Handler" daemon [_thread_blocked, id=4296, stack(0x0000000015d50000,0x0000000015e50000)]
  0x00000000022be800 JavaThread "main" [_thread_blocked, id=9952, stack(0x0000000002300000,0x0000000002400000)]

Other Threads:
  0x0000000014b97800 VMThread [stack: 0x0000000015c50000,0x0000000015d50000] [id=2144]
  0x0000000016443000 WatcherThread [stack: 0x0000000016a30000,0x0000000016b30000] [id=7468]

VM state:not at safepoint (normal execution)

VM Mutex/Monitor currently owned by a thread: None

Heap:
 PSYoungGen      total 37888K, used 13654K [0x00000000eab00000, 0x00000000ed500000, 0x0000000100000000)
  eden space 32768K, 26% used [0x00000000eab00000,0x00000000eb35a0b8,0x00000000ecb00000)
  from space 5120K, 99% used [0x00000000ecb00000,0x00000000ecffb970,0x00000000ed000000)
  to   space 5120K, 0% used [0x00000000ed000000,0x00000000ed000000,0x00000000ed500000)
 ParOldGen       total 86016K, used 1898K [0x00000000c0000000, 0x00000000c5400000, 0x00000000eab00000)
  object space 86016K, 2% used [0x00000000c0000000,0x00000000c01da990,0x00000000c5400000)
 Metaspace       used 5988K, capacity 6896K, committed 7040K, reserved 1056768K
  class space    used 598K, capacity 616K, committed 640K, reserved 1048576K

Card table byte_map: [0x00000000118c0000,0x0000000011ad0000] byte_map_base: 0x00000000112c0000

Marking Bits: (ParMarkBitMap*) 0x00000000637fa5b0
 Begin Bits: [0x0000000012030000, 0x0000000013030000)
 End Bits:   [0x0000000013030000, 0x0000000014030000)

Polling page: 0x0000000002250000

CodeCache: size=245760Kb used=4627Kb max_used=4627Kb free=241132Kb
 bounds [0x0000000002500000, 0x0000000002990000, 0x0000000011500000]
 total_blobs=1434 nmethods=1165 adapters=182
 compilation: enabled

Compilation events (10 events):
Event: 0.624 Thread 0x0000000014bd1000 nmethod 1147 0x0000000002986b10 code [0x0000000002986c60, 0x00000000029871d8]
Event: 0.624 Thread 0x0000000016438800 nmethod 1176 0x000000000296e210 code [0x000000000296e380, 0x000000000296e750]
Event: 0.624 Thread 0x0000000016438800 1184       3       com.android.dx.rop.type.Type::isIntlike (56 bytes)
Event: 0.624 Thread 0x0000000014bd1000 1162       4       java.util.Arrays::hashCode (56 bytes)
Event: 0.624 Thread 0x0000000016438800 nmethod 1184 0x000000000296de90 code [0x000000000296dfe0, 0x000000000296e170]
Event: 0.624 Thread 0x0000000016438800 1181       3       com.android.dx.cf.code.ConcreteMethod::getCode (8 bytes)
Event: 0.624 Thread 0x0000000016438800 nmethod 1181 0x000000000296da90 code [0x000000000296dbe0, 0x000000000296ddd0]
Event: 0.624 Thread 0x0000000016438800 1171       3       java.util.TreeMap::values (27 bytes)
Event: 0.624 Thread 0x0000000016438800 nmethod 1171 0x000000000296d490 code [0x000000000296d600, 0x000000000296d950]
Event: 0.624 Thread 0x0000000016438800 1164       3       com.android.dx.ssa.SsaMethod::makeNewGotoBlock (52 bytes)

GC Heap History (2 events):
Event: 0.562 GC heap before
{Heap before GC invocations=1 (full 0):
 PSYoungGen      total 37888K, used 32768K [0x00000000eab00000, 0x00000000ed500000, 0x0000000100000000)
  eden space 32768K, 100% used [0x00000000eab00000,0x00000000ecb00000,0x00000000ecb00000)
  from space 5120K, 0% used [0x00000000ed000000,0x00000000ed000000,0x00000000ed500000)
  to   space 5120K, 0% used [0x00000000ecb00000,0x00000000ecb00000,0x00000000ed000000)
 ParOldGen       total 86016K, used 0K [0x00000000c0000000, 0x00000000c5400000, 0x00000000eab00000)
  object space 86016K, 0% used [0x00000000c0000000,0x00000000c0000000,0x00000000c5400000)
 Metaspace       used 5913K, capacity 6832K, committed 7040K, reserved 1056768K
  class space    used 598K, capacity 616K, committed 640K, reserved 1048576K
Event: 0.571 GC heap after
Heap after GC invocations=1 (full 0):
 PSYoungGen      total 37888K, used 5102K [0x00000000eab00000, 0x00000000ed500000, 0x0000000100000000)
  eden space 32768K, 0% used [0x00000000eab00000,0x00000000eab00000,0x00000000ecb00000)
  from space 5120K, 99% used [0x00000000ecb00000,0x00000000ecffb970,0x00000000ed000000)
  to   space 5120K, 0% used [0x00000000ed000000,0x00000000ed000000,0x00000000ed500000)
 ParOldGen       total 86016K, used 1898K [0x00000000c0000000, 0x00000000c5400000, 0x00000000eab00000)
  object space 86016K, 2% used [0x00000000c0000000,0x00000000c01da990,0x00000000c5400000)
 Metaspace       used 5913K, capacity 6832K, committed 7040K, reserved 1056768K
  class space    used 598K, capacity 616K, committed 640K, reserved 1048576K
}

Deoptimization events (10 events):
Event: 0.409 Thread 0x000000001671e000 Uncommon trap: reason=unstable_if action=reinterpret pc=0x00000000027428fc method=java.util.HashMap.getNode(ILjava/lang/Object;)Ljava/util/HashMap$Node; @ 62
Event: 0.439 Thread 0x0000000016717000 Uncommon trap: reason=unstable_if action=reinterpret pc=0x00000000027bcd7c method=com.android.dx.rop.code.RegisterSpec.equals(ILcom/android/dx/rop/type/TypeBearer;Lcom/android/dx/rop/code/LocalItem;)Z @ 16
Event: 0.441 Thread 0x0000000016717000 Uncommon trap: reason=class_check action=maybe_recompile pc=0x0000000002774ed4 method=com.android.dx.ssa.NormalSsaInsn.accept(Lcom/android/dx/ssa/SsaInsn$Visitor;)V @ 9
Event: 0.441 Thread 0x0000000016717000 Uncommon trap: reason=class_check action=maybe_recompile pc=0x0000000002774ed4 method=com.android.dx.ssa.NormalSsaInsn.accept(Lcom/android/dx/ssa/SsaInsn$Visitor;)V @ 9
Event: 0.455 Thread 0x0000000016717000 Uncommon trap: reason=class_check action=maybe_recompile pc=0x0000000002774ed4 method=com.android.dx.ssa.NormalSsaInsn.accept(Lcom/android/dx/ssa/SsaInsn$Visitor;)V @ 9
Event: 0.462 Thread 0x0000000016717000 Uncommon trap: reason=class_check action=maybe_recompile pc=0x0000000002753670 method=com.android.dx.ssa.NormalSsaInsn.accept(Lcom/android/dx/ssa/SsaInsn$Visitor;)V @ 9
Event: 0.463 Thread 0x0000000016717000 Uncommon trap: reason=unstable_if action=reinterpret pc=0x0000000002817538 method=com.android.dx.rop.code.RegisterSpec.equals(ILcom/android/dx/rop/type/TypeBearer;Lcom/android/dx/rop/code/LocalItem;)Z @ 16
Event: 0.476 Thread 0x000000001671f000 Uncommon trap: reason=unstable_if action=reinterpret pc=0x00000000027e6c50 method=com.android.dx.rop.code.RegisterSpec.equals(ILcom/android/dx/rop/type/TypeBearer;Lcom/android/dx/rop/code/LocalItem;)Z @ 16
Event: 0.534 Thread 0x000000001671e000 Uncommon trap: reason=unstable_if action=reinterpret pc=0x00000000027dabe4 method=com.android.dx.rop.code.RegisterSpec.equals(ILcom/android/dx/rop/type/TypeBearer;Lcom/android/dx/rop/code/LocalItem;)Z @ 16
Event: 0.607 Thread 0x000000001671d800 Uncommon trap: reason=null_check action=make_not_entrant pc=0x0000000002886978 method=com.android.dx.rop.type.Type.equals(Ljava/lang/Object;)Z @ 8

Internal exceptions (3 events):
Event: 0.061 Thread 0x00000000022be800 Exception <a 'java/lang/NoSuchMethodError': Method sun.misc.Unsafe.defineClass(Ljava/lang/String;[BII)Ljava/lang/Class; name or signature does not match> (0x00000000eab0df08) thrown at [C:\re\workspace\8-2-build-windows-amd64-cygwin\jdk8u66\5298\hotspot\srÇ`EX¯?
Event: 0.061 Thread 0x00000000022be800 Exception <a 'java/lang/NoSuchMethodError': Method sun.misc.Unsafe.prefetchRead(Ljava/lang/Object;J)V name or signature does not match> (0x00000000eab0e1f0) thrown at [C:\re\workspace\8-2-build-windows-amd64-cygwin\jdk8u66\5298\hotspot\src\share\vm\prims\j‚û–kã?
Event: 0.607 Thread 0x000000001671d800 Implicit null exception at 0x0000000002886862 to 0x0000000002886969

Events (10 events):
Event: 0.535 Thread 0x000000001671e000 DEOPT UNPACKING pc=0x000000000254582a sp=0x0000000016f2dda8 mode 2
Event: 0.543 Executing VM operation: ForceSafepoint
Event: 0.544 Executing VM operation: ForceSafepoint done
Event: 0.559 Executing VM operation: ParallelGCFailedAllocation
Event: 0.571 Executing VM operation: ParallelGCFailedAllocation done
Event: 0.607 Thread 0x000000001671d800 Uncommon trap: trap_request=0xfffffff4 fr.pc=0x0000000002886978
Event: 0.607 Thread 0x000000001671d800 DEOPT PACKING pc=0x0000000002886978 sp=0x0000000016e2e7b0
Event: 0.607 Thread 0x000000001671d800 DEOPT UNPACKING pc=0x000000000254582a sp=0x0000000016e2e758 mode 2
Event: 0.620 Thread 0x00000000022be800 DEOPT PACKING pc=0x0000000002884c2d sp=0x00000000023fe330
Event: 0.620 Thread 0x00000000022be800 DEOPT UNPACKING pc=0x000000000254787f sp=0x00000000023fe0c8 mode 0


Dynamic libraries:
0x00007ff7808e0000 - 0x00007ff780917000 	C:\Program Files\Java\jdk1.8.0_66\bin\java.exe
0x00007ff988720000 - 0x00007ff9888e2000 	C:\Windows\SYSTEM32\ntdll.dll
0x00007ff986200000 - 0x00007ff9862ad000 	C:\Windows\system32\KERNEL32.DLL
0x00007ff985580000 - 0x00007ff98575d000 	C:\Windows\system32\KERNELBASE.dll
0x00007ff988000000 - 0x00007ff9880a6000 	C:\Windows\system32\ADVAPI32.dll
0x00007ff9863b0000 - 0x00007ff98644d000 	C:\Windows\system32\msvcrt.dll
0x00007ff9885d0000 - 0x00007ff98862b000 	C:\Windows\system32\sechost.dll
0x00007ff986460000 - 0x00007ff986586000 	C:\Windows\system32\RPCRT4.dll
0x00007ff9880b0000 - 0x00007ff9881fe000 	C:\Windows\system32\USER32.dll
0x00007ff985df0000 - 0x00007ff985f75000 	C:\Windows\system32\GDI32.dll
0x00007ff97d660000 - 0x00007ff97d8d4000 	C:\Windows\WinSxS\amd64_microsoft.windows.common-controls_6595b64144ccf1df_6.0.10240.16384_none_f41f7b285750ef43\COMCTL32.dll
0x00007ff9886e0000 - 0x00007ff988716000 	C:\Windows\system32\IMM32.DLL
0x00007ff986590000 - 0x00007ff9866ec000 	C:\Windows\system32\MSCTF.dll
0x0000000063880000 - 0x0000000063952000 	C:\Program Files\Java\jdk1.8.0_66\jre\bin\msvcr100.dll
0x0000000062ff0000 - 0x0000000063879000 	C:\Program Files\Java\jdk1.8.0_66\jre\bin\server\jvm.dll
0x00007ff986450000 - 0x00007ff986458000 	C:\Windows\system32\PSAPI.DLL
0x00007ff978c60000 - 0x00007ff978c69000 	C:\Windows\SYSTEM32\WSOCK32.dll
0x00007ff988490000 - 0x00007ff9884f9000 	C:\Windows\system32\WS2_32.dll
0x00007ff988330000 - 0x00007ff988338000 	C:\Windows\system32\NSI.dll
0x00007ff983300000 - 0x00007ff983323000 	C:\Windows\SYSTEM32\WINMM.dll
0x00007ff9805d0000 - 0x00007ff9805da000 	C:\Windows\SYSTEM32\VERSION.dll
0x00007ff9832d0000 - 0x00007ff9832fc000 	C:\Windows\SYSTEM32\WINMMBASE.dll
0x00007ff985360000 - 0x00007ff9853a4000 	C:\Windows\system32\cfgmgr32.dll
0x00007ff983ac0000 - 0x00007ff983ae7000 	C:\Windows\SYSTEM32\DEVOBJ.dll
0x0000000062fe0000 - 0x0000000062fef000 	C:\Program Files\Java\jdk1.8.0_66\jre\bin\verify.dll
0x0000000062fb0000 - 0x0000000062fd9000 	C:\Program Files\Java\jdk1.8.0_66\jre\bin\java.dll
0x0000000062f90000 - 0x0000000062fa6000 	C:\Program Files\Java\jdk1.8.0_66\jre\bin\zip.dll
0x00007ff9868c0000 - 0x00007ff987de3000 	C:\Windows\system32\SHELL32.dll
0x00007ff9857c0000 - 0x00007ff985de9000 	C:\Windows\system32\windows.storage.dll
0x00007ff985f80000 - 0x00007ff9861fc000 	C:\Windows\system32\combase.dll
0x00007ff987fa0000 - 0x00007ff987ff1000 	C:\Windows\system32\shlwapi.dll
0x00007ff9851e0000 - 0x00007ff9851ef000 	C:\Windows\system32\kernel.appcore.dll
0x00007ff9852a0000 - 0x00007ff985353000 	C:\Windows\system32\shcore.dll
0x00007ff985170000 - 0x00007ff9851ba000 	C:\Windows\system32\powrprof.dll
0x00007ff985150000 - 0x00007ff985163000 	C:\Windows\system32\profapi.dll

VM Arguments:
jvm_args: -Djava.awt.headless=true -Xmx1024M -Dfile.encoding=windows-1252 -Duser.country=US -Duser.language=en -Duser.variant 
java_command: com.android.dx.command.Main --dex --force-jumbo --num-threads=4 --multi-dex --output E:\AndroidProjects\Fazt\app\build\intermediates\transforms\dex\debug\folders\1000\10\com.mikepenz-materialdrawer-5.3.0_6aefc96adbb9c6d4f89bfc1f3a872fca4df10955 E:\AndroidProjects\Fazt\app\build\intermediates\exploded-aar\com.mikepenz\materialdrawer\5.3.0\jars\classes.jar
java_class_path (initial): E:\Android SDK\Android SDK\sdk\build-tools\23.0.3\lib\dx.jar
Launcher Type: SUN_STANDARD

Environment Variables:
PATH=E:\OracleSQL\DB\app\oracle\product\11.2.0\server\bin;;C:\Program Files (x86)\Intel\iCLS Client\;C:\Program Files\Intel\iCLS Client\;C:\Windows\system32;C:\Windows;C:\Windows\System32\Wbem;C:\Windows\System32\WindowsPowerShell\v1.0\;C:\Program Files\Intel\Intel(R) Management Engine Components\DAL;C:\Program Files (x86)\Intel\Intel(R) Management Engine Components\DAL;C:\Program Files\Intel\Intel(R) Management Engine Components\IPT;C:\Program Files (x86)\Intel\Intel(R) Management Engine Components\IPT;C:\Program Files (x86)\Windows Kits\8.1\Windows Performance Toolkit\;C:\Program Files\Microsoft SQL Server\110\Tools\Binn\;C:\Program Files (x86)\Microsoft SDKs\TypeScript\1.0\;C:\Program Files\Microsoft SQL Server\120\Tools\Binn\;E:\AMD\ATI.ACE\Core-Static;C:\Program Files (x86)\Common Files\lenovo\easyplussdk\bin;C:\Program Files (x86)\ATI Technologies\ATI.ACE\Core-Static;C:\Program Files\Java\jdk1.8.0_05\bin;C:\Program Files (x86)\Windows Kits\10\Windows Performance Toolkit\;E:\Node bin\;C:\Program Files\Microsoft SQL Server\110\DTS\Binn\;C:\Program Files (x86)\Microsoft SQL Server\110\Tools\Binn\;C:\Program Files (x86)\Microsoft SQL Server\110\Tools\Binn\ManagementStudio\;C:\Program Files (x86)\Microsoft Visual Studio 10.0\Common7\IDE\PrivateAssemblies\;C:\Program Files (x86)\Microsoft SQL Server\110\DTS\Binn\;C:\Program Files\Common Files\Autodesk Shared\;C:\Program Files (x86)\Autodesk\Backburner\;E:\Android SDK\Android SDK\android-tools;C:\Program Files\Java\jdk1.8.0_05\bin;E:\QT\5.5\msvc2013_64\bin;C:\Users\JEGAN'S BEAST\AppData\Roaming\npm;C:\Program Files (x86)\GnuWin32\bin;C:\Program Files\Java\jdk1.8.0_66\bin\javafxpackager.exe;C:\Users\JEGAN'S BEAST\AppData\Local\atom\bin;E:\SQLite DB;C:\Program Files\MongoDB\Server\3.2\bin;E:\NS;E:\Android SDK\Android SDK\android-tools;
USERNAME=JEGAN'S BEAST
OS=Windows_NT
PROCESSOR_IDENTIFIER=Intel64 Family 6 Model 60 Stepping 3, GenuineIntel



---------------  S Y S T E M  ---------------

OS: Windows 10.0 , 64 bit Build 10240 (10.0.10240.16384)

CPU:total 4 (4 cores per cpu, 1 threads per core) family 6 model 60 stepping 3, cmov, cx8, fxsr, mmx, sse, sse2, sse3, ssse3, sse4.1, sse4.2, popcnt, avx, avx2, aes, clmul, erms, lzcnt, tsc, tscinvbit, bmi1, bmi2

Memory: 4k page, physical 8247320k(1155680k free), swap 11824784k(4044k free)

vm_info: Java HotSpot(TM) 64-Bit Server VM (25.66-b18) for windows-amd64 JRE (1.8.0_66-b18), built on Nov  9 2015 10:51:13 by "java_re" with MS VC++ 10.0 (VS2010)

time: Fri Jun 17 21:47:12 2016
elapsed time: 0 seconds (0d 0h 0m 0s)

