#
# There is insufficient memory for the Java Runtime Environment to continue.
# Native memory allocation (malloc) failed to allocate 1046976 bytes for Chunk::new
# Possible reasons:
#   The system is out of physical RAM or swap space
#   In 32 bit mode, the process size limit was hit
# Possible solutions:
#   Reduce memory load on the system
#   Increase physical memory or swap space
#   Check if swap backing store is full
#   Use 64 bit Java on a 64 bit OS
#   Decrease Java heap size (-Xmx/-Xms)
#   Decrease number of Java threads
#   Decrease Java thread stack sizes (-Xss)
#   Set larger code cache with -XX:ReservedCodeCacheSize=
# This output file may be truncated or incomplete.
#
#  Out of Memory Error (allocation.cpp:390), pid=4956, tid=5616
#
# JRE version: Java(TM) SE Runtime Environment (8.0_66-b18) (build 1.8.0_66-b18)
# Java VM: Java HotSpot(TM) 64-Bit Server VM (25.66-b18 mixed mode windows-amd64 compressed oops)
# Failed to write core dump. Minidumps are not enabled by default on client versions of Windows
#

---------------  T H R E A D  ---------------

Current thread (0x000000001512b800):  JavaThread "C2 CompilerThread0" daemon [_thread_in_native, id=5616, stack(0x0000000016770000,0x0000000016870000)]

Stack: [0x0000000016770000,0x0000000016870000]
[error occurred during error reporting (printing stack bounds), id 0xc0000005]

Native frames: (J=compiled Java code, j=interpreted, Vv=VM code, C=native code)


Current CompileTask:
C2:    713 1193       4       com.android.dx.ssa.SCCP::simulateBranch (666 bytes)


---------------  P R O C E S S  ---------------

Java Threads: ( => current thread )
  0x0000000016c97000 JavaThread "pool-2-thread-4" [_thread_blocked, id=7792, stack(0x0000000017470000,0x0000000017570000)]
  0x0000000016c95800 JavaThread "pool-2-thread-3" [_thread_blocked, id=6964, stack(0x0000000017370000,0x0000000017470000)]
  0x0000000016c4d000 JavaThread "pool-2-thread-2" [_thread_in_vm, id=5540, stack(0x0000000017270000,0x0000000017370000)]
  0x0000000016c4c800 JavaThread "pool-3-thread-1" [_thread_blocked, id=3208, stack(0x0000000017170000,0x0000000017270000)]
  0x0000000016c40000 JavaThread "pool-2-thread-1" [_thread_in_Java, id=9824, stack(0x0000000017070000,0x0000000017170000)]
  0x0000000016977800 JavaThread "Service Thread" daemon [_thread_blocked, id=6188, stack(0x0000000016e70000,0x0000000016f70000)]
  0x0000000016970800 JavaThread "C1 CompilerThread2" daemon [_thread_in_native, id=4016, stack(0x0000000016d70000,0x0000000016e70000)]
  0x0000000015170800 JavaThread "C2 CompilerThread1" daemon [_thread_in_native, id=6116, stack(0x0000000016870000,0x0000000016970000)]
=>0x000000001512b800 JavaThread "C2 CompilerThread0" daemon [_thread_in_native, id=5616, stack(0x0000000016770000,0x0000000016870000)]
  0x0000000015129800 JavaThread "Attach Listener" daemon [_thread_blocked, id=4776, stack(0x0000000016670000,0x0000000016770000)]
  0x0000000015128800 JavaThread "Signal Dispatcher" daemon [_thread_blocked, id=9880, stack(0x0000000016570000,0x0000000016670000)]
  0x0000000002a49000 JavaThread "Finalizer" daemon [_thread_blocked, id=3504, stack(0x0000000016390000,0x0000000016490000)]
  0x00000000150e9000 JavaThread "Reference Handler" daemon [_thread_blocked, id=6232, stack(0x0000000016290000,0x0000000016390000)]
  0x000000000284e800 JavaThread "main" [_thread_in_Java, id=3916, stack(0x00000000026a0000,0x00000000027a0000)]

Other Threads:
  0x00000000150e7800 VMThread [stack: 0x0000000016190000,0x0000000016290000] [id=9312]
  0x0000000016998000 WatcherThread [stack: 0x0000000016f70000,0x0000000017070000] [id=2736]

VM state:not at safepoint (normal execution)

VM Mutex/Monitor currently owned by a thread:  ([mutex/lock_event])
[0x0000000002950750] MethodData_lock - owner thread: 0x0000000000000000

Heap:
 PSYoungGen      total 37888K, used 15714K [0x00000000eab00000, 0x00000000ed500000, 0x0000000100000000)
  eden space 32768K, 32% used [0x00000000eab00000,0x00000000eb55e918,0x00000000ecb00000)
  from space 5120K, 99% used [0x00000000ecb00000,0x00000000ecffa0f8,0x00000000ed000000)
  to   space 5120K, 0% used [0x00000000ed000000,0x00000000ed000000,0x00000000ed500000)
 ParOldGen       total 86016K, used 1268K [0x00000000c0000000, 0x00000000c5400000, 0x00000000eab00000)
  object space 86016K, 1% used [0x00000000c0000000,0x00000000c013d030,0x00000000c5400000)
 Metaspace       used 6021K, capacity 6960K, committed 7040K, reserved 1056768K
  class space    used 598K, capacity 616K, committed 640K, reserved 1048576K

Card table byte_map: [0x0000000011e10000,0x0000000012020000] byte_map_base: 0x0000000011810000

Marking Bits: (ParMarkBitMap*) 0x00000000637fa5b0
 Begin Bits: [0x0000000012580000, 0x0000000013580000)
 End Bits:   [0x0000000013580000, 0x0000000014580000)

Polling page: 0x0000000000ef0000

CodeCache: size=245760Kb used=5275Kb max_used=5275Kb free=240484Kb
 bounds [0x0000000002a50000, 0x0000000002f80000, 0x0000000011a50000]
 total_blobs=1539 nmethods=1270 adapters=182
 compilation: enabled

Compilation events (10 events):
Event: 0.712 Thread 0x0000000016970800 nmethod 1276 0x0000000002f6f750 code [0x0000000002f6f8c0, 0x0000000002f6fc90]
Event: 0.712 Thread 0x0000000016970800 1261       3       java.util.TreeMap$Values::iterator (19 bytes)
Event: 0.712 Thread 0x0000000016970800 nmethod 1261 0x0000000002f6ee50 code [0x0000000002f6efe0, 0x0000000002f6f4f0]
Event: 0.712 Thread 0x0000000016970800 1268       3       com.android.dx.cf.direct.AttributeListParser::<init> (83 bytes)
Event: 0.712 Thread 0x0000000016970800 nmethod 1268 0x0000000002f791d0 code [0x0000000002f793c0, 0x0000000002f79b78]
Event: 0.712 Thread 0x0000000016970800 1284       3       com.android.dx.cf.code.OneLocalsArray::getMaxLocals (6 bytes)
Event: 0.713 Thread 0x0000000016970800 nmethod 1284 0x0000000002f6eb10 code [0x0000000002f6ec60, 0x0000000002f6edb0]
Event: 0.713 Thread 0x0000000016970800 1269       3       com.android.dx.cf.iface.StdAttributeList::<init> (6 bytes)
Event: 0.713 Thread 0x0000000016970800 nmethod 1269 0x0000000002f6e790 code [0x0000000002f6e900, 0x0000000002f6ea88]
Event: 0.713 Thread 0x0000000016970800 1270       3       com.android.dx.cf.direct.AttributeListParser::setObserver (6 bytes)

GC Heap History (2 events):
Event: 0.533 GC heap before
{Heap before GC invocations=1 (full 0):
 PSYoungGen      total 37888K, used 32768K [0x00000000eab00000, 0x00000000ed500000, 0x0000000100000000)
  eden space 32768K, 100% used [0x00000000eab00000,0x00000000ecb00000,0x00000000ecb00000)
  from space 5120K, 0% used [0x00000000ed000000,0x00000000ed000000,0x00000000ed500000)
  to   space 5120K, 0% used [0x00000000ecb00000,0x00000000ecb00000,0x00000000ed000000)
 ParOldGen       total 86016K, used 0K [0x00000000c0000000, 0x00000000c5400000, 0x00000000eab00000)
  object space 86016K, 0% used [0x00000000c0000000,0x00000000c0000000,0x00000000c5400000)
 Metaspace       used 5964K, capacity 6896K, committed 7040K, reserved 1056768K
  class space    used 598K, capacity 616K, committed 640K, reserved 1048576K
Event: 0.561 GC heap after
Heap after GC invocations=1 (full 0):
 PSYoungGen      total 37888K, used 5096K [0x00000000eab00000, 0x00000000ed500000, 0x0000000100000000)
  eden space 32768K, 0% used [0x00000000eab00000,0x00000000eab00000,0x00000000ecb00000)
  from space 5120K, 99% used [0x00000000ecb00000,0x00000000ecffa0f8,0x00000000ed000000)
  to   space 5120K, 0% used [0x00000000ed000000,0x00000000ed000000,0x00000000ed500000)
 ParOldGen       total 86016K, used 1268K [0x00000000c0000000, 0x00000000c5400000, 0x00000000eab00000)
  object space 86016K, 1% used [0x00000000c0000000,0x00000000c013d030,0x00000000c5400000)
 Metaspace       used 5964K, capacity 6896K, committed 7040K, reserved 1056768K
  class space    used 598K, capacity 616K, committed 640K, reserved 1048576K
}

Deoptimization events (8 events):
Event: 0.317 Thread 0x0000000016c97000 Uncommon trap: reason=null_check action=make_not_entrant pc=0x0000000002d35aa8 method=com.android.dx.rop.type.Type.equals(Ljava/lang/Object;)Z @ 8
Event: 0.327 Thread 0x0000000016c40000 Uncommon trap: reason=unstable_if action=reinterpret pc=0x0000000002ca5b74 method=java.util.BitSet.ensureCapacity(I)V @ 6
Event: 0.370 Thread 0x0000000016c4d000 Uncommon trap: reason=unstable_if action=reinterpret pc=0x0000000002d3b35c method=com.android.dx.rop.cst.Constant.compareTo(Lcom/android/dx/rop/cst/Constant;)I @ 12
Event: 0.395 Thread 0x0000000016c95800 Uncommon trap: reason=bimorphic action=maybe_recompile pc=0x0000000002ca75bc method=java.util.HashMap.getNode(ILjava/lang/Object;)Ljava/util/HashMap$Node; @ 126
Event: 0.399 Thread 0x0000000016c40000 Uncommon trap: reason=unstable_if action=reinterpret pc=0x0000000002ced344 method=com.android.dx.rop.code.RegisterSpec.equals(ILcom/android/dx/rop/type/TypeBearer;Lcom/android/dx/rop/code/LocalItem;)Z @ 42
Event: 0.399 Thread 0x0000000016c40000 Uncommon trap: reason=unstable_if action=reinterpret pc=0x0000000002cee2ac method=com.android.dx.rop.code.RegisterSpecSet.put(Lcom/android/dx/rop/code/RegisterSpec;)V @ 77
Event: 0.399 Thread 0x0000000016c40000 Uncommon trap: reason=unstable_if action=reinterpret pc=0x0000000002dac924 method=com.android.dx.rop.code.RegisterSpecSet.put(Lcom/android/dx/rop/code/RegisterSpec;)V @ 77
Event: 0.576 Thread 0x0000000016c40000 Uncommon trap: reason=uninitialized action=reinterpret pc=0x0000000002ea5ba4 method=com.android.dx.cf.code.BytecodeArray.parseInstruction(ILcom/android/dx/cf/code/BytecodeArray$Visitor;)I @ 1031

Internal exceptions (3 events):
Event: 0.035 Thread 0x000000000284e800 Exception <a 'java/lang/NoSuchMethodError': Method sun.misc.Unsafe.defineClass(Ljava/lang/String;[BII)Ljava/lang/Class; name or signature does not match> (0x00000000eab0df30) thrown at [C:\re\workspace\8-2-build-windows-amd64-cygwin\jdk8u66\5298\hotspot\srn½ÀmÏ'¢?
Event: 0.035 Thread 0x000000000284e800 Exception <a 'java/lang/NoSuchMethodError': Method sun.misc.Unsafe.prefetchRead(Ljava/lang/Object;J)V name or signature does not match> (0x00000000eab0e218) thrown at [C:\re\workspace\8-2-build-windows-amd64-cygwin\jdk8u66\5298\hotspot\src\share\vm\prims\j¾ÜO‡HÔ?
Event: 0.317 Thread 0x0000000016c97000 Implicit null exception at 0x0000000002d359a2 to 0x0000000002d35a9a

Events (10 events):
Event: 0.576 Thread 0x0000000016c40000 DEOPT PACKING pc=0x0000000002ea5ba4 sp=0x000000001716ef30
Event: 0.576 Thread 0x0000000016c40000 DEOPT UNPACKING pc=0x0000000002a9582a sp=0x000000001716eec8 mode 2
Event: 0.627 Thread 0x000000000284e800 DEOPT PACKING pc=0x0000000002db46e5 sp=0x000000000279e640
Event: 0.627 Thread 0x000000000284e800 DEOPT UNPACKING pc=0x0000000002a9787f sp=0x000000000279e420 mode 0
Event: 0.635 Thread 0x000000000284e800 DEOPT PACKING pc=0x0000000002de0401 sp=0x000000000279e580
Event: 0.635 Thread 0x000000000284e800 DEOPT UNPACKING pc=0x0000000002a9787f sp=0x000000000279e348 mode 0
Event: 0.644 Thread 0x000000000284e800 DEOPT PACKING pc=0x0000000002df2dad sp=0x000000000279e4c0
Event: 0.644 Thread 0x000000000284e800 DEOPT UNPACKING pc=0x0000000002a9787f sp=0x000000000279e258 mode 0
Event: 0.713 Thread 0x0000000016c40000 DEOPT PACKING pc=0x0000000002df2dad sp=0x000000001716ec40
Event: 0.713 Thread 0x0000000016c40000 DEOPT UNPACKING pc=0x0000000002a9787f sp=0x000000001716e9d8 mode 0


Dynamic libraries:
0x00007ff7808e0000 - 0x00007ff780917000 	C:\Program Files\Java\jdk1.8.0_66\bin\java.exe
0x00007ff988720000 - 0x00007ff9888e2000 	C:\Windows\SYSTEM32\ntdll.dll
0x00007ff986200000 - 0x00007ff9862ad000 	C:\Windows\system32\KERNEL32.DLL
0x00007ff985580000 - 0x00007ff98575d000 	C:\Windows\system32\KERNELBASE.dll
0x00007ff988000000 - 0x00007ff9880a6000 	C:\Windows\system32\ADVAPI32.dll
0x00007ff9863b0000 - 0x00007ff98644d000 	C:\Windows\system32\msvcrt.dll
0x00007ff9885d0000 - 0x00007ff98862b000 	C:\Windows\system32\sechost.dll
0x00007ff986460000 - 0x00007ff986586000 	C:\Windows\system32\RPCRT4.dll
0x00007ff9880b0000 - 0x00007ff9881fe000 	C:\Windows\system32\USER32.dll
0x00007ff985df0000 - 0x00007ff985f75000 	C:\Windows\system32\GDI32.dll
0x00007ff97d660000 - 0x00007ff97d8d4000 	C:\Windows\WinSxS\amd64_microsoft.windows.common-controls_6595b64144ccf1df_6.0.10240.16384_none_f41f7b285750ef43\COMCTL32.dll
0x00007ff9886e0000 - 0x00007ff988716000 	C:\Windows\system32\IMM32.DLL
0x00007ff986590000 - 0x00007ff9866ec000 	C:\Windows\system32\MSCTF.dll
0x0000000063880000 - 0x0000000063952000 	C:\Program Files\Java\jdk1.8.0_66\jre\bin\msvcr100.dll
0x0000000062ff0000 - 0x0000000063879000 	C:\Program Files\Java\jdk1.8.0_66\jre\bin\server\jvm.dll
0x00007ff986450000 - 0x00007ff986458000 	C:\Windows\system32\PSAPI.DLL
0x00007ff978c60000 - 0x00007ff978c69000 	C:\Windows\SYSTEM32\WSOCK32.dll
0x00007ff988490000 - 0x00007ff9884f9000 	C:\Windows\system32\WS2_32.dll
0x00007ff988330000 - 0x00007ff988338000 	C:\Windows\system32\NSI.dll
0x00007ff983300000 - 0x00007ff983323000 	C:\Windows\SYSTEM32\WINMM.dll
0x00007ff9805d0000 - 0x00007ff9805da000 	C:\Windows\SYSTEM32\VERSION.dll
0x00007ff9832d0000 - 0x00007ff9832fc000 	C:\Windows\SYSTEM32\WINMMBASE.dll
0x00007ff985360000 - 0x00007ff9853a4000 	C:\Windows\system32\cfgmgr32.dll
0x00007ff983ac0000 - 0x00007ff983ae7000 	C:\Windows\SYSTEM32\DEVOBJ.dll
0x0000000062fe0000 - 0x0000000062fef000 	C:\Program Files\Java\jdk1.8.0_66\jre\bin\verify.dll
0x0000000062fb0000 - 0x0000000062fd9000 	C:\Program Files\Java\jdk1.8.0_66\jre\bin\java.dll
0x0000000062f90000 - 0x0000000062fa6000 	C:\Program Files\Java\jdk1.8.0_66\jre\bin\zip.dll
0x00007ff9868c0000 - 0x00007ff987de3000 	C:\Windows\system32\SHELL32.dll
0x00007ff9857c0000 - 0x00007ff985de9000 	C:\Windows\system32\windows.storage.dll
0x00007ff985f80000 - 0x00007ff9861fc000 	C:\Windows\system32\combase.dll
0x00007ff987fa0000 - 0x00007ff987ff1000 	C:\Windows\system32\shlwapi.dll
0x00007ff9851e0000 - 0x00007ff9851ef000 	C:\Windows\system32\kernel.appcore.dll
0x00007ff9852a0000 - 0x00007ff985353000 	C:\Windows\system32\shcore.dll
0x00007ff985170000 - 0x00007ff9851ba000 	C:\Windows\system32\powrprof.dll
0x00007ff985150000 - 0x00007ff985163000 	C:\Windows\system32\profapi.dll

VM Arguments:
jvm_args: -Djava.awt.headless=true -Xmx1024M -Dfile.encoding=windows-1252 -Duser.country=US -Duser.language=en -Duser.variant 
java_command: com.android.dx.command.Main --dex --force-jumbo --num-threads=4 --multi-dex --output E:\AndroidProjects\Fazt\app\build\intermediates\transforms\dex\debug\folders\1000\10\com.android.support-recyclerview-v7-23.4.0_4f3ec62705b7394da3b0d55940dd91bd101c55c6 E:\AndroidProjects\Fazt\app\build\intermediates\exploded-aar\com.android.support\recyclerview-v7\23.4.0\jars\classes.jar
java_class_path (initial): E:\Android SDK\Android SDK\sdk\build-tools\23.0.3\lib\dx.jar
Launcher Type: SUN_STANDARD

Environment Variables:
PATH=E:\OracleSQL\DB\app\oracle\product\11.2.0\server\bin;;C:\Program Files (x86)\Intel\iCLS Client\;C:\Program Files\Intel\iCLS Client\;C:\Windows\system32;C:\Windows;C:\Windows\System32\Wbem;C:\Windows\System32\WindowsPowerShell\v1.0\;C:\Program Files\Intel\Intel(R) Management Engine Components\DAL;C:\Program Files (x86)\Intel\Intel(R) Management Engine Components\DAL;C:\Program Files\Intel\Intel(R) Management Engine Components\IPT;C:\Program Files (x86)\Intel\Intel(R) Management Engine Components\IPT;C:\Program Files (x86)\Windows Kits\8.1\Windows Performance Toolkit\;C:\Program Files\Microsoft SQL Server\110\Tools\Binn\;C:\Program Files (x86)\Microsoft SDKs\TypeScript\1.0\;C:\Program Files\Microsoft SQL Server\120\Tools\Binn\;E:\AMD\ATI.ACE\Core-Static;C:\Program Files (x86)\Common Files\lenovo\easyplussdk\bin;C:\Program Files (x86)\ATI Technologies\ATI.ACE\Core-Static;C:\Program Files\Java\jdk1.8.0_05\bin;C:\Program Files (x86)\Windows Kits\10\Windows Performance Toolkit\;E:\Node bin\;C:\Program Files\Microsoft SQL Server\110\DTS\Binn\;C:\Program Files (x86)\Microsoft SQL Server\110\Tools\Binn\;C:\Program Files (x86)\Microsoft SQL Server\110\Tools\Binn\ManagementStudio\;C:\Program Files (x86)\Microsoft Visual Studio 10.0\Common7\IDE\PrivateAssemblies\;C:\Program Files (x86)\Microsoft SQL Server\110\DTS\Binn\;C:\Program Files\Common Files\Autodesk Shared\;C:\Program Files (x86)\Autodesk\Backburner\;E:\Android SDK\Android SDK\android-tools;C:\Program Files\Java\jdk1.8.0_05\bin;E:\QT\5.5\msvc2013_64\bin;C:\Users\JEGAN'S BEAST\AppData\Roaming\npm;C:\Program Files (x86)\GnuWin32\bin;C:\Program Files\Java\jdk1.8.0_66\bin\javafxpackager.exe;C:\Users\JEGAN'S BEAST\AppData\Local\atom\bin;E:\SQLite DB;C:\Program Files\MongoDB\Server\3.2\bin;E:\NS;E:\Android SDK\Android SDK\android-tools;
USERNAME=JEGAN'S BEAST
OS=Windows_NT
PROCESSOR_IDENTIFIER=Intel64 Family 6 Model 60 Stepping 3, GenuineIntel



---------------  S Y S T E M  ---------------

OS: Windows 10.0 , 64 bit Build 10240 (10.0.10240.16384)

CPU:total 4 (4 cores per cpu, 1 threads per core) family 6 model 60 stepping 3, cmov, cx8, fxsr, mmx, sse, sse2, sse3, ssse3, sse4.1, sse4.2, popcnt, avx, avx2, aes, clmul, erms, lzcnt, tsc, tscinvbit, bmi1, bmi2

Memory: 4k page, physical 8247320k(2109912k free), swap 11824784k(5760k free)

vm_info: Java HotSpot(TM) 64-Bit Server VM (25.66-b18) for windows-amd64 JRE (1.8.0_66-b18), built on Nov  9 2015 10:51:13 by "java_re" with MS VC++ 10.0 (VS2010)

time: Fri Jun 17 21:50:41 2016
elapsed time: 0 seconds (0d 0h 0m 0s)

