#
# There is insufficient memory for the Java Runtime Environment to continue.
# Native memory allocation (malloc) failed to allocate 121616 bytes for Chunk::new
# Possible reasons:
#   The system is out of physical RAM or swap space
#   In 32 bit mode, the process size limit was hit
# Possible solutions:
#   Reduce memory load on the system
#   Increase physical memory or swap space
#   Check if swap backing store is full
#   Use 64 bit Java on a 64 bit OS
#   Decrease Java heap size (-Xmx/-Xms)
#   Decrease number of Java threads
#   Decrease Java thread stack sizes (-Xss)
#   Set larger code cache with -XX:ReservedCodeCacheSize=
# This output file may be truncated or incomplete.
#
#  Out of Memory Error (allocation.cpp:390), pid=5428, tid=6460
#
# JRE version: Java(TM) SE Runtime Environment (8.0_66-b18) (build 1.8.0_66-b18)
# Java VM: Java HotSpot(TM) 64-Bit Server VM (25.66-b18 mixed mode windows-amd64 compressed oops)
# Failed to write core dump. Minidumps are not enabled by default on client versions of Windows
#

---------------  T H R E A D  ---------------

Current thread (0x0000000014cfe000):  JavaThread "C2 CompilerThread0" daemon [_thread_in_native, id=6460, stack(0x0000000016370000,0x0000000016470000)]

Stack: [0x0000000016370000,0x0000000016470000]
[error occurred during error reporting (printing stack bounds), id 0xc0000005]

Native frames: (J=compiled Java code, j=interpreted, Vv=VM code, C=native code)


Current CompileTask:
C2:    691  543       4       java.util.HashMap::get (23 bytes)


---------------  P R O C E S S  ---------------

Java Threads: ( => current thread )
  0x00000000168cd000 JavaThread "pool-2-thread-4" [_thread_new, id=7672, stack(0x0000000000000000,0x0000000000000000)]
  0x00000000168c0800 JavaThread "pool-2-thread-3" [_thread_new, id=10000, stack(0x0000000000000000,0x0000000000000000)]
  0x00000000167ef800 JavaThread "pool-2-thread-2" [_thread_in_vm, id=9872, stack(0x0000000016e70000,0x0000000016f70000)]
  0x00000000167eb800 JavaThread "pool-3-thread-1" [_thread_blocked, id=4168, stack(0x0000000016d70000,0x0000000016e70000)]
  0x00000000167ea800 JavaThread "pool-2-thread-1" [_thread_blocked, id=9756, stack(0x0000000016c70000,0x0000000016d70000)]
  0x0000000016676800 JavaThread "Service Thread" daemon [_thread_blocked, id=8852, stack(0x0000000016a70000,0x0000000016b70000)]
  0x0000000014d5d000 JavaThread "C1 CompilerThread2" daemon [_thread_in_vm, id=6964, stack(0x0000000016570000,0x0000000016670000)]
  0x0000000014d01000 JavaThread "C2 CompilerThread1" daemon [_thread_blocked, id=9708, stack(0x0000000016470000,0x0000000016570000)]
=>0x0000000014cfe000 JavaThread "C2 CompilerThread0" daemon [_thread_in_native, id=6460, stack(0x0000000016370000,0x0000000016470000)]
  0x0000000014cfc000 JavaThread "Attach Listener" daemon [_thread_blocked, id=7736, stack(0x0000000016270000,0x0000000016370000)]
  0x0000000014cfb000 JavaThread "Signal Dispatcher" daemon [_thread_blocked, id=5500, stack(0x0000000016170000,0x0000000016270000)]
  0x0000000002621000 JavaThread "Finalizer" daemon [_thread_blocked, id=1392, stack(0x0000000015f90000,0x0000000016090000)]
  0x000000000261e000 JavaThread "Reference Handler" daemon [_thread_blocked, id=4496, stack(0x0000000015e90000,0x0000000015f90000)]
  0x000000000242e800 JavaThread "main" [_thread_in_Java, id=7128, stack(0x0000000002430000,0x0000000002530000)]

Other Threads:
  0x0000000014cc7800 VMThread [stack: 0x0000000015d90000,0x0000000015e90000] [id=4676]
  0x000000001668b800 WatcherThread [stack: 0x0000000016b70000,0x0000000016c70000] [id=8080]

VM state:not at safepoint (normal execution)

VM Mutex/Monitor currently owned by a thread:  ([mutex/lock_event])
[0x0000000002531850] MethodCompileQueue_lock - owner thread: 0x0000000000000000

Heap:
 PSYoungGen      total 37888K, used 12727K [0x00000000eab00000, 0x00000000ed500000, 0x0000000100000000)
  eden space 32768K, 38% used [0x00000000eab00000,0x00000000eb76ddd8,0x00000000ecb00000)
  from space 5120K, 0% used [0x00000000ed000000,0x00000000ed000000,0x00000000ed500000)
  to   space 5120K, 0% used [0x00000000ecb00000,0x00000000ecb00000,0x00000000ed000000)
 ParOldGen       total 86016K, used 0K [0x00000000c0000000, 0x00000000c5400000, 0x00000000eab00000)
  object space 86016K, 0% used [0x00000000c0000000,0x00000000c0000000,0x00000000c5400000)
 Metaspace       used 5512K, capacity 6512K, committed 6784K, reserved 1056768K
  class space    used 598K, capacity 616K, committed 640K, reserved 1048576K

Card table byte_map: [0x00000000119f0000,0x0000000011c00000] byte_map_base: 0x00000000113f0000

Marking Bits: (ParMarkBitMap*) 0x00000000637fa5b0
 Begin Bits: [0x0000000012160000, 0x0000000013160000)
 End Bits:   [0x0000000013160000, 0x0000000014160000)

Polling page: 0x0000000002230000

CodeCache: size=245760Kb used=2387Kb max_used=2387Kb free=243372Kb
 bounds [0x0000000002630000, 0x00000000028a0000, 0x0000000011630000]
 total_blobs=800 nmethods=530 adapters=182
 compilation: enabled

Compilation events (10 events):
Event: 0.682 Thread 0x0000000014d5d000 nmethod 525 0x000000000285ee10 code [0x000000000285ef60, 0x000000000285f070]
Event: 0.682 Thread 0x0000000014d5d000  539       3       java.util.HashMap::getNode (148 bytes)
Event: 0.683 Thread 0x0000000014d5d000 nmethod 539 0x000000000285f0d0 code [0x000000000285f2a0, 0x000000000285fc48]
Event: 0.683 Thread 0x0000000014d5d000  515       3       com.android.dx.util.Bits::makeBitSet (11 bytes)
Event: 0.683 Thread 0x0000000014d5d000 nmethod 515 0x000000000285ff10 code [0x0000000002860060, 0x0000000002860210]
Event: 0.683 Thread 0x0000000014d5d000  516   !   3       com.android.dx.cf.code.BytecodeArray::parseInstruction (2764 bytes)
Event: 0.683 Thread 0x0000000014cfe000 nmethod 537 0x0000000002862f90 code [0x00000000028630e0, 0x00000000028631f8]
Event: 0.686 Thread 0x0000000014d01000  541       4       java.util.ArrayList::add (29 bytes)
Event: 0.688 Thread 0x0000000014d01000 nmethod 541 0x00000000028613d0 code [0x0000000002861520, 0x0000000002861838]
Event: 0.688 Thread 0x0000000014cfe000  543       4       java.util.HashMap::get (23 bytes)

GC Heap History (0 events):
No events

Deoptimization events (1 events):
Event: 0.682 Thread 0x000000000242e800 Uncommon trap: reason=unstable_if action=reinterpret pc=0x00000000028546e4 method=java.util.HashMap.getNode(ILjava/lang/Object;)Ljava/util/HashMap$Node; @ 129

Internal exceptions (2 events):
Event: 0.028 Thread 0x000000000242e800 Exception <a 'java/lang/NoSuchMethodError': Method sun.misc.Unsafe.defineClass(Ljava/lang/String;[BII)Ljava/lang/Class; name or signature does not match> (0x00000000eab0df00) thrown at [C:\re\workspace\8-2-build-windows-amd64-cygwin\jdk8u66\5298\hotspot\srÚzêµhyú?
Event: 0.028 Thread 0x000000000242e800 Exception <a 'java/lang/NoSuchMethodError': Method sun.misc.Unsafe.prefetchRead(Ljava/lang/Object;J)V name or signature does not match> (0x00000000eab0e1e8) thrown at [C:\re\workspace\8-2-build-windows-amd64-cygwin\jdk8u66\5298\hotspot\src\share\vm\prims\j

Events (10 events):
Event: 0.672 loading class java/util/TreeMap$EntrySet done
Event: 0.672 loading class java/util/TreeMap$EntryIterator
Event: 0.672 loading class java/util/TreeMap$EntryIterator done
Event: 0.678 loading class com/android/dx/dex/file/MethodAnnotationStruct
Event: 0.678 loading class com/android/dx/dex/file/MethodAnnotationStruct done
Event: 0.682 Thread 0x000000000242e800 Uncommon trap: trap_request=0xffffff65 fr.pc=0x00000000028546e4
Event: 0.682 Thread 0x000000000242e800 DEOPT PACKING pc=0x00000000028546e4 sp=0x000000000252e600
Event: 0.682 Thread 0x000000000242e800 DEOPT UNPACKING pc=0x000000000267582a sp=0x000000000252e578 mode 2
Event: 0.683 loading class java/util/DualPivotQuicksort
Event: 0.684 loading class java/util/DualPivotQuicksort done


Dynamic libraries:
0x00007ff7808e0000 - 0x00007ff780917000 	C:\Program Files\Java\jdk1.8.0_66\bin\java.exe
0x00007ff988720000 - 0x00007ff9888e2000 	C:\Windows\SYSTEM32\ntdll.dll
0x00007ff986200000 - 0x00007ff9862ad000 	C:\Windows\system32\KERNEL32.DLL
0x00007ff985580000 - 0x00007ff98575d000 	C:\Windows\system32\KERNELBASE.dll
0x00007ff988000000 - 0x00007ff9880a6000 	C:\Windows\system32\ADVAPI32.dll
0x00007ff9863b0000 - 0x00007ff98644d000 	C:\Windows\system32\msvcrt.dll
0x00007ff9885d0000 - 0x00007ff98862b000 	C:\Windows\system32\sechost.dll
0x00007ff986460000 - 0x00007ff986586000 	C:\Windows\system32\RPCRT4.dll
0x00007ff9880b0000 - 0x00007ff9881fe000 	C:\Windows\system32\USER32.dll
0x00007ff985df0000 - 0x00007ff985f75000 	C:\Windows\system32\GDI32.dll
0x00007ff97d660000 - 0x00007ff97d8d4000 	C:\Windows\WinSxS\amd64_microsoft.windows.common-controls_6595b64144ccf1df_6.0.10240.16384_none_f41f7b285750ef43\COMCTL32.dll
0x00007ff9886e0000 - 0x00007ff988716000 	C:\Windows\system32\IMM32.DLL
0x00007ff986590000 - 0x00007ff9866ec000 	C:\Windows\system32\MSCTF.dll
0x0000000063880000 - 0x0000000063952000 	C:\Program Files\Java\jdk1.8.0_66\jre\bin\msvcr100.dll
0x0000000062ff0000 - 0x0000000063879000 	C:\Program Files\Java\jdk1.8.0_66\jre\bin\server\jvm.dll
0x00007ff986450000 - 0x00007ff986458000 	C:\Windows\system32\PSAPI.DLL
0x00007ff978c60000 - 0x00007ff978c69000 	C:\Windows\SYSTEM32\WSOCK32.dll
0x00007ff988490000 - 0x00007ff9884f9000 	C:\Windows\system32\WS2_32.dll
0x00007ff988330000 - 0x00007ff988338000 	C:\Windows\system32\NSI.dll
0x00007ff983300000 - 0x00007ff983323000 	C:\Windows\SYSTEM32\WINMM.dll
0x00007ff9805d0000 - 0x00007ff9805da000 	C:\Windows\SYSTEM32\VERSION.dll
0x00007ff9832d0000 - 0x00007ff9832fc000 	C:\Windows\SYSTEM32\WINMMBASE.dll
0x00007ff985360000 - 0x00007ff9853a4000 	C:\Windows\system32\cfgmgr32.dll
0x00007ff983ac0000 - 0x00007ff983ae7000 	C:\Windows\SYSTEM32\DEVOBJ.dll
0x0000000062fe0000 - 0x0000000062fef000 	C:\Program Files\Java\jdk1.8.0_66\jre\bin\verify.dll
0x0000000062fb0000 - 0x0000000062fd9000 	C:\Program Files\Java\jdk1.8.0_66\jre\bin\java.dll
0x0000000062f90000 - 0x0000000062fa6000 	C:\Program Files\Java\jdk1.8.0_66\jre\bin\zip.dll
0x00007ff9868c0000 - 0x00007ff987de3000 	C:\Windows\system32\SHELL32.dll
0x00007ff9857c0000 - 0x00007ff985de9000 	C:\Windows\system32\windows.storage.dll
0x00007ff985f80000 - 0x00007ff9861fc000 	C:\Windows\system32\combase.dll
0x00007ff987fa0000 - 0x00007ff987ff1000 	C:\Windows\system32\shlwapi.dll
0x00007ff9851e0000 - 0x00007ff9851ef000 	C:\Windows\system32\kernel.appcore.dll
0x00007ff9852a0000 - 0x00007ff985353000 	C:\Windows\system32\shcore.dll
0x00007ff985170000 - 0x00007ff9851ba000 	C:\Windows\system32\powrprof.dll
0x00007ff985150000 - 0x00007ff985163000 	C:\Windows\system32\profapi.dll

VM Arguments:
jvm_args: -Djava.awt.headless=true -Xmx1024M -Dfile.encoding=windows-1252 -Duser.country=US -Duser.language=en -Duser.variant 
java_command: com.android.dx.command.Main --dex --force-jumbo --num-threads=4 --multi-dex --output E:\AndroidProjects\Fazt\app\build\intermediates\transforms\dex\debug\folders\1000\10\com.mikepenz-iconics-core-2.6.0_6ff20638f1d827c8473324fd32e017d4dee7b433 E:\AndroidProjects\Fazt\app\build\intermediates\exploded-aar\com.mikepenz\iconics-core\2.6.0\jars\classes.jar
java_class_path (initial): E:\Android SDK\Android SDK\sdk\build-tools\23.0.3\lib\dx.jar
Launcher Type: SUN_STANDARD

Environment Variables:
PATH=E:\OracleSQL\DB\app\oracle\product\11.2.0\server\bin;;C:\Program Files (x86)\Intel\iCLS Client\;C:\Program Files\Intel\iCLS Client\;C:\Windows\system32;C:\Windows;C:\Windows\System32\Wbem;C:\Windows\System32\WindowsPowerShell\v1.0\;C:\Program Files\Intel\Intel(R) Management Engine Components\DAL;C:\Program Files (x86)\Intel\Intel(R) Management Engine Components\DAL;C:\Program Files\Intel\Intel(R) Management Engine Components\IPT;C:\Program Files (x86)\Intel\Intel(R) Management Engine Components\IPT;C:\Program Files (x86)\Windows Kits\8.1\Windows Performance Toolkit\;C:\Program Files\Microsoft SQL Server\110\Tools\Binn\;C:\Program Files (x86)\Microsoft SDKs\TypeScript\1.0\;C:\Program Files\Microsoft SQL Server\120\Tools\Binn\;E:\AMD\ATI.ACE\Core-Static;C:\Program Files (x86)\Common Files\lenovo\easyplussdk\bin;C:\Program Files (x86)\ATI Technologies\ATI.ACE\Core-Static;C:\Program Files\Java\jdk1.8.0_05\bin;C:\Program Files (x86)\Windows Kits\10\Windows Performance Toolkit\;E:\Node bin\;C:\Program Files\Microsoft SQL Server\110\DTS\Binn\;C:\Program Files (x86)\Microsoft SQL Server\110\Tools\Binn\;C:\Program Files (x86)\Microsoft SQL Server\110\Tools\Binn\ManagementStudio\;C:\Program Files (x86)\Microsoft Visual Studio 10.0\Common7\IDE\PrivateAssemblies\;C:\Program Files (x86)\Microsoft SQL Server\110\DTS\Binn\;C:\Program Files\Common Files\Autodesk Shared\;C:\Program Files (x86)\Autodesk\Backburner\;E:\Android SDK\Android SDK\android-tools;C:\Program Files\Java\jdk1.8.0_05\bin;E:\QT\5.5\msvc2013_64\bin;C:\Users\JEGAN'S BEAST\AppData\Roaming\npm;C:\Program Files (x86)\GnuWin32\bin;C:\Program Files\Java\jdk1.8.0_66\bin\javafxpackager.exe;C:\Users\JEGAN'S BEAST\AppData\Local\atom\bin;E:\SQLite DB;C:\Program Files\MongoDB\Server\3.2\bin;E:\NS;E:\Android SDK\Android SDK\android-tools;
USERNAME=JEGAN'S BEAST
OS=Windows_NT
PROCESSOR_IDENTIFIER=Intel64 Family 6 Model 60 Stepping 3, GenuineIntel



---------------  S Y S T E M  ---------------

OS: Windows 10.0 , 64 bit Build 10240 (10.0.10240.16384)

CPU:total 4 (4 cores per cpu, 1 threads per core) family 6 model 60 stepping 3, cmov, cx8, fxsr, mmx, sse, sse2, sse3, ssse3, sse4.1, sse4.2, popcnt, avx, avx2, aes, clmul, erms, lzcnt, tsc, tscinvbit, bmi1, bmi2

Memory: 4k page, physical 8247320k(2079876k free), swap 11824784k(2536k free)

vm_info: Java HotSpot(TM) 64-Bit Server VM (25.66-b18) for windows-amd64 JRE (1.8.0_66-b18), built on Nov  9 2015 10:51:13 by "java_re" with MS VC++ 10.0 (VS2010)

time: Fri Jun 17 21:56:02 2016
elapsed time: 0 seconds (0d 0h 0m 0s)

