#
# There is insufficient memory for the Java Runtime Environment to continue.
# Native memory allocation (malloc) failed to allocate 823536 bytes for Chunk::new
# Possible reasons:
#   The system is out of physical RAM or swap space
#   In 32 bit mode, the process size limit was hit
# Possible solutions:
#   Reduce memory load on the system
#   Increase physical memory or swap space
#   Check if swap backing store is full
#   Use 64 bit Java on a 64 bit OS
#   Decrease Java heap size (-Xmx/-Xms)
#   Decrease number of Java threads
#   Decrease Java thread stack sizes (-Xss)
#   Set larger code cache with -XX:ReservedCodeCacheSize=
# This output file may be truncated or incomplete.
#
#  Out of Memory Error (allocation.cpp:390), pid=5736, tid=7432
#
# JRE version: Java(TM) SE Runtime Environment (8.0_66-b18) (build 1.8.0_66-b18)
# Java VM: Java HotSpot(TM) 64-Bit Server VM (25.66-b18 mixed mode windows-amd64 compressed oops)
# Failed to write core dump. Minidumps are not enabled by default on client versions of Windows
#

---------------  T H R E A D  ---------------

Current thread (0x0000000015396800):  JavaThread "C2 CompilerThread1" daemon [_thread_in_native, id=7432, stack(0x0000000016a70000,0x0000000016b70000)]

Stack: [0x0000000016a70000,0x0000000016b70000]
[error occurred during error reporting (printing stack bounds), id 0xc0000005]

Native frames: (J=compiled Java code, j=interpreted, Vv=VM code, C=native code)


Current CompileTask:
C2:   1468 1621       4       com.android.dx.ssa.LocalVariableExtractor::processBlock (383 bytes)


---------------  P R O C E S S  ---------------

Java Threads: ( => current thread )
  0x0000000016e4b000 JavaThread "pool-2-thread-4" [_thread_blocked, id=5696, stack(0x0000000017e70000,0x0000000017f70000)]
  0x0000000016e4a000 JavaThread "pool-2-thread-3" [_thread_in_vm, id=6072, stack(0x0000000017d70000,0x0000000017e70000)]
  0x0000000016e49800 JavaThread "pool-2-thread-2" [_thread_blocked, id=9220, stack(0x0000000017c70000,0x0000000017d70000)]
  0x0000000016e3c000 JavaThread "pool-3-thread-1" [_thread_blocked, id=968, stack(0x0000000017b70000,0x0000000017c70000)]
  0x0000000016e94000 JavaThread "pool-2-thread-1" [_thread_in_Java, id=9316, stack(0x0000000017a70000,0x0000000017b70000)]
  0x0000000016b78000 JavaThread "Service Thread" daemon [_thread_blocked, id=6792, stack(0x0000000017070000,0x0000000017170000)]
  0x0000000016b70800 JavaThread "C1 CompilerThread2" daemon [_thread_blocked, id=9656, stack(0x0000000016f70000,0x0000000017070000)]
=>0x0000000015396800 JavaThread "C2 CompilerThread1" daemon [_thread_in_native, id=7432, stack(0x0000000016a70000,0x0000000016b70000)]
  0x000000001533d800 JavaThread "C2 CompilerThread0" daemon [_thread_in_native, id=9852, stack(0x0000000016970000,0x0000000016a70000)]
  0x000000001533b800 JavaThread "Attach Listener" daemon [_thread_blocked, id=10124, stack(0x0000000016870000,0x0000000016970000)]
  0x000000001533a000 JavaThread "Signal Dispatcher" daemon [_thread_blocked, id=5304, stack(0x0000000016770000,0x0000000016870000)]
  0x0000000002c68000 JavaThread "Finalizer" daemon [_thread_blocked, id=3240, stack(0x0000000016590000,0x0000000016690000)]
  0x0000000002c5e000 JavaThread "Reference Handler" daemon [_thread_blocked, id=9704, stack(0x0000000016490000,0x0000000016590000)]
  0x00000000012ee800 JavaThread "main" [_thread_blocked, id=5636, stack(0x0000000002a70000,0x0000000002b70000)]

Other Threads:
  0x0000000015308000 VMThread [stack: 0x0000000016390000,0x0000000016490000] [id=6604]
  0x0000000016b8d800 WatcherThread [stack: 0x0000000017170000,0x0000000017270000] [id=10168]

VM state:not at safepoint (normal execution)

VM Mutex/Monitor currently owned by a thread: None

Heap:
 PSYoungGen      total 70656K, used 40403K [0x00000000eab00000, 0x00000000ef500000, 0x0000000100000000)
  eden space 65536K, 53% used [0x00000000eab00000,0x00000000ecd74fa8,0x00000000eeb00000)
  from space 5120K, 99% used [0x00000000ef000000,0x00000000ef4fff58,0x00000000ef500000)
  to   space 5120K, 0% used [0x00000000eeb00000,0x00000000eeb00000,0x00000000ef000000)
 ParOldGen       total 86016K, used 5172K [0x00000000c0000000, 0x00000000c5400000, 0x00000000eab00000)
  object space 86016K, 6% used [0x00000000c0000000,0x00000000c050d2c8,0x00000000c5400000)
 Metaspace       used 6227K, capacity 7088K, committed 7296K, reserved 1056768K
  class space    used 602K, capacity 616K, committed 640K, reserved 1048576K

Card table byte_map: [0x0000000012030000,0x0000000012240000] byte_map_base: 0x0000000011a30000

Marking Bits: (ParMarkBitMap*) 0x00000000637fa5b0
 Begin Bits: [0x00000000127a0000, 0x00000000137a0000)
 End Bits:   [0x00000000137a0000, 0x00000000147a0000)

Polling page: 0x00000000012d0000

CodeCache: size=245760Kb used=6675Kb max_used=6699Kb free=239084Kb
 bounds [0x0000000002c70000, 0x0000000003310000, 0x0000000011c70000]
 total_blobs=1882 nmethods=1612 adapters=182
 compilation: enabled

Compilation events (10 events):
Event: 1.342 Thread 0x0000000016b70800 1631       2       com.android.dx.ssa.SCCP::simulateStmt (481 bytes)
Event: 1.343 Thread 0x0000000016b70800 nmethod 1631 0x00000000032e27d0 code [0x00000000032e2a40, 0x00000000032e3318]
Event: 1.344 Thread 0x0000000016b70800 1632       2       com.android.dx.dex.cf.CfTranslator::translate0 (259 bytes)
Event: 1.347 Thread 0x0000000016b70800 nmethod 1632 0x00000000032e4150 code [0x00000000032e4440, 0x00000000032e5218]
Event: 1.347 Thread 0x0000000016b70800 1633       2       com.android.dx.ssa.back.FirstFitLocalCombiningAllocator$Multiset::getAndRemoveHighestCount (63 bytes)
Event: 1.347 Thread 0x0000000016b70800 nmethod 1633 0x00000000032e6650 code [0x00000000032e67c0, 0x00000000032e6a10]
Event: 1.428 Thread 0x0000000015396800 nmethod 1450 0x00000000032efd90 code [0x00000000032f14c0, 0x00000000032f85f8]
Event: 1.430 Thread 0x0000000015396800 1622       4       com.android.dx.ssa.NormalSsaInsn::accept (25 bytes)
Event: 1.441 Thread 0x0000000015396800 nmethod 1622 0x00000000032e8e10 code [0x00000000032e9060, 0x00000000032ea190]
Event: 1.441 Thread 0x0000000015396800 1621       4       com.android.dx.ssa.LocalVariableExtractor::processBlock (383 bytes)

GC Heap History (4 events):
Event: 0.758 GC heap before
{Heap before GC invocations=1 (full 0):
 PSYoungGen      total 37888K, used 32768K [0x00000000eab00000, 0x00000000ed500000, 0x0000000100000000)
  eden space 32768K, 100% used [0x00000000eab00000,0x00000000ecb00000,0x00000000ecb00000)
  from space 5120K, 0% used [0x00000000ed000000,0x00000000ed000000,0x00000000ed500000)
  to   space 5120K, 0% used [0x00000000ecb00000,0x00000000ecb00000,0x00000000ed000000)
 ParOldGen       total 86016K, used 0K [0x00000000c0000000, 0x00000000c5400000, 0x00000000eab00000)
  object space 86016K, 0% used [0x00000000c0000000,0x00000000c0000000,0x00000000c5400000)
 Metaspace       used 5992K, capacity 6896K, committed 7040K, reserved 1056768K
  class space    used 600K, capacity 616K, committed 640K, reserved 1048576K
Event: 0.822 GC heap after
Heap after GC invocations=1 (full 0):
 PSYoungGen      total 37888K, used 5089K [0x00000000eab00000, 0x00000000ef500000, 0x0000000100000000)
  eden space 32768K, 0% used [0x00000000eab00000,0x00000000eab00000,0x00000000ecb00000)
  from space 5120K, 99% used [0x00000000ecb00000,0x00000000ecff8610,0x00000000ed000000)
  to   space 5120K, 0% used [0x00000000ef000000,0x00000000ef000000,0x00000000ef500000)
 ParOldGen       total 86016K, used 802K [0x00000000c0000000, 0x00000000c5400000, 0x00000000eab00000)
  object space 86016K, 0% used [0x00000000c0000000,0x00000000c00c8830,0x00000000c5400000)
 Metaspace       used 5992K, capacity 6896K, committed 7040K, reserved 1056768K
  class space    used 600K, capacity 616K, committed 640K, reserved 1048576K
}
Event: 1.077 GC heap before
{Heap before GC invocations=2 (full 0):
 PSYoungGen      total 37888K, used 37857K [0x00000000eab00000, 0x00000000ef500000, 0x0000000100000000)
  eden space 32768K, 100% used [0x00000000eab00000,0x00000000ecb00000,0x00000000ecb00000)
  from space 5120K, 99% used [0x00000000ecb00000,0x00000000ecff8610,0x00000000ed000000)
  to   space 5120K, 0% used [0x00000000ef000000,0x00000000ef000000,0x00000000ef500000)
 ParOldGen       total 86016K, used 802K [0x00000000c0000000, 0x00000000c5400000, 0x00000000eab00000)
  object space 86016K, 0% used [0x00000000c0000000,0x00000000c00c8830,0x00000000c5400000)
 Metaspace       used 6159K, capacity 7024K, committed 7296K, reserved 1056768K
  class space    used 602K, capacity 616K, committed 640K, reserved 1048576K
Event: 1.197 GC heap after
Heap after GC invocations=2 (full 0):
 PSYoungGen      total 70656K, used 5119K [0x00000000eab00000, 0x00000000ef500000, 0x0000000100000000)
  eden space 65536K, 0% used [0x00000000eab00000,0x00000000eab00000,0x00000000eeb00000)
  from space 5120K, 99% used [0x00000000ef000000,0x00000000ef4fff58,0x00000000ef500000)
  to   space 5120K, 0% used [0x00000000eeb00000,0x00000000eeb00000,0x00000000ef000000)
 ParOldGen       total 86016K, used 5172K [0x00000000c0000000, 0x00000000c5400000, 0x00000000eab00000)
  object space 86016K, 6% used [0x00000000c0000000,0x00000000c050d2c8,0x00000000c5400000)
 Metaspace       used 6159K, capacity 7024K, committed 7296K, reserved 1056768K
  class space    used 602K, capacity 616K, committed 640K, reserved 1048576K
}

Deoptimization events (10 events):
Event: 0.965 Thread 0x0000000016e49800 Uncommon trap: reason=bimorphic action=maybe_recompile pc=0x00000000031dfe5c method=java.util.HashMap.getNode(ILjava/lang/Object;)Ljava/util/HashMap$Node; @ 126
Event: 0.965 Thread 0x0000000016e49800 Uncommon trap: reason=bimorphic action=maybe_recompile pc=0x00000000031dfe5c method=java.util.HashMap.getNode(ILjava/lang/Object;)Ljava/util/HashMap$Node; @ 126
Event: 0.972 Thread 0x0000000016e49800 Uncommon trap: reason=bimorphic action=maybe_recompile pc=0x00000000031dfe5c method=java.util.HashMap.getNode(ILjava/lang/Object;)Ljava/util/HashMap$Node; @ 126
Event: 0.972 Thread 0x0000000016e49800 Uncommon trap: reason=class_check action=maybe_recompile pc=0x000000000301fd54 method=java.util.HashMap.putVal(ILjava/lang/Object;Ljava/lang/Object;ZZ)Ljava/lang/Object; @ 203
Event: 0.972 Thread 0x0000000016e49800 Uncommon trap: reason=bimorphic action=maybe_recompile pc=0x00000000031dfe5c method=java.util.HashMap.getNode(ILjava/lang/Object;)Ljava/util/HashMap$Node; @ 126
Event: 0.972 Thread 0x0000000016e49800 Uncommon trap: reason=class_check action=maybe_recompile pc=0x000000000301fd54 method=java.util.HashMap.putVal(ILjava/lang/Object;Ljava/lang/Object;ZZ)Ljava/lang/Object; @ 203
Event: 0.976 Thread 0x0000000016e4a000 Uncommon trap: reason=class_check action=maybe_recompile pc=0x000000000301fd54 method=java.util.HashMap.putVal(ILjava/lang/Object;Ljava/lang/Object;ZZ)Ljava/lang/Object; @ 203
Event: 1.283 Thread 0x00000000012ee800 Uncommon trap: reason=unloaded action=reinterpret pc=0x00000000031e3294 method=com.android.dx.cf.cst.ConstantPoolParser.parse0(ILjava/util/BitSet;)Lcom/android/dx/rop/cst/Constant; @ 198
Event: 1.325 Thread 0x0000000016e49800 Uncommon trap: reason=null_check action=make_not_entrant pc=0x0000000002f524c8 method=com.android.dx.ssa.SsaRenamer.getLocalForNewReg(I)Lcom/android/dx/rop/code/LocalItem; @ 19
Event: 1.342 Thread 0x0000000016e94000 Uncommon trap: reason=unstable_if action=reinterpret pc=0x0000000003283eec method=com.android.dx.ssa.SCCP.simulateStmt(Lcom/android/dx/ssa/SsaInsn;)V @ 59

Internal exceptions (5 events):
Event: 0.027 Thread 0x00000000012ee800 Exception <a 'java/lang/NoSuchMethodError': Method sun.misc.Unsafe.defineClass(Ljava/lang/String;[BII)Ljava/lang/Class; name or signature does not match> (0x00000000eab0df08) thrown at [C:\re\workspace\8-2-build-windows-amd64-cygwin\jdk8u66\5298\hotspot\srh<@mp¹›?
Event: 0.027 Thread 0x00000000012ee800 Exception <a 'java/lang/NoSuchMethodError': Method sun.misc.Unsafe.prefetchRead(Ljava/lang/Object;J)V name or signature does not match> (0x00000000eab0e1f0) thrown at [C:\re\workspace\8-2-build-windows-amd64-cygwin\jdk8u66\5298\hotspot\src\share\vm\prims\jú<¥“ïâç?
Event: 0.746 Thread 0x0000000016e94000 Implicit null exception at 0x0000000002f7bae2 to 0x0000000002f7bbda
Event: 0.920 Thread 0x0000000016e94000 Implicit null exception at 0x0000000002f3dd53 to 0x0000000002f3f6bd
Event: 1.325 Thread 0x0000000016e49800 Implicit null exception at 0x0000000002f50b6e to 0x0000000002f524a1

Events (10 events):
Event: 1.198 Executing VM operation: ParallelGCFailedAllocation done
Event: 1.283 Thread 0x00000000012ee800 Uncommon trap: trap_request=0x000000d0 fr.pc=0x00000000031e3294
Event: 1.283 Thread 0x00000000012ee800 DEOPT PACKING pc=0x00000000031e3294 sp=0x0000000002b6eae0
Event: 1.285 Thread 0x00000000012ee800 DEOPT UNPACKING pc=0x0000000002cb582a sp=0x0000000002b6eaa8 mode 2
Event: 1.325 Thread 0x0000000016e49800 Uncommon trap: trap_request=0xfffffff4 fr.pc=0x0000000002f524c8
Event: 1.325 Thread 0x0000000016e49800 DEOPT PACKING pc=0x0000000002f524c8 sp=0x0000000017d6ed90
Event: 1.325 Thread 0x0000000016e49800 DEOPT UNPACKING pc=0x0000000002cb582a sp=0x0000000017d6ec38 mode 2
Event: 1.342 Thread 0x0000000016e94000 Uncommon trap: trap_request=0xffffff65 fr.pc=0x0000000003283eec
Event: 1.342 Thread 0x0000000016e94000 DEOPT PACKING pc=0x0000000003283eec sp=0x0000000017b6e670
Event: 1.342 Thread 0x0000000016e94000 DEOPT UNPACKING pc=0x0000000002cb582a sp=0x0000000017b6e658 mode 2


Dynamic libraries:
0x00007ff7808e0000 - 0x00007ff780917000 	C:\Program Files\Java\jdk1.8.0_66\bin\java.exe
0x00007ff988720000 - 0x00007ff9888e2000 	C:\Windows\SYSTEM32\ntdll.dll
0x00007ff986200000 - 0x00007ff9862ad000 	C:\Windows\system32\KERNEL32.DLL
0x00007ff985580000 - 0x00007ff98575d000 	C:\Windows\system32\KERNELBASE.dll
0x00007ff988000000 - 0x00007ff9880a6000 	C:\Windows\system32\ADVAPI32.dll
0x00007ff9863b0000 - 0x00007ff98644d000 	C:\Windows\system32\msvcrt.dll
0x00007ff9885d0000 - 0x00007ff98862b000 	C:\Windows\system32\sechost.dll
0x00007ff986460000 - 0x00007ff986586000 	C:\Windows\system32\RPCRT4.dll
0x00007ff9880b0000 - 0x00007ff9881fe000 	C:\Windows\system32\USER32.dll
0x00007ff985df0000 - 0x00007ff985f75000 	C:\Windows\system32\GDI32.dll
0x00007ff97d660000 - 0x00007ff97d8d4000 	C:\Windows\WinSxS\amd64_microsoft.windows.common-controls_6595b64144ccf1df_6.0.10240.16384_none_f41f7b285750ef43\COMCTL32.dll
0x00007ff9886e0000 - 0x00007ff988716000 	C:\Windows\system32\IMM32.DLL
0x00007ff986590000 - 0x00007ff9866ec000 	C:\Windows\system32\MSCTF.dll
0x0000000063880000 - 0x0000000063952000 	C:\Program Files\Java\jdk1.8.0_66\jre\bin\msvcr100.dll
0x0000000062ff0000 - 0x0000000063879000 	C:\Program Files\Java\jdk1.8.0_66\jre\bin\server\jvm.dll
0x00007ff986450000 - 0x00007ff986458000 	C:\Windows\system32\PSAPI.DLL
0x00007ff978c60000 - 0x00007ff978c69000 	C:\Windows\SYSTEM32\WSOCK32.dll
0x00007ff988490000 - 0x00007ff9884f9000 	C:\Windows\system32\WS2_32.dll
0x00007ff988330000 - 0x00007ff988338000 	C:\Windows\system32\NSI.dll
0x00007ff983300000 - 0x00007ff983323000 	C:\Windows\SYSTEM32\WINMM.dll
0x00007ff9805d0000 - 0x00007ff9805da000 	C:\Windows\SYSTEM32\VERSION.dll
0x00007ff9832d0000 - 0x00007ff9832fc000 	C:\Windows\SYSTEM32\WINMMBASE.dll
0x00007ff985360000 - 0x00007ff9853a4000 	C:\Windows\system32\cfgmgr32.dll
0x00007ff983ac0000 - 0x00007ff983ae7000 	C:\Windows\SYSTEM32\DEVOBJ.dll
0x0000000062fe0000 - 0x0000000062fef000 	C:\Program Files\Java\jdk1.8.0_66\jre\bin\verify.dll
0x0000000062fb0000 - 0x0000000062fd9000 	C:\Program Files\Java\jdk1.8.0_66\jre\bin\java.dll
0x0000000062f90000 - 0x0000000062fa6000 	C:\Program Files\Java\jdk1.8.0_66\jre\bin\zip.dll
0x00007ff9868c0000 - 0x00007ff987de3000 	C:\Windows\system32\SHELL32.dll
0x00007ff9857c0000 - 0x00007ff985de9000 	C:\Windows\system32\windows.storage.dll
0x00007ff985f80000 - 0x00007ff9861fc000 	C:\Windows\system32\combase.dll
0x00007ff987fa0000 - 0x00007ff987ff1000 	C:\Windows\system32\shlwapi.dll
0x00007ff9851e0000 - 0x00007ff9851ef000 	C:\Windows\system32\kernel.appcore.dll
0x00007ff9852a0000 - 0x00007ff985353000 	C:\Windows\system32\shcore.dll
0x00007ff985170000 - 0x00007ff9851ba000 	C:\Windows\system32\powrprof.dll
0x00007ff985150000 - 0x00007ff985163000 	C:\Windows\system32\profapi.dll

VM Arguments:
jvm_args: -Djava.awt.headless=true -Xmx1024M -Dfile.encoding=windows-1252 -Duser.country=US -Duser.language=en -Duser.variant 
java_command: com.android.dx.command.Main --dex --force-jumbo --num-threads=4 --multi-dex --output E:\AndroidProjects\Fazt\app\build\intermediates\transforms\dex\debug\folders\1000\10\com.android.support-design-23.4.0_f04d877cab08ee7f6899146bb3f8e8883316d6fd E:\AndroidProjects\Fazt\app\build\intermediates\exploded-aar\com.android.support\design\23.4.0\jars\classes.jar
java_class_path (initial): E:\Android SDK\Android SDK\sdk\build-tools\23.0.3\lib\dx.jar
Launcher Type: SUN_STANDARD

Environment Variables:
PATH=E:\OracleSQL\DB\app\oracle\product\11.2.0\server\bin;;C:\Program Files (x86)\Intel\iCLS Client\;C:\Program Files\Intel\iCLS Client\;C:\Windows\system32;C:\Windows;C:\Windows\System32\Wbem;C:\Windows\System32\WindowsPowerShell\v1.0\;C:\Program Files\Intel\Intel(R) Management Engine Components\DAL;C:\Program Files (x86)\Intel\Intel(R) Management Engine Components\DAL;C:\Program Files\Intel\Intel(R) Management Engine Components\IPT;C:\Program Files (x86)\Intel\Intel(R) Management Engine Components\IPT;C:\Program Files (x86)\Windows Kits\8.1\Windows Performance Toolkit\;C:\Program Files\Microsoft SQL Server\110\Tools\Binn\;C:\Program Files (x86)\Microsoft SDKs\TypeScript\1.0\;C:\Program Files\Microsoft SQL Server\120\Tools\Binn\;E:\AMD\ATI.ACE\Core-Static;C:\Program Files (x86)\Common Files\lenovo\easyplussdk\bin;C:\Program Files (x86)\ATI Technologies\ATI.ACE\Core-Static;C:\Program Files\Java\jdk1.8.0_05\bin;C:\Program Files (x86)\Windows Kits\10\Windows Performance Toolkit\;E:\Node bin\;C:\Program Files\Microsoft SQL Server\110\DTS\Binn\;C:\Program Files (x86)\Microsoft SQL Server\110\Tools\Binn\;C:\Program Files (x86)\Microsoft SQL Server\110\Tools\Binn\ManagementStudio\;C:\Program Files (x86)\Microsoft Visual Studio 10.0\Common7\IDE\PrivateAssemblies\;C:\Program Files (x86)\Microsoft SQL Server\110\DTS\Binn\;C:\Program Files\Common Files\Autodesk Shared\;C:\Program Files (x86)\Autodesk\Backburner\;E:\Android SDK\Android SDK\android-tools;C:\Program Files\Java\jdk1.8.0_05\bin;E:\QT\5.5\msvc2013_64\bin;C:\Users\JEGAN'S BEAST\AppData\Roaming\npm;C:\Program Files (x86)\GnuWin32\bin;C:\Program Files\Java\jdk1.8.0_66\bin\javafxpackager.exe;C:\Users\JEGAN'S BEAST\AppData\Local\atom\bin;E:\SQLite DB;C:\Program Files\MongoDB\Server\3.2\bin;E:\NS;E:\Android SDK\Android SDK\android-tools;
USERNAME=JEGAN'S BEAST
OS=Windows_NT
PROCESSOR_IDENTIFIER=Intel64 Family 6 Model 60 Stepping 3, GenuineIntel



---------------  S Y S T E M  ---------------

OS: Windows 10.0 , 64 bit Build 10240 (10.0.10240.16384)

CPU:total 4 (4 cores per cpu, 1 threads per core) family 6 model 60 stepping 3, cmov, cx8, fxsr, mmx, sse, sse2, sse3, ssse3, sse4.1, sse4.2, popcnt, avx, avx2, aes, clmul, erms, lzcnt, tsc, tscinvbit, bmi1, bmi2

Memory: 4k page, physical 8247320k(2048776k free), swap 11824784k(5792k free)

vm_info: Java HotSpot(TM) 64-Bit Server VM (25.66-b18) for windows-amd64 JRE (1.8.0_66-b18), built on Nov  9 2015 10:51:13 by "java_re" with MS VC++ 10.0 (VS2010)

time: Fri Jun 17 21:50:39 2016
elapsed time: 1 seconds (0d 0h 0m 1s)

