#
# There is insufficient memory for the Java Runtime Environment to continue.
# Native memory allocation (malloc) failed to allocate 131088 bytes for Chunk::new
# Possible reasons:
#   The system is out of physical RAM or swap space
#   In 32 bit mode, the process size limit was hit
# Possible solutions:
#   Reduce memory load on the system
#   Increase physical memory or swap space
#   Check if swap backing store is full
#   Use 64 bit Java on a 64 bit OS
#   Decrease Java heap size (-Xmx/-Xms)
#   Decrease number of Java threads
#   Decrease Java thread stack sizes (-Xss)
#   Set larger code cache with -XX:ReservedCodeCacheSize=
# This output file may be truncated or incomplete.
#
#  Out of Memory Error (allocation.cpp:390), pid=7460, tid=3320
#
# JRE version: Java(TM) SE Runtime Environment (8.0_66-b18) (build 1.8.0_66-b18)
# Java VM: Java HotSpot(TM) 64-Bit Server VM (25.66-b18 mixed mode windows-amd64 compressed oops)
# Failed to write core dump. Minidumps are not enabled by default on client versions of Windows
#

---------------  T H R E A D  ---------------

Current thread (0x0000000017bef000):  JavaThread "C2 CompilerThread0" daemon [_thread_in_native, id=3320, stack(0x0000000019620000,0x0000000019720000)]

Stack: [0x0000000019620000,0x0000000019720000]
[error occurred during error reporting (printing stack bounds), id 0xc0000005]

Native frames: (J=compiled Java code, j=interpreted, Vv=VM code, C=native code)


Current CompileTask:
C2:   2024 1769       4       com.android.dx.ssa.SCCP::simulateStmt (481 bytes)


---------------  P R O C E S S  ---------------

Java Threads: ( => current thread )
  0x0000000019a94800 JavaThread "pool-2-thread-4" [_thread_in_Java, id=9384, stack(0x000000001ab20000,0x000000001ac20000)]
  0x0000000019a94000 JavaThread "pool-2-thread-3" [_thread_blocked, id=7356, stack(0x000000001aa20000,0x000000001ab20000)]
  0x0000000019a6d000 JavaThread "pool-2-thread-2" [_thread_blocked, id=2272, stack(0x000000001a920000,0x000000001aa20000)]
  0x0000000019a6a000 JavaThread "pool-3-thread-1" [_thread_blocked, id=4404, stack(0x000000001a820000,0x000000001a920000)]
  0x0000000019a5e800 JavaThread "pool-2-thread-1" [_thread_in_Java, id=9568, stack(0x000000001a720000,0x000000001a820000)]
  0x0000000019830000 JavaThread "Service Thread" daemon [_thread_blocked, id=5604, stack(0x0000000019d20000,0x0000000019e20000)]
  0x0000000019820800 JavaThread "C1 CompilerThread2" daemon [_thread_blocked, id=9708, stack(0x0000000019c20000,0x0000000019d20000)]
  0x0000000017bf1000 JavaThread "C2 CompilerThread1" daemon [_thread_in_native, id=112, stack(0x0000000019720000,0x0000000019820000)]
=>0x0000000017bef000 JavaThread "C2 CompilerThread0" daemon [_thread_in_native, id=3320, stack(0x0000000019620000,0x0000000019720000)]
  0x0000000017bec000 JavaThread "Attach Listener" daemon [_thread_blocked, id=6236, stack(0x0000000019520000,0x0000000019620000)]
  0x0000000017beb000 JavaThread "Signal Dispatcher" daemon [_thread_blocked, id=5852, stack(0x0000000019420000,0x0000000019520000)]
  0x0000000002f21000 JavaThread "Finalizer" daemon [_thread_blocked, id=4124, stack(0x0000000019240000,0x0000000019340000)]
  0x0000000002f1e000 JavaThread "Reference Handler" daemon [_thread_blocked, id=7908, stack(0x0000000019140000,0x0000000019240000)]
  0x0000000002fce800 JavaThread "main" [_thread_blocked, id=2848, stack(0x0000000002c90000,0x0000000002d90000)]

Other Threads:
  0x0000000017bb8000 VMThread [stack: 0x0000000019040000,0x0000000019140000] [id=9436]
  0x000000001983c800 WatcherThread [stack: 0x0000000019e20000,0x0000000019f20000] [id=6884]

VM state:not at safepoint (normal execution)

VM Mutex/Monitor currently owned by a thread: None

Heap:
 PSYoungGen      total 70656K, used 37375K [0x00000000d5580000, 0x00000000d9f80000, 0x0000000100000000)
  eden space 65536K, 49% used [0x00000000d5580000,0x00000000d7501218,0x00000000d9580000)
  from space 5120K, 99% used [0x00000000d9a80000,0x00000000d9f7eaa8,0x00000000d9f80000)
  to   space 5120K, 0% used [0x00000000d9580000,0x00000000d9580000,0x00000000d9a80000)
 ParOldGen       total 86016K, used 4289K [0x0000000080000000, 0x0000000085400000, 0x00000000d5580000)
  object space 86016K, 4% used [0x0000000080000000,0x0000000080430608,0x0000000085400000)
 Metaspace       used 6334K, capacity 6452K, committed 6528K, reserved 1062912K
  class space    used 602K, capacity 616K, committed 640K, reserved 1048576K

Card table byte_map: [0x0000000012390000,0x00000000127a0000] byte_map_base: 0x0000000011f90000

Marking Bits: (ParMarkBitMap*) 0x00000000637fa5b0
 Begin Bits: [0x0000000012e50000, 0x0000000014e50000)
 End Bits:   [0x0000000014e50000, 0x0000000016e50000)

Polling page: 0x0000000001230000

CodeCache: size=245760Kb used=7584Kb max_used=7584Kb free=238175Kb
 bounds [0x0000000002fd0000, 0x0000000003740000, 0x0000000011fd0000]
 total_blobs=2036 nmethods=1766 adapters=182
 compilation: enabled

Compilation events (10 events):
Event: 2.016 Thread 0x0000000019820800 1778       3       java.util.zip.InflaterInputStream::<init> (79 bytes)
Event: 2.016 Thread 0x0000000019820800 nmethod 1778 0x00000000037323d0 code [0x0000000003732580, 0x0000000003732c58]
Event: 2.016 Thread 0x0000000019820800 1779       3       com.android.dx.dex.cf.OptimizerOptions::loadOptimizeLists (52 bytes)
Event: 2.016 Thread 0x0000000019820800 nmethod 1779 0x0000000003731c90 code [0x0000000003731e20, 0x0000000003732208]
Event: 2.016 Thread 0x0000000019820800 1780       3       com.android.dx.dex.file.ClassDefItem::<init> (110 bytes)
Event: 2.017 Thread 0x0000000019820800 nmethod 1780 0x000000000373cd10 code [0x000000000373cf20, 0x000000000373d948]
Event: 2.020 Thread 0x0000000019820800 1783       3       com.android.dx.ssa.back.FirstFitLocalCombiningAllocator::isEven (12 bytes)
Event: 2.020 Thread 0x0000000019820800 nmethod 1783 0x000000000373ddd0 code [0x000000000373df20, 0x000000000373e0b0]
Event: 2.022 Thread 0x0000000019820800 1784       3       java.util.concurrent.atomic.AtomicInteger::getAndIncrement (12 bytes)
Event: 2.022 Thread 0x0000000019820800 nmethod 1784 0x000000000373e150 code [0x000000000373e2a0, 0x000000000373e3f0]

GC Heap History (4 events):
Event: 0.532 GC heap before
{Heap before GC invocations=1 (full 0):
 PSYoungGen      total 37888K, used 32768K [0x00000000d5580000, 0x00000000d7f80000, 0x0000000100000000)
  eden space 32768K, 100% used [0x00000000d5580000,0x00000000d7580000,0x00000000d7580000)
  from space 5120K, 0% used [0x00000000d7a80000,0x00000000d7a80000,0x00000000d7f80000)
  to   space 5120K, 0% used [0x00000000d7580000,0x00000000d7580000,0x00000000d7a80000)
 ParOldGen       total 86016K, used 0K [0x0000000080000000, 0x0000000085400000, 0x00000000d5580000)
  object space 86016K, 0% used [0x0000000080000000,0x0000000080000000,0x0000000085400000)
 Metaspace       used 5917K, capacity 6004K, committed 6272K, reserved 1062912K
  class space    used 595K, capacity 616K, committed 640K, reserved 1048576K
Event: 0.545 GC heap after
Heap after GC invocations=1 (full 0):
 PSYoungGen      total 37888K, used 5104K [0x00000000d5580000, 0x00000000d9f80000, 0x0000000100000000)
  eden space 32768K, 0% used [0x00000000d5580000,0x00000000d5580000,0x00000000d7580000)
  from space 5120K, 99% used [0x00000000d7580000,0x00000000d7a7c378,0x00000000d7a80000)
  to   space 5120K, 0% used [0x00000000d9a80000,0x00000000d9a80000,0x00000000d9f80000)
 ParOldGen       total 86016K, used 754K [0x0000000080000000, 0x0000000085400000, 0x00000000d5580000)
  object space 86016K, 0% used [0x0000000080000000,0x00000000800bc840,0x0000000085400000)
 Metaspace       used 5917K, capacity 6004K, committed 6272K, reserved 1062912K
  class space    used 595K, capacity 616K, committed 640K, reserved 1048576K
}
Event: 1.375 GC heap before
{Heap before GC invocations=2 (full 0):
 PSYoungGen      total 37888K, used 37872K [0x00000000d5580000, 0x00000000d9f80000, 0x0000000100000000)
  eden space 32768K, 100% used [0x00000000d5580000,0x00000000d7580000,0x00000000d7580000)
  from space 5120K, 99% used [0x00000000d7580000,0x00000000d7a7c378,0x00000000d7a80000)
  to   space 5120K, 0% used [0x00000000d9a80000,0x00000000d9a80000,0x00000000d9f80000)
 ParOldGen       total 86016K, used 754K [0x0000000080000000, 0x0000000085400000, 0x00000000d5580000)
  object space 86016K, 0% used [0x0000000080000000,0x00000000800bc840,0x0000000085400000)
 Metaspace       used 6297K, capacity 6324K, committed 6528K, reserved 1062912K
  class space    used 601K, capacity 616K, committed 640K, reserved 1048576K
Event: 1.444 GC heap after
Heap after GC invocations=2 (full 0):
 PSYoungGen      total 70656K, used 5114K [0x00000000d5580000, 0x00000000d9f80000, 0x0000000100000000)
  eden space 65536K, 0% used [0x00000000d5580000,0x00000000d5580000,0x00000000d9580000)
  from space 5120K, 99% used [0x00000000d9a80000,0x00000000d9f7eaa8,0x00000000d9f80000)
  to   space 5120K, 0% used [0x00000000d9580000,0x00000000d9580000,0x00000000d9a80000)
 ParOldGen       total 86016K, used 4289K [0x0000000080000000, 0x0000000085400000, 0x00000000d5580000)
  object space 86016K, 4% used [0x0000000080000000,0x0000000080430608,0x0000000085400000)
 Metaspace       used 6297K, capacity 6324K, committed 6528K, reserved 1062912K
  class space    used 601K, capacity 616K, committed 640K, reserved 1048576K
}

Deoptimization events (10 events):
Event: 0.399 Thread 0x0000000019a94800 Uncommon trap: reason=unstable_if action=reinterpret pc=0x000000000334d37c method=com.android.dx.rop.code.LocalItem.hashCode()I @ 25
Event: 1.233 Thread 0x0000000019a6d000 Uncommon trap: reason=unstable_if action=reinterpret pc=0x00000000033f0a00 method=com.android.dx.ssa.SCCP.simulateStmt(Lcom/android/dx/ssa/SsaInsn;)V @ 53
Event: 1.785 Thread 0x0000000002fce800 Uncommon trap: reason=unstable_if action=reinterpret pc=0x0000000003506638 method=com.android.dx.rop.cst.StdConstantPool.set(ILcom/android/dx/rop/cst/Constant;)V @ 12
Event: 1.785 Thread 0x0000000002fce800 Uncommon trap: reason=unstable_if action=reinterpret pc=0x00000000034e7df8 method=com.android.dx.rop.cst.StdConstantPool.set(ILcom/android/dx/rop/cst/Constant;)V @ 12
Event: 1.790 Thread 0x0000000019a94000 Uncommon trap: reason=bimorphic action=maybe_recompile pc=0x0000000003533aa0 method=com.android.dx.rop.code.RegisterSpec.withSimpleType()Lcom/android/dx/rop/code/RegisterSpec; @ 21
Event: 1.801 Thread 0x0000000019a5e800 Uncommon trap: reason=unstable_if action=reinterpret pc=0x0000000003694a3c method=com.android.dx.rop.code.RegisterSpecSet.<init>(I)V @ 2
Event: 1.801 Thread 0x0000000019a5e800 Uncommon trap: reason=unstable_if action=reinterpret pc=0x0000000003390af4 method=com.android.dx.rop.code.RegisterSpecSet.<init>(I)V @ 2
Event: 1.807 Thread 0x0000000019a5e800 Uncommon trap: reason=unstable_if action=reinterpret pc=0x000000000359540c method=com.android.dx.ssa.SCCP.simulateBranch(Lcom/android/dx/ssa/SsaInsn;)V @ 64
Event: 1.808 Thread 0x0000000019a5e800 Uncommon trap: reason=unloaded action=reinterpret pc=0x0000000003631f6c method=com.android.dx.ssa.LiteralOpUpgrader$1.visitNonMoveInsn(Lcom/android/dx/ssa/NormalSsaInsn;)V @ 72
Event: 1.809 Thread 0x0000000019a5e800 Uncommon trap: reason=unstable_if action=reinterpret pc=0x00000000033e1d5c method=com.android.dx.ssa.SsaMethod.updateOneDefinition(Lcom/android/dx/ssa/SsaInsn;Lcom/android/dx/rop/code/RegisterSpec;)V @ 4

Internal exceptions (2 events):
Event: 0.036 Thread 0x0000000002fce800 Exception <a 'java/lang/NoSuchMethodError': Method sun.misc.Unsafe.defineClass(Ljava/lang/String;[BII)Ljava/lang/Class; name or signature does not match> (0x00000000d558df20) thrown at [C:\re\workspace\8-2-build-windows-amd64-cygwin\jdk8u66\5298\hotspot\sr‰öîé¨¢?
Event: 0.036 Thread 0x0000000002fce800 Exception <a 'java/lang/NoSuchMethodError': Method sun.misc.Unsafe.prefetchRead(Ljava/lang/Object;J)V name or signature does not match> (0x00000000d558e208) thrown at [C:\re\workspace\8-2-build-windows-amd64-cygwin\jdk8u66\5298\hotspot\src\share\vm\prims\j

Events (10 events):
Event: 1.807 Thread 0x0000000019a5e800 DEOPT PACKING pc=0x000000000359540c sp=0x000000001a81e9a0
Event: 1.807 Thread 0x0000000019a5e800 DEOPT UNPACKING pc=0x000000000301582a sp=0x000000001a81e970 mode 2
Event: 1.808 Thread 0x0000000019a5e800 Uncommon trap: trap_request=0x0000004e fr.pc=0x0000000003631f6c
Event: 1.808 loading class com/android/dx/rop/code/RegOps
Event: 1.808 loading class com/android/dx/rop/code/RegOps done
Event: 1.809 Thread 0x0000000019a5e800 DEOPT PACKING pc=0x0000000003631f6c sp=0x000000001a81eb80
Event: 1.809 Thread 0x0000000019a5e800 DEOPT UNPACKING pc=0x000000000301582a sp=0x000000001a81eb48 mode 2
Event: 1.809 Thread 0x0000000019a5e800 Uncommon trap: trap_request=0xffffff65 fr.pc=0x00000000033e1d5c
Event: 1.809 Thread 0x0000000019a5e800 DEOPT PACKING pc=0x00000000033e1d5c sp=0x000000001a81e9c0
Event: 1.809 Thread 0x0000000019a5e800 DEOPT UNPACKING pc=0x000000000301582a sp=0x000000001a81e968 mode 2


Dynamic libraries:
0x00007ff7808e0000 - 0x00007ff780917000 	C:\Program Files\Java\jdk1.8.0_66\bin\java.exe
0x00007ff988720000 - 0x00007ff9888e2000 	C:\Windows\SYSTEM32\ntdll.dll
0x00007ff986200000 - 0x00007ff9862ad000 	C:\Windows\system32\KERNEL32.DLL
0x00007ff985580000 - 0x00007ff98575d000 	C:\Windows\system32\KERNELBASE.dll
0x00007ff988000000 - 0x00007ff9880a6000 	C:\Windows\system32\ADVAPI32.dll
0x00007ff9863b0000 - 0x00007ff98644d000 	C:\Windows\system32\msvcrt.dll
0x00007ff9885d0000 - 0x00007ff98862b000 	C:\Windows\system32\sechost.dll
0x00007ff986460000 - 0x00007ff986586000 	C:\Windows\system32\RPCRT4.dll
0x00007ff9880b0000 - 0x00007ff9881fe000 	C:\Windows\system32\USER32.dll
0x00007ff985df0000 - 0x00007ff985f75000 	C:\Windows\system32\GDI32.dll
0x00007ff97d660000 - 0x00007ff97d8d4000 	C:\Windows\WinSxS\amd64_microsoft.windows.common-controls_6595b64144ccf1df_6.0.10240.16384_none_f41f7b285750ef43\COMCTL32.dll
0x00007ff9886e0000 - 0x00007ff988716000 	C:\Windows\system32\IMM32.DLL
0x00007ff986590000 - 0x00007ff9866ec000 	C:\Windows\system32\MSCTF.dll
0x0000000063880000 - 0x0000000063952000 	C:\Program Files\Java\jdk1.8.0_66\jre\bin\msvcr100.dll
0x0000000062ff0000 - 0x0000000063879000 	C:\Program Files\Java\jdk1.8.0_66\jre\bin\server\jvm.dll
0x00007ff986450000 - 0x00007ff986458000 	C:\Windows\system32\PSAPI.DLL
0x00007ff978c60000 - 0x00007ff978c69000 	C:\Windows\SYSTEM32\WSOCK32.dll
0x00007ff988490000 - 0x00007ff9884f9000 	C:\Windows\system32\WS2_32.dll
0x00007ff988330000 - 0x00007ff988338000 	C:\Windows\system32\NSI.dll
0x00007ff983300000 - 0x00007ff983323000 	C:\Windows\SYSTEM32\WINMM.dll
0x00007ff9805d0000 - 0x00007ff9805da000 	C:\Windows\SYSTEM32\VERSION.dll
0x00007ff9832d0000 - 0x00007ff9832fc000 	C:\Windows\SYSTEM32\WINMMBASE.dll
0x00007ff985360000 - 0x00007ff9853a4000 	C:\Windows\system32\cfgmgr32.dll
0x00007ff983ac0000 - 0x00007ff983ae7000 	C:\Windows\SYSTEM32\DEVOBJ.dll
0x0000000062fe0000 - 0x0000000062fef000 	C:\Program Files\Java\jdk1.8.0_66\jre\bin\verify.dll
0x0000000062fb0000 - 0x0000000062fd9000 	C:\Program Files\Java\jdk1.8.0_66\jre\bin\java.dll
0x0000000062f90000 - 0x0000000062fa6000 	C:\Program Files\Java\jdk1.8.0_66\jre\bin\zip.dll
0x00007ff9868c0000 - 0x00007ff987de3000 	C:\Windows\system32\SHELL32.dll
0x00007ff9857c0000 - 0x00007ff985de9000 	C:\Windows\system32\windows.storage.dll
0x00007ff985f80000 - 0x00007ff9861fc000 	C:\Windows\system32\combase.dll
0x00007ff987fa0000 - 0x00007ff987ff1000 	C:\Windows\system32\shlwapi.dll
0x00007ff9851e0000 - 0x00007ff9851ef000 	C:\Windows\system32\kernel.appcore.dll
0x00007ff9852a0000 - 0x00007ff985353000 	C:\Windows\system32\shcore.dll
0x00007ff985170000 - 0x00007ff9851ba000 	C:\Windows\system32\powrprof.dll
0x00007ff985150000 - 0x00007ff985163000 	C:\Windows\system32\profapi.dll

VM Arguments:
jvm_args: -Djava.awt.headless=true -Xmx2g -Dfile.encoding=windows-1252 -Duser.country=US -Duser.language=en -Duser.variant 
java_command: com.android.dx.command.Main --dex --force-jumbo --num-threads=4 --multi-dex --output E:\AndroidProjects\Fazt\app\build\intermediates\transforms\dex\debug\folders\1000\10\internal_impl-23.4.0_dd4f81c1f6ac0abcf035296911ecebecc1e94a63 E:\AndroidProjects\Fazt\app\build\intermediates\exploded-aar\com.android.support\support-v4\23.4.0\jars\libs\internal_impl-23.4.0.jar
java_class_path (initial): E:\Android SDK\Android SDK\sdk\build-tools\23.0.3\lib\dx.jar
Launcher Type: SUN_STANDARD

Environment Variables:
PATH=E:\OracleSQL\DB\app\oracle\product\11.2.0\server\bin;;C:\Program Files (x86)\Intel\iCLS Client\;C:\Program Files\Intel\iCLS Client\;C:\Windows\system32;C:\Windows;C:\Windows\System32\Wbem;C:\Windows\System32\WindowsPowerShell\v1.0\;C:\Program Files\Intel\Intel(R) Management Engine Components\DAL;C:\Program Files (x86)\Intel\Intel(R) Management Engine Components\DAL;C:\Program Files\Intel\Intel(R) Management Engine Components\IPT;C:\Program Files (x86)\Intel\Intel(R) Management Engine Components\IPT;C:\Program Files (x86)\Windows Kits\8.1\Windows Performance Toolkit\;C:\Program Files\Microsoft SQL Server\110\Tools\Binn\;C:\Program Files (x86)\Microsoft SDKs\TypeScript\1.0\;C:\Program Files\Microsoft SQL Server\120\Tools\Binn\;E:\AMD\ATI.ACE\Core-Static;C:\Program Files (x86)\Common Files\lenovo\easyplussdk\bin;C:\Program Files (x86)\ATI Technologies\ATI.ACE\Core-Static;C:\Program Files\Java\jdk1.8.0_05\bin;C:\Program Files (x86)\Windows Kits\10\Windows Performance Toolkit\;E:\Node bin\;C:\Program Files\Microsoft SQL Server\110\DTS\Binn\;C:\Program Files (x86)\Microsoft SQL Server\110\Tools\Binn\;C:\Program Files (x86)\Microsoft SQL Server\110\Tools\Binn\ManagementStudio\;C:\Program Files (x86)\Microsoft Visual Studio 10.0\Common7\IDE\PrivateAssemblies\;C:\Program Files (x86)\Microsoft SQL Server\110\DTS\Binn\;C:\Program Files\Common Files\Autodesk Shared\;C:\Program Files (x86)\Autodesk\Backburner\;E:\Android SDK\Android SDK\android-tools;C:\Program Files\Java\jdk1.8.0_05\bin;E:\QT\5.5\msvc2013_64\bin;C:\Users\JEGAN'S BEAST\AppData\Roaming\npm;C:\Program Files (x86)\GnuWin32\bin;C:\Program Files\Java\jdk1.8.0_66\bin\javafxpackager.exe;C:\Users\JEGAN'S BEAST\AppData\Local\atom\bin;E:\SQLite DB;C:\Program Files\MongoDB\Server\3.2\bin;E:\NS;E:\Android SDK\Android SDK\android-tools;
USERNAME=JEGAN'S BEAST
OS=Windows_NT
PROCESSOR_IDENTIFIER=Intel64 Family 6 Model 60 Stepping 3, GenuineIntel



---------------  S Y S T E M  ---------------

OS: Windows 10.0 , 64 bit Build 10240 (10.0.10240.16384)

CPU:total 4 (4 cores per cpu, 1 threads per core) family 6 model 60 stepping 3, cmov, cx8, fxsr, mmx, sse, sse2, sse3, ssse3, sse4.1, sse4.2, popcnt, avx, avx2, aes, clmul, erms, lzcnt, tsc, tscinvbit, bmi1, bmi2

Memory: 4k page, physical 8247320k(2020744k free), swap 11824784k(5172k free)

vm_info: Java HotSpot(TM) 64-Bit Server VM (25.66-b18) for windows-amd64 JRE (1.8.0_66-b18), built on Nov  9 2015 10:51:13 by "java_re" with MS VC++ 10.0 (VS2010)

time: Fri Jun 17 21:59:28 2016
elapsed time: 2 seconds (0d 0h 0m 2s)

