#
# There is insufficient memory for the Java Runtime Environment to continue.
# Native memory allocation (malloc) failed to allocate 66016 bytes for Chunk::new
# Possible reasons:
#   The system is out of physical RAM or swap space
#   In 32 bit mode, the process size limit was hit
# Possible solutions:
#   Reduce memory load on the system
#   Increase physical memory or swap space
#   Check if swap backing store is full
#   Use 64 bit Java on a 64 bit OS
#   Decrease Java heap size (-Xmx/-Xms)
#   Decrease number of Java threads
#   Decrease Java thread stack sizes (-Xss)
#   Set larger code cache with -XX:ReservedCodeCacheSize=
# This output file may be truncated or incomplete.
#
#  Out of Memory Error (allocation.cpp:390), pid=7672, tid=5908
#
# JRE version: Java(TM) SE Runtime Environment (8.0_66-b18) (build 1.8.0_66-b18)
# Java VM: Java HotSpot(TM) 64-Bit Server VM (25.66-b18 mixed mode windows-amd64 compressed oops)
# Failed to write core dump. Minidumps are not enabled by default on client versions of Windows
#

---------------  T H R E A D  ---------------

Current thread (0x0000000014d91000):  JavaThread "C2 CompilerThread1" daemon [_thread_in_native, id=5908, stack(0x00000000164d0000,0x00000000165d0000)]

Stack: [0x00000000164d0000,0x00000000165d0000]
[error occurred during error reporting (printing stack bounds), id 0xc0000005]

Native frames: (J=compiled Java code, j=interpreted, Vv=VM code, C=native code)


Current CompileTask:
C2:    564 1024       4       com.android.dx.ssa.SsaMethod$2::visitNonMoveInsn (6 bytes)


---------------  P R O C E S S  ---------------

Java Threads: ( => current thread )
  0x0000000016815000 JavaThread "pool-2-thread-4" [_thread_in_vm, id=3420, stack(0x00000000170d0000,0x00000000171d0000)]
  0x0000000016813000 JavaThread "pool-2-thread-3" [_thread_in_Java, id=4512, stack(0x0000000016fd0000,0x00000000170d0000)]
  0x0000000016812800 JavaThread "pool-2-thread-2" [_thread_in_Java, id=9740, stack(0x0000000016ed0000,0x0000000016fd0000)]
  0x000000001671c800 JavaThread "pool-3-thread-1" [_thread_blocked, id=3080, stack(0x0000000016dd0000,0x0000000016ed0000)]
  0x0000000016706000 JavaThread "pool-2-thread-1" [_thread_in_Java, id=9356, stack(0x0000000016cd0000,0x0000000016dd0000)]
  0x00000000165df800 JavaThread "Service Thread" daemon [_thread_blocked, id=2272, stack(0x0000000016ad0000,0x0000000016bd0000)]
  0x0000000014dec800 JavaThread "C1 CompilerThread2" daemon [_thread_in_native, id=9788, stack(0x00000000169d0000,0x0000000016ad0000)]
=>0x0000000014d91000 JavaThread "C2 CompilerThread1" daemon [_thread_in_native, id=5908, stack(0x00000000164d0000,0x00000000165d0000)]
  0x0000000014d8e000 JavaThread "C2 CompilerThread0" daemon [_thread_in_native, id=1612, stack(0x00000000163d0000,0x00000000164d0000)]
  0x0000000014d8c000 JavaThread "Attach Listener" daemon [_thread_blocked, id=9800, stack(0x00000000162d0000,0x00000000163d0000)]
  0x0000000014d8a800 JavaThread "Signal Dispatcher" daemon [_thread_blocked, id=3480, stack(0x00000000161d0000,0x00000000162d0000)]
  0x00000000026b1000 JavaThread "Finalizer" daemon [_thread_blocked, id=9588, stack(0x0000000015ff0000,0x00000000160f0000)]
  0x00000000026ae000 JavaThread "Reference Handler" daemon [_thread_blocked, id=9976, stack(0x0000000015ef0000,0x0000000015ff0000)]
  0x00000000022ee800 JavaThread "main" [_thread_in_Java, id=8616, stack(0x00000000024c0000,0x00000000025c0000)]

Other Threads:
  0x0000000014d57800 VMThread [stack: 0x0000000015df0000,0x0000000015ef0000] [id=7320]
  0x00000000165ed000 WatcherThread [stack: 0x0000000016bd0000,0x0000000016cd0000] [id=6236]

VM state:not at safepoint (normal execution)

VM Mutex/Monitor currently owned by a thread: None

Heap:
 PSYoungGen      total 37888K, used 29096K [0x00000000eab00000, 0x00000000ed500000, 0x0000000100000000)
  eden space 32768K, 88% used [0x00000000eab00000,0x00000000ec76a0d0,0x00000000ecb00000)
  from space 5120K, 0% used [0x00000000ed000000,0x00000000ed000000,0x00000000ed500000)
  to   space 5120K, 0% used [0x00000000ecb00000,0x00000000ecb00000,0x00000000ed000000)
 ParOldGen       total 86016K, used 0K [0x00000000c0000000, 0x00000000c5400000, 0x00000000eab00000)
  object space 86016K, 0% used [0x00000000c0000000,0x00000000c0000000,0x00000000c5400000)
 Metaspace       used 5641K, capacity 6832K, committed 7040K, reserved 1056768K
  class space    used 576K, capacity 616K, committed 640K, reserved 1048576K

Card table byte_map: [0x0000000011a80000,0x0000000011c90000] byte_map_base: 0x0000000011480000

Marking Bits: (ParMarkBitMap*) 0x00000000637fa5b0
 Begin Bits: [0x00000000121f0000, 0x00000000131f0000)
 End Bits:   [0x00000000131f0000, 0x00000000141f0000)

Polling page: 0x00000000022d0000

CodeCache: size=245760Kb used=4129Kb max_used=4129Kb free=241630Kb
 bounds [0x00000000026c0000, 0x0000000002ad0000, 0x00000000116c0000]
 total_blobs=1285 nmethods=1023 adapters=175
 compilation: enabled

Compilation events (10 events):
Event: 0.563 Thread 0x0000000014dec800 nmethod 998 0x0000000002ac5450 code [0x0000000002ac55c0, 0x0000000002ac59b0]
Event: 0.563 Thread 0x0000000014dec800 1034       3       com.android.dx.cf.code.SwitchList::getTarget (9 bytes)
Event: 0.563 Thread 0x0000000014dec800 nmethod 1034 0x0000000002ac5010 code [0x0000000002ac5180, 0x0000000002ac5388]
Event: 0.563 Thread 0x0000000014dec800 1033       3       java.util.ArrayList::<init> (61 bytes)
Event: 0.564 Thread 0x0000000014dec800 nmethod 1033 0x0000000002ac7e50 code [0x0000000002ac8060, 0x0000000002ac8ad8]
Event: 0.564 Thread 0x0000000014dec800 1001       3       com.android.dx.ssa.SsaMethod$2::visitPhiInsn (6 bytes)
Event: 0.564 Thread 0x0000000014dec800 nmethod 1001 0x0000000002aa8410 code [0x0000000002aa8580, 0x0000000002aa8708]
Event: 0.564 Thread 0x0000000014dec800 1004       1       com.android.dx.dex.code.RopTranslator::access$100 (5 bytes)
Event: 0.564 Thread 0x0000000014dec800 nmethod 1004 0x0000000002ac7b90 code [0x0000000002ac7ce0, 0x0000000002ac7dd0]
Event: 0.564 Thread 0x0000000014dec800 1042       3       com.android.dx.rop.cst.CstBaseMethodRef::isInstanceInit (8 bytes)

GC Heap History (0 events):
No events

Deoptimization events (3 events):
Event: 0.247 Thread 0x0000000016815000 Uncommon trap: reason=unstable_if action=reinterpret pc=0x00000000028a9a40 method=java.util.HashMap.getNode(ILjava/lang/Object;)Ljava/util/HashMap$Node; @ 62
Event: 0.277 Thread 0x0000000016813000 Uncommon trap: reason=unstable_if action=reinterpret pc=0x0000000002903ff0 method=java.util.BitSet.ensureCapacity(I)V @ 6
Event: 0.288 Thread 0x0000000016813000 Uncommon trap: reason=unstable_if action=reinterpret pc=0x000000000290a84c method=com.android.dx.rop.code.RegisterSpec.equals(ILcom/android/dx/rop/type/TypeBearer;Lcom/android/dx/rop/code/LocalItem;)Z @ 24

Internal exceptions (2 events):
Event: 0.026 Thread 0x00000000022ee800 Exception <a 'java/lang/NoSuchMethodError': Method sun.misc.Unsafe.defineClass(Ljava/lang/String;[BII)Ljava/lang/Class; name or signature does not match> (0x00000000eab0de70) thrown at [C:\re\workspace\8-2-build-windows-amd64-cygwin\jdk8u66\5298\hotspot\srìR´×…š?
Event: 0.026 Thread 0x00000000022ee800 Exception <a 'java/lang/NoSuchMethodError': Method sun.misc.Unsafe.prefetchRead(Ljava/lang/Object;J)V name or signature does not match> (0x00000000eab0e158) thrown at [C:\re\workspace\8-2-build-windows-amd64-cygwin\jdk8u66\5298\hotspot\src\share\vm\prims\j

Events (10 events):
Event: 0.496 Thread 0x0000000016812800 DEOPT PACKING pc=0x0000000002a3cbfa sp=0x0000000016fce770
Event: 0.496 Thread 0x0000000016812800 DEOPT UNPACKING pc=0x000000000270787f sp=0x0000000016fce4d8 mode 0
Event: 0.496 Thread 0x0000000016812800 DEOPT PACKING pc=0x0000000002a3cbfa sp=0x0000000016fce770
Event: 0.496 Thread 0x0000000016812800 DEOPT UNPACKING pc=0x000000000270787f sp=0x0000000016fce4d8 mode 0
Event: 0.496 Thread 0x0000000016812800 DEOPT PACKING pc=0x0000000002a3cbfa sp=0x0000000016fce770
Event: 0.496 Thread 0x0000000016812800 DEOPT UNPACKING pc=0x000000000270787f sp=0x0000000016fce4d8 mode 0
Event: 0.497 Thread 0x0000000016812800 DEOPT PACKING pc=0x0000000002a3cbfa sp=0x0000000016fce770
Event: 0.497 Thread 0x0000000016812800 DEOPT UNPACKING pc=0x000000000270787f sp=0x0000000016fce4d8 mode 0
Event: 0.497 Thread 0x0000000016812800 DEOPT PACKING pc=0x0000000002a3cbfa sp=0x0000000016fce770
Event: 0.497 Thread 0x0000000016812800 DEOPT UNPACKING pc=0x000000000270787f sp=0x0000000016fce4d8 mode 0


Dynamic libraries:
0x00007ff7808e0000 - 0x00007ff780917000 	C:\Program Files\Java\jdk1.8.0_66\bin\java.exe
0x00007ff988720000 - 0x00007ff9888e2000 	C:\Windows\SYSTEM32\ntdll.dll
0x00007ff986200000 - 0x00007ff9862ad000 	C:\Windows\system32\KERNEL32.DLL
0x00007ff985580000 - 0x00007ff98575d000 	C:\Windows\system32\KERNELBASE.dll
0x00007ff988000000 - 0x00007ff9880a6000 	C:\Windows\system32\ADVAPI32.dll
0x00007ff9863b0000 - 0x00007ff98644d000 	C:\Windows\system32\msvcrt.dll
0x00007ff9885d0000 - 0x00007ff98862b000 	C:\Windows\system32\sechost.dll
0x00007ff986460000 - 0x00007ff986586000 	C:\Windows\system32\RPCRT4.dll
0x00007ff9880b0000 - 0x00007ff9881fe000 	C:\Windows\system32\USER32.dll
0x00007ff985df0000 - 0x00007ff985f75000 	C:\Windows\system32\GDI32.dll
0x00007ff97d660000 - 0x00007ff97d8d4000 	C:\Windows\WinSxS\amd64_microsoft.windows.common-controls_6595b64144ccf1df_6.0.10240.16384_none_f41f7b285750ef43\COMCTL32.dll
0x00007ff9886e0000 - 0x00007ff988716000 	C:\Windows\system32\IMM32.DLL
0x00007ff986590000 - 0x00007ff9866ec000 	C:\Windows\system32\MSCTF.dll
0x0000000063880000 - 0x0000000063952000 	C:\Program Files\Java\jdk1.8.0_66\jre\bin\msvcr100.dll
0x0000000062ff0000 - 0x0000000063879000 	C:\Program Files\Java\jdk1.8.0_66\jre\bin\server\jvm.dll
0x00007ff986450000 - 0x00007ff986458000 	C:\Windows\system32\PSAPI.DLL
0x00007ff978c60000 - 0x00007ff978c69000 	C:\Windows\SYSTEM32\WSOCK32.dll
0x00007ff988490000 - 0x00007ff9884f9000 	C:\Windows\system32\WS2_32.dll
0x00007ff988330000 - 0x00007ff988338000 	C:\Windows\system32\NSI.dll
0x00007ff983300000 - 0x00007ff983323000 	C:\Windows\SYSTEM32\WINMM.dll
0x00007ff9805d0000 - 0x00007ff9805da000 	C:\Windows\SYSTEM32\VERSION.dll
0x00007ff9832d0000 - 0x00007ff9832fc000 	C:\Windows\SYSTEM32\WINMMBASE.dll
0x00007ff985360000 - 0x00007ff9853a4000 	C:\Windows\system32\cfgmgr32.dll
0x00007ff983ac0000 - 0x00007ff983ae7000 	C:\Windows\SYSTEM32\DEVOBJ.dll
0x0000000062fe0000 - 0x0000000062fef000 	C:\Program Files\Java\jdk1.8.0_66\jre\bin\verify.dll
0x0000000062fb0000 - 0x0000000062fd9000 	C:\Program Files\Java\jdk1.8.0_66\jre\bin\java.dll
0x0000000062f90000 - 0x0000000062fa6000 	C:\Program Files\Java\jdk1.8.0_66\jre\bin\zip.dll
0x00007ff9868c0000 - 0x00007ff987de3000 	C:\Windows\system32\SHELL32.dll
0x00007ff9857c0000 - 0x00007ff985de9000 	C:\Windows\system32\windows.storage.dll
0x00007ff985f80000 - 0x00007ff9861fc000 	C:\Windows\system32\combase.dll
0x00007ff987fa0000 - 0x00007ff987ff1000 	C:\Windows\system32\shlwapi.dll
0x00007ff9851e0000 - 0x00007ff9851ef000 	C:\Windows\system32\kernel.appcore.dll
0x00007ff9852a0000 - 0x00007ff985353000 	C:\Windows\system32\shcore.dll
0x00007ff985170000 - 0x00007ff9851ba000 	C:\Windows\system32\powrprof.dll
0x00007ff985150000 - 0x00007ff985163000 	C:\Windows\system32\profapi.dll

VM Arguments:
jvm_args: -Djava.awt.headless=true -Xmx1024M -Dfile.encoding=windows-1252 -Duser.country=US -Duser.language=en -Duser.variant 
java_command: com.android.dx.command.Main --dex --force-jumbo --num-threads=4 --multi-dex --output E:\AndroidProjects\Fazt\app\build\intermediates\transforms\dex\debug\folders\1000\5\slice_7 E:\AndroidProjects\Fazt\app\build\intermediates\transforms\instantRunSlicer\debug\folders\1\5\slice_7
java_class_path (initial): E:\Android SDK\Android SDK\sdk\build-tools\23.0.3\lib\dx.jar
Launcher Type: SUN_STANDARD

Environment Variables:
PATH=E:\OracleSQL\DB\app\oracle\product\11.2.0\server\bin;;C:\Program Files (x86)\Intel\iCLS Client\;C:\Program Files\Intel\iCLS Client\;C:\Windows\system32;C:\Windows;C:\Windows\System32\Wbem;C:\Windows\System32\WindowsPowerShell\v1.0\;C:\Program Files\Intel\Intel(R) Management Engine Components\DAL;C:\Program Files (x86)\Intel\Intel(R) Management Engine Components\DAL;C:\Program Files\Intel\Intel(R) Management Engine Components\IPT;C:\Program Files (x86)\Intel\Intel(R) Management Engine Components\IPT;C:\Program Files (x86)\Windows Kits\8.1\Windows Performance Toolkit\;C:\Program Files\Microsoft SQL Server\110\Tools\Binn\;C:\Program Files (x86)\Microsoft SDKs\TypeScript\1.0\;C:\Program Files\Microsoft SQL Server\120\Tools\Binn\;E:\AMD\ATI.ACE\Core-Static;C:\Program Files (x86)\Common Files\lenovo\easyplussdk\bin;C:\Program Files (x86)\ATI Technologies\ATI.ACE\Core-Static;C:\Program Files\Java\jdk1.8.0_05\bin;C:\Program Files (x86)\Windows Kits\10\Windows Performance Toolkit\;E:\Node bin\;C:\Program Files\Microsoft SQL Server\110\DTS\Binn\;C:\Program Files (x86)\Microsoft SQL Server\110\Tools\Binn\;C:\Program Files (x86)\Microsoft SQL Server\110\Tools\Binn\ManagementStudio\;C:\Program Files (x86)\Microsoft Visual Studio 10.0\Common7\IDE\PrivateAssemblies\;C:\Program Files (x86)\Microsoft SQL Server\110\DTS\Binn\;C:\Program Files\Common Files\Autodesk Shared\;C:\Program Files (x86)\Autodesk\Backburner\;E:\Android SDK\Android SDK\android-tools;C:\Program Files\Java\jdk1.8.0_05\bin;E:\QT\5.5\msvc2013_64\bin;C:\Users\JEGAN'S BEAST\AppData\Roaming\npm;C:\Program Files (x86)\GnuWin32\bin;C:\Program Files\Java\jdk1.8.0_66\bin\javafxpackager.exe;C:\Users\JEGAN'S BEAST\AppData\Local\atom\bin;E:\SQLite DB;C:\Program Files\MongoDB\Server\3.2\bin;E:\NS;E:\Android SDK\Android SDK\android-tools;
USERNAME=JEGAN'S BEAST
OS=Windows_NT
PROCESSOR_IDENTIFIER=Intel64 Family 6 Model 60 Stepping 3, GenuineIntel



---------------  S Y S T E M  ---------------

OS: Windows 10.0 , 64 bit Build 10240 (10.0.10240.16384)

CPU:total 4 (4 cores per cpu, 1 threads per core) family 6 model 60 stepping 3, cmov, cx8, fxsr, mmx, sse, sse2, sse3, ssse3, sse4.1, sse4.2, popcnt, avx, avx2, aes, clmul, erms, lzcnt, tsc, tscinvbit, bmi1, bmi2

Memory: 4k page, physical 8247320k(2293072k free), swap 11824784k(5148k free)

vm_info: Java HotSpot(TM) 64-Bit Server VM (25.66-b18) for windows-amd64 JRE (1.8.0_66-b18), built on Nov  9 2015 10:51:13 by "java_re" with MS VC++ 10.0 (VS2010)

time: Fri Jun 17 21:52:59 2016
elapsed time: 0 seconds (0d 0h 0m 0s)

