#
# There is insufficient memory for the Java Runtime Environment to continue.
# Native memory allocation (malloc) failed to allocate 77872 bytes for Chunk::new
# Possible reasons:
#   The system is out of physical RAM or swap space
#   In 32 bit mode, the process size limit was hit
# Possible solutions:
#   Reduce memory load on the system
#   Increase physical memory or swap space
#   Check if swap backing store is full
#   Use 64 bit Java on a 64 bit OS
#   Decrease Java heap size (-Xmx/-Xms)
#   Decrease number of Java threads
#   Decrease Java thread stack sizes (-Xss)
#   Set larger code cache with -XX:ReservedCodeCacheSize=
# This output file may be truncated or incomplete.
#
#  Out of Memory Error (allocation.cpp:390), pid=6532, tid=4848
#
# JRE version: Java(TM) SE Runtime Environment (8.0_66-b18) (build 1.8.0_66-b18)
# Java VM: Java HotSpot(TM) 64-Bit Server VM (25.66-b18 mixed mode windows-amd64 compressed oops)
# Failed to write core dump. Minidumps are not enabled by default on client versions of Windows
#

---------------  T H R E A D  ---------------

Current thread (0x0000000014ab2000):  JavaThread "C2 CompilerThread1" daemon [_thread_in_native, id=4848, stack(0x00000000161e0000,0x00000000162e0000)]

Stack: [0x00000000161e0000,0x00000000162e0000]
[error occurred during error reporting (printing stack bounds), id 0xc0000005]

Native frames: (J=compiled Java code, j=interpreted, Vv=VM code, C=native code)


Current CompileTask:
C2:    677 1186       4       com.android.dx.ssa.SCCP::simulateStmt (481 bytes)


---------------  P R O C E S S  ---------------

Java Threads: ( => current thread )
  0x000000001661f000 JavaThread "pool-2-thread-4" [_thread_blocked, id=6572, stack(0x0000000016de0000,0x0000000016ee0000)]
  0x000000001661e800 JavaThread "pool-2-thread-3" [_thread_blocked, id=8964, stack(0x0000000016ce0000,0x0000000016de0000)]
  0x000000001661d800 JavaThread "pool-2-thread-2" [_thread_in_Java, id=1352, stack(0x0000000016be0000,0x0000000016ce0000)]
  0x000000001661b000 JavaThread "pool-3-thread-1" [_thread_blocked, id=5632, stack(0x0000000016ae0000,0x0000000016be0000)]
  0x000000001661a000 JavaThread "pool-2-thread-1" [_thread_blocked, id=9232, stack(0x00000000169e0000,0x0000000016ae0000)]
  0x00000000162e7800 JavaThread "Service Thread" daemon [_thread_blocked, id=3456, stack(0x00000000167e0000,0x00000000168e0000)]
  0x0000000014b0e000 JavaThread "C1 CompilerThread2" daemon [_thread_in_native, id=10096, stack(0x00000000166e0000,0x00000000167e0000)]
=>0x0000000014ab2000 JavaThread "C2 CompilerThread1" daemon [_thread_in_native, id=4848, stack(0x00000000161e0000,0x00000000162e0000)]
  0x0000000014aaf000 JavaThread "C2 CompilerThread0" daemon [_thread_in_native, id=4512, stack(0x00000000160e0000,0x00000000161e0000)]
  0x0000000014aad000 JavaThread "Attach Listener" daemon [_thread_blocked, id=1356, stack(0x0000000015fe0000,0x00000000160e0000)]
  0x0000000014aac000 JavaThread "Signal Dispatcher" daemon [_thread_blocked, id=6276, stack(0x0000000015ee0000,0x0000000015fe0000)]
  0x00000000023d1000 JavaThread "Finalizer" daemon [_thread_blocked, id=10088, stack(0x0000000015d00000,0x0000000015e00000)]
  0x00000000023ce000 JavaThread "Reference Handler" daemon [_thread_blocked, id=7308, stack(0x0000000015c00000,0x0000000015d00000)]
  0x000000000209e800 JavaThread "main" [_thread_in_Java, id=9832, stack(0x00000000020e0000,0x00000000021e0000)]

Other Threads:
  0x0000000014a77800 VMThread [stack: 0x0000000015b00000,0x0000000015c00000] [id=8756]
  0x00000000162fc000 WatcherThread [stack: 0x00000000168e0000,0x00000000169e0000] [id=7344]

VM state:not at safepoint (normal execution)

VM Mutex/Monitor currently owned by a thread: None

Heap:
 PSYoungGen      total 37888K, used 16266K [0x00000000eab00000, 0x00000000ef500000, 0x0000000100000000)
  eden space 32768K, 34% used [0x00000000eab00000,0x00000000eb5e3110,0x00000000ecb00000)
  from space 5120K, 99% used [0x00000000ecb00000,0x00000000ecfff980,0x00000000ed000000)
  to   space 5120K, 0% used [0x00000000ef000000,0x00000000ef000000,0x00000000ef500000)
 ParOldGen       total 86016K, used 1891K [0x00000000c0000000, 0x00000000c5400000, 0x00000000eab00000)
  object space 86016K, 2% used [0x00000000c0000000,0x00000000c01d8e10,0x00000000c5400000)
 Metaspace       used 6100K, capacity 7000K, committed 7168K, reserved 1056768K
  class space    used 619K, capacity 656K, committed 768K, reserved 1048576K

Card table byte_map: [0x00000000117a0000,0x00000000119b0000] byte_map_base: 0x00000000111a0000

Marking Bits: (ParMarkBitMap*) 0x00000000637fa5b0
 Begin Bits: [0x0000000011f10000, 0x0000000012f10000)
 End Bits:   [0x0000000012f10000, 0x0000000013f10000)

Polling page: 0x0000000001fb0000

CodeCache: size=245760Kb used=5123Kb max_used=5123Kb free=240636Kb
 bounds [0x00000000023e0000, 0x00000000028f0000, 0x00000000113e0000]
 total_blobs=1520 nmethods=1251 adapters=182
 compilation: enabled

Compilation events (10 events):
Event: 0.675 Thread 0x0000000014b0e000 nmethod 1251 0x00000000028dce90 code [0x00000000028dcfe0, 0x00000000028dd0f0]
Event: 0.675 Thread 0x0000000014b0e000 1252       1       sun.util.calendar.CalendarDate::getZone (5 bytes)
Event: 0.675 Thread 0x0000000014b0e000 nmethod 1252 0x00000000028dd150 code [0x00000000028dd2a0, 0x00000000028dd3b0]
Event: 0.675 Thread 0x0000000014b0e000 1256       1       java.lang.CharacterDataLatin1::getProperties (11 bytes)
Event: 0.675 Thread 0x0000000014b0e000 nmethod 1256 0x00000000028dd410 code [0x00000000028dd560, 0x00000000028dd6b0]
Event: 0.675 Thread 0x0000000014aaf000 nmethod 1229 0x00000000028e0690 code [0x00000000028e0800, 0x00000000028e0ab8]
Event: 0.675 Thread 0x0000000014aaf000 1235       4       com.android.dx.ssa.SCCP::addBlockToWorklist (47 bytes)
Event: 0.676 Thread 0x0000000014b0e000 1257       3       com.android.dx.cf.iface.StdMember::<init> (69 bytes)
Event: 0.676 Thread 0x0000000014b0e000 nmethod 1257 0x00000000028dfe10 code [0x00000000028dffc0, 0x00000000028e0488]
Event: 0.676 Thread 0x0000000014b0e000 1258       3       com.android.dx.cf.direct.StdAttributeFactory::lineNumberTable (204 bytes)

GC Heap History (2 events):
Event: 0.605 GC heap before
{Heap before GC invocations=1 (full 0):
 PSYoungGen      total 37888K, used 32768K [0x00000000eab00000, 0x00000000ed500000, 0x0000000100000000)
  eden space 32768K, 100% used [0x00000000eab00000,0x00000000ecb00000,0x00000000ecb00000)
  from space 5120K, 0% used [0x00000000ed000000,0x00000000ed000000,0x00000000ed500000)
  to   space 5120K, 0% used [0x00000000ecb00000,0x00000000ecb00000,0x00000000ed000000)
 ParOldGen       total 86016K, used 0K [0x00000000c0000000, 0x00000000c5400000, 0x00000000eab00000)
  object space 86016K, 0% used [0x00000000c0000000,0x00000000c0000000,0x00000000c5400000)
 Metaspace       used 5940K, capacity 6896K, committed 7040K, reserved 1056768K
  class space    used 599K, capacity 616K, committed 640K, reserved 1048576K
Event: 0.612 GC heap after
Heap after GC invocations=1 (full 0):
 PSYoungGen      total 37888K, used 5118K [0x00000000eab00000, 0x00000000ef500000, 0x0000000100000000)
  eden space 32768K, 0% used [0x00000000eab00000,0x00000000eab00000,0x00000000ecb00000)
  from space 5120K, 99% used [0x00000000ecb00000,0x00000000ecfff980,0x00000000ed000000)
  to   space 5120K, 0% used [0x00000000ef000000,0x00000000ef000000,0x00000000ef500000)
 ParOldGen       total 86016K, used 1891K [0x00000000c0000000, 0x00000000c5400000, 0x00000000eab00000)
  object space 86016K, 2% used [0x00000000c0000000,0x00000000c01d8e10,0x00000000c5400000)
 Metaspace       used 5940K, capacity 6896K, committed 7040K, reserved 1056768K
  class space    used 599K, capacity 616K, committed 640K, reserved 1048576K
}

Deoptimization events (8 events):
Event: 0.336 Thread 0x000000000209e800 Uncommon trap: reason=class_check action=maybe_recompile pc=0x0000000002634530 method=com.android.dx.ssa.NormalSsaInsn.accept(Lcom/android/dx/ssa/SsaInsn$Visitor;)V @ 9
Event: 0.352 Thread 0x000000001661f000 Uncommon trap: reason=unstable_if action=reinterpret pc=0x00000000025f4a38 method=java.util.HashMap.getNode(ILjava/lang/Object;)Ljava/util/HashMap$Node; @ 62
Event: 0.386 Thread 0x000000001661a000 Uncommon trap: reason=unstable_if action=reinterpret pc=0x00000000026e638c method=com.android.dx.rop.code.LocalItem.hashCode()I @ 25
Event: 0.420 Thread 0x000000001661f000 Uncommon trap: reason=unstable_if action=reinterpret pc=0x00000000026eb02c method=java.util.HashMap.getNode(ILjava/lang/Object;)Ljava/util/HashMap$Node; @ 129
Event: 0.420 Thread 0x000000001661f000 Uncommon trap: reason=unstable_if action=reinterpret pc=0x000000000260c1f0 method=java.util.HashMap.getNode(ILjava/lang/Object;)Ljava/util/HashMap$Node; @ 129
Event: 0.666 Thread 0x000000001661f000 Uncommon trap: reason=null_check action=make_not_entrant pc=0x00000000026e6b78 method=com.android.dx.rop.type.Type.equals(Ljava/lang/Object;)Z @ 8
Event: 0.673 Thread 0x000000001661d800 Uncommon trap: reason=unstable_if action=reinterpret pc=0x000000000285c26c method=java.util.HashMap.putVal(ILjava/lang/Object;Ljava/lang/Object;ZZ)Ljava/lang/Object; @ 162
Event: 0.676 Thread 0x000000001661d800 Uncommon trap: reason=unstable_if action=reinterpret pc=0x00000000027ae32c method=java.util.HashMap.getNode(ILjava/lang/Object;)Ljava/util/HashMap$Node; @ 84

Internal exceptions (6 events):
Event: 0.040 Thread 0x000000000209e800 Exception <a 'java/lang/NoSuchMethodError': Method sun.misc.Unsafe.defineClass(Ljava/lang/String;[BII)Ljava/lang/Class; name or signature does not match> (0x00000000eab0df08) thrown at [C:\re\workspace\8-2-build-windows-amd64-cygwin\jdk8u66\5298\hotspot\sr¯ùãst§?
Event: 0.040 Thread 0x000000000209e800 Exception <a 'java/lang/NoSuchMethodError': Method sun.misc.Unsafe.prefetchRead(Ljava/lang/Object;J)V name or signature does not match> (0x00000000eab0e1f0) thrown at [C:\re\workspace\8-2-build-windows-amd64-cygwin\jdk8u66\5298\hotspot\src\share\vm\prims\jÁπñï4NÂ?
Event: 0.666 Thread 0x000000001661f000 Implicit null exception at 0x00000000026e6a62 to 0x00000000026e6b69
Event: 0.674 Thread 0x000000001661d800 Exception <a 'java/lang/ArrayIndexOutOfBoundsException': 18> (0x00000000eb4d1cb8) thrown at [C:\re\workspace\8-2-build-windows-amd64-cygwin\jdk8u66\5298\hotspot\src\share\vm\interpreter\interpreterRuntime.cpp, line 366]
Event: 0.674 Thread 0x000000001661d800 Exception <a 'java/lang/ArrayIndexOutOfBoundsException': 145> (0x00000000eb4d3838) thrown at [C:\re\workspace\8-2-build-windows-amd64-cygwin\jdk8u66\5298\hotspot\src\share\vm\interpreter\interpreterRuntime.cpp, line 366]
Event: 0.675 Thread 0x000000001661d800 Exception <a 'java/lang/ArrayIndexOutOfBoundsException'> (0x00000000eb4d4b20) thrown at [C:\re\workspace\8-2-build-windows-amd64-cygwin\jdk8u66\5298\hotspot\src\share\vm\runtime\sharedRuntime.cpp, line 605]

Events (10 events):
Event: 0.675 loading class sun/reflect/generics/reflectiveObjects/ParameterizedTypeImpl done
Event: 0.675 loading class java/lang/reflect/TypeVariable
Event: 0.676 loading class java/lang/reflect/TypeVariable done
Event: 0.676 loading class sun/reflect/generics/reflectiveObjects/TypeVariableImpl
Event: 0.676 loading class sun/reflect/generics/reflectiveObjects/LazyReflectiveObjectGenerator
Event: 0.676 loading class sun/reflect/generics/reflectiveObjects/LazyReflectiveObjectGenerator done
Event: 0.676 loading class sun/reflect/generics/reflectiveObjects/TypeVariableImpl done
Event: 0.676 Thread 0x000000001661d800 Uncommon trap: trap_request=0xffffff65 fr.pc=0x00000000027ae32c
Event: 0.676 Thread 0x000000001661d800 DEOPT PACKING pc=0x00000000027ae32c sp=0x0000000016cddf50
Event: 0.676 Thread 0x000000001661d800 DEOPT UNPACKING pc=0x000000000242582a sp=0x0000000016cdded8 mode 2


Dynamic libraries:
0x00007ff7808e0000 - 0x00007ff780917000 	C:\Program Files\Java\jdk1.8.0_66\bin\java.exe
0x00007ff988720000 - 0x00007ff9888e2000 	C:\Windows\SYSTEM32\ntdll.dll
0x00007ff986200000 - 0x00007ff9862ad000 	C:\Windows\system32\KERNEL32.DLL
0x00007ff985580000 - 0x00007ff98575d000 	C:\Windows\system32\KERNELBASE.dll
0x00007ff988000000 - 0x00007ff9880a6000 	C:\Windows\system32\ADVAPI32.dll
0x00007ff9863b0000 - 0x00007ff98644d000 	C:\Windows\system32\msvcrt.dll
0x00007ff9885d0000 - 0x00007ff98862b000 	C:\Windows\system32\sechost.dll
0x00007ff986460000 - 0x00007ff986586000 	C:\Windows\system32\RPCRT4.dll
0x00007ff9880b0000 - 0x00007ff9881fe000 	C:\Windows\system32\USER32.dll
0x00007ff985df0000 - 0x00007ff985f75000 	C:\Windows\system32\GDI32.dll
0x00007ff97d660000 - 0x00007ff97d8d4000 	C:\Windows\WinSxS\amd64_microsoft.windows.common-controls_6595b64144ccf1df_6.0.10240.16384_none_f41f7b285750ef43\COMCTL32.dll
0x00007ff9886e0000 - 0x00007ff988716000 	C:\Windows\system32\IMM32.DLL
0x00007ff986590000 - 0x00007ff9866ec000 	C:\Windows\system32\MSCTF.dll
0x0000000063880000 - 0x0000000063952000 	C:\Program Files\Java\jdk1.8.0_66\jre\bin\msvcr100.dll
0x0000000062ff0000 - 0x0000000063879000 	C:\Program Files\Java\jdk1.8.0_66\jre\bin\server\jvm.dll
0x00007ff986450000 - 0x00007ff986458000 	C:\Windows\system32\PSAPI.DLL
0x00007ff978c60000 - 0x00007ff978c69000 	C:\Windows\SYSTEM32\WSOCK32.dll
0x00007ff988490000 - 0x00007ff9884f9000 	C:\Windows\system32\WS2_32.dll
0x00007ff988330000 - 0x00007ff988338000 	C:\Windows\system32\NSI.dll
0x00007ff983300000 - 0x00007ff983323000 	C:\Windows\SYSTEM32\WINMM.dll
0x00007ff9805d0000 - 0x00007ff9805da000 	C:\Windows\SYSTEM32\VERSION.dll
0x00007ff9832d0000 - 0x00007ff9832fc000 	C:\Windows\SYSTEM32\WINMMBASE.dll
0x00007ff985360000 - 0x00007ff9853a4000 	C:\Windows\system32\cfgmgr32.dll
0x00007ff983ac0000 - 0x00007ff983ae7000 	C:\Windows\SYSTEM32\DEVOBJ.dll
0x0000000062fe0000 - 0x0000000062fef000 	C:\Program Files\Java\jdk1.8.0_66\jre\bin\verify.dll
0x0000000062fb0000 - 0x0000000062fd9000 	C:\Program Files\Java\jdk1.8.0_66\jre\bin\java.dll
0x0000000062f90000 - 0x0000000062fa6000 	C:\Program Files\Java\jdk1.8.0_66\jre\bin\zip.dll
0x00007ff9868c0000 - 0x00007ff987de3000 	C:\Windows\system32\SHELL32.dll
0x00007ff9857c0000 - 0x00007ff985de9000 	C:\Windows\system32\windows.storage.dll
0x00007ff985f80000 - 0x00007ff9861fc000 	C:\Windows\system32\combase.dll
0x00007ff987fa0000 - 0x00007ff987ff1000 	C:\Windows\system32\shlwapi.dll
0x00007ff9851e0000 - 0x00007ff9851ef000 	C:\Windows\system32\kernel.appcore.dll
0x00007ff9852a0000 - 0x00007ff985353000 	C:\Windows\system32\shcore.dll
0x00007ff985170000 - 0x00007ff9851ba000 	C:\Windows\system32\powrprof.dll
0x00007ff985150000 - 0x00007ff985163000 	C:\Windows\system32\profapi.dll

VM Arguments:
jvm_args: -Djava.awt.headless=true -Xmx1024M -Dfile.encoding=windows-1252 -Duser.country=US -Duser.language=en -Duser.variant 
java_command: com.android.dx.command.Main --dex --force-jumbo --num-threads=4 --multi-dex --output E:\AndroidProjects\Fazt\app\build\intermediates\transforms\dex\debug\folders\1000\10\com.mikepenz-materialdrawer-5.3.0_6aefc96adbb9c6d4f89bfc1f3a872fca4df10955 E:\AndroidProjects\Fazt\app\build\intermediates\exploded-aar\com.mikepenz\materialdrawer\5.3.0\jars\classes.jar
java_class_path (initial): E:\Android SDK\Android SDK\sdk\build-tools\23.0.3\lib\dx.jar
Launcher Type: SUN_STANDARD

Environment Variables:
PATH=E:\OracleSQL\DB\app\oracle\product\11.2.0\server\bin;;C:\Program Files (x86)\Intel\iCLS Client\;C:\Program Files\Intel\iCLS Client\;C:\Windows\system32;C:\Windows;C:\Windows\System32\Wbem;C:\Windows\System32\WindowsPowerShell\v1.0\;C:\Program Files\Intel\Intel(R) Management Engine Components\DAL;C:\Program Files (x86)\Intel\Intel(R) Management Engine Components\DAL;C:\Program Files\Intel\Intel(R) Management Engine Components\IPT;C:\Program Files (x86)\Intel\Intel(R) Management Engine Components\IPT;C:\Program Files (x86)\Windows Kits\8.1\Windows Performance Toolkit\;C:\Program Files\Microsoft SQL Server\110\Tools\Binn\;C:\Program Files (x86)\Microsoft SDKs\TypeScript\1.0\;C:\Program Files\Microsoft SQL Server\120\Tools\Binn\;E:\AMD\ATI.ACE\Core-Static;C:\Program Files (x86)\Common Files\lenovo\easyplussdk\bin;C:\Program Files (x86)\ATI Technologies\ATI.ACE\Core-Static;C:\Program Files\Java\jdk1.8.0_05\bin;C:\Program Files (x86)\Windows Kits\10\Windows Performance Toolkit\;E:\Node bin\;C:\Program Files\Microsoft SQL Server\110\DTS\Binn\;C:\Program Files (x86)\Microsoft SQL Server\110\Tools\Binn\;C:\Program Files (x86)\Microsoft SQL Server\110\Tools\Binn\ManagementStudio\;C:\Program Files (x86)\Microsoft Visual Studio 10.0\Common7\IDE\PrivateAssemblies\;C:\Program Files (x86)\Microsoft SQL Server\110\DTS\Binn\;C:\Program Files\Common Files\Autodesk Shared\;C:\Program Files (x86)\Autodesk\Backburner\;E:\Android SDK\Android SDK\android-tools;C:\Program Files\Java\jdk1.8.0_05\bin;E:\QT\5.5\msvc2013_64\bin;C:\Users\JEGAN'S BEAST\AppData\Roaming\npm;C:\Program Files (x86)\GnuWin32\bin;C:\Program Files\Java\jdk1.8.0_66\bin\javafxpackager.exe;C:\Users\JEGAN'S BEAST\AppData\Local\atom\bin;E:\SQLite DB;C:\Program Files\MongoDB\Server\3.2\bin;E:\NS;E:\Android SDK\Android SDK\android-tools;
USERNAME=JEGAN'S BEAST
OS=Windows_NT
PROCESSOR_IDENTIFIER=Intel64 Family 6 Model 60 Stepping 3, GenuineIntel



---------------  S Y S T E M  ---------------

OS: Windows 10.0 , 64 bit Build 10240 (10.0.10240.16384)

CPU:total 4 (4 cores per cpu, 1 threads per core) family 6 model 60 stepping 3, cmov, cx8, fxsr, mmx, sse, sse2, sse3, ssse3, sse4.1, sse4.2, popcnt, avx, avx2, aes, clmul, erms, lzcnt, tsc, tscinvbit, bmi1, bmi2

Memory: 4k page, physical 8247320k(2134240k free), swap 11824784k(5172k free)

vm_info: Java HotSpot(TM) 64-Bit Server VM (25.66-b18) for windows-amd64 JRE (1.8.0_66-b18), built on Nov  9 2015 10:51:13 by "java_re" with MS VC++ 10.0 (VS2010)

time: Fri Jun 17 21:58:15 2016
elapsed time: 0 seconds (0d 0h 0m 0s)

