#
# There is insufficient memory for the Java Runtime Environment to continue.
# Native memory allocation (malloc) failed to allocate 540080 bytes for Chunk::new
# Possible reasons:
#   The system is out of physical RAM or swap space
#   In 32 bit mode, the process size limit was hit
# Possible solutions:
#   Reduce memory load on the system
#   Increase physical memory or swap space
#   Check if swap backing store is full
#   Use 64 bit Java on a 64 bit OS
#   Decrease Java heap size (-Xmx/-Xms)
#   Decrease number of Java threads
#   Decrease Java thread stack sizes (-Xss)
#   Set larger code cache with -XX:ReservedCodeCacheSize=
# This output file may be truncated or incomplete.
#
#  Out of Memory Error (allocation.cpp:390), pid=5580, tid=5688
#
# JRE version: Java(TM) SE Runtime Environment (8.0_66-b18) (build 1.8.0_66-b18)
# Java VM: Java HotSpot(TM) 64-Bit Server VM (25.66-b18 mixed mode windows-amd64 compressed oops)
# Failed to write core dump. Minidumps are not enabled by default on client versions of Windows
#

---------------  T H R E A D  ---------------

Current thread (0x00000000154c1000):  JavaThread "C2 CompilerThread1" daemon [_thread_in_native, id=5688, stack(0x0000000016c00000,0x0000000016d00000)]

Stack: [0x0000000016c00000,0x0000000016d00000]
[error occurred during error reporting (printing stack bounds), id 0xc0000005]

Native frames: (J=compiled Java code, j=interpreted, Vv=VM code, C=native code)


Current CompileTask:
C2:    510  640   !   4       com.android.dx.cf.code.BytecodeArray::parseInstruction (2764 bytes)


---------------  P R O C E S S  ---------------

Java Threads: ( => current thread )
  0x0000000016f62000 JavaThread "pool-2-thread-3" [_thread_in_Java, id=9544, stack(0x0000000017700000,0x0000000017800000)]
  0x0000000016e78000 JavaThread "pool-3-thread-1" [_thread_blocked, id=284, stack(0x0000000017500000,0x0000000017600000)]
  0x0000000016d0b000 JavaThread "Service Thread" daemon [_thread_blocked, id=9904, stack(0x0000000017200000,0x0000000017300000)]
  0x0000000016d08800 JavaThread "C1 CompilerThread2" daemon [_thread_blocked, id=5776, stack(0x0000000017100000,0x0000000017200000)]
=>0x00000000154c1000 JavaThread "C2 CompilerThread1" daemon [_thread_in_native, id=5688, stack(0x0000000016c00000,0x0000000016d00000)]
  0x00000000154be000 JavaThread "C2 CompilerThread0" daemon [_thread_blocked, id=9940, stack(0x0000000016b00000,0x0000000016c00000)]
  0x00000000154bc000 JavaThread "Attach Listener" daemon [_thread_blocked, id=3080, stack(0x0000000016a00000,0x0000000016b00000)]
  0x00000000154bb000 JavaThread "Signal Dispatcher" daemon [_thread_blocked, id=9552, stack(0x0000000016900000,0x0000000016a00000)]
  0x0000000002dc1000 JavaThread "Finalizer" daemon [_thread_blocked, id=5024, stack(0x0000000016720000,0x0000000016820000)]
  0x0000000002dbe000 JavaThread "Reference Handler" daemon [_thread_blocked, id=3484, stack(0x0000000016620000,0x0000000016720000)]
  0x0000000002bce800 JavaThread "main" [_thread_blocked, id=5988, stack(0x0000000002ac0000,0x0000000002bc0000)]

Other Threads:
  0x0000000015487800 VMThread [stack: 0x0000000016520000,0x0000000016620000] [id=8184]
  0x0000000016d13800 WatcherThread [stack: 0x0000000017300000,0x0000000017400000] [id=7912]

VM state:not at safepoint (normal execution)

VM Mutex/Monitor currently owned by a thread: None

Heap:
 PSYoungGen      total 37888K, used 16051K [0x00000000eab00000, 0x00000000ed500000, 0x0000000100000000)
  eden space 32768K, 48% used [0x00000000eab00000,0x00000000ebaacfd8,0x00000000ecb00000)
  from space 5120K, 0% used [0x00000000ed000000,0x00000000ed000000,0x00000000ed500000)
  to   space 5120K, 0% used [0x00000000ecb00000,0x00000000ecb00000,0x00000000ed000000)
 ParOldGen       total 86016K, used 0K [0x00000000c0000000, 0x00000000c5400000, 0x00000000eab00000)
  object space 86016K, 0% used [0x00000000c0000000,0x00000000c0000000,0x00000000c5400000)
 Metaspace       used 5630K, capacity 6640K, committed 6784K, reserved 1056768K
  class space    used 593K, capacity 616K, committed 640K, reserved 1048576K

Card table byte_map: [0x0000000012190000,0x00000000123a0000] byte_map_base: 0x0000000011b90000

Marking Bits: (ParMarkBitMap*) 0x00000000637fa5b0
 Begin Bits: [0x0000000012900000, 0x0000000013900000)
 End Bits:   [0x0000000013900000, 0x0000000014900000)

Polling page: 0x0000000002a70000

CodeCache: size=245760Kb used=3185Kb max_used=3198Kb free=242574Kb
 bounds [0x0000000002dd0000, 0x0000000003100000, 0x0000000011dd0000]
 total_blobs=1007 nmethods=738 adapters=182
 compilation: enabled

Compilation events (10 events):
Event: 0.495 Thread 0x00000000154be000 nmethod 734 0x00000000030eccd0 code [0x00000000030ece20, 0x00000000030ecf78]
Event: 0.495 Thread 0x0000000016d08800 nmethod 735 0x00000000030ee510 code [0x00000000030ee720, 0x00000000030ef248]
Event: 0.497 Thread 0x00000000154be000  736       4       com.android.dx.cf.code.ExecutionStack::peek (42 bytes)
Event: 0.497 Thread 0x00000000154be000 nmethod 736 0x00000000030ee1d0 code [0x00000000030ee320, 0x00000000030ee3f8]
Event: 0.498 Thread 0x00000000154be000  737       4       com.android.dx.rop.code.SourcePosition::<init> (50 bytes)
Event: 0.498 Thread 0x00000000154be000 nmethod 737 0x00000000030ec9d0 code [0x00000000030ecb00, 0x00000000030ecbb8]
Event: 0.498 Thread 0x00000000154be000  738       4       com.android.dx.cf.code.BaseMachine::getLocalTarget (151 bytes)
Event: 0.499 Thread 0x00000000154be000 nmethod 738 0x00000000030eded0 code [0x00000000030ee000, 0x00000000030ee078]
Event: 0.499 Thread 0x00000000154be000  739       4       com.android.dx.cf.code.RopperMachine::getSources (264 bytes)
Event: 0.505 Thread 0x00000000154be000 nmethod 739 0x00000000030e7ad0 code [0x00000000030e7ca0, 0x00000000030e8400]

GC Heap History (0 events):
No events

Deoptimization events (10 events):
Event: 0.365 Thread 0x0000000016e73000 Uncommon trap: reason=class_check action=maybe_recompile pc=0x0000000002f7d43c method=com.android.dx.rop.cst.Constant.compareTo(Ljava/lang/Object;)I @ 2
Event: 0.365 Thread 0x0000000016e73000 Uncommon trap: reason=class_check action=maybe_recompile pc=0x0000000002f81eb4 method=com.android.dx.rop.cst.CstMemberRef.compareTo0(Lcom/android/dx/rop/cst/Constant;)I @ 1
Event: 0.365 Thread 0x0000000016e73000 Uncommon trap: reason=class_check action=maybe_recompile pc=0x0000000002f7d43c method=com.android.dx.rop.cst.Constant.compareTo(Ljava/lang/Object;)I @ 2
Event: 0.365 Thread 0x0000000016e73000 Uncommon trap: reason=class_check action=maybe_recompile pc=0x0000000002f81eb4 method=com.android.dx.rop.cst.CstMemberRef.compareTo0(Lcom/android/dx/rop/cst/Constant;)I @ 1
Event: 0.378 Thread 0x0000000016e8b000 Uncommon trap: reason=speculate_class_check action=maybe_recompile pc=0x0000000002fd590c method=com.android.dx.rop.cst.Constant.compareTo(Lcom/android/dx/rop/cst/Constant;)I @ 29
Event: 0.378 Thread 0x0000000016e8b000 Uncommon trap: reason=speculate_class_check action=maybe_recompile pc=0x0000000002fd590c method=com.android.dx.rop.cst.Constant.compareTo(Lcom/android/dx/rop/cst/Constant;)I @ 29
Event: 0.378 Thread 0x0000000016e8b000 Uncommon trap: reason=speculate_class_check action=maybe_recompile pc=0x0000000002fd590c method=com.android.dx.rop.cst.Constant.compareTo(Lcom/android/dx/rop/cst/Constant;)I @ 29
Event: 0.378 Thread 0x0000000016e8b000 Uncommon trap: reason=speculate_class_check action=maybe_recompile pc=0x0000000002fd590c method=com.android.dx.rop.cst.Constant.compareTo(Lcom/android/dx/rop/cst/Constant;)I @ 29
Event: 0.388 Thread 0x0000000016e8b000 Uncommon trap: reason=unstable_if action=reinterpret pc=0x0000000002fed6a4 method=java.util.HashMap.getNode(ILjava/lang/Object;)Ljava/util/HashMap$Node; @ 129
Event: 0.392 Thread 0x0000000016e8b000 Uncommon trap: reason=unstable_if action=reinterpret pc=0x0000000002f81438 method=com.android.dx.rop.cst.CstFieldRef.compareTo0(Lcom/android/dx/rop/cst/Constant;)I @ 7

Internal exceptions (2 events):
Event: 0.045 Thread 0x0000000002bce800 Exception <a 'java/lang/NoSuchMethodError': Method sun.misc.Unsafe.defineClass(Ljava/lang/String;[BII)Ljava/lang/Class; name or signature does not match> (0x00000000eab0df28) thrown at [C:\re\workspace\8-2-build-windows-amd64-cygwin\jdk8u66\5298\hotspot\sr<Æˆ}§?
Event: 0.045 Thread 0x0000000002bce800 Exception <a 'java/lang/NoSuchMethodError': Method sun.misc.Unsafe.prefetchRead(Ljava/lang/Object;J)V name or signature does not match> (0x00000000eab0e210) thrown at [C:\re\workspace\8-2-build-windows-amd64-cygwin\jdk8u66\5298\hotspot\src\share\vm\prims\j

Events (10 events):
Event: 0.411 Thread 0x0000000016f62000 DEOPT PACKING pc=0x000000000303106f sp=0x00000000177fe430
Event: 0.411 Thread 0x0000000016f62000 DEOPT UNPACKING pc=0x0000000002e1787f sp=0x00000000177fe150 mode 0
Event: 0.412 Thread 0x0000000016f62000 DEOPT PACKING pc=0x000000000303106f sp=0x00000000177fe420
Event: 0.412 Thread 0x0000000016f62000 DEOPT UNPACKING pc=0x0000000002e1787f sp=0x00000000177fe140 mode 0
Event: 0.412 Thread 0x0000000016f62000 DEOPT PACKING pc=0x000000000303106f sp=0x00000000177fe430
Event: 0.412 Thread 0x0000000016f62000 DEOPT UNPACKING pc=0x0000000002e1787f sp=0x00000000177fe150 mode 0
Event: 0.420 Thread 0x0000000016f62000 DEOPT PACKING pc=0x00000000030353e2 sp=0x00000000177fe9c0
Event: 0.420 Thread 0x0000000016f62000 DEOPT UNPACKING pc=0x0000000002e1787f sp=0x00000000177fe738 mode 0
Event: 0.441 Thread 0x0000000016f62000 DEOPT PACKING pc=0x000000000304060a sp=0x00000000177fea40
Event: 0.441 Thread 0x0000000016f62000 DEOPT UNPACKING pc=0x0000000002e1787f sp=0x00000000177fe7b0 mode 0


Dynamic libraries:
0x00007ff7808e0000 - 0x00007ff780917000 	C:\Program Files\Java\jdk1.8.0_66\bin\java.exe
0x00007ff988720000 - 0x00007ff9888e2000 	C:\Windows\SYSTEM32\ntdll.dll
0x00007ff986200000 - 0x00007ff9862ad000 	C:\Windows\system32\KERNEL32.DLL
0x00007ff985580000 - 0x00007ff98575d000 	C:\Windows\system32\KERNELBASE.dll
0x00007ff988000000 - 0x00007ff9880a6000 	C:\Windows\system32\ADVAPI32.dll
0x00007ff9863b0000 - 0x00007ff98644d000 	C:\Windows\system32\msvcrt.dll
0x00007ff9885d0000 - 0x00007ff98862b000 	C:\Windows\system32\sechost.dll
0x00007ff986460000 - 0x00007ff986586000 	C:\Windows\system32\RPCRT4.dll
0x00007ff9880b0000 - 0x00007ff9881fe000 	C:\Windows\system32\USER32.dll
0x00007ff985df0000 - 0x00007ff985f75000 	C:\Windows\system32\GDI32.dll
0x00007ff97d660000 - 0x00007ff97d8d4000 	C:\Windows\WinSxS\amd64_microsoft.windows.common-controls_6595b64144ccf1df_6.0.10240.16384_none_f41f7b285750ef43\COMCTL32.dll
0x00007ff9886e0000 - 0x00007ff988716000 	C:\Windows\system32\IMM32.DLL
0x00007ff986590000 - 0x00007ff9866ec000 	C:\Windows\system32\MSCTF.dll
0x0000000063880000 - 0x0000000063952000 	C:\Program Files\Java\jdk1.8.0_66\jre\bin\msvcr100.dll
0x0000000062ff0000 - 0x0000000063879000 	C:\Program Files\Java\jdk1.8.0_66\jre\bin\server\jvm.dll
0x00007ff986450000 - 0x00007ff986458000 	C:\Windows\system32\PSAPI.DLL
0x00007ff978c60000 - 0x00007ff978c69000 	C:\Windows\SYSTEM32\WSOCK32.dll
0x00007ff988490000 - 0x00007ff9884f9000 	C:\Windows\system32\WS2_32.dll
0x00007ff988330000 - 0x00007ff988338000 	C:\Windows\system32\NSI.dll
0x00007ff983300000 - 0x00007ff983323000 	C:\Windows\SYSTEM32\WINMM.dll
0x00007ff9805d0000 - 0x00007ff9805da000 	C:\Windows\SYSTEM32\VERSION.dll
0x00007ff9832d0000 - 0x00007ff9832fc000 	C:\Windows\SYSTEM32\WINMMBASE.dll
0x00007ff985360000 - 0x00007ff9853a4000 	C:\Windows\system32\cfgmgr32.dll
0x00007ff983ac0000 - 0x00007ff983ae7000 	C:\Windows\SYSTEM32\DEVOBJ.dll
0x0000000062fe0000 - 0x0000000062fef000 	C:\Program Files\Java\jdk1.8.0_66\jre\bin\verify.dll
0x0000000062fb0000 - 0x0000000062fd9000 	C:\Program Files\Java\jdk1.8.0_66\jre\bin\java.dll
0x0000000062f90000 - 0x0000000062fa6000 	C:\Program Files\Java\jdk1.8.0_66\jre\bin\zip.dll
0x00007ff9868c0000 - 0x00007ff987de3000 	C:\Windows\system32\SHELL32.dll
0x00007ff9857c0000 - 0x00007ff985de9000 	C:\Windows\system32\windows.storage.dll
0x00007ff985f80000 - 0x00007ff9861fc000 	C:\Windows\system32\combase.dll
0x00007ff987fa0000 - 0x00007ff987ff1000 	C:\Windows\system32\shlwapi.dll
0x00007ff9851e0000 - 0x00007ff9851ef000 	C:\Windows\system32\kernel.appcore.dll
0x00007ff9852a0000 - 0x00007ff985353000 	C:\Windows\system32\shcore.dll
0x00007ff985170000 - 0x00007ff9851ba000 	C:\Windows\system32\powrprof.dll
0x00007ff985150000 - 0x00007ff985163000 	C:\Windows\system32\profapi.dll

VM Arguments:
jvm_args: -Djava.awt.headless=true -Xmx1024M -Dfile.encoding=windows-1252 -Duser.country=US -Duser.language=en -Duser.variant 
java_command: com.android.dx.command.Main --dex --force-jumbo --num-threads=4 --multi-dex --output E:\AndroidProjects\Fazt\app\build\intermediates\transforms\dex\debug\folders\1000\10\com.mikepenz-fontawesome-typeface-4.6.0.1_c295f02e3f26371a9862b8e3da614bdd67ff3d99 E:\AndroidProjects\Fazt\app\build\intermediates\exploded-aar\com.mikepenz\fontawesome-typeface\4.6.0.1\jars\classes.jar
java_class_path (initial): E:\Android SDK\Android SDK\sdk\build-tools\23.0.3\lib\dx.jar
Launcher Type: SUN_STANDARD

Environment Variables:
PATH=E:\OracleSQL\DB\app\oracle\product\11.2.0\server\bin;;C:\Program Files (x86)\Intel\iCLS Client\;C:\Program Files\Intel\iCLS Client\;C:\Windows\system32;C:\Windows;C:\Windows\System32\Wbem;C:\Windows\System32\WindowsPowerShell\v1.0\;C:\Program Files\Intel\Intel(R) Management Engine Components\DAL;C:\Program Files (x86)\Intel\Intel(R) Management Engine Components\DAL;C:\Program Files\Intel\Intel(R) Management Engine Components\IPT;C:\Program Files (x86)\Intel\Intel(R) Management Engine Components\IPT;C:\Program Files (x86)\Windows Kits\8.1\Windows Performance Toolkit\;C:\Program Files\Microsoft SQL Server\110\Tools\Binn\;C:\Program Files (x86)\Microsoft SDKs\TypeScript\1.0\;C:\Program Files\Microsoft SQL Server\120\Tools\Binn\;E:\AMD\ATI.ACE\Core-Static;C:\Program Files (x86)\Common Files\lenovo\easyplussdk\bin;C:\Program Files (x86)\ATI Technologies\ATI.ACE\Core-Static;C:\Program Files\Java\jdk1.8.0_05\bin;C:\Program Files (x86)\Windows Kits\10\Windows Performance Toolkit\;E:\Node bin\;C:\Program Files\Microsoft SQL Server\110\DTS\Binn\;C:\Program Files (x86)\Microsoft SQL Server\110\Tools\Binn\;C:\Program Files (x86)\Microsoft SQL Server\110\Tools\Binn\ManagementStudio\;C:\Program Files (x86)\Microsoft Visual Studio 10.0\Common7\IDE\PrivateAssemblies\;C:\Program Files (x86)\Microsoft SQL Server\110\DTS\Binn\;C:\Program Files\Common Files\Autodesk Shared\;C:\Program Files (x86)\Autodesk\Backburner\;E:\Android SDK\Android SDK\android-tools;C:\Program Files\Java\jdk1.8.0_05\bin;E:\QT\5.5\msvc2013_64\bin;C:\Users\JEGAN'S BEAST\AppData\Roaming\npm;C:\Program Files (x86)\GnuWin32\bin;C:\Program Files\Java\jdk1.8.0_66\bin\javafxpackager.exe;C:\Users\JEGAN'S BEAST\AppData\Local\atom\bin;E:\SQLite DB;C:\Program Files\MongoDB\Server\3.2\bin;E:\NS;E:\Android SDK\Android SDK\android-tools;
USERNAME=JEGAN'S BEAST
OS=Windows_NT
PROCESSOR_IDENTIFIER=Intel64 Family 6 Model 60 Stepping 3, GenuineIntel



---------------  S Y S T E M  ---------------

OS: Windows 10.0 , 64 bit Build 10240 (10.0.10240.16384)

CPU:total 4 (4 cores per cpu, 1 threads per core) family 6 model 60 stepping 3, cmov, cx8, fxsr, mmx, sse, sse2, sse3, ssse3, sse4.1, sse4.2, popcnt, avx, avx2, aes, clmul, erms, lzcnt, tsc, tscinvbit, bmi1, bmi2

Memory: 4k page, physical 8247320k(1196660k free), swap 11824784k(5592k free)

vm_info: Java HotSpot(TM) 64-Bit Server VM (25.66-b18) for windows-amd64 JRE (1.8.0_66-b18), built on Nov  9 2015 10:51:13 by "java_re" with MS VC++ 10.0 (VS2010)

time: Fri Jun 17 21:47:12 2016
elapsed time: 0 seconds (0d 0h 0m 0s)

