#
# There is insufficient memory for the Java Runtime Environment to continue.
# Native memory allocation (malloc) failed to allocate 144032 bytes for Chunk::new
# Possible reasons:
#   The system is out of physical RAM or swap space
#   In 32 bit mode, the process size limit was hit
# Possible solutions:
#   Reduce memory load on the system
#   Increase physical memory or swap space
#   Check if swap backing store is full
#   Use 64 bit Java on a 64 bit OS
#   Decrease Java heap size (-Xmx/-Xms)
#   Decrease number of Java threads
#   Decrease Java thread stack sizes (-Xss)
#   Set larger code cache with -XX:ReservedCodeCacheSize=
# This output file may be truncated or incomplete.
#
#  Out of Memory Error (allocation.cpp:390), pid=4680, tid=1188
#
# JRE version: Java(TM) SE Runtime Environment (8.0_66-b18) (build 1.8.0_66-b18)
# Java VM: Java HotSpot(TM) 64-Bit Server VM (25.66-b18 mixed mode windows-amd64 compressed oops)
# Failed to write core dump. Minidumps are not enabled by default on client versions of Windows
#

---------------  T H R E A D  ---------------

Current thread (0x0000000014851000):  JavaThread "C2 CompilerThread1" daemon [_thread_in_native, id=1188, stack(0x0000000015f90000,0x0000000016090000)]

Stack: [0x0000000015f90000,0x0000000016090000]
[error occurred during error reporting (printing stack bounds), id 0xc0000005]

Native frames: (J=compiled Java code, j=interpreted, Vv=VM code, C=native code)


Current CompileTask:
C2:   1464 1287       4       com.android.dx.ssa.LocalVariableExtractor::processBlock (383 bytes)


---------------  P R O C E S S  ---------------

Java Threads: ( => current thread )
  0x00000000164a9800 JavaThread "pool-2-thread-4" [_thread_blocked, id=676, stack(0x0000000016b90000,0x0000000016c90000)]
  0x00000000164a9000 JavaThread "pool-2-thread-3" [_thread_blocked, id=4404, stack(0x0000000016a90000,0x0000000016b90000)]
  0x00000000164a8000 JavaThread "pool-2-thread-2" [_thread_blocked, id=4640, stack(0x0000000016990000,0x0000000016a90000)]
  0x00000000164a5000 JavaThread "pool-3-thread-1" [_thread_blocked, id=7296, stack(0x0000000016890000,0x0000000016990000)]
  0x00000000164a4800 JavaThread "pool-2-thread-1" [_thread_in_vm, id=3892, stack(0x0000000016790000,0x0000000016890000)]
  0x0000000016197800 JavaThread "Service Thread" daemon [_thread_blocked, id=9660, stack(0x0000000016590000,0x0000000016690000)]
  0x00000000148aa000 JavaThread "C1 CompilerThread2" daemon [_thread_in_vm, id=9488, stack(0x0000000016090000,0x0000000016190000)]
=>0x0000000014851000 JavaThread "C2 CompilerThread1" daemon [_thread_in_native, id=1188, stack(0x0000000015f90000,0x0000000016090000)]
  0x000000001484e000 JavaThread "C2 CompilerThread0" daemon [_thread_in_native, id=8996, stack(0x0000000015e90000,0x0000000015f90000)]
  0x000000001484c000 JavaThread "Attach Listener" daemon [_thread_blocked, id=5696, stack(0x0000000015d90000,0x0000000015e90000)]
  0x000000001484a800 JavaThread "Signal Dispatcher" daemon [_thread_blocked, id=6072, stack(0x0000000015c90000,0x0000000015d90000)]
  0x0000000002171000 JavaThread "Finalizer" daemon [_thread_blocked, id=9220, stack(0x0000000015ab0000,0x0000000015bb0000)]
  0x000000000216e000 JavaThread "Reference Handler" daemon [_thread_blocked, id=968, stack(0x00000000159b0000,0x0000000015ab0000)]
  0x0000000001f2e800 JavaThread "main" [_thread_blocked, id=8524, stack(0x0000000001f30000,0x0000000002030000)]

Other Threads:
  0x0000000014817800 VMThread [stack: 0x00000000158b0000,0x00000000159b0000] [id=9316]
  0x00000000161ac800 WatcherThread [stack: 0x0000000016690000,0x0000000016790000] [id=1200]

VM state:not at safepoint (normal execution)

VM Mutex/Monitor currently owned by a thread: None

Heap:
 PSYoungGen      total 37888K, used 6719K [0x00000000eab00000, 0x00000000ef500000, 0x0000000100000000)
  eden space 32768K, 4% used [0x00000000eab00000,0x00000000eac91398,0x00000000ecb00000)
  from space 5120K, 99% used [0x00000000ecb00000,0x00000000ecffe9a0,0x00000000ed000000)
  to   space 5120K, 0% used [0x00000000ef000000,0x00000000ef000000,0x00000000ef500000)
 ParOldGen       total 86016K, used 1277K [0x00000000c0000000, 0x00000000c5400000, 0x00000000eab00000)
  object space 86016K, 1% used [0x00000000c0000000,0x00000000c013f678,0x00000000c5400000)
 Metaspace       used 6042K, capacity 6960K, committed 7040K, reserved 1056768K
  class space    used 596K, capacity 616K, committed 640K, reserved 1048576K

Card table byte_map: [0x0000000011540000,0x0000000011750000] byte_map_base: 0x0000000010f40000

Marking Bits: (ParMarkBitMap*) 0x00000000637fa5b0
 Begin Bits: [0x0000000011cb0000, 0x0000000012cb0000)
 End Bits:   [0x0000000012cb0000, 0x0000000013cb0000)

Polling page: 0x0000000001ef0000

CodeCache: size=245760Kb used=5352Kb max_used=5353Kb free=240407Kb
 bounds [0x0000000002180000, 0x00000000026c0000, 0x0000000011180000]
 total_blobs=1556 nmethods=1287 adapters=182
 compilation: enabled

Compilation events (10 events):
Event: 1.444 Thread 0x00000000148aa000 nmethod 1284 0x00000000026b85d0 code [0x00000000026b8740, 0x00000000026b8a28]
Event: 1.444 Thread 0x0000000014851000 1285       4       com.android.dx.rop.code.ThrowingCstInsn::accept (8 bytes)
Event: 1.444 Thread 0x0000000014851000 nmethod 1285 0x0000000002653e50 code [0x0000000002653f80, 0x0000000002653ff8]
Event: 1.445 Thread 0x0000000014851000 1286       4       com.android.dx.rop.code.ThrowingCstInsn::withNewRegisters (25 bytes)
Event: 1.446 Thread 0x0000000014851000 nmethod 1286 0x00000000026b7f90 code [0x00000000026b80e0, 0x00000000026b8318]
Event: 1.447 Thread 0x0000000014851000 1287       4       com.android.dx.ssa.LocalVariableExtractor::processBlock (383 bytes)
Event: 1.447 Thread 0x000000001484e000 nmethod 1282 0x00000000026bb1d0 code [0x00000000026bb340, 0x00000000026bb998]
Event: 1.448 Thread 0x00000000148aa000 1288       3       com.android.dx.ssa.SsaRenamer::<init> (100 bytes)
Event: 1.448 Thread 0x00000000148aa000 nmethod 1288 0x00000000026be250 code [0x00000000026be440, 0x00000000026bef48]
Event: 1.449 Thread 0x000000001484e000 1289       4       com.android.dx.ssa.back.LivenessAnalyzer::run (231 bytes)

GC Heap History (2 events):
Event: 1.339 GC heap before
{Heap before GC invocations=1 (full 0):
 PSYoungGen      total 37888K, used 32768K [0x00000000eab00000, 0x00000000ed500000, 0x0000000100000000)
  eden space 32768K, 100% used [0x00000000eab00000,0x00000000ecb00000,0x00000000ecb00000)
  from space 5120K, 0% used [0x00000000ed000000,0x00000000ed000000,0x00000000ed500000)
  to   space 5120K, 0% used [0x00000000ecb00000,0x00000000ecb00000,0x00000000ed000000)
 ParOldGen       total 86016K, used 0K [0x00000000c0000000, 0x00000000c5400000, 0x00000000eab00000)
  object space 86016K, 0% used [0x00000000c0000000,0x00000000c0000000,0x00000000c5400000)
 Metaspace       used 6031K, capacity 6960K, committed 7040K, reserved 1056768K
  class space    used 596K, capacity 616K, committed 640K, reserved 1048576K
Event: 1.440 GC heap after
Heap after GC invocations=1 (full 0):
 PSYoungGen      total 37888K, used 5114K [0x00000000eab00000, 0x00000000ef500000, 0x0000000100000000)
  eden space 32768K, 0% used [0x00000000eab00000,0x00000000eab00000,0x00000000ecb00000)
  from space 5120K, 99% used [0x00000000ecb00000,0x00000000ecffe9a0,0x00000000ed000000)
  to   space 5120K, 0% used [0x00000000ef000000,0x00000000ef000000,0x00000000ef500000)
 ParOldGen       total 86016K, used 1277K [0x00000000c0000000, 0x00000000c5400000, 0x00000000eab00000)
  object space 86016K, 1% used [0x00000000c0000000,0x00000000c013f678,0x00000000c5400000)
 Metaspace       used 6031K, capacity 6960K, committed 7040K, reserved 1056768K
  class space    used 596K, capacity 616K, committed 640K, reserved 1048576K
}

Deoptimization events (6 events):
Event: 0.473 Thread 0x0000000001f2e800 Uncommon trap: reason=unstable_if action=reinterpret pc=0x00000000023be9c4 method=java.util.HashMap.getNode(ILjava/lang/Object;)Ljava/util/HashMap$Node; @ 62
Event: 0.521 Thread 0x00000000164a4800 Uncommon trap: reason=unstable_if action=reinterpret pc=0x000000000247023c method=java.util.HashMap.getNode(ILjava/lang/Object;)Ljava/util/HashMap$Node; @ 129
Event: 0.736 Thread 0x00000000164a4800 Uncommon trap: reason=unstable_if action=reinterpret pc=0x00000000024a9cdc method=com.android.dx.rop.cst.Constant.compareTo(Lcom/android/dx/rop/cst/Constant;)I @ 12
Event: 1.076 Thread 0x0000000001f2e800 Uncommon trap: reason=unstable_if action=reinterpret pc=0x00000000025eb614 method=com.android.dx.ssa.SsaRenamer$BlockRenamer.addMapping(ILcom/android/dx/rop/code/RegisterSpec;)V @ 120
Event: 1.311 Thread 0x00000000164a8000 Uncommon trap: reason=bimorphic action=maybe_recompile pc=0x0000000002600608 method=java.util.HashMap.putVal(ILjava/lang/Object;Ljava/lang/Object;ZZ)Ljava/lang/Object; @ 91
Event: 1.316 Thread 0x00000000164a8000 Uncommon trap: reason=bimorphic action=maybe_recompile pc=0x0000000002600608 method=java.util.HashMap.putVal(ILjava/lang/Object;Ljava/lang/Object;ZZ)Ljava/lang/Object; @ 91

Internal exceptions (2 events):
Event: 0.024 Thread 0x0000000001f2e800 Exception <a 'java/lang/NoSuchMethodError': Method sun.misc.Unsafe.defineClass(Ljava/lang/String;[BII)Ljava/lang/Class; name or signature does not match> (0x00000000eab0df08) thrown at [C:\re\workspace\8-2-build-windows-amd64-cygwin\jdk8u66\5298\hotspot\sr^ZkâŸ×˜?
Event: 0.024 Thread 0x0000000001f2e800 Exception <a 'java/lang/NoSuchMethodError': Method sun.misc.Unsafe.prefetchRead(Ljava/lang/Object;J)V name or signature does not match> (0x00000000eab0e1f0) thrown at [C:\re\workspace\8-2-build-windows-amd64-cygwin\jdk8u66\5298\hotspot\src\share\vm\prims\j

Events (10 events):
Event: 1.076 Thread 0x0000000001f2e800 DEOPT PACKING pc=0x00000000025eb614 sp=0x000000000202e3c0
Event: 1.076 Thread 0x0000000001f2e800 DEOPT UNPACKING pc=0x00000000021c582a sp=0x000000000202e350 mode 2
Event: 1.311 Thread 0x00000000164a8000 Uncommon trap: trap_request=0xffffffc6 fr.pc=0x0000000002600608
Event: 1.311 Thread 0x00000000164a8000 DEOPT PACKING pc=0x0000000002600608 sp=0x0000000016a8e750
Event: 1.311 Thread 0x00000000164a8000 DEOPT UNPACKING pc=0x00000000021c582a sp=0x0000000016a8e6d8 mode 2
Event: 1.316 Thread 0x00000000164a8000 Uncommon trap: trap_request=0xffffffc6 fr.pc=0x0000000002600608
Event: 1.316 Thread 0x00000000164a8000 DEOPT PACKING pc=0x0000000002600608 sp=0x0000000016a8e750
Event: 1.316 Thread 0x00000000164a8000 DEOPT UNPACKING pc=0x00000000021c582a sp=0x0000000016a8e6d8 mode 2
Event: 1.338 Executing VM operation: ParallelGCFailedAllocation
Event: 1.440 Executing VM operation: ParallelGCFailedAllocation done


Dynamic libraries:
0x00007ff7808e0000 - 0x00007ff780917000 	C:\Program Files\Java\jdk1.8.0_66\bin\java.exe
0x00007ff988720000 - 0x00007ff9888e2000 	C:\Windows\SYSTEM32\ntdll.dll
0x00007ff986200000 - 0x00007ff9862ad000 	C:\Windows\system32\KERNEL32.DLL
0x00007ff985580000 - 0x00007ff98575d000 	C:\Windows\system32\KERNELBASE.dll
0x00007ff988000000 - 0x00007ff9880a6000 	C:\Windows\system32\ADVAPI32.dll
0x00007ff9863b0000 - 0x00007ff98644d000 	C:\Windows\system32\msvcrt.dll
0x00007ff9885d0000 - 0x00007ff98862b000 	C:\Windows\system32\sechost.dll
0x00007ff986460000 - 0x00007ff986586000 	C:\Windows\system32\RPCRT4.dll
0x00007ff9880b0000 - 0x00007ff9881fe000 	C:\Windows\system32\USER32.dll
0x00007ff985df0000 - 0x00007ff985f75000 	C:\Windows\system32\GDI32.dll
0x00007ff97d660000 - 0x00007ff97d8d4000 	C:\Windows\WinSxS\amd64_microsoft.windows.common-controls_6595b64144ccf1df_6.0.10240.16384_none_f41f7b285750ef43\COMCTL32.dll
0x00007ff9886e0000 - 0x00007ff988716000 	C:\Windows\system32\IMM32.DLL
0x00007ff986590000 - 0x00007ff9866ec000 	C:\Windows\system32\MSCTF.dll
0x0000000063880000 - 0x0000000063952000 	C:\Program Files\Java\jdk1.8.0_66\jre\bin\msvcr100.dll
0x0000000062ff0000 - 0x0000000063879000 	C:\Program Files\Java\jdk1.8.0_66\jre\bin\server\jvm.dll
0x00007ff986450000 - 0x00007ff986458000 	C:\Windows\system32\PSAPI.DLL
0x00007ff978c60000 - 0x00007ff978c69000 	C:\Windows\SYSTEM32\WSOCK32.dll
0x00007ff988490000 - 0x00007ff9884f9000 	C:\Windows\system32\WS2_32.dll
0x00007ff988330000 - 0x00007ff988338000 	C:\Windows\system32\NSI.dll
0x00007ff983300000 - 0x00007ff983323000 	C:\Windows\SYSTEM32\WINMM.dll
0x00007ff9805d0000 - 0x00007ff9805da000 	C:\Windows\SYSTEM32\VERSION.dll
0x00007ff9832d0000 - 0x00007ff9832fc000 	C:\Windows\SYSTEM32\WINMMBASE.dll
0x00007ff985360000 - 0x00007ff9853a4000 	C:\Windows\system32\cfgmgr32.dll
0x00007ff983ac0000 - 0x00007ff983ae7000 	C:\Windows\SYSTEM32\DEVOBJ.dll
0x0000000062fe0000 - 0x0000000062fef000 	C:\Program Files\Java\jdk1.8.0_66\jre\bin\verify.dll
0x0000000062fb0000 - 0x0000000062fd9000 	C:\Program Files\Java\jdk1.8.0_66\jre\bin\java.dll
0x0000000062f90000 - 0x0000000062fa6000 	C:\Program Files\Java\jdk1.8.0_66\jre\bin\zip.dll
0x00007ff9868c0000 - 0x00007ff987de3000 	C:\Windows\system32\SHELL32.dll
0x00007ff9857c0000 - 0x00007ff985de9000 	C:\Windows\system32\windows.storage.dll
0x00007ff985f80000 - 0x00007ff9861fc000 	C:\Windows\system32\combase.dll
0x00007ff987fa0000 - 0x00007ff987ff1000 	C:\Windows\system32\shlwapi.dll
0x00007ff9851e0000 - 0x00007ff9851ef000 	C:\Windows\system32\kernel.appcore.dll
0x00007ff9852a0000 - 0x00007ff985353000 	C:\Windows\system32\shcore.dll
0x00007ff985170000 - 0x00007ff9851ba000 	C:\Windows\system32\powrprof.dll
0x00007ff985150000 - 0x00007ff985163000 	C:\Windows\system32\profapi.dll

VM Arguments:
jvm_args: -Djava.awt.headless=true -Xmx1024M -Dfile.encoding=windows-1252 -Duser.country=US -Duser.language=en -Duser.variant 
java_command: com.android.dx.command.Main --dex --force-jumbo --num-threads=4 --multi-dex --output E:\AndroidProjects\Fazt\app\build\intermediates\transforms\dex\debug\folders\1000\10\com.mikepenz-materialdrawer-5.3.0_6aefc96adbb9c6d4f89bfc1f3a872fca4df10955 E:\AndroidProjects\Fazt\app\build\intermediates\exploded-aar\com.mikepenz\materialdrawer\5.3.0\jars\classes.jar
java_class_path (initial): E:\Android SDK\Android SDK\sdk\build-tools\23.0.3\lib\dx.jar
Launcher Type: SUN_STANDARD

Environment Variables:
PATH=E:\OracleSQL\DB\app\oracle\product\11.2.0\server\bin;;C:\Program Files (x86)\Intel\iCLS Client\;C:\Program Files\Intel\iCLS Client\;C:\Windows\system32;C:\Windows;C:\Windows\System32\Wbem;C:\Windows\System32\WindowsPowerShell\v1.0\;C:\Program Files\Intel\Intel(R) Management Engine Components\DAL;C:\Program Files (x86)\Intel\Intel(R) Management Engine Components\DAL;C:\Program Files\Intel\Intel(R) Management Engine Components\IPT;C:\Program Files (x86)\Intel\Intel(R) Management Engine Components\IPT;C:\Program Files (x86)\Windows Kits\8.1\Windows Performance Toolkit\;C:\Program Files\Microsoft SQL Server\110\Tools\Binn\;C:\Program Files (x86)\Microsoft SDKs\TypeScript\1.0\;C:\Program Files\Microsoft SQL Server\120\Tools\Binn\;E:\AMD\ATI.ACE\Core-Static;C:\Program Files (x86)\Common Files\lenovo\easyplussdk\bin;C:\Program Files (x86)\ATI Technologies\ATI.ACE\Core-Static;C:\Program Files\Java\jdk1.8.0_05\bin;C:\Program Files (x86)\Windows Kits\10\Windows Performance Toolkit\;E:\Node bin\;C:\Program Files\Microsoft SQL Server\110\DTS\Binn\;C:\Program Files (x86)\Microsoft SQL Server\110\Tools\Binn\;C:\Program Files (x86)\Microsoft SQL Server\110\Tools\Binn\ManagementStudio\;C:\Program Files (x86)\Microsoft Visual Studio 10.0\Common7\IDE\PrivateAssemblies\;C:\Program Files (x86)\Microsoft SQL Server\110\DTS\Binn\;C:\Program Files\Common Files\Autodesk Shared\;C:\Program Files (x86)\Autodesk\Backburner\;E:\Android SDK\Android SDK\android-tools;C:\Program Files\Java\jdk1.8.0_05\bin;E:\QT\5.5\msvc2013_64\bin;C:\Users\JEGAN'S BEAST\AppData\Roaming\npm;C:\Program Files (x86)\GnuWin32\bin;C:\Program Files\Java\jdk1.8.0_66\bin\javafxpackager.exe;C:\Users\JEGAN'S BEAST\AppData\Local\atom\bin;E:\SQLite DB;C:\Program Files\MongoDB\Server\3.2\bin;E:\NS;E:\Android SDK\Android SDK\android-tools;
USERNAME=JEGAN'S BEAST
OS=Windows_NT
PROCESSOR_IDENTIFIER=Intel64 Family 6 Model 60 Stepping 3, GenuineIntel



---------------  S Y S T E M  ---------------

OS: Windows 10.0 , 64 bit Build 10240 (10.0.10240.16384)

CPU:total 4 (4 cores per cpu, 1 threads per core) family 6 model 60 stepping 3, cmov, cx8, fxsr, mmx, sse, sse2, sse3, ssse3, sse4.1, sse4.2, popcnt, avx, avx2, aes, clmul, erms, lzcnt, tsc, tscinvbit, bmi1, bmi2

Memory: 4k page, physical 8247320k(2173244k free), swap 11824784k(5124k free)

vm_info: Java HotSpot(TM) 64-Bit Server VM (25.66-b18) for windows-amd64 JRE (1.8.0_66-b18), built on Nov  9 2015 10:51:13 by "java_re" with MS VC++ 10.0 (VS2010)

time: Fri Jun 17 21:48:13 2016
elapsed time: 1 seconds (0d 0h 0m 1s)

