#
# There is insufficient memory for the Java Runtime Environment to continue.
# Native memory allocation (malloc) failed to allocate 178096 bytes for Chunk::new
# Possible reasons:
#   The system is out of physical RAM or swap space
#   In 32 bit mode, the process size limit was hit
# Possible solutions:
#   Reduce memory load on the system
#   Increase physical memory or swap space
#   Check if swap backing store is full
#   Use 64 bit Java on a 64 bit OS
#   Decrease Java heap size (-Xmx/-Xms)
#   Decrease number of Java threads
#   Decrease Java thread stack sizes (-Xss)
#   Set larger code cache with -XX:ReservedCodeCacheSize=
# This output file may be truncated or incomplete.
#
#  Out of Memory Error (allocation.cpp:390), pid=9576, tid=7828
#
# JRE version: Java(TM) SE Runtime Environment (8.0_66-b18) (build 1.8.0_66-b18)
# Java VM: Java HotSpot(TM) 64-Bit Server VM (25.66-b18 mixed mode windows-amd64 compressed oops)
# Failed to write core dump. Minidumps are not enabled by default on client versions of Windows
#

---------------  T H R E A D  ---------------

Current thread (0x0000000014bb1800):  JavaThread "C2 CompilerThread1" daemon [_thread_in_native, id=7828, stack(0x0000000016300000,0x0000000016400000)]

Stack: [0x0000000016300000,0x0000000016400000]
[error occurred during error reporting (printing stack bounds), id 0xc0000005]

Native frames: (J=compiled Java code, j=interpreted, Vv=VM code, C=native code)


Current CompileTask:
C2:   1801  941       4       com.android.dx.ssa.Dominators::eval (29 bytes)


---------------  P R O C E S S  ---------------

Java Threads: ( => current thread )
  0x0000000017162800 JavaThread "pool-2-thread-4" [_thread_blocked, id=692, stack(0x0000000017700000,0x0000000017800000)]
  0x00000000167e9800 JavaThread "pool-2-thread-3" [_thread_blocked, id=10200, stack(0x0000000016e00000,0x0000000016f00000)]
  0x000000001664b000 JavaThread "pool-2-thread-2" [_thread_in_vm, id=4376, stack(0x0000000016d00000,0x0000000016e00000)]
  0x0000000016631800 JavaThread "pool-3-thread-1" [_thread_blocked, id=3320, stack(0x0000000016c00000,0x0000000016d00000)]
  0x0000000016631000 JavaThread "pool-2-thread-1" [_thread_blocked, id=1304, stack(0x0000000016b00000,0x0000000016c00000)]
  0x0000000016507000 JavaThread "Service Thread" daemon [_thread_blocked, id=9376, stack(0x0000000016900000,0x0000000016a00000)]
  0x0000000014c0d000 JavaThread "C1 CompilerThread2" daemon [_thread_blocked, id=7356, stack(0x0000000016400000,0x0000000016500000)]
=>0x0000000014bb1800 JavaThread "C2 CompilerThread1" daemon [_thread_in_native, id=7828, stack(0x0000000016300000,0x0000000016400000)]
  0x0000000014bae000 JavaThread "C2 CompilerThread0" daemon [_thread_blocked, id=7152, stack(0x0000000016200000,0x0000000016300000)]
  0x0000000014bac000 JavaThread "Attach Listener" daemon [_thread_blocked, id=9396, stack(0x0000000016100000,0x0000000016200000)]
  0x00000000024d3800 JavaThread "Signal Dispatcher" daemon [_thread_blocked, id=9640, stack(0x0000000016000000,0x0000000016100000)]
  0x00000000024d1000 JavaThread "Finalizer" daemon [_thread_blocked, id=2800, stack(0x0000000015e20000,0x0000000015f20000)]
  0x00000000024ce000 JavaThread "Reference Handler" daemon [_thread_blocked, id=9180, stack(0x0000000015d20000,0x0000000015e20000)]
  0x00000000021de800 JavaThread "main" [_thread_in_native, id=620, stack(0x00000000021e0000,0x00000000022e0000)]

Other Threads:
  0x0000000014b77800 VMThread [stack: 0x0000000015c20000,0x0000000015d20000] [id=6124]
  0x0000000016515800 WatcherThread [stack: 0x0000000016a00000,0x0000000016b00000] [id=1836]

VM state:not at safepoint (normal execution)

VM Mutex/Monitor currently owned by a thread: None

Heap:
 PSYoungGen      total 37888K, used 27794K [0x00000000eab00000, 0x00000000ed500000, 0x0000000100000000)
  eden space 32768K, 84% used [0x00000000eab00000,0x00000000ec624a90,0x00000000ecb00000)
  from space 5120K, 0% used [0x00000000ed000000,0x00000000ed000000,0x00000000ed500000)
  to   space 5120K, 0% used [0x00000000ecb00000,0x00000000ecb00000,0x00000000ed000000)
 ParOldGen       total 86016K, used 0K [0x00000000c0000000, 0x00000000c5400000, 0x00000000eab00000)
  object space 86016K, 0% used [0x00000000c0000000,0x00000000c0000000,0x00000000c5400000)
 Metaspace       used 5595K, capacity 6768K, committed 7040K, reserved 1056768K
  class space    used 574K, capacity 616K, committed 640K, reserved 1048576K

Card table byte_map: [0x00000000118a0000,0x0000000011ab0000] byte_map_base: 0x00000000112a0000

Marking Bits: (ParMarkBitMap*) 0x00000000637fa5b0
 Begin Bits: [0x0000000012010000, 0x0000000013010000)
 End Bits:   [0x0000000013010000, 0x0000000014010000)

Polling page: 0x00000000020b0000

CodeCache: size=245760Kb used=3929Kb max_used=3942Kb free=241830Kb
 bounds [0x00000000024e0000, 0x00000000028c0000, 0x00000000114e0000]
 total_blobs=1203 nmethods=942 adapters=174
 compilation: enabled

Compilation events (10 events):
Event: 1.781 Thread 0x0000000014bb1800  939       4       com.android.dx.ssa.NormalSsaInsn::getLocalAssignment (54 bytes)
Event: 1.781 Thread 0x0000000014bae000 nmethod 935 0x00000000028ba5d0 code [0x00000000028ba740, 0x00000000028bac58]
Event: 1.781 Thread 0x0000000014bb1800 nmethod 939 0x00000000028ab310 code [0x00000000028ab460, 0x00000000028ab578]
Event: 1.783 Thread 0x0000000014bae000  940  s    4       java.util.Vector::add (39 bytes)
Event: 1.785 Thread 0x0000000014bae000 nmethod 940 0x00000000028a5b10 code [0x00000000028a5c60, 0x00000000028a6028]
Event: 1.788 Thread 0x0000000014bb1800  941       4       com.android.dx.ssa.Dominators::eval (29 bytes)
Event: 1.790 Thread 0x0000000014c0d000  942       1       java.util.HashMap::afterNodeAccess (1 bytes)
Event: 1.790 Thread 0x0000000014c0d000 nmethod 942 0x00000000028ab050 code [0x00000000028ab1a0, 0x00000000028ab2b0]
Event: 1.790 Thread 0x0000000014bae000  943       4       java.util.HashMap::put (13 bytes)
Event: 1.796 Thread 0x0000000014bae000 nmethod 943 0x00000000028a6b50 code [0x00000000028a6d20, 0x00000000028a7510]

GC Heap History (0 events):
No events

Deoptimization events (3 events):
Event: 1.618 Thread 0x000000001664b000 Uncommon trap: reason=unstable_if action=reinterpret pc=0x000000000281194c method=com.android.dx.rop.code.RegisterSpec.equals(ILcom/android/dx/rop/type/TypeBearer;Lcom/android/dx/rop/code/LocalItem;)Z @ 24
Event: 1.621 Thread 0x000000001664b000 Uncommon trap: reason=unloaded action=reinterpret pc=0x00000000027d037c method=com.android.dx.ssa.SsaRenamer$BlockRenamer.visitMoveInsn(Lcom/android/dx/ssa/NormalSsaInsn;)V @ 208
Event: 1.623 Thread 0x000000001664b000 Uncommon trap: reason=unstable_if action=reinterpret pc=0x000000000281ec70 method=com.android.dx.ssa.NormalSsaInsn.getLocalAssignment()Lcom/android/dx/rop/code/RegisterSpec; @ 12

Internal exceptions (2 events):
Event: 0.675 Thread 0x00000000021de800 Exception <a 'java/lang/NoSuchMethodError': Method sun.misc.Unsafe.defineClass(Ljava/lang/String;[BII)Ljava/lang/Class; name or signature does not match> (0x00000000eab0de70) thrown at [C:\re\workspace\8-2-build-windows-amd64-cygwin\jdk8u66\5298\hotspot\sr 6¸Üœå?
Event: 0.675 Thread 0x00000000021de800 Exception <a 'java/lang/NoSuchMethodError': Method sun.misc.Unsafe.prefetchRead(Ljava/lang/Object;J)V name or signature does not match> (0x00000000eab0e158) thrown at [C:\re\workspace\8-2-build-windows-amd64-cygwin\jdk8u66\5298\hotspot\src\share\vm\prims\j

Events (10 events):
Event: 1.650 Thread 0x000000001664b000 DEOPT PACKING pc=0x0000000002798eca sp=0x0000000016dfee70
Event: 1.650 Thread 0x000000001664b000 DEOPT UNPACKING pc=0x000000000252787f sp=0x0000000016dfebd8 mode 0
Event: 1.770 Thread 0x000000001664b000 DEOPT PACKING pc=0x00000000027a0ea3 sp=0x0000000016dff060
Event: 1.770 Thread 0x000000001664b000 DEOPT UNPACKING pc=0x000000000252787f sp=0x0000000016dfed58 mode 0
Event: 1.771 Thread 0x000000001664b000 DEOPT PACKING pc=0x000000000268a9d4 sp=0x0000000016dff040
Event: 1.771 Thread 0x000000001664b000 DEOPT UNPACKING pc=0x000000000252787f sp=0x0000000016dfed68 mode 0
Event: 1.771 Thread 0x000000001664b000 DEOPT PACKING pc=0x000000000268a9d4 sp=0x0000000016dff040
Event: 1.771 Thread 0x000000001664b000 DEOPT UNPACKING pc=0x000000000252787f sp=0x0000000016dfed68 mode 0
Event: 1.773 Thread 0x000000001664b000 DEOPT PACKING pc=0x00000000027a238c sp=0x0000000016dff010
Event: 1.773 Thread 0x000000001664b000 DEOPT UNPACKING pc=0x000000000252787f sp=0x0000000016dfed38 mode 0


Dynamic libraries:
0x00007ff7808e0000 - 0x00007ff780917000 	C:\Program Files\Java\jdk1.8.0_66\bin\java.exe
0x00007ff988720000 - 0x00007ff9888e2000 	C:\Windows\SYSTEM32\ntdll.dll
0x00007ff986200000 - 0x00007ff9862ad000 	C:\Windows\system32\KERNEL32.DLL
0x00007ff985580000 - 0x00007ff98575d000 	C:\Windows\system32\KERNELBASE.dll
0x00007ff988000000 - 0x00007ff9880a6000 	C:\Windows\system32\ADVAPI32.dll
0x00007ff9863b0000 - 0x00007ff98644d000 	C:\Windows\system32\msvcrt.dll
0x00007ff9885d0000 - 0x00007ff98862b000 	C:\Windows\system32\sechost.dll
0x00007ff986460000 - 0x00007ff986586000 	C:\Windows\system32\RPCRT4.dll
0x00007ff9880b0000 - 0x00007ff9881fe000 	C:\Windows\system32\USER32.dll
0x00007ff985df0000 - 0x00007ff985f75000 	C:\Windows\system32\GDI32.dll
0x00007ff97d660000 - 0x00007ff97d8d4000 	C:\Windows\WinSxS\amd64_microsoft.windows.common-controls_6595b64144ccf1df_6.0.10240.16384_none_f41f7b285750ef43\COMCTL32.dll
0x00007ff9886e0000 - 0x00007ff988716000 	C:\Windows\system32\IMM32.DLL
0x00007ff986590000 - 0x00007ff9866ec000 	C:\Windows\system32\MSCTF.dll
0x0000000063880000 - 0x0000000063952000 	C:\Program Files\Java\jdk1.8.0_66\jre\bin\msvcr100.dll
0x0000000062ff0000 - 0x0000000063879000 	C:\Program Files\Java\jdk1.8.0_66\jre\bin\server\jvm.dll
0x00007ff986450000 - 0x00007ff986458000 	C:\Windows\system32\PSAPI.DLL
0x00007ff978c60000 - 0x00007ff978c69000 	C:\Windows\SYSTEM32\WSOCK32.dll
0x00007ff988490000 - 0x00007ff9884f9000 	C:\Windows\system32\WS2_32.dll
0x00007ff988330000 - 0x00007ff988338000 	C:\Windows\system32\NSI.dll
0x00007ff983300000 - 0x00007ff983323000 	C:\Windows\SYSTEM32\WINMM.dll
0x00007ff9805d0000 - 0x00007ff9805da000 	C:\Windows\SYSTEM32\VERSION.dll
0x00007ff9832d0000 - 0x00007ff9832fc000 	C:\Windows\SYSTEM32\WINMMBASE.dll
0x00007ff985360000 - 0x00007ff9853a4000 	C:\Windows\system32\cfgmgr32.dll
0x00007ff983ac0000 - 0x00007ff983ae7000 	C:\Windows\SYSTEM32\DEVOBJ.dll
0x0000000062fe0000 - 0x0000000062fef000 	C:\Program Files\Java\jdk1.8.0_66\jre\bin\verify.dll
0x0000000062fb0000 - 0x0000000062fd9000 	C:\Program Files\Java\jdk1.8.0_66\jre\bin\java.dll
0x0000000062f90000 - 0x0000000062fa6000 	C:\Program Files\Java\jdk1.8.0_66\jre\bin\zip.dll
0x00007ff9868c0000 - 0x00007ff987de3000 	C:\Windows\system32\SHELL32.dll
0x00007ff9857c0000 - 0x00007ff985de9000 	C:\Windows\system32\windows.storage.dll
0x00007ff985f80000 - 0x00007ff9861fc000 	C:\Windows\system32\combase.dll
0x00007ff987fa0000 - 0x00007ff987ff1000 	C:\Windows\system32\shlwapi.dll
0x00007ff9851e0000 - 0x00007ff9851ef000 	C:\Windows\system32\kernel.appcore.dll
0x00007ff9852a0000 - 0x00007ff985353000 	C:\Windows\system32\shcore.dll
0x00007ff985170000 - 0x00007ff9851ba000 	C:\Windows\system32\powrprof.dll
0x00007ff985150000 - 0x00007ff985163000 	C:\Windows\system32\profapi.dll

VM Arguments:
jvm_args: -Djava.awt.headless=true -Xmx1024M -Dfile.encoding=windows-1252 -Duser.country=US -Duser.language=en -Duser.variant 
java_command: com.android.dx.command.Main --dex --force-jumbo --num-threads=4 --multi-dex --output E:\AndroidProjects\Fazt\app\build\intermediates\transforms\dex\debug\folders\1000\5\slice_7 E:\AndroidProjects\Fazt\app\build\intermediates\transforms\instantRunSlicer\debug\folders\1\5\slice_7
java_class_path (initial): E:\Android SDK\Android SDK\sdk\build-tools\23.0.3\lib\dx.jar
Launcher Type: SUN_STANDARD

Environment Variables:
PATH=E:\OracleSQL\DB\app\oracle\product\11.2.0\server\bin;;C:\Program Files (x86)\Intel\iCLS Client\;C:\Program Files\Intel\iCLS Client\;C:\Windows\system32;C:\Windows;C:\Windows\System32\Wbem;C:\Windows\System32\WindowsPowerShell\v1.0\;C:\Program Files\Intel\Intel(R) Management Engine Components\DAL;C:\Program Files (x86)\Intel\Intel(R) Management Engine Components\DAL;C:\Program Files\Intel\Intel(R) Management Engine Components\IPT;C:\Program Files (x86)\Intel\Intel(R) Management Engine Components\IPT;C:\Program Files (x86)\Windows Kits\8.1\Windows Performance Toolkit\;C:\Program Files\Microsoft SQL Server\110\Tools\Binn\;C:\Program Files (x86)\Microsoft SDKs\TypeScript\1.0\;C:\Program Files\Microsoft SQL Server\120\Tools\Binn\;E:\AMD\ATI.ACE\Core-Static;C:\Program Files (x86)\Common Files\lenovo\easyplussdk\bin;C:\Program Files (x86)\ATI Technologies\ATI.ACE\Core-Static;C:\Program Files\Java\jdk1.8.0_05\bin;C:\Program Files (x86)\Windows Kits\10\Windows Performance Toolkit\;E:\Node bin\;C:\Program Files\Microsoft SQL Server\110\DTS\Binn\;C:\Program Files (x86)\Microsoft SQL Server\110\Tools\Binn\;C:\Program Files (x86)\Microsoft SQL Server\110\Tools\Binn\ManagementStudio\;C:\Program Files (x86)\Microsoft Visual Studio 10.0\Common7\IDE\PrivateAssemblies\;C:\Program Files (x86)\Microsoft SQL Server\110\DTS\Binn\;C:\Program Files\Common Files\Autodesk Shared\;C:\Program Files (x86)\Autodesk\Backburner\;E:\Android SDK\Android SDK\android-tools;C:\Program Files\Java\jdk1.8.0_05\bin;E:\QT\5.5\msvc2013_64\bin;C:\Users\JEGAN'S BEAST\AppData\Roaming\npm;C:\Program Files (x86)\GnuWin32\bin;C:\Program Files\Java\jdk1.8.0_66\bin\javafxpackager.exe;C:\Users\JEGAN'S BEAST\AppData\Local\atom\bin;E:\SQLite DB;C:\Program Files\MongoDB\Server\3.2\bin;E:\NS;E:\Android SDK\Android SDK\android-tools;
USERNAME=JEGAN'S BEAST
OS=Windows_NT
PROCESSOR_IDENTIFIER=Intel64 Family 6 Model 60 Stepping 3, GenuineIntel



---------------  S Y S T E M  ---------------

OS: Windows 10.0 , 64 bit Build 10240 (10.0.10240.16384)

CPU:total 4 (4 cores per cpu, 1 threads per core) family 6 model 60 stepping 3, cmov, cx8, fxsr, mmx, sse, sse2, sse3, ssse3, sse4.1, sse4.2, popcnt, avx, avx2, aes, clmul, erms, lzcnt, tsc, tscinvbit, bmi1, bmi2

Memory: 4k page, physical 8247320k(2104156k free), swap 11824784k(5240k free)

vm_info: Java HotSpot(TM) 64-Bit Server VM (25.66-b18) for windows-amd64 JRE (1.8.0_66-b18), built on Nov  9 2015 10:51:13 by "java_re" with MS VC++ 10.0 (VS2010)

time: Fri Jun 17 21:48:15 2016
elapsed time: 1 seconds (0d 0h 0m 1s)

